<?xml version="1.0" encoding="UTF-8"?>
<testsuite xmlns:xsi="http://www.w3.org/2001/XMLSchema-instance" xsi:noNamespaceSchemaLocation="https://maven.apache.org/surefire/maven-surefire-plugin/xsd/surefire-test-report.xsd" name="com.wb.shorturl.controller.ShortUrlControllerTests" time="0.552" tests="8" errors="0" skipped="0" failures="0">
  <properties>
[...]
</properties>
  <testcase name="toErrorPage1" classname="com.wb.shorturl.controller.ShortUrlControllerTests" time="0.022"/>
  <testcase name="toErrorPage2" classname="com.wb.shorturl.controller.ShortUrlControllerTests" time="0.015"/>
  <testcase name="toErrorPage{int}[1]" classname="com.wb.shorturl.controller.ShortUrlControllerTests" time="0.009"/>
  <testcase name="toErrorPage{int}[2]" classname="com.wb.shorturl.controller.ShortUrlControllerTests" time="0.017"/>
  <testcase name="toErrorPage{int}[3]" classname="com.wb.shorturl.controller.ShortUrlControllerTests" time="0.01"/>
  <testcase name="getOriginUrlByShortCodeSuccess{String}[1]" classname="com.wb.shorturl.controller.ShortUrlControllerTests" time="0.173"/>
  <testcase name="shortCodeRedirectFailure{String}[1]" classname="com.wb.shorturl.controller.ShortUrlControllerTests" time="0.104"/>
  <testcase name="shortCodeRedirectFailure{String}[2]" classname="com.wb.shorturl.controller.ShortUrlControllerTests" time="0.119"/>
</testsuite>