<?xml version="1.0" encoding="UTF-8" standalone="yes"?><!DOCTYPE report PUBLIC "-//JACOCO//DTD Report 1.1//EN"
        "report.dtd">
<report name="shorturl">
    <sessioninfo id="A3A5C4ABA48DA71-a660c2b7" start="1613711344176" dump="1613711371775"/>
    <sessioninfo id="A3A5C4ABA48DA71-2e63b3b" start="1613711485933" dump="1613711498457"/>
    <sessioninfo id="A3A5C4ABA48DA71-686c5460" start="1613712166129" dump="1613712204820"/>
    <sessioninfo id="A3A5C4ABA48DA71-e2f006a3" start="1613712289177" dump="1613712302090"/>
    <sessioninfo id="A3A5C4ABA48DA71-ab1a934a" start="1613712344354" dump="1613712362133"/>
    <sessioninfo id="A3A5C4ABA48DA71-df91ab75" start="1613808117726" dump="1613808149731"/>
    <sessioninfo id="A3A5C4ABA48DA71-678dcc03" start="1613808689247" dump="1613808702239"/>
    <sessioninfo id="A3A5C4ABA48DA71-4ebefd9a" start="1613808782944" dump="1613808797200"/>
    <sessioninfo id="A3A5C4ABA48DA71-a84cff41" start="1613808932290" dump="1613808945956"/>
    <sessioninfo id="A3A5C4ABA48DA71-6f12d382" start="1613809010455" dump="1613809022789"/>
    <sessioninfo id="A3A5C4ABA48DA71-ced014" start="1613809378970" dump="1613809391036"/>
    <sessioninfo id="A3A5C4ABA48DA71-147579b3" start="1613809513142" dump="1613809537991"/>
    <sessioninfo id="A3A5C4ABA48DA71-6ba4b527" start="1613809585327" dump="1613809600788"/>
    <sessioninfo id="A3A5C4ABA48DA71-41c2f3c9" start="1613809636723" dump="1613809659231"/>
    <package name="com/example/shorturl/service">
        <class name="com/example/shorturl/service/ShortUrlService" sourcefilename="ShortUrlService.java"/>
        <class name="com/example/shorturl/service/RedisService" sourcefilename="RedisService.java">
            <method name="&lt;init&gt;" desc="()V" line="17">
                <counter type="INSTRUCTION" missed="0" covered="3"/>
                <counter type="LINE" missed="0" covered="1"/>
                <counter type="COMPLEXITY" missed="0" covered="1"/>
                <counter type="METHOD" missed="0" covered="1"/>
            </method>
            <method name="get" desc="(Ljava/lang/String;)Ljava/lang/String;" line="29">
                <counter type="INSTRUCTION" missed="8" covered="14"/>
                <counter type="LINE" missed="3" covered="5"/>
                <counter type="COMPLEXITY" missed="0" covered="1"/>
                <counter type="METHOD" missed="0" covered="1"/>
            </method>
            <method name="set" desc="(Ljava/lang/String;Ljava/lang/String;)Z" line="49">
                <counter type="INSTRUCTION" missed="8" covered="15"/>
                <counter type="LINE" missed="3" covered="6"/>
                <counter type="COMPLEXITY" missed="0" covered="1"/>
                <counter type="METHOD" missed="0" covered="1"/>
            </method>
            <method name="set" desc="(Ljava/lang/String;Ljava/lang/String;Ljava/lang/Integer;)Z" line="69">
                <counter type="INSTRUCTION" missed="8" covered="29"/>
                <counter type="BRANCH" missed="2" covered="2"/>
                <counter type="LINE" missed="3" covered="8"/>
                <counter type="COMPLEXITY" missed="2" covered="1"/>
                <counter type="METHOD" missed="0" covered="1"/>
            </method>
            <counter type="INSTRUCTION" missed="24" covered="61"/>
            <counter type="BRANCH" missed="2" covered="2"/>
            <counter type="LINE" missed="9" covered="20"/>
            <counter type="COMPLEXITY" missed="2" covered="4"/>
            <counter type="METHOD" missed="0" covered="4"/>
            <counter type="CLASS" missed="0" covered="1"/>
        </class>
        <class name="com/example/shorturl/service/ShortUrlServiceImpl" sourcefilename="ShortUrlServiceImpl.java">
            <method name="&lt;init&gt;" desc="()V" line="23">
                <counter type="INSTRUCTION" missed="0" covered="3"/>
                <counter type="LINE" missed="0" covered="1"/>
                <counter type="COMPLEXITY" missed="0" covered="1"/>
                <counter type="METHOD" missed="0" covered="1"/>
            </method>
            <method name="shortUrl" desc="(Ljava/lang/String;)[Ljava/lang/String;" line="40">
                <counter type="INSTRUCTION" missed="0" covered="313"/>
                <counter type="BRANCH" missed="0" covered="4"/>
                <counter type="LINE" missed="0" covered="12"/>
                <counter type="COMPLEXITY" missed="0" covered="3"/>
                <counter type="METHOD" missed="0" covered="1"/>
            </method>
            <method name="queryLongUrl" desc="(Ljava/lang/String;)Ljava/lang/String;" line="72">
                <counter type="INSTRUCTION" missed="8" covered="17"/>
                <counter type="BRANCH" missed="2" covered="2"/>
                <counter type="LINE" missed="2" covered="5"/>
                <counter type="COMPLEXITY" missed="2" covered="1"/>
                <counter type="METHOD" missed="0" covered="1"/>
            </method>
            <method name="genCode" desc="(Ljava/lang/String;I)Ljava/lang/String;" line="85">
                <counter type="INSTRUCTION" missed="0" covered="62"/>
                <counter type="BRANCH" missed="1" covered="3"/>
                <counter type="LINE" missed="0" covered="13"/>
                <counter type="COMPLEXITY" missed="1" covered="2"/>
                <counter type="METHOD" missed="0" covered="1"/>
            </method>
            <method name="&lt;clinit&gt;" desc="()V" line="24">
                <counter type="INSTRUCTION" missed="0" covered="4"/>
                <counter type="LINE" missed="0" covered="1"/>
                <counter type="COMPLEXITY" missed="0" covered="1"/>
                <counter type="METHOD" missed="0" covered="1"/>
            </method>
            <counter type="INSTRUCTION" missed="8" covered="399"/>
            <counter type="BRANCH" missed="3" covered="9"/>
            <counter type="LINE" missed="2" covered="32"/>
            <counter type="COMPLEXITY" missed="3" covered="8"/>
            <counter type="METHOD" missed="0" covered="5"/>
            <counter type="CLASS" missed="0" covered="1"/>
        </class>
        <sourcefile name="RedisService.java">
            <line nr="17" mi="0" ci="3" mb="0" cb="0"/>
            <line nr="29" mi="0" ci="2" mb="0" cb="0"/>
            <line nr="31" mi="0" ci="4" mb="0" cb="0"/>
            <line nr="32" mi="0" ci="5" mb="0" cb="0"/>
            <line nr="33" mi="1" ci="0" mb="0" cb="0"/>
            <line nr="34" mi="2" ci="0" mb="0" cb="0"/>
            <line nr="35" mi="5" ci="0" mb="0" cb="0"/>
            <line nr="36" mi="0" ci="1" mb="0" cb="0"/>
            <line nr="38" mi="0" ci="2" mb="0" cb="0"/>
            <line nr="49" mi="0" ci="2" mb="0" cb="0"/>
            <line nr="51" mi="0" ci="4" mb="0" cb="0"/>
            <line nr="52" mi="0" ci="4" mb="0" cb="0"/>
            <line nr="53" mi="0" ci="2" mb="0" cb="0"/>
            <line nr="54" mi="1" ci="0" mb="0" cb="0"/>
            <line nr="55" mi="2" ci="0" mb="0" cb="0"/>
            <line nr="56" mi="5" ci="0" mb="0" cb="0"/>
            <line nr="57" mi="0" ci="1" mb="0" cb="0"/>
            <line nr="58" mi="0" ci="2" mb="0" cb="0"/>
            <line nr="69" mi="0" ci="2" mb="0" cb="0"/>
            <line nr="71" mi="0" ci="4" mb="0" cb="0"/>
            <line nr="72" mi="0" ci="4" mb="0" cb="0"/>
            <line nr="74" mi="0" ci="5" mb="2" cb="2"/>
            <line nr="75" mi="0" ci="9" mb="0" cb="0"/>
            <line nr="77" mi="0" ci="2" mb="0" cb="0"/>
            <line nr="78" mi="1" ci="0" mb="0" cb="0"/>
            <line nr="79" mi="2" ci="0" mb="0" cb="0"/>
            <line nr="80" mi="5" ci="0" mb="0" cb="0"/>
            <line nr="81" mi="0" ci="1" mb="0" cb="0"/>
            <line nr="82" mi="0" ci="2" mb="0" cb="0"/>
            <counter type="INSTRUCTION" missed="24" covered="61"/>
            <counter type="BRANCH" missed="2" covered="2"/>
            <counter type="LINE" missed="9" covered="20"/>
            <counter type="COMPLEXITY" missed="2" covered="4"/>
            <counter type="METHOD" missed="0" covered="4"/>
            <counter type="CLASS" missed="0" covered="1"/>
        </sourcefile>
        <sourcefile name="ShortUrlService.java"/>
        <sourcefile name="ShortUrlServiceImpl.java">
            <line nr="23" mi="0" ci="3" mb="0" cb="0"/>
            <line nr="24" mi="0" ci="4" mb="0" cb="0"/>
            <line nr="40" mi="0" ci="251" mb="0" cb="0"/>
            <line nr="46" mi="0" ci="3" mb="0" cb="0"/>
            <line nr="48" mi="0" ci="7" mb="0" cb="2"/>
            <line nr="51" mi="0" ci="11" mb="0" cb="0"/>
            <line nr="54" mi="0" ci="6" mb="0" cb="0"/>
            <line nr="55" mi="0" ci="2" mb="0" cb="0"/>
            <line nr="56" mi="0" ci="7" mb="0" cb="2"/>
            <line nr="58" mi="0" ci="4" mb="0" cb="0"/>
            <line nr="60" mi="0" ci="12" mb="0" cb="0"/>
            <line nr="62" mi="0" ci="4" mb="0" cb="0"/>
            <line nr="65" mi="0" ci="4" mb="0" cb="0"/>
            <line nr="67" mi="0" ci="2" mb="0" cb="0"/>
            <line nr="72" mi="0" ci="5" mb="0" cb="0"/>
            <line nr="73" mi="0" ci="3" mb="1" cb="1"/>
            <line nr="74" mi="0" ci="5" mb="0" cb="0"/>
            <line nr="75" mi="0" ci="2" mb="1" cb="1"/>
            <line nr="76" mi="3" ci="0" mb="0" cb="0"/>
            <line nr="77" mi="5" ci="0" mb="0" cb="0"/>
            <line nr="80" mi="0" ci="2" mb="0" cb="0"/>
            <line nr="85" mi="0" ci="5" mb="0" cb="0"/>
            <line nr="86" mi="0" ci="3" mb="0" cb="2"/>
            <line nr="87" mi="0" ci="4" mb="0" cb="0"/>
            <line nr="88" mi="0" ci="3" mb="0" cb="0"/>
            <line nr="89" mi="0" ci="4" mb="0" cb="0"/>
            <line nr="90" mi="0" ci="8" mb="0" cb="0"/>
            <line nr="91" mi="0" ci="8" mb="0" cb="0"/>
            <line nr="92" mi="0" ci="5" mb="0" cb="0"/>
            <line nr="93" mi="0" ci="5" mb="0" cb="0"/>
            <line nr="94" mi="0" ci="2" mb="1" cb="1"/>
            <line nr="95" mi="0" ci="8" mb="0" cb="0"/>
            <line nr="96" mi="0" ci="5" mb="0" cb="0"/>
            <line nr="99" mi="0" ci="2" mb="0" cb="0"/>
            <counter type="INSTRUCTION" missed="8" covered="399"/>
            <counter type="BRANCH" missed="3" covered="9"/>
            <counter type="LINE" missed="2" covered="32"/>
            <counter type="COMPLEXITY" missed="3" covered="8"/>
            <counter type="METHOD" missed="0" covered="5"/>
            <counter type="CLASS" missed="0" covered="1"/>
        </sourcefile>
        <counter type="INSTRUCTION" missed="32" covered="460"/>
        <counter type="BRANCH" missed="5" covered="11"/>
        <counter type="LINE" missed="11" covered="52"/>
        <counter type="COMPLEXITY" missed="5" covered="12"/>
        <counter type="METHOD" missed="0" covered="9"/>
        <counter type="CLASS" missed="0" covered="2"/>
    </package>
    <counter type="INSTRUCTION" missed="32" covered="460"/>
    <counter type="BRANCH" missed="5" covered="11"/>
    <counter type="LINE" missed="11" covered="52"/>
    <counter type="COMPLEXITY" missed="5" covered="12"/>
    <counter type="METHOD" missed="0" covered="9"/>
    <counter type="CLASS" missed="0" covered="2"/>
</report>