<?xml version="1.0" encoding="UTF-8" standalone="yes"?><!DOCTYPE report PUBLIC "-//JACOCO//DTD Report 1.1//EN"
        "report.dtd">
<report name="shorturl">
    <sessioninfo id="A3A5C4ABA48DA71-a660c2b7" start="1613711344176" dump="1613711371775"/>
    <sessioninfo id="A3A5C4ABA48DA71-2e63b3b" start="1613711485933" dump="1613711498457"/>
    <sessioninfo id="A3A5C4ABA48DA71-686c5460" start="1613712166129" dump="1613712204820"/>
    <sessioninfo id="A3A5C4ABA48DA71-e2f006a3" start="1613712289177" dump="1613712302090"/>
    <sessioninfo id="A3A5C4ABA48DA71-ab1a934a" start="1613712344354" dump="1613712362133"/>
    <package name="com/example/shorturl/service">
        <class name="com/example/shorturl/service/ShortUrlService" sourcefilename="ShortUrlService.java"/>
        <class name="com/example/shorturl/service/RedisService" sourcefilename="RedisService.java">
            <method name="&lt;init&gt;" desc="()V" line="24">
                <counter type="INSTRUCTION" missed="0" covered="3"/>
                <counter type="LINE" missed="0" covered="1"/>
                <counter type="COMPLEXITY" missed="0" covered="1"/>
                <counter type="METHOD" missed="0" covered="1"/>
            </method>
            <method name="get" desc="(Ljava/lang/String;)Ljava/lang/String;" line="37">
                <counter type="INSTRUCTION" missed="22" covered="0"/>
                <counter type="LINE" missed="8" covered="0"/>
                <counter type="COMPLEXITY" missed="1" covered="0"/>
                <counter type="METHOD" missed="1" covered="0"/>
            </method>
            <method name="set" desc="(Ljava/lang/String;Ljava/lang/String;)Z" line="58">
                <counter type="INSTRUCTION" missed="23" covered="0"/>
                <counter type="LINE" missed="9" covered="0"/>
                <counter type="COMPLEXITY" missed="1" covered="0"/>
                <counter type="METHOD" missed="1" covered="0"/>
            </method>
            <method name="set" desc="(Ljava/lang/String;Ljava/lang/String;Ljava/lang/Integer;)Z" line="79">
                <counter type="INSTRUCTION" missed="37" covered="0"/>
                <counter type="BRANCH" missed="4" covered="0"/>
                <counter type="LINE" missed="11" covered="0"/>
                <counter type="COMPLEXITY" missed="3" covered="0"/>
                <counter type="METHOD" missed="1" covered="0"/>
            </method>
            <counter type="INSTRUCTION" missed="82" covered="3"/>
            <counter type="BRANCH" missed="4" covered="0"/>
            <counter type="LINE" missed="28" covered="1"/>
            <counter type="COMPLEXITY" missed="5" covered="1"/>
            <counter type="METHOD" missed="3" covered="1"/>
            <counter type="CLASS" missed="0" covered="1"/>
        </class>
        <class name="com/example/shorturl/service/ShortUrlServiceImpl" sourcefilename="ShortUrlServiceImpl.java">
            <method name="&lt;init&gt;" desc="()V" line="21">
                <counter type="INSTRUCTION" missed="0" covered="3"/>
                <counter type="LINE" missed="0" covered="1"/>
                <counter type="COMPLEXITY" missed="0" covered="1"/>
                <counter type="METHOD" missed="0" covered="1"/>
            </method>
            <method name="queryLongUrl" desc="(Ljava/lang/String;)Ljava/lang/String;" line="30">
                <counter type="INSTRUCTION" missed="20" covered="0"/>
                <counter type="BRANCH" missed="4" covered="0"/>
                <counter type="LINE" missed="6" covered="0"/>
                <counter type="COMPLEXITY" missed="3" covered="0"/>
                <counter type="METHOD" missed="1" covered="0"/>
            </method>
            <method name="genCode" desc="(Ljava/lang/String;I)Ljava/lang/String;" line="42">
                <counter type="INSTRUCTION" missed="37" covered="0"/>
                <counter type="BRANCH" missed="2" covered="0"/>
                <counter type="LINE" missed="8" covered="0"/>
                <counter type="COMPLEXITY" missed="2" covered="0"/>
                <counter type="METHOD" missed="1" covered="0"/>
            </method>
            <method name="shortUrl" desc="(Ljava/lang/String;)[Ljava/lang/String;" line="63">
                <counter type="INSTRUCTION" missed="313" covered="0"/>
                <counter type="BRANCH" missed="4" covered="0"/>
                <counter type="LINE" missed="12" covered="0"/>
                <counter type="COMPLEXITY" missed="3" covered="0"/>
                <counter type="METHOD" missed="1" covered="0"/>
            </method>
            <counter type="INSTRUCTION" missed="370" covered="3"/>
            <counter type="BRANCH" missed="10" covered="0"/>
            <counter type="LINE" missed="26" covered="1"/>
            <counter type="COMPLEXITY" missed="8" covered="1"/>
            <counter type="METHOD" missed="3" covered="1"/>
            <counter type="CLASS" missed="0" covered="1"/>
        </class>
        <sourcefile name="RedisService.java">
            <line nr="24" mi="0" ci="3" mb="0" cb="0"/>
            <line nr="37" mi="2" ci="0" mb="0" cb="0"/>
            <line nr="39" mi="4" ci="0" mb="0" cb="0"/>
            <line nr="40" mi="5" ci="0" mb="0" cb="0"/>
            <line nr="41" mi="1" ci="0" mb="0" cb="0"/>
            <line nr="42" mi="2" ci="0" mb="0" cb="0"/>
            <line nr="43" mi="5" ci="0" mb="0" cb="0"/>
            <line nr="44" mi="1" ci="0" mb="0" cb="0"/>
            <line nr="46" mi="2" ci="0" mb="0" cb="0"/>
            <line nr="58" mi="2" ci="0" mb="0" cb="0"/>
            <line nr="60" mi="4" ci="0" mb="0" cb="0"/>
            <line nr="61" mi="4" ci="0" mb="0" cb="0"/>
            <line nr="62" mi="2" ci="0" mb="0" cb="0"/>
            <line nr="63" mi="1" ci="0" mb="0" cb="0"/>
            <line nr="64" mi="2" ci="0" mb="0" cb="0"/>
            <line nr="65" mi="5" ci="0" mb="0" cb="0"/>
            <line nr="66" mi="1" ci="0" mb="0" cb="0"/>
            <line nr="67" mi="2" ci="0" mb="0" cb="0"/>
            <line nr="79" mi="2" ci="0" mb="0" cb="0"/>
            <line nr="81" mi="4" ci="0" mb="0" cb="0"/>
            <line nr="82" mi="4" ci="0" mb="0" cb="0"/>
            <line nr="84" mi="5" ci="0" mb="4" cb="0"/>
            <line nr="85" mi="9" ci="0" mb="0" cb="0"/>
            <line nr="87" mi="2" ci="0" mb="0" cb="0"/>
            <line nr="88" mi="1" ci="0" mb="0" cb="0"/>
            <line nr="89" mi="2" ci="0" mb="0" cb="0"/>
            <line nr="90" mi="5" ci="0" mb="0" cb="0"/>
            <line nr="91" mi="1" ci="0" mb="0" cb="0"/>
            <line nr="92" mi="2" ci="0" mb="0" cb="0"/>
            <counter type="INSTRUCTION" missed="82" covered="3"/>
            <counter type="BRANCH" missed="4" covered="0"/>
            <counter type="LINE" missed="28" covered="1"/>
            <counter type="COMPLEXITY" missed="5" covered="1"/>
            <counter type="METHOD" missed="3" covered="1"/>
            <counter type="CLASS" missed="0" covered="1"/>
        </sourcefile>
        <sourcefile name="ShortUrlService.java"/>
        <sourcefile name="ShortUrlServiceImpl.java">
            <line nr="21" mi="0" ci="3" mb="0" cb="0"/>
            <line nr="30" mi="5" ci="0" mb="0" cb="0"/>
            <line nr="31" mi="3" ci="0" mb="2" cb="0"/>
            <line nr="32" mi="5" ci="0" mb="0" cb="0"/>
            <line nr="33" mi="2" ci="0" mb="2" cb="0"/>
            <line nr="34" mi="3" ci="0" mb="0" cb="0"/>
            <line nr="37" mi="2" ci="0" mb="0" cb="0"/>
            <line nr="42" mi="5" ci="0" mb="0" cb="0"/>
            <line nr="43" mi="3" ci="0" mb="2" cb="0"/>
            <line nr="44" mi="4" ci="0" mb="0" cb="0"/>
            <line nr="45" mi="3" ci="0" mb="0" cb="0"/>
            <line nr="46" mi="4" ci="0" mb="0" cb="0"/>
            <line nr="47" mi="8" ci="0" mb="0" cb="0"/>
            <line nr="48" mi="8" ci="0" mb="0" cb="0"/>
            <line nr="50" mi="2" ci="0" mb="0" cb="0"/>
            <line nr="63" mi="251" ci="0" mb="0" cb="0"/>
            <line nr="69" mi="3" ci="0" mb="0" cb="0"/>
            <line nr="71" mi="7" ci="0" mb="2" cb="0"/>
            <line nr="74" mi="11" ci="0" mb="0" cb="0"/>
            <line nr="77" mi="6" ci="0" mb="0" cb="0"/>
            <line nr="78" mi="2" ci="0" mb="0" cb="0"/>
            <line nr="79" mi="7" ci="0" mb="2" cb="0"/>
            <line nr="81" mi="4" ci="0" mb="0" cb="0"/>
            <line nr="83" mi="12" ci="0" mb="0" cb="0"/>
            <line nr="85" mi="4" ci="0" mb="0" cb="0"/>
            <line nr="88" mi="4" ci="0" mb="0" cb="0"/>
            <line nr="90" mi="2" ci="0" mb="0" cb="0"/>
            <counter type="INSTRUCTION" missed="370" covered="3"/>
            <counter type="BRANCH" missed="10" covered="0"/>
            <counter type="LINE" missed="26" covered="1"/>
            <counter type="COMPLEXITY" missed="8" covered="1"/>
            <counter type="METHOD" missed="3" covered="1"/>
            <counter type="CLASS" missed="0" covered="1"/>
        </sourcefile>
        <counter type="INSTRUCTION" missed="452" covered="6"/>
        <counter type="BRANCH" missed="14" covered="0"/>
        <counter type="LINE" missed="54" covered="2"/>
        <counter type="COMPLEXITY" missed="13" covered="2"/>
        <counter type="METHOD" missed="6" covered="2"/>
        <counter type="CLASS" missed="0" covered="2"/>
    </package>
    <counter type="INSTRUCTION" missed="452" covered="6"/>
    <counter type="BRANCH" missed="14" covered="0"/>
    <counter type="LINE" missed="54" covered="2"/>
    <counter type="COMPLEXITY" missed="13" covered="2"/>
    <counter type="METHOD" missed="6" covered="2"/>
    <counter type="CLASS" missed="0" covered="2"/>
</report>