{"/Users/bafangshuo/Desktop/sequoia/src/app.ts": {"path":"/Users/bafangshuo/Desktop/sequoia/src/app.ts","statementMap":{"0":{"start":{"line":1,"column":0},"end":{"line":1,"column":30}},"1":{"start":{"line":2,"column":0},"end":{"line":2,"column":28}},"2":{"start":{"line":3,"column":0},"end":{"line":3,"column":43}},"3":{"start":{"line":4,"column":0},"end":{"line":4,"column":57}},"4":{"start":{"line":7,"column":12},"end":{"line":7,"column":21}},"5":{"start":{"line":9,"column":0},"end":{"line":9,"column":31}},"6":{"start":{"line":11,"column":15},"end":{"line":11,"column":38}},"7":{"start":{"line":13,"column":0},"end":{"line":13,"column":42}},"8":{"start":{"line":14,"column":0},"end":{"line":14,"column":24}},"9":{"start":{"line":15,"column":0},"end":{"line":17,"column":4}},"10":{"start":{"line":19,"column":0},"end":{"line":19,"column":33}},"11":{"start":{"line":21,"column":0},"end":{"line":21,"column":19}}},"fnMap":{},"branchMap":{},"s":{"0":1,"1":1,"2":1,"3":1,"4":1,"5":1,"6":1,"7":1,"8":1,"9":1,"10":1,"11":1},"f":{},"b":{}}
,"/Users/bafangshuo/Desktop/sequoia/src/config/logger.ts": {"path":"/Users/bafangshuo/Desktop/sequoia/src/config/logger.ts","statementMap":{"0":{"start":{"line":1,"column":0},"end":{"line":4,"column":2}}},"fnMap":{},"branchMap":{},"s":{"0":1},"f":{},"b":{}}
,"/Users/bafangshuo/Desktop/sequoia/src/config/mysql.ts": {"path":"/Users/bafangshuo/Desktop/sequoia/src/config/mysql.ts","statementMap":{"0":{"start":{"line":1,"column":0},"end":{"line":1,"column":54}},"1":{"start":{"line":2,"column":0},"end":{"line":2,"column":28}},"2":{"start":{"line":4,"column":15},"end":{"line":4,"column":38}},"3":{"start":{"line":8,"column":4},"end":{"line":14,"column":7}},"4":{"start":{"line":19,"column":4},"end":{"line":21,"column":null}},"5":{"start":{"line":20,"column":6},"end":{"line":20,"column":13}},"6":{"start":{"line":22,"column":4},"end":{"line":33,"column":7}},"7":{"start":{"line":23,"column":6},"end":{"line":32,"column":9}},"8":{"start":{"line":25,"column":8},"end":{"line":25,"column":null}},"9":{"start":{"line":26,"column":8},"end":{"line":31,"column":null}},"10":{"start":{"line":27,"column":10},"end":{"line":27,"column":28}},"11":{"start":{"line":28,"column":10},"end":{"line":28,"column":22}},"12":{"start":{"line":30,"column":10},"end":{"line":30,"column":24}},"13":{"start":{"line":37,"column":21},"end":{"line":37,"column":41}},"14":{"start":{"line":38,"column":20},"end":{"line":38,"column":115}},"15":{"start":{"line":39,"column":4},"end":{"line":41,"column":null}},"16":{"start":{"line":40,"column":6},"end":{"line":40,"column":null}},"17":{"start":{"line":42,"column":4},"end":{"line":42,"column":null}},"18":{"start":{"line":46,"column":21},"end":{"line":46,"column":41}},"19":{"start":{"line":47,"column":20},"end":{"line":47,"column":108}},"20":{"start":{"line":48,"column":4},"end":{"line":50,"column":null}},"21":{"start":{"line":49,"column":6},"end":{"line":49,"column":null}},"22":{"start":{"line":51,"column":4},"end":{"line":51,"column":null}},"23":{"start":{"line":55,"column":21},"end":{"line":55,"column":41}},"24":{"start":{"line":56,"column":20},"end":{"line":56,"column":106}},"25":{"start":{"line":57,"column":4},"end":{"line":59,"column":null}},"26":{"start":{"line":58,"column":6},"end":{"line":58,"column":null}},"27":{"start":{"line":60,"column":4},"end":{"line":60,"column":null}},"28":{"start":{"line":64,"column":21},"end":{"line":64,"column":41}},"29":{"start":{"line":65,"column":4},"end":{"line":65,"column":null}},"30":{"start":{"line":68,"column":0},"end":{"line":68,"column":null}}},"fnMap":{"0":{"name":"(anonymous_8)","decl":{"start":{"line":7,"column":10},"end":{"line":7,"column":23}},"loc":{"start":{"line":7,"column":23},"end":{"line":15,"column":3}}},"1":{"name":"(anonymous_9)","decl":{"start":{"line":18,"column":10},"end":{"line":18,"column":15}},"loc":{"start":{"line":18,"column":61},"end":{"line":34,"column":3}}},"2":{"name":"(anonymous_10)","decl":{"start":{"line":22,"column":23},"end":{"line":22,"column":24}},"loc":{"start":{"line":22,"column":43},"end":{"line":33,"column":5}}},"3":{"name":"(anonymous_11)","decl":{"start":{"line":23,"column":30},"end":{"line":23,"column":31}},"loc":{"start":{"line":23,"column":68},"end":{"line":32,"column":7}}},"4":{"name":"(anonymous_12)","decl":{"start":{"line":36,"column":8},"end":{"line":36,"column":14}},"loc":{"start":{"line":36,"column":31},"end":{"line":43,"column":null}}},"5":{"name":"(anonymous_14)","decl":{"start":{"line":45,"column":8},"end":{"line":45,"column":25}},"loc":{"start":{"line":45,"column":43},"end":{"line":52,"column":null}}},"6":{"name":"(anonymous_16)","decl":{"start":{"line":54,"column":8},"end":{"line":54,"column":24}},"loc":{"start":{"line":54,"column":41},"end":{"line":61,"column":null}}},"7":{"name":"(anonymous_18)","decl":{"start":{"line":63,"column":8},"end":{"line":63,"column":23}},"loc":{"start":{"line":63,"column":40},"end":{"line":66,"column":null}}}},"branchMap":{"0":{"loc":{"start":{"line":19,"column":4},"end":{"line":21,"column":null}},"type":"if","locations":[{"start":{"line":19,"column":4},"end":{"line":21,"column":null}}]},"1":{"loc":{"start":{"line":26,"column":8},"end":{"line":31,"column":null}},"type":"if","locations":[{"start":{"line":26,"column":8},"end":{"line":31,"column":null}},{"start":{"line":29,"column":15},"end":{"line":31,"column":null}}]},"2":{"loc":{"start":{"line":39,"column":4},"end":{"line":41,"column":null}},"type":"if","locations":[{"start":{"line":39,"column":4},"end":{"line":41,"column":null}}]},"3":{"loc":{"start":{"line":39,"column":8},"end":{"line":39,"column":33}},"type":"binary-expr","locations":[{"start":{"line":39,"column":8},"end":{"line":39,"column":12}},{"start":{"line":39,"column":16},"end":{"line":39,"column":33}}]},"4":{"loc":{"start":{"line":48,"column":4},"end":{"line":50,"column":null}},"type":"if","locations":[{"start":{"line":48,"column":4},"end":{"line":50,"column":null}}]},"5":{"loc":{"start":{"line":48,"column":8},"end":{"line":48,"column":31}},"type":"binary-expr","locations":[{"start":{"line":48,"column":8},"end":{"line":48,"column":12}},{"start":{"line":48,"column":16},"end":{"line":48,"column":31}}]},"6":{"loc":{"start":{"line":57,"column":4},"end":{"line":59,"column":null}},"type":"if","locations":[{"start":{"line":57,"column":4},"end":{"line":59,"column":null}}]},"7":{"loc":{"start":{"line":57,"column":8},"end":{"line":57,"column":31}},"type":"binary-expr","locations":[{"start":{"line":57,"column":8},"end":{"line":57,"column":12}},{"start":{"line":57,"column":16},"end":{"line":57,"column":31}}]}},"s":{"0":1,"1":1,"2":1,"3":2,"4":2,"5":0,"6":2,"7":2,"8":2,"9":2,"10":0,"11":0,"12":2,"13":0,"14":0,"15":0,"16":0,"17":0,"18":0,"19":0,"20":0,"21":0,"22":0,"23":2,"24":2,"25":2,"26":2,"27":0,"28":0,"29":0,"30":1},"f":{"0":2,"1":2,"2":2,"3":2,"4":0,"5":0,"6":2,"7":0},"b":{"0":[0],"1":[0,2],"2":[0],"3":[0,0],"4":[0],"5":[0,0],"6":[2],"7":[2,2]}}
,"/Users/bafangshuo/Desktop/sequoia/src/config/redis.ts": {"path":"/Users/bafangshuo/Desktop/sequoia/src/config/redis.ts","statementMap":{"0":{"start":{"line":1,"column":0},"end":{"line":1,"column":37}},"1":{"start":{"line":2,"column":0},"end":{"line":2,"column":28}},"2":{"start":{"line":4,"column":15},"end":{"line":4,"column":38}},"3":{"start":{"line":9,"column":4},"end":{"line":9,"column":null}},"4":{"start":{"line":10,"column":4},"end":{"line":10,"column":33}},"5":{"start":{"line":11,"column":4},"end":{"line":11,"column":75}},"6":{"start":{"line":11,"column":35},"end":{"line":11,"column":73}},"7":{"start":{"line":15,"column":4},"end":{"line":15,"column":32}},"8":{"start":{"line":17,"column":4},"end":{"line":29,"column":null}},"9":{"start":{"line":18,"column":24},"end":{"line":18,"column":45}},"10":{"start":{"line":19,"column":6},"end":{"line":26,"column":null}},"11":{"start":{"line":20,"column":21},"end":{"line":20,"column":62}},"12":{"start":{"line":21,"column":8},"end":{"line":21,"column":null}},"13":{"start":{"line":22,"column":8},"end":{"line":22,"column":null}},"14":{"start":{"line":24,"column":21},"end":{"line":24,"column":62}},"15":{"start":{"line":25,"column":8},"end":{"line":25,"column":null}},"16":{"start":{"line":28,"column":6},"end":{"line":28,"column":null}},"17":{"start":{"line":33,"column":4},"end":{"line":33,"column":32}},"18":{"start":{"line":34,"column":4},"end":{"line":44,"column":null}},"19":{"start":{"line":35,"column":17},"end":{"line":35,"column":43}},"20":{"start":{"line":36,"column":6},"end":{"line":39,"column":null}},"21":{"start":{"line":37,"column":8},"end":{"line":37,"column":null}},"22":{"start":{"line":38,"column":8},"end":{"line":38,"column":null}},"23":{"start":{"line":40,"column":6},"end":{"line":40,"column":null}},"24":{"start":{"line":41,"column":6},"end":{"line":41,"column":null}},"25":{"start":{"line":43,"column":6},"end":{"line":43,"column":null}},"26":{"start":{"line":48,"column":4},"end":{"line":48,"column":32}},"27":{"start":{"line":49,"column":4},"end":{"line":49,"column":null}},"28":{"start":{"line":50,"column":4},"end":{"line":50,"column":null}},"29":{"start":{"line":55,"column":0},"end":{"line":55,"column":null}}},"fnMap":{"0":{"name":"(anonymous_8)","decl":{"start":{"line":8,"column":2},"end":{"line":8,"column":null}},"loc":{"start":{"line":8,"column":2},"end":{"line":12,"column":3}}},"1":{"name":"(anonymous_9)","decl":{"start":{"line":11,"column":28},"end":{"line":11,"column":31}},"loc":{"start":{"line":11,"column":35},"end":{"line":11,"column":73}}},"2":{"name":"(anonymous_10)","decl":{"start":{"line":14,"column":8},"end":{"line":14,"column":13}},"loc":{"start":{"line":14,"column":54},"end":{"line":30,"column":null}}},"3":{"name":"(anonymous_12)","decl":{"start":{"line":32,"column":8},"end":{"line":32,"column":11}},"loc":{"start":{"line":32,"column":23},"end":{"line":45,"column":null}}},"4":{"name":"(anonymous_14)","decl":{"start":{"line":47,"column":8},"end":{"line":47,"column":11}},"loc":{"start":{"line":47,"column":23},"end":{"line":51,"column":null}}}},"branchMap":{"0":{"loc":{"start":{"line":19,"column":6},"end":{"line":26,"column":null}},"type":"if","locations":[{"start":{"line":19,"column":6},"end":{"line":26,"column":null}},{"start":{"line":23,"column":13},"end":{"line":26,"column":null}}]},"1":{"loc":{"start":{"line":36,"column":6},"end":{"line":39,"column":null}},"type":"if","locations":[{"start":{"line":36,"column":6},"end":{"line":39,"column":null}}]}},"s":{"0":1,"1":1,"2":1,"3":1,"4":1,"5":1,"6":0,"7":0,"8":0,"9":0,"10":0,"11":0,"12":0,"13":0,"14":0,"15":0,"16":0,"17":0,"18":0,"19":0,"20":0,"21":0,"22":0,"23":0,"24":0,"25":0,"26":0,"27":0,"28":0,"29":1},"f":{"0":1,"1":0,"2":0,"3":0,"4":0},"b":{"0":[0,0],"1":[0]}}
,"/Users/bafangshuo/Desktop/sequoia/src/controller/hostController.ts": {"path":"/Users/bafangshuo/Desktop/sequoia/src/controller/hostController.ts","statementMap":{"0":{"start":{"line":1,"column":0},"end":{"line":1,"column":60}},"1":{"start":{"line":2,"column":0},"end":{"line":2,"column":48}},"2":{"start":{"line":3,"column":0},"end":{"line":3,"column":28}},"3":{"start":{"line":6,"column":15},"end":{"line":6,"column":23}},"4":{"start":{"line":7,"column":15},"end":{"line":7,"column":38}},"5":{"start":{"line":11,"column":0},"end":{"line":43,"column":3}},"6":{"start":{"line":11,"column":58},"end":{"line":43,"column":2}},"7":{"start":{"line":12,"column":31},"end":{"line":16,"column":null}},"8":{"start":{"line":19,"column":25},"end":{"line":19,"column":53}},"9":{"start":{"line":20,"column":2},"end":{"line":31,"column":null}},"10":{"start":{"line":21,"column":4},"end":{"line":25,"column":null}},"11":{"start":{"line":26,"column":4},"end":{"line":26,"column":null}},"12":{"start":{"line":27,"column":4},"end":{"line":27,"column":null}},"13":{"start":{"line":28,"column":4},"end":{"line":28,"column":23}},"14":{"start":{"line":29,"column":4},"end":{"line":29,"column":null}},"15":{"start":{"line":30,"column":4},"end":{"line":30,"column":10}},"16":{"start":{"line":33,"column":2},"end":{"line":41,"column":null}},"17":{"start":{"line":34,"column":4},"end":{"line":34,"column":53}},"18":{"start":{"line":36,"column":4},"end":{"line":36,"column":null}},"19":{"start":{"line":37,"column":4},"end":{"line":37,"column":null}},"20":{"start":{"line":38,"column":4},"end":{"line":38,"column":null}},"21":{"start":{"line":39,"column":4},"end":{"line":39,"column":null}},"22":{"start":{"line":40,"column":4},"end":{"line":40,"column":10}},"23":{"start":{"line":42,"column":2},"end":{"line":42,"column":21}},"24":{"start":{"line":48,"column":0},"end":{"line":74,"column":3}},"25":{"start":{"line":48,"column":60},"end":{"line":74,"column":2}},"26":{"start":{"line":49,"column":31},"end":{"line":53,"column":null}},"27":{"start":{"line":55,"column":26},"end":{"line":55,"column":55}},"28":{"start":{"line":56,"column":2},"end":{"line":62,"column":null}},"29":{"start":{"line":57,"column":4},"end":{"line":57,"column":null}},"30":{"start":{"line":58,"column":4},"end":{"line":58,"column":null}},"31":{"start":{"line":59,"column":4},"end":{"line":59,"column":23}},"32":{"start":{"line":60,"column":4},"end":{"line":60,"column":null}},"33":{"start":{"line":61,"column":4},"end":{"line":61,"column":10}},"34":{"start":{"line":64,"column":2},"end":{"line":72,"column":null}},"35":{"start":{"line":65,"column":4},"end":{"line":65,"column":56}},"36":{"start":{"line":67,"column":4},"end":{"line":67,"column":null}},"37":{"start":{"line":68,"column":4},"end":{"line":68,"column":null}},"38":{"start":{"line":69,"column":4},"end":{"line":69,"column":null}},"39":{"start":{"line":70,"column":4},"end":{"line":70,"column":null}},"40":{"start":{"line":71,"column":4},"end":{"line":71,"column":10}},"41":{"start":{"line":73,"column":2},"end":{"line":73,"column":21}},"42":{"start":{"line":76,"column":0},"end":{"line":76,"column":22}}},"fnMap":{"0":{"name":"(anonymous_8)","decl":{"start":{"line":11,"column":20},"end":{"line":11,"column":27}},"loc":{"start":{"line":11,"column":58},"end":{"line":43,"column":2}}},"1":{"name":"(anonymous_9)","decl":{"start":{"line":11,"column":58},"end":{"line":11,"column":null}},"loc":{"start":{"line":11,"column":58},"end":{"line":43,"column":1}}},"2":{"name":"(anonymous_10)","decl":{"start":{"line":48,"column":22},"end":{"line":48,"column":29}},"loc":{"start":{"line":48,"column":60},"end":{"line":74,"column":2}}},"3":{"name":"(anonymous_11)","decl":{"start":{"line":48,"column":60},"end":{"line":48,"column":null}},"loc":{"start":{"line":48,"column":60},"end":{"line":74,"column":1}}}},"branchMap":{"0":{"loc":{"start":{"line":20,"column":2},"end":{"line":31,"column":null}},"type":"if","locations":[{"start":{"line":20,"column":2},"end":{"line":31,"column":null}}]},"1":{"loc":{"start":{"line":20,"column":6},"end":{"line":20,"column":65}},"type":"binary-expr","locations":[{"start":{"line":20,"column":6},"end":{"line":20,"column":20}},{"start":{"line":20,"column":24},"end":{"line":20,"column":40}},{"start":{"line":20,"column":44},"end":{"line":20,"column":65}}]},"2":{"loc":{"start":{"line":56,"column":2},"end":{"line":62,"column":null}},"type":"if","locations":[{"start":{"line":56,"column":2},"end":{"line":62,"column":null}}]},"3":{"loc":{"start":{"line":56,"column":6},"end":{"line":56,"column":68}},"type":"binary-expr","locations":[{"start":{"line":56,"column":6},"end":{"line":56,"column":21}},{"start":{"line":56,"column":25},"end":{"line":56,"column":42}},{"start":{"line":56,"column":46},"end":{"line":56,"column":68}}]}},"s":{"0":1,"1":1,"2":1,"3":1,"4":1,"5":1,"6":2,"7":2,"8":2,"9":2,"10":0,"11":0,"12":0,"13":0,"14":0,"15":0,"16":2,"17":2,"18":0,"19":0,"20":0,"21":0,"22":0,"23":2,"24":1,"25":0,"26":0,"27":0,"28":0,"29":0,"30":0,"31":0,"32":0,"33":0,"34":0,"35":0,"36":0,"37":0,"38":0,"39":0,"40":0,"41":0,"42":1},"f":{"0":2,"1":2,"2":0,"3":0},"b":{"0":[0],"1":[2,2,2],"2":[0],"3":[0,0,0]}}
,"/Users/bafangshuo/Desktop/sequoia/src/service/hostService.ts": {"path":"/Users/bafangshuo/Desktop/sequoia/src/service/hostService.ts","statementMap":{"0":{"start":{"line":1,"column":0},"end":{"line":1,"column":28}},"1":{"start":{"line":4,"column":0},"end":{"line":4,"column":39}},"2":{"start":{"line":5,"column":0},"end":{"line":5,"column":41}},"3":{"start":{"line":7,"column":15},"end":{"line":7,"column":38}},"4":{"start":{"line":14,"column":4},"end":{"line":14,"column":null}},"5":{"start":{"line":17,"column":4},"end":{"line":17,"column":null}},"6":{"start":{"line":19,"column":27},"end":{"line":19,"column":69}},"7":{"start":{"line":21,"column":4},"end":{"line":33,"column":null}},"8":{"start":{"line":23,"column":6},"end":{"line":28,"column":null}},"9":{"start":{"line":24,"column":8},"end":{"line":27,"column":null}},"10":{"start":{"line":29,"column":6},"end":{"line":32,"column":null}},"11":{"start":{"line":34,"column":4},"end":{"line":61,"column":null}},"12":{"start":{"line":36,"column":33},"end":{"line":36,"column":73}},"13":{"start":{"line":38,"column":6},"end":{"line":40,"column":null}},"14":{"start":{"line":39,"column":8},"end":{"line":39,"column":20}},"15":{"start":{"line":42,"column":23},"end":{"line":42,"column":70}},"16":{"start":{"line":43,"column":6},"end":{"line":45,"column":null}},"17":{"start":{"line":44,"column":8},"end":{"line":44,"column":20}},"18":{"start":{"line":47,"column":30},"end":{"line":47,"column":51}},"19":{"start":{"line":48,"column":6},"end":{"line":51,"column":null}},"20":{"start":{"line":52,"column":6},"end":{"line":55,"column":null}},"21":{"start":{"line":57,"column":6},"end":{"line":57,"column":null}},"22":{"start":{"line":60,"column":6},"end":{"line":60,"column":null}},"23":{"start":{"line":65,"column":4},"end":{"line":65,"column":null}},"24":{"start":{"line":66,"column":27},"end":{"line":66,"column":71}},"25":{"start":{"line":68,"column":6},"end":{"line":73,"column":null}},"26":{"start":{"line":69,"column":8},"end":{"line":72,"column":null}},"27":{"start":{"line":74,"column":4},"end":{"line":74,"column":null}},"28":{"start":{"line":83,"column":4},"end":{"line":85,"column":null}},"29":{"start":{"line":84,"column":6},"end":{"line":84,"column":18}},"30":{"start":{"line":87,"column":27},"end":{"line":87,"column":91}},"31":{"start":{"line":88,"column":17},"end":{"line":88,"column":19}},"32":{"start":{"line":89,"column":4},"end":{"line":92,"column":null}},"33":{"start":{"line":90,"column":6},"end":{"line":90,"column":null}},"34":{"start":{"line":91,"column":6},"end":{"line":91,"column":null}},"35":{"start":{"line":93,"column":4},"end":{"line":93,"column":null}},"36":{"start":{"line":94,"column":4},"end":{"line":94,"column":47}},"37":{"start":{"line":97,"column":0},"end":{"line":97,"column":null}}},"fnMap":{"0":{"name":"(anonymous_8)","decl":{"start":{"line":13,"column":2},"end":{"line":13,"column":null}},"loc":{"start":{"line":13,"column":2},"end":{"line":15,"column":3}}},"1":{"name":"(anonymous_9)","decl":{"start":{"line":16,"column":8},"end":{"line":16,"column":12}},"loc":{"start":{"line":16,"column":29},"end":{"line":62,"column":null}}},"2":{"name":"(anonymous_11)","decl":{"start":{"line":64,"column":8},"end":{"line":64,"column":14}},"loc":{"start":{"line":64,"column":32},"end":{"line":75,"column":null}}},"3":{"name":"(anonymous_13)","decl":{"start":{"line":82,"column":10},"end":{"line":82,"column":22}},"loc":{"start":{"line":82,"column":38},"end":{"line":95,"column":3}}}},"branchMap":{"0":{"loc":{"start":{"line":21,"column":4},"end":{"line":33,"column":null}},"type":"if","locations":[{"start":{"line":21,"column":4},"end":{"line":33,"column":null}}]},"1":{"loc":{"start":{"line":23,"column":6},"end":{"line":28,"column":null}},"type":"if","locations":[{"start":{"line":23,"column":6},"end":{"line":28,"column":null}}]},"2":{"loc":{"start":{"line":23,"column":10},"end":{"line":23,"column":99}},"type":"binary-expr","locations":[{"start":{"line":23,"column":10},"end":{"line":23,"column":41}},{"start":{"line":23,"column":45},"end":{"line":23,"column":71}},{"start":{"line":23,"column":75},"end":{"line":23,"column":99}}]},"3":{"loc":{"start":{"line":38,"column":6},"end":{"line":40,"column":null}},"type":"if","locations":[{"start":{"line":38,"column":6},"end":{"line":40,"column":null}}]},"4":{"loc":{"start":{"line":43,"column":6},"end":{"line":45,"column":null}},"type":"if","locations":[{"start":{"line":43,"column":6},"end":{"line":45,"column":null}}]},"5":{"loc":{"start":{"line":43,"column":10},"end":{"line":43,"column":39}},"type":"binary-expr","locations":[{"start":{"line":43,"column":10},"end":{"line":43,"column":25}},{"start":{"line":43,"column":29},"end":{"line":43,"column":39}}]},"6":{"loc":{"start":{"line":68,"column":6},"end":{"line":73,"column":null}},"type":"if","locations":[{"start":{"line":68,"column":6},"end":{"line":73,"column":null}}]},"7":{"loc":{"start":{"line":68,"column":10},"end":{"line":68,"column":115}},"type":"binary-expr","locations":[{"start":{"line":68,"column":10},"end":{"line":68,"column":25}},{"start":{"line":68,"column":29},"end":{"line":68,"column":59}},{"start":{"line":68,"column":63},"end":{"line":68,"column":88}},{"start":{"line":68,"column":92},"end":{"line":68,"column":115}}]},"8":{"loc":{"start":{"line":83,"column":4},"end":{"line":85,"column":null}},"type":"if","locations":[{"start":{"line":83,"column":4},"end":{"line":85,"column":null}}]}},"s":{"0":1,"1":1,"2":1,"3":1,"4":1,"5":2,"6":2,"7":2,"8":2,"9":0,"10":2,"11":0,"12":0,"13":0,"14":0,"15":0,"16":0,"17":0,"18":0,"19":0,"20":0,"21":0,"22":0,"23":0,"24":0,"25":0,"26":0,"27":0,"28":0,"29":0,"30":0,"31":0,"32":0,"33":0,"34":0,"35":0,"36":0,"37":1},"f":{"0":1,"1":2,"2":0,"3":0},"b":{"0":[2],"1":[0],"2":[2,2,2],"3":[0],"4":[0],"5":[0,0],"6":[0],"7":[0,0,0,0],"8":[0]}}
}
