TN:
SF:src/app.ts
FNF:0
FNH:0
DA:1,1
DA:2,1
DA:3,1
DA:4,1
DA:7,1
DA:9,1
DA:11,1
DA:13,1
DA:14,1
DA:15,1
DA:19,1
DA:21,1
LF:12
LH:12
BRF:0
BRH:0
end_of_record
TN:
SF:src/config/logger.ts
FNF:0
FNH:0
DA:1,1
LF:1
LH:1
BRF:0
BRH:0
end_of_record
TN:
SF:src/config/mysql.ts
FN:7,(anonymous_8)
FN:18,(anonymous_9)
FN:22,(anonymous_10)
FN:23,(anonymous_11)
FN:36,(anonymous_12)
FN:45,(anonymous_14)
FN:54,(anonymous_16)
FN:63,(anonymous_18)
FNF:8
FNH:5
FNDA:2,(anonymous_8)
FNDA:2,(anonymous_9)
FNDA:2,(anonymous_10)
FNDA:2,(anonymous_11)
FNDA:0,(anonymous_12)
FNDA:0,(anonymous_14)
FNDA:2,(anonymous_16)
FNDA:0,(anonymous_18)
DA:1,1
DA:2,1
DA:4,1
DA:8,2
DA:19,2
DA:20,0
DA:22,2
DA:23,2
DA:25,2
DA:26,2
DA:27,0
DA:28,0
DA:30,2
DA:37,0
DA:38,0
DA:39,0
DA:40,0
DA:42,0
DA:46,0
DA:47,0
DA:48,0
DA:49,0
DA:51,0
DA:55,2
DA:56,2
DA:57,2
DA:58,2
DA:60,0
DA:64,0
DA:65,0
DA:68,1
LF:31
LH:15
BRDA:19,0,0,0
BRDA:26,1,0,0
BRDA:26,1,1,2
BRDA:39,2,0,0
BRDA:39,3,0,0
BRDA:39,3,1,0
BRDA:48,4,0,0
BRDA:48,5,0,0
BRDA:48,5,1,0
BRDA:57,6,0,2
BRDA:57,7,0,2
BRDA:57,7,1,2
BRF:12
BRH:4
end_of_record
TN:
SF:src/config/redis.ts
FN:8,(anonymous_8)
FN:11,(anonymous_9)
FN:14,(anonymous_10)
FN:32,(anonymous_12)
FN:47,(anonymous_14)
FNF:5
FNH:1
FNDA:1,(anonymous_8)
FNDA:0,(anonymous_9)
FNDA:0,(anonymous_10)
FNDA:0,(anonymous_12)
FNDA:0,(anonymous_14)
DA:1,1
DA:2,1
DA:4,1
DA:9,1
DA:10,1
DA:11,1
DA:15,0
DA:17,0
DA:18,0
DA:19,0
DA:20,0
DA:21,0
DA:22,0
DA:24,0
DA:25,0
DA:28,0
DA:33,0
DA:34,0
DA:35,0
DA:36,0
DA:37,0
DA:38,0
DA:40,0
DA:41,0
DA:43,0
DA:48,0
DA:49,0
DA:50,0
DA:55,1
LF:29
LH:7
BRDA:19,0,0,0
BRDA:19,0,1,0
BRDA:36,1,0,0
BRF:3
BRH:0
end_of_record
TN:
SF:src/controller/hostController.ts
FN:11,(anonymous_8)
FN:11,(anonymous_9)
FN:48,(anonymous_10)
FN:48,(anonymous_11)
FNF:4
FNH:2
FNDA:2,(anonymous_8)
FNDA:2,(anonymous_9)
FNDA:0,(anonymous_10)
FNDA:0,(anonymous_11)
DA:1,1
DA:2,1
DA:3,1
DA:6,1
DA:7,1
DA:11,2
DA:12,2
DA:19,2
DA:20,2
DA:21,0
DA:26,0
DA:27,0
DA:28,0
DA:29,0
DA:30,0
DA:33,2
DA:34,2
DA:36,0
DA:37,0
DA:38,0
DA:39,0
DA:40,0
DA:42,2
DA:48,1
DA:49,0
DA:55,0
DA:56,0
DA:57,0
DA:58,0
DA:59,0
DA:60,0
DA:61,0
DA:64,0
DA:65,0
DA:67,0
DA:68,0
DA:69,0
DA:70,0
DA:71,0
DA:73,0
DA:76,1
LF:41
LH:14
BRDA:20,0,0,0
BRDA:20,1,0,2
BRDA:20,1,1,2
BRDA:20,1,2,2
BRDA:56,2,0,0
BRDA:56,3,0,0
BRDA:56,3,1,0
BRDA:56,3,2,0
BRF:8
BRH:3
end_of_record
TN:
SF:src/service/hostService.ts
FN:13,(anonymous_8)
FN:16,(anonymous_9)
FN:64,(anonymous_11)
FN:82,(anonymous_13)
FNF:4
FNH:2
FNDA:1,(anonymous_8)
FNDA:2,(anonymous_9)
FNDA:0,(anonymous_11)
FNDA:0,(anonymous_13)
DA:1,1
DA:4,1
DA:5,1
DA:7,1
DA:14,1
DA:17,2
DA:19,2
DA:21,2
DA:23,2
DA:24,0
DA:29,2
DA:34,0
DA:36,0
DA:38,0
DA:39,0
DA:42,0
DA:43,0
DA:44,0
DA:47,0
DA:48,0
DA:52,0
DA:57,0
DA:60,0
DA:65,0
DA:66,0
DA:68,0
DA:69,0
DA:74,0
DA:83,0
DA:84,0
DA:87,0
DA:88,0
DA:89,0
DA:90,0
DA:91,0
DA:93,0
DA:94,0
DA:97,1
LF:38
LH:11
BRDA:21,0,0,2
BRDA:23,1,0,0
BRDA:23,2,0,2
BRDA:23,2,1,2
BRDA:23,2,2,2
BRDA:38,3,0,0
BRDA:43,4,0,0
BRDA:43,5,0,0
BRDA:43,5,1,0
BRDA:68,6,0,0
BRDA:68,7,0,0
BRDA:68,7,1,0
BRDA:68,7,2,0
BRDA:68,7,3,0
BRDA:83,8,0,0
BRF:15
BRH:4
end_of_record
