<?xml version="1.0" encoding="UTF-8"?>
<coverage generated="1633140704378" clover="3.2.0">
  <project timestamp="1633140704378" name="All files">
    <metrics statements="60" coveredstatements="55" conditionals="11" coveredconditionals="11" methods="10" coveredmethods="9" elements="81" coveredelements="75" complexity="0" loc="60" ncloc="60" packages="4" files="6" classes="6"/>
    <package name="src">
      <metrics statements="20" coveredstatements="20" conditionals="6" coveredconditionals="6" methods="2" coveredmethods="2"/>
      <file name="app.ts" path="/Users/barry/github.com/interview-assignments/fullstack/api/src/app.ts">
        <metrics statements="7" coveredstatements="7" conditionals="0" coveredconditionals="0" methods="0" coveredmethods="0"/>
        <line num="1" count="1" type="stmt"/>
        <line num="2" count="1" type="stmt"/>
        <line num="4" count="1" type="stmt"/>
        <line num="5" count="1" type="stmt"/>
        <line num="6" count="1" type="stmt"/>
        <line num="7" count="1" type="stmt"/>
        <line num="8" count="1" type="stmt"/>
      </file>
      <file name="db.ts" path="/Users/barry/github.com/interview-assignments/fullstack/api/src/db.ts">
        <metrics statements="5" coveredstatements="5" conditionals="6" coveredconditionals="6" methods="1" coveredmethods="1"/>
        <line num="1" count="1" type="stmt"/>
        <line num="3" count="1" type="stmt"/>
        <line num="6" count="1" type="stmt"/>
        <line num="7" count="1" type="stmt"/>
        <line num="22" count="1" type="stmt"/>
      </file>
      <file name="router.ts" path="/Users/barry/github.com/interview-assignments/fullstack/api/src/router.ts">
        <metrics statements="8" coveredstatements="8" conditionals="0" coveredconditionals="0" methods="1" coveredmethods="1"/>
        <line num="1" count="1" type="stmt"/>
        <line num="2" count="1" type="stmt"/>
        <line num="3" count="1" type="stmt"/>
        <line num="5" count="1" type="stmt"/>
        <line num="7" count="1" type="stmt"/>
        <line num="8" count="1" type="stmt"/>
        <line num="9" count="1" type="stmt"/>
        <line num="14" count="1" type="stmt"/>
      </file>
    </package>
    <package name="src.api">
      <metrics statements="17" coveredstatements="12" conditionals="0" coveredconditionals="0" methods="4" coveredmethods="3"/>
      <file name="domainApi.ts" path="/Users/barry/github.com/interview-assignments/fullstack/api/src/api/domainApi.ts">
        <metrics statements="17" coveredstatements="12" conditionals="0" coveredconditionals="0" methods="4" coveredmethods="3"/>
        <line num="2" count="1" type="stmt"/>
        <line num="4" count="1" type="stmt"/>
        <line num="5" count="1" type="stmt"/>
        <line num="8" count="3" type="stmt"/>
        <line num="12" count="0" type="stmt"/>
        <line num="15" count="1" type="stmt"/>
        <line num="17" count="2" type="stmt"/>
        <line num="18" count="2" type="stmt"/>
        <line num="19" count="2" type="stmt"/>
        <line num="21" count="0" type="stmt"/>
        <line num="22" count="0" type="stmt"/>
        <line num="26" count="1" type="stmt"/>
        <line num="28" count="1" type="stmt"/>
        <line num="29" count="1" type="stmt"/>
        <line num="30" count="1" type="stmt"/>
        <line num="32" count="0" type="stmt"/>
        <line num="33" count="0" type="stmt"/>
      </file>
    </package>
    <package name="src.entity">
      <metrics statements="8" coveredstatements="8" conditionals="0" coveredconditionals="0" methods="1" coveredmethods="1"/>
      <file name="domain.ts" path="/Users/barry/github.com/interview-assignments/fullstack/api/src/entity/domain.ts">
        <metrics statements="8" coveredstatements="8" conditionals="0" coveredconditionals="0" methods="1" coveredmethods="1"/>
        <line num="1" count="1" type="stmt"/>
        <line num="4" count="1" type="stmt"/>
        <line num="6" count="1" type="stmt"/>
        <line num="9" count="1" type="stmt"/>
        <line num="12" count="1" type="stmt"/>
        <line num="15" count="1" type="stmt"/>
        <line num="18" count="1" type="stmt"/>
        <line num="19" count="1" type="stmt"/>
      </file>
    </package>
    <package name="src.service">
      <metrics statements="15" coveredstatements="15" conditionals="5" coveredconditionals="5" methods="3" coveredmethods="3"/>
      <file name="domainService.ts" path="/Users/barry/github.com/interview-assignments/fullstack/api/src/service/domainService.ts">
        <metrics statements="15" coveredstatements="15" conditionals="5" coveredconditionals="5" methods="3" coveredmethods="3"/>
        <line num="1" count="1" type="stmt"/>
        <line num="2" count="1" type="stmt"/>
        <line num="3" count="1" type="stmt"/>
        <line num="6" count="1" type="stmt"/>
        <line num="7" count="2" type="cond" truecount="1" falsecount="0"/>
        <line num="8" count="2" type="cond" truecount="2" falsecount="0"/>
        <line num="9" count="1" type="stmt"/>
        <line num="11" count="1" type="stmt"/>
        <line num="12" count="1" type="stmt"/>
        <line num="13" count="1" type="stmt"/>
        <line num="16" count="1" type="stmt"/>
        <line num="17" count="1" type="cond" truecount="2" falsecount="0"/>
        <line num="20" count="1" type="stmt"/>
        <line num="21" count="1" type="stmt"/>
        <line num="22" count="1" type="stmt"/>
      </file>
    </package>
  </project>
</coverage>
