TN:
SF:src/app.ts
FNF:0
FNH:0
DA:1,1
DA:2,1
DA:4,1
DA:5,1
DA:6,1
DA:7,1
DA:8,1
LF:7
LH:7
BRF:0
BRH:0
end_of_record
TN:
SF:src/db.ts
FN:6,connectDb
FNF:1
FNH:1
FNDA:1,connectDb
DA:1,1
DA:3,1
DA:6,1
DA:7,1
DA:22,1
LF:5
LH:5
BRDA:10,0,0,1
BRDA:10,0,1,1
BRDA:11,1,0,1
BRDA:11,1,1,1
BRDA:12,2,0,1
BRDA:12,2,1,1
BRF:6
BRH:6
end_of_record
TN:
SF:src/router.ts
FN:7,(anonymous_0)
FNF:1
FNH:1
FNDA:1,(anonymous_0)
DA:1,1
DA:2,1
DA:3,1
DA:5,1
DA:7,1
DA:8,1
DA:9,1
DA:14,1
LF:8
LH:8
BRF:0
BRH:0
end_of_record
TN:
SF:src/api/domainApi.ts
FN:7,setSuccess
FN:11,setFail
FN:15,transferDomainToUrl
FN:26,transferUrlToDomain
FNF:4
FNH:3
FNDA:3,setSuccess
FNDA:0,setFail
FNDA:2,transferDomainToUrl
FNDA:1,transferUrlToDomain
DA:2,1
DA:4,1
DA:5,1
DA:8,3
DA:12,0
DA:15,1
DA:17,2
DA:18,2
DA:19,2
DA:21,0
DA:22,0
DA:26,1
DA:28,1
DA:29,1
DA:30,1
DA:32,0
DA:33,0
LF:17
LH:12
BRF:0
BRH:0
end_of_record
TN:
SF:src/entity/domain.ts
FN:4,(anonymous_2)
FNF:1
FNH:1
FNDA:4,(anonymous_2)
DA:1,1
DA:4,1
DA:6,1
DA:9,1
DA:12,1
DA:15,1
DA:18,1
DA:19,1
LF:8
LH:8
BRF:0
BRH:0
end_of_record
TN:
SF:src/service/domainService.ts
FN:6,getUrlByDomain
FN:16,getDomainByUrl
FN:20,transferDomainToShortUrl
FNF:3
FNH:3
FNDA:2,getUrlByDomain
FNDA:1,getDomainByUrl
FNDA:1,transferDomainToShortUrl
DA:1,1
DA:2,1
DA:3,1
DA:6,1
DA:7,2
DA:8,2
DA:9,1
DA:11,1
DA:12,1
DA:13,1
DA:16,1
DA:17,1
DA:20,1
DA:21,1
DA:22,1
LF:15
LH:15
BRDA:7,0,0,2
BRDA:8,1,0,1
BRDA:8,1,1,1
BRDA:17,2,0,1
BRDA:17,2,1,1
BRF:5
BRH:5
end_of_record
