{"/Users/king/tiny-url/src/api/controllers/TinyControll.ts": {"path":"/Users/king/tiny-url/src/api/controllers/TinyControll.ts","statementMap":{"0":{"start":{"line":2,"column":0},"end":{"line":2,"column":34}},"1":{"start":{"line":3,"column":0},"end":{"line":3,"column":53}},"2":{"start":{"line":4,"column":0},"end":{"line":4,"column":54}},"3":{"start":{"line":5,"column":0},"end":{"line":5,"column":53}},"4":{"start":{"line":6,"column":0},"end":{"line":6,"column":58}},"5":{"start":{"line":10,"column":26},"end":{"line":10,"column":36}},"6":{"start":{"line":11,"column":8},"end":{"line":30,"column":null}},"7":{"start":{"line":13,"column":32},"end":{"line":13,"column":64}},"8":{"start":{"line":14,"column":12},"end":{"line":16,"column":null}},"9":{"start":{"line":15,"column":16},"end":{"line":15,"column":57}},"10":{"start":{"line":19,"column":27},"end":{"line":19,"column":65}},"11":{"start":{"line":20,"column":12},"end":{"line":22,"column":null}},"12":{"start":{"line":21,"column":16},"end":{"line":21,"column":77}},"13":{"start":{"line":24,"column":12},"end":{"line":24,"column":57}},"14":{"start":{"line":25,"column":12},"end":{"line":25,"column":52}},"15":{"start":{"line":29,"column":12},"end":{"line":29,"column":77}},"16":{"start":{"line":34,"column":22},"end":{"line":34,"column":30}},"17":{"start":{"line":35,"column":8},"end":{"line":37,"column":null}},"18":{"start":{"line":36,"column":12},"end":{"line":36,"column":74}},"19":{"start":{"line":39,"column":8},"end":{"line":41,"column":null}},"20":{"start":{"line":40,"column":12},"end":{"line":40,"column":69}},"21":{"start":{"line":42,"column":8},"end":{"line":66,"column":null}},"22":{"start":{"line":44,"column":27},"end":{"line":44,"column":61}},"23":{"start":{"line":45,"column":12},"end":{"line":47,"column":null}},"24":{"start":{"line":46,"column":16},"end":{"line":46,"column":76}},"25":{"start":{"line":48,"column":30},"end":{"line":48,"column":67}},"26":{"start":{"line":49,"column":28},"end":{"line":49,"column":71}},"27":{"start":{"line":51,"column":12},"end":{"line":53,"column":null}},"28":{"start":{"line":52,"column":16},"end":{"line":52,"column":95}},"29":{"start":{"line":55,"column":27},"end":{"line":58,"column":14}},"30":{"start":{"line":60,"column":12},"end":{"line":60,"column":51}},"31":{"start":{"line":61,"column":12},"end":{"line":61,"column":50}},"32":{"start":{"line":62,"column":12},"end":{"line":62,"column":48}},"33":{"start":{"line":65,"column":12},"end":{"line":65,"column":77}},"34":{"start":{"line":70,"column":0},"end":{"line":70,"column":39}}},"fnMap":{"0":{"name":"(anonymous_1)","decl":{"start":{"line":9,"column":4},"end":{"line":9,"column":9}},"loc":{"start":{"line":9,"column":48},"end":{"line":31,"column":5}}},"1":{"name":"(anonymous_2)","decl":{"start":{"line":33,"column":4},"end":{"line":33,"column":9}},"loc":{"start":{"line":33,"column":45},"end":{"line":67,"column":5}}}},"branchMap":{"0":{"loc":{"start":{"line":14,"column":12},"end":{"line":16,"column":null}},"type":"if","locations":[{"start":{"line":14,"column":12},"end":{"line":16,"column":null}}]},"1":{"loc":{"start":{"line":20,"column":12},"end":{"line":22,"column":null}},"type":"if","locations":[{"start":{"line":20,"column":12},"end":{"line":22,"column":null}}]},"2":{"loc":{"start":{"line":35,"column":8},"end":{"line":37,"column":null}},"type":"if","locations":[{"start":{"line":35,"column":8},"end":{"line":37,"column":null}}]},"3":{"loc":{"start":{"line":39,"column":8},"end":{"line":41,"column":null}},"type":"if","locations":[{"start":{"line":39,"column":8},"end":{"line":41,"column":null}}]},"4":{"loc":{"start":{"line":45,"column":12},"end":{"line":47,"column":null}},"type":"if","locations":[{"start":{"line":45,"column":12},"end":{"line":47,"column":null}}]},"5":{"loc":{"start":{"line":51,"column":12},"end":{"line":53,"column":null}},"type":"if","locations":[{"start":{"line":51,"column":12},"end":{"line":53,"column":null}}]}},"s":{"0":2,"1":2,"2":2,"3":2,"4":2,"5":4,"6":4,"7":4,"8":4,"9":1,"10":3,"11":3,"12":2,"13":1,"14":1,"15":0,"16":6,"17":6,"18":2,"19":4,"20":1,"21":3,"22":3,"23":3,"24":1,"25":2,"26":2,"27":2,"28":1,"29":1,"30":1,"31":1,"32":1,"33":0,"34":2},"f":{"0":4,"1":6},"b":{"0":[1],"1":[2],"2":[2],"3":[1],"4":[1],"5":[1]}}
,"/Users/king/tiny-url/src/api/models/SegmentsModel.ts": {"path":"/Users/king/tiny-url/src/api/models/SegmentsModel.ts","statementMap":{"0":{"start":{"line":1,"column":0},"end":{"line":1,"column":100}},"1":{"start":{"line":15,"column":0},"end":{"line":34,"column":null}},"2":{"start":{"line":21,"column":4},"end":{"line":21,"column":null}},"3":{"start":{"line":25,"column":4},"end":{"line":25,"column":null}},"4":{"start":{"line":29,"column":4},"end":{"line":29,"column":null}},"5":{"start":{"line":33,"column":4},"end":{"line":33,"column":null}},"6":{"start":{"line":15,"column":13},"end":{"line":34,"column":null}},"7":{"start":{"line":15,"column":13},"end":{"line":15,"column":21}}},"fnMap":{},"branchMap":{},"s":{"0":3,"1":3,"2":3,"3":3,"4":3,"5":3,"6":3,"7":3},"f":{},"b":{}}
,"/Users/king/tiny-url/src/api/models/UrlModel.ts": {"path":"/Users/king/tiny-url/src/api/models/UrlModel.ts","statementMap":{"0":{"start":{"line":1,"column":0},"end":{"line":1,"column":49}},"1":{"start":{"line":9,"column":13},"end":{"line":24,"column":2}},"2":{"start":{"line":26,"column":17},"end":{"line":26,"column":70}},"3":{"start":{"line":27,"column":0},"end":{"line":27,"column":24}}},"fnMap":{},"branchMap":{},"s":{"0":2,"1":2,"2":2,"3":2},"f":{},"b":{}}
,"/Users/king/tiny-url/src/api/routers/TinyRouter.ts": {"path":"/Users/king/tiny-url/src/api/routers/TinyRouter.ts","statementMap":{"0":{"start":{"line":1,"column":0},"end":{"line":1,"column":31}},"1":{"start":{"line":2,"column":0},"end":{"line":2,"column":60}},"2":{"start":{"line":8,"column":8},"end":{"line":8,"column":31}},"3":{"start":{"line":9,"column":8},"end":{"line":9,"column":27}},"4":{"start":{"line":13,"column":8},"end":{"line":15,"column":11}},"5":{"start":{"line":14,"column":12},"end":{"line":14,"column":57}},"6":{"start":{"line":17,"column":8},"end":{"line":19,"column":11}},"7":{"start":{"line":18,"column":12},"end":{"line":18,"column":54}},"8":{"start":{"line":23,"column":8},"end":{"line":23,"column":27}},"9":{"start":{"line":27,"column":0},"end":{"line":27,"column":34}}},"fnMap":{"0":{"name":"(anonymous_1)","decl":{"start":{"line":7,"column":4},"end":{"line":7,"column":null}},"loc":{"start":{"line":7,"column":4},"end":{"line":10,"column":5}}},"1":{"name":"(anonymous_2)","decl":{"start":{"line":12,"column":12},"end":{"line":12,"column":23}},"loc":{"start":{"line":12,"column":23},"end":{"line":20,"column":5}}},"2":{"name":"(anonymous_3)","decl":{"start":{"line":13,"column":37},"end":{"line":13,"column":42}},"loc":{"start":{"line":13,"column":56},"end":{"line":15,"column":9}}},"3":{"name":"(anonymous_4)","decl":{"start":{"line":17,"column":30},"end":{"line":17,"column":35}},"loc":{"start":{"line":17,"column":49},"end":{"line":19,"column":9}}},"4":{"name":"(anonymous_5)","decl":{"start":{"line":22,"column":4},"end":{"line":22,"column":13}},"loc":{"start":{"line":22,"column":13},"end":{"line":24,"column":5}}}},"branchMap":{},"s":{"0":2,"1":2,"2":2,"3":2,"4":2,"5":4,"6":2,"7":6,"8":2,"9":2},"f":{"0":2,"1":2,"2":4,"3":6,"4":2},"b":{}}
,"/Users/king/tiny-url/src/api/services/SnowflakeId.ts": {"path":"/Users/king/tiny-url/src/api/services/SnowflakeId.ts","statementMap":{"0":{"start":{"line":21,"column":0},"end":{"line":21,"column":43}},"1":{"start":{"line":22,"column":0},"end":{"line":22,"column":80}},"2":{"start":{"line":23,"column":0},"end":{"line":23,"column":28}},"3":{"start":{"line":24,"column":0},"end":{"line":24,"column":28}},"4":{"start":{"line":26,"column":0},"end":{"line":26,"column":26}},"5":{"start":{"line":41,"column":8},"end":{"line":41,"column":16}},"6":{"start":{"line":42,"column":8},"end":{"line":42,"column":61}},"7":{"start":{"line":43,"column":8},"end":{"line":43,"column":67}},"8":{"start":{"line":44,"column":8},"end":{"line":44,"column":62}},"9":{"start":{"line":45,"column":8},"end":{"line":45,"column":55}},"10":{"start":{"line":46,"column":8},"end":{"line":46,"column":41}},"11":{"start":{"line":47,"column":8},"end":{"line":47,"column":48}},"12":{"start":{"line":48,"column":8},"end":{"line":48,"column":69}},"13":{"start":{"line":49,"column":8},"end":{"line":50,"column":107}},"14":{"start":{"line":51,"column":8},"end":{"line":51,"column":67}},"15":{"start":{"line":56,"column":8},"end":{"line":66,"column":null}},"16":{"start":{"line":57,"column":30},"end":{"line":57,"column":44}},"17":{"start":{"line":58,"column":12},"end":{"line":60,"column":null}},"18":{"start":{"line":59,"column":16},"end":{"line":59,"column":61}},"19":{"start":{"line":61,"column":25},"end":{"line":61,"column":57}},"20":{"start":{"line":62,"column":12},"end":{"line":62,"column":43}},"21":{"start":{"line":65,"column":12},"end":{"line":65,"column":52}},"22":{"start":{"line":70,"column":8},"end":{"line":70,"column":44}},"23":{"start":{"line":75,"column":8},"end":{"line":79,"column":null}},"24":{"start":{"line":77,"column":12},"end":{"line":77,"column":74}},"25":{"start":{"line":78,"column":12},"end":{"line":78,"column":24}},"26":{"start":{"line":80,"column":8},"end":{"line":80,"column":35}},"27":{"start":{"line":82,"column":12},"end":{"line":84,"column":21}},"28":{"start":{"line":86,"column":8},"end":{"line":102,"column":null}},"29":{"start":{"line":87,"column":12},"end":{"line":87,"column":75}},"30":{"start":{"line":88,"column":12},"end":{"line":88,"column":49}},"31":{"start":{"line":89,"column":12},"end":{"line":89,"column":59}},"32":{"start":{"line":90,"column":12},"end":{"line":90,"column":55}},"33":{"start":{"line":91,"column":12},"end":{"line":91,"column":57}},"34":{"start":{"line":92,"column":12},"end":{"line":92,"column":65}},"35":{"start":{"line":93,"column":12},"end":{"line":93,"column":63}},"36":{"start":{"line":94,"column":12},"end":{"line":94,"column":75}},"37":{"start":{"line":95,"column":12},"end":{"line":95,"column":77}},"38":{"start":{"line":96,"column":12},"end":{"line":96,"column":73}},"39":{"start":{"line":97,"column":12},"end":{"line":97,"column":65}},"40":{"start":{"line":98,"column":12},"end":{"line":98,"column":66}},"41":{"start":{"line":99,"column":12},"end":{"line":99,"column":57}},"42":{"start":{"line":100,"column":12},"end":{"line":100,"column":72}},"43":{"start":{"line":101,"column":12},"end":{"line":101,"column":74}},"44":{"start":{"line":104,"column":8},"end":{"line":104,"column":34}},"45":{"start":{"line":28,"column":0},"end":{"line":28,"column":13}},"46":{"start":{"line":108,"column":28},"end":{"line":108,"column":53}},"47":{"start":{"line":109,"column":0},"end":{"line":109,"column":35}}},"fnMap":{"0":{"name":"(anonymous_1)","decl":{"start":{"line":40,"column":4},"end":{"line":40,"column":null}},"loc":{"start":{"line":40,"column":4},"end":{"line":52,"column":5}}},"1":{"name":"(anonymous_2)","decl":{"start":{"line":55,"column":4},"end":{"line":55,"column":13}},"loc":{"start":{"line":55,"column":13},"end":{"line":67,"column":5}}},"2":{"name":"(anonymous_3)","decl":{"start":{"line":69,"column":4},"end":{"line":69,"column":11}},"loc":{"start":{"line":69,"column":11},"end":{"line":71,"column":5}}},"3":{"name":"(anonymous_4)","decl":{"start":{"line":74,"column":4},"end":{"line":74,"column":9}},"loc":{"start":{"line":74,"column":51},"end":{"line":105,"column":5}}}},"branchMap":{"0":{"loc":{"start":{"line":58,"column":12},"end":{"line":60,"column":null}},"type":"if","locations":[{"start":{"line":58,"column":12},"end":{"line":60,"column":null}}]},"1":{"loc":{"start":{"line":74,"column":29},"end":{"line":74,"column":51}},"type":"default-arg","locations":[{"start":{"line":74,"column":46},"end":{"line":74,"column":51}}]},"2":{"loc":{"start":{"line":75,"column":8},"end":{"line":79,"column":null}},"type":"if","locations":[{"start":{"line":75,"column":8},"end":{"line":79,"column":null}}]},"3":{"loc":{"start":{"line":86,"column":8},"end":{"line":102,"column":null}},"type":"if","locations":[{"start":{"line":86,"column":8},"end":{"line":102,"column":null}}]}},"s":{"0":3,"1":3,"2":3,"3":3,"4":3,"5":3,"6":3,"7":3,"8":3,"9":3,"10":3,"11":3,"12":3,"13":3,"14":3,"15":3,"16":3,"17":3,"18":0,"19":3,"20":3,"21":0,"22":2,"23":4,"24":2,"25":2,"26":2,"27":2,"28":2,"29":1,"30":1,"31":1,"32":1,"33":1,"34":1,"35":1,"36":1,"37":1,"38":1,"39":1,"40":1,"41":1,"42":1,"43":1,"44":2,"45":3,"46":3,"47":3},"f":{"0":3,"1":3,"2":2,"3":4},"b":{"0":[0],"1":[1],"2":[2],"3":[1]}}
,"/Users/king/tiny-url/src/api/services/db/Sequelize.ts": {"path":"/Users/king/tiny-url/src/api/services/db/Sequelize.ts","statementMap":{"0":{"start":{"line":1,"column":0},"end":{"line":1,"column":47}},"1":{"start":{"line":2,"column":0},"end":{"line":2,"column":47}},"2":{"start":{"line":3,"column":0},"end":{"line":3,"column":28}},"3":{"start":{"line":4,"column":0},"end":{"line":4,"column":72}},"4":{"start":{"line":6,"column":0},"end":{"line":6,"column":46}},"5":{"start":{"line":7,"column":0},"end":{"line":7,"column":26}},"6":{"start":{"line":22,"column":8},"end":{"line":22,"column":16}},"7":{"start":{"line":18,"column":12},"end":{"line":18,"column":35}},"8":{"start":{"line":23,"column":8},"end":{"line":23,"column":51}},"9":{"start":{"line":24,"column":8},"end":{"line":36,"column":10}},"10":{"start":{"line":38,"column":8},"end":{"line":38,"column":46}},"11":{"start":{"line":39,"column":8},"end":{"line":39,"column":23}},"12":{"start":{"line":42,"column":8},"end":{"line":42,"column":25}},"13":{"start":{"line":46,"column":8},"end":{"line":53,"column":15}},"14":{"start":{"line":49,"column":16},"end":{"line":49,"column":73}},"15":{"start":{"line":52,"column":16},"end":{"line":52,"column":77}},"16":{"start":{"line":58,"column":8},"end":{"line":58,"column":38}},"17":{"start":{"line":62,"column":18},"end":{"line":62,"column":112}},"18":{"start":{"line":63,"column":8},"end":{"line":76,"column":null}},"19":{"start":{"line":64,"column":35},"end":{"line":66,"column":14}},"20":{"start":{"line":67,"column":12},"end":{"line":70,"column":15}},"21":{"start":{"line":71,"column":12},"end":{"line":71,"column":23}},"22":{"start":{"line":72,"column":12},"end":{"line":72,"column":83}},"23":{"start":{"line":74,"column":12},"end":{"line":74,"column":31}},"24":{"start":{"line":75,"column":12},"end":{"line":75,"column":40}},"25":{"start":{"line":81,"column":18},"end":{"line":81,"column":112}},"26":{"start":{"line":82,"column":8},"end":{"line":112,"column":null}},"27":{"start":{"line":83,"column":24},"end":{"line":89,"column":14}},"28":{"start":{"line":90,"column":12},"end":{"line":108,"column":null}},"29":{"start":{"line":91,"column":30},"end":{"line":91,"column":59}},"30":{"start":{"line":92,"column":39},"end":{"line":94,"column":18}},"31":{"start":{"line":95,"column":16},"end":{"line":98,"column":19}},"32":{"start":{"line":99,"column":16},"end":{"line":99,"column":27}},"33":{"start":{"line":100,"column":16},"end":{"line":107,"column":19}},"34":{"start":{"line":101,"column":20},"end":{"line":106,"column":23}},"35":{"start":{"line":110,"column":12},"end":{"line":110,"column":31}},"36":{"start":{"line":111,"column":12},"end":{"line":111,"column":40}},"37":{"start":{"line":117,"column":24},"end":{"line":117,"column":47}},"38":{"start":{"line":118,"column":8},"end":{"line":125,"column":null}},"39":{"start":{"line":119,"column":12},"end":{"line":121,"column":null}},"40":{"start":{"line":119,"column":25},"end":{"line":119,"column":44}},"41":{"start":{"line":120,"column":16},"end":{"line":120,"column":32}},"42":{"start":{"line":122,"column":12},"end":{"line":124,"column":14}},"43":{"start":{"line":130,"column":8},"end":{"line":130,"column":32}},"44":{"start":{"line":136,"column":8},"end":{"line":138,"column":null}},"45":{"start":{"line":137,"column":12},"end":{"line":137,"column":35}},"46":{"start":{"line":139,"column":26},"end":{"line":139,"column":46}},"47":{"start":{"line":140,"column":8},"end":{"line":140,"column":25}},"48":{"start":{"line":143,"column":8},"end":{"line":143,"column":35}},"49":{"start":{"line":147,"column":22},"end":{"line":147,"column":41}},"50":{"start":{"line":148,"column":0},"end":{"line":148,"column":29}}},"fnMap":{"0":{"name":"(anonymous_1)","decl":{"start":{"line":21,"column":4},"end":{"line":21,"column":null}},"loc":{"start":{"line":21,"column":4},"end":{"line":43,"column":5}}},"1":{"name":"(anonymous_2)","decl":{"start":{"line":45,"column":4},"end":{"line":45,"column":9}},"loc":{"start":{"line":45,"column":17},"end":{"line":54,"column":5}}},"2":{"name":"(anonymous_3)","decl":{"start":{"line":48,"column":18},"end":{"line":48,"column":21}},"loc":{"start":{"line":48,"column":23},"end":{"line":50,"column":13}}},"3":{"name":"(anonymous_4)","decl":{"start":{"line":51,"column":19},"end":{"line":51,"column":22}},"loc":{"start":{"line":51,"column":25},"end":{"line":53,"column":13}}},"4":{"name":"(anonymous_5)","decl":{"start":{"line":57,"column":4},"end":{"line":57,"column":9}},"loc":{"start":{"line":57,"column":15},"end":{"line":59,"column":5}}},"5":{"name":"(anonymous_6)","decl":{"start":{"line":61,"column":4},"end":{"line":61,"column":9}},"loc":{"start":{"line":61,"column":33},"end":{"line":77,"column":5}}},"6":{"name":"(anonymous_7)","decl":{"start":{"line":80,"column":4},"end":{"line":80,"column":9}},"loc":{"start":{"line":80,"column":20},"end":{"line":113,"column":5}}},"7":{"name":"(anonymous_8)","decl":{"start":{"line":100,"column":35},"end":{"line":100,"column":36}},"loc":{"start":{"line":100,"column":55},"end":{"line":107,"column":17}}},"8":{"name":"(anonymous_9)","decl":{"start":{"line":116,"column":4},"end":{"line":116,"column":9}},"loc":{"start":{"line":116,"column":19},"end":{"line":126,"column":5}}},"9":{"name":"(anonymous_10)","decl":{"start":{"line":129,"column":4},"end":{"line":129,"column":11}},"loc":{"start":{"line":129,"column":24},"end":{"line":131,"column":5}}},"10":{"name":"(anonymous_11)","decl":{"start":{"line":133,"column":4},"end":{"line":133,"column":9}},"loc":{"start":{"line":133,"column":17},"end":{"line":141,"column":5}}},"11":{"name":"(anonymous_12)","decl":{"start":{"line":142,"column":4},"end":{"line":142,"column":8}},"loc":{"start":{"line":142,"column":8},"end":{"line":144,"column":5}}}},"branchMap":{"0":{"loc":{"start":{"line":90,"column":12},"end":{"line":108,"column":null}},"type":"if","locations":[{"start":{"line":90,"column":12},"end":{"line":108,"column":null}}]},"1":{"loc":{"start":{"line":118,"column":8},"end":{"line":125,"column":null}},"type":"if","locations":[{"start":{"line":118,"column":8},"end":{"line":125,"column":null}}]},"2":{"loc":{"start":{"line":136,"column":8},"end":{"line":138,"column":null}},"type":"if","locations":[{"start":{"line":136,"column":8},"end":{"line":138,"column":null}}]},"3":{"loc":{"start":{"line":136,"column":12},"end":{"line":136,"column":97}},"type":"binary-expr","locations":[{"start":{"line":136,"column":12},"end":{"line":136,"column":28}},{"start":{"line":136,"column":32},"end":{"line":136,"column":97}}]}},"s":{"0":3,"1":3,"2":3,"3":3,"4":3,"5":3,"6":3,"7":3,"8":3,"9":3,"10":3,"11":3,"12":3,"13":4,"14":4,"15":0,"16":2,"17":1,"18":1,"19":1,"20":1,"21":1,"22":1,"23":0,"24":0,"25":4,"26":3,"27":3,"28":3,"29":3,"30":3,"31":3,"32":3,"33":3,"34":3,"35":0,"36":0,"37":4,"38":3,"39":3,"40":3,"41":30000,"42":3,"43":30000,"44":1,"45":1,"46":1,"47":1,"48":1,"49":3,"50":3},"f":{"0":3,"1":4,"2":4,"3":0,"4":2,"5":1,"6":4,"7":3,"8":4,"9":30000,"10":1,"11":1},"b":{"0":[3],"1":[3],"2":[1],"3":[1,0]}}
,"/Users/king/tiny-url/src/api/utils/Singleton.ts": {"path":"/Users/king/tiny-url/src/api/utils/Singleton.ts","statementMap":{"0":{"start":{"line":5,"column":8},"end":{"line":7,"column":null}},"1":{"start":{"line":6,"column":18},"end":{"line":6,"column":46}},"2":{"start":{"line":8,"column":8},"end":{"line":8,"column":36}},"3":{"start":{"line":3,"column":0},"end":{"line":3,"column":21}}},"fnMap":{"0":{"name":"(anonymous_0)","decl":{"start":{"line":4,"column":4},"end":{"line":4,"column":10}},"loc":{"start":{"line":4,"column":22},"end":{"line":9,"column":5}}}},"branchMap":{"0":{"loc":{"start":{"line":5,"column":8},"end":{"line":7,"column":null}},"type":"if","locations":[{"start":{"line":5,"column":8},"end":{"line":7,"column":null}}]}},"s":{"0":12,"1":12,"2":12,"3":4},"f":{"0":12},"b":{"0":[12]}}
,"/Users/king/tiny-url/src/api/utils/utils.ts": {"path":"/Users/king/tiny-url/src/api/utils/utils.ts","statementMap":{"0":{"start":{"line":1,"column":0},"end":{"line":1,"column":20}},"1":{"start":{"line":3,"column":4},"end":{"line":3,"column":25}},"2":{"start":{"line":2,"column":0},"end":{"line":2,"column":16}},"3":{"start":{"line":6,"column":21},"end":{"line":6,"column":54}},"4":{"start":{"line":7,"column":4},"end":{"line":15,"column":null}},"5":{"start":{"line":8,"column":20},"end":{"line":8,"column":39}},"6":{"start":{"line":9,"column":8},"end":{"line":14,"column":null}},"7":{"start":{"line":9,"column":21},"end":{"line":9,"column":22}},"8":{"start":{"line":10,"column":24},"end":{"line":10,"column":32}},"9":{"start":{"line":11,"column":12},"end":{"line":13,"column":null}},"10":{"start":{"line":12,"column":16},"end":{"line":12,"column":37}},"11":{"start":{"line":16,"column":4},"end":{"line":16,"column":14}},"12":{"start":{"line":5,"column":0},"end":{"line":5,"column":16}},"13":{"start":{"line":19,"column":4},"end":{"line":19,"column":51}},"14":{"start":{"line":19,"column":34},"end":{"line":19,"column":49}},"15":{"start":{"line":18,"column":0},"end":{"line":18,"column":16}},"16":{"start":{"line":23,"column":4},"end":{"line":23,"column":60}},"17":{"start":{"line":23,"column":41},"end":{"line":23,"column":55}},"18":{"start":{"line":22,"column":0},"end":{"line":22,"column":16}},"19":{"start":{"line":27,"column":26},"end":{"line":27,"column":35}},"20":{"start":{"line":28,"column":4},"end":{"line":28,"column":51}},"21":{"start":{"line":26,"column":0},"end":{"line":26,"column":16}}},"fnMap":{"0":{"name":"getHostName","decl":{"start":{"line":2,"column":16},"end":{"line":2,"column":27}},"loc":{"start":{"line":2,"column":27},"end":{"line":4,"column":1}}},"1":{"name":"getIPAddress","decl":{"start":{"line":5,"column":16},"end":{"line":5,"column":28}},"loc":{"start":{"line":5,"column":28},"end":{"line":17,"column":1}}},"2":{"name":"toCodePoints","decl":{"start":{"line":18,"column":16},"end":{"line":18,"column":28}},"loc":{"start":{"line":18,"column":40},"end":{"line":20,"column":1}}},"3":{"name":"(anonymous_4)","decl":{"start":{"line":19,"column":29},"end":{"line":19,"column":30}},"loc":{"start":{"line":19,"column":34},"end":{"line":19,"column":49}}},"4":{"name":"mathSum","decl":{"start":{"line":22,"column":16},"end":{"line":22,"column":23}},"loc":{"start":{"line":22,"column":37},"end":{"line":24,"column":1}}},"5":{"name":"(anonymous_6)","decl":{"start":{"line":23,"column":22},"end":{"line":23,"column":23}},"loc":{"start":{"line":23,"column":41},"end":{"line":23,"column":55}}},"6":{"name":"randomRange","decl":{"start":{"line":26,"column":16},"end":{"line":26,"column":27}},"loc":{"start":{"line":26,"column":52},"end":{"line":29,"column":1}}}},"branchMap":{"0":{"loc":{"start":{"line":11,"column":12},"end":{"line":13,"column":null}},"type":"if","locations":[{"start":{"line":11,"column":12},"end":{"line":13,"column":null}}]},"1":{"loc":{"start":{"line":11,"column":16},"end":{"line":11,"column":91}},"type":"binary-expr","locations":[{"start":{"line":11,"column":16},"end":{"line":11,"column":39}},{"start":{"line":11,"column":43},"end":{"line":11,"column":72}},{"start":{"line":11,"column":76},"end":{"line":11,"column":91}}]}},"s":{"0":3,"1":0,"2":3,"3":3,"4":3,"5":9,"6":9,"7":9,"8":18,"9":18,"10":3,"11":0,"12":3,"13":3,"14":33,"15":3,"16":3,"17":33,"18":3,"19":2,"20":2,"21":3},"f":{"0":0,"1":3,"2":3,"3":33,"4":3,"5":33,"6":2},"b":{"0":[3],"1":[18,6,3]}}
}
