TN:
SF:src/api/controllers/TinyControll.ts
FN:9,(anonymous_1)
FN:33,(anonymous_2)
FNF:2
FNH:2
FNDA:4,(anonymous_1)
FNDA:6,(anonymous_2)
DA:2,2
DA:3,2
DA:4,2
DA:5,2
DA:6,2
DA:10,4
DA:11,4
DA:13,4
DA:14,4
DA:15,1
DA:19,3
DA:20,3
DA:21,2
DA:24,1
DA:25,1
DA:29,0
DA:34,6
DA:35,6
DA:36,2
DA:39,4
DA:40,1
DA:42,3
DA:44,3
DA:45,3
DA:46,1
DA:48,2
DA:49,2
DA:51,2
DA:52,1
DA:55,1
DA:60,1
DA:61,1
DA:62,1
DA:65,0
DA:70,2
LF:35
LH:33
BRDA:14,0,0,1
BRDA:20,1,0,2
BRDA:35,2,0,2
BRDA:39,3,0,1
BRDA:45,4,0,1
BRDA:51,5,0,1
BRF:6
BRH:6
end_of_record
TN:
SF:src/api/models/SegmentsModel.ts
FNF:0
FNH:0
DA:1,3
DA:15,3
DA:21,3
DA:25,3
DA:29,3
DA:33,3
LF:6
LH:6
BRF:0
BRH:0
end_of_record
TN:
SF:src/api/models/UrlModel.ts
FNF:0
FNH:0
DA:1,2
DA:9,2
DA:26,2
DA:27,2
LF:4
LH:4
BRF:0
BRH:0
end_of_record
TN:
SF:src/api/routers/TinyRouter.ts
FN:7,(anonymous_1)
FN:12,(anonymous_2)
FN:13,(anonymous_3)
FN:17,(anonymous_4)
FN:22,(anonymous_5)
FNF:5
FNH:5
FNDA:2,(anonymous_1)
FNDA:2,(anonymous_2)
FNDA:4,(anonymous_3)
FNDA:6,(anonymous_4)
FNDA:2,(anonymous_5)
DA:1,2
DA:2,2
DA:8,2
DA:9,2
DA:13,2
DA:14,4
DA:17,2
DA:18,6
DA:23,2
DA:27,2
LF:10
LH:10
BRF:0
BRH:0
end_of_record
TN:
SF:src/api/services/SnowflakeId.ts
FN:40,(anonymous_1)
FN:55,(anonymous_2)
FN:69,(anonymous_3)
FN:74,(anonymous_4)
FNF:4
FNH:4
FNDA:3,(anonymous_1)
FNDA:3,(anonymous_2)
FNDA:2,(anonymous_3)
FNDA:4,(anonymous_4)
DA:21,3
DA:22,3
DA:23,3
DA:24,3
DA:26,3
DA:28,3
DA:41,3
DA:42,3
DA:43,3
DA:44,3
DA:45,3
DA:46,3
DA:47,3
DA:48,3
DA:49,3
DA:51,3
DA:56,3
DA:57,3
DA:58,3
DA:59,0
DA:61,3
DA:62,3
DA:65,0
DA:70,2
DA:75,4
DA:77,2
DA:78,2
DA:80,2
DA:82,2
DA:86,2
DA:87,1
DA:88,1
DA:89,1
DA:90,1
DA:91,1
DA:92,1
DA:93,1
DA:94,1
DA:95,1
DA:96,1
DA:97,1
DA:98,1
DA:99,1
DA:100,1
DA:101,1
DA:104,2
DA:108,3
DA:109,3
LF:48
LH:46
BRDA:58,0,0,0
BRDA:74,1,0,1
BRDA:75,2,0,2
BRDA:86,3,0,1
BRF:4
BRH:3
end_of_record
TN:
SF:src/api/services/db/Sequelize.ts
FN:21,(anonymous_1)
FN:45,(anonymous_2)
FN:48,(anonymous_3)
FN:51,(anonymous_4)
FN:57,(anonymous_5)
FN:61,(anonymous_6)
FN:80,(anonymous_7)
FN:100,(anonymous_8)
FN:116,(anonymous_9)
FN:129,(anonymous_10)
FN:133,(anonymous_11)
FN:142,(anonymous_12)
FNF:12
FNH:11
FNDA:3,(anonymous_1)
FNDA:4,(anonymous_2)
FNDA:4,(anonymous_3)
FNDA:0,(anonymous_4)
FNDA:2,(anonymous_5)
FNDA:1,(anonymous_6)
FNDA:4,(anonymous_7)
FNDA:3,(anonymous_8)
FNDA:4,(anonymous_9)
FNDA:30000,(anonymous_10)
FNDA:1,(anonymous_11)
FNDA:1,(anonymous_12)
DA:1,3
DA:2,3
DA:3,3
DA:4,3
DA:6,3
DA:7,3
DA:18,3
DA:22,3
DA:23,3
DA:24,3
DA:38,3
DA:39,3
DA:42,3
DA:46,4
DA:49,4
DA:52,0
DA:58,2
DA:62,1
DA:63,1
DA:64,1
DA:67,1
DA:71,1
DA:72,1
DA:74,0
DA:75,0
DA:81,4
DA:82,3
DA:83,3
DA:90,3
DA:91,3
DA:92,3
DA:95,3
DA:99,3
DA:100,3
DA:101,3
DA:110,0
DA:111,0
DA:117,4
DA:118,3
DA:119,3
DA:120,30000
DA:122,3
DA:130,30000
DA:136,1
DA:137,1
DA:139,1
DA:140,1
DA:143,1
DA:147,3
DA:148,3
LF:50
LH:45
BRDA:90,0,0,3
BRDA:118,1,0,3
BRDA:136,2,0,1
BRDA:136,3,0,1
BRDA:136,3,1,0
BRF:5
BRH:4
end_of_record
TN:
SF:src/api/utils/Singleton.ts
FN:4,(anonymous_0)
FNF:1
FNH:1
FNDA:12,(anonymous_0)
DA:3,4
DA:5,12
DA:6,12
DA:8,12
LF:4
LH:4
BRDA:5,0,0,12
BRF:1
BRH:1
end_of_record
TN:
SF:src/api/utils/utils.ts
FN:2,getHostName
FN:5,getIPAddress
FN:18,toCodePoints
FN:19,(anonymous_4)
FN:22,mathSum
FN:23,(anonymous_6)
FN:26,randomRange
FNF:7
FNH:6
FNDA:0,getHostName
FNDA:3,getIPAddress
FNDA:3,toCodePoints
FNDA:33,(anonymous_4)
FNDA:3,mathSum
FNDA:33,(anonymous_6)
FNDA:2,randomRange
DA:1,3
DA:2,3
DA:3,0
DA:5,3
DA:6,3
DA:7,3
DA:8,9
DA:9,9
DA:10,18
DA:11,18
DA:12,3
DA:16,0
DA:18,3
DA:19,33
DA:22,3
DA:23,33
DA:26,3
DA:27,2
DA:28,2
LF:19
LH:17
BRDA:11,0,0,3
BRDA:11,1,0,18
BRDA:11,1,1,6
BRDA:11,1,2,3
BRF:4
BRH:4
end_of_record
