<?xml version="1.0" encoding="UTF-8"?>
<coverage generated="1650774289154" clover="3.2.0">
  <project timestamp="1650774289154" name="All files">
    <metrics statements="67" coveredstatements="63" conditionals="51" coveredconditionals="50" methods="29" coveredmethods="28" elements="147" coveredelements="141" complexity="0" loc="67" ncloc="67" packages="6" files="7" classes="7"/>
    <package name="src">
      <metrics statements="9" coveredstatements="8" conditionals="0" coveredconditionals="0" methods="6" coveredmethods="6"/>
      <file name="App.tsx" path="/Users/edy/workspace/hszb/interview-assignments/frontend/src/App.tsx">
        <metrics statements="8" coveredstatements="8" conditionals="0" coveredconditionals="0" methods="6" coveredmethods="6"/>
        <line num="11" count="1" type="stmt"/>
        <line num="35" count="1" type="stmt"/>
        <line num="42" count="1" type="stmt"/>
        <line num="46" count="3" type="stmt"/>
        <line num="47" count="3" type="stmt"/>
        <line num="63" count="1" type="stmt"/>
        <line num="69" count="3" type="stmt"/>
        <line num="70" count="3" type="stmt"/>
      </file>
      <file name="index.tsx" path="/Users/edy/workspace/hszb/interview-assignments/frontend/src/index.tsx">
        <metrics statements="1" coveredstatements="0" conditionals="0" coveredconditionals="0" methods="0" coveredmethods="0"/>
        <line num="6" count="0" type="stmt"/>
      </file>
    </package>
    <package name="src.components.Banner">
      <metrics statements="4" coveredstatements="4" conditionals="0" coveredconditionals="0" methods="2" coveredmethods="2"/>
      <file name="Banner.tsx" path="/Users/edy/workspace/hszb/interview-assignments/frontend/src/components/Banner/Banner.tsx">
        <metrics statements="4" coveredstatements="4" conditionals="0" coveredconditionals="0" methods="2" coveredmethods="2"/>
        <line num="12" count="2" type="stmt"/>
        <line num="13" count="14" type="stmt"/>
        <line num="14" count="14" type="stmt"/>
        <line num="20" count="14" type="stmt"/>
      </file>
    </package>
    <package name="src.components.Carousel">
      <metrics statements="42" coveredstatements="39" conditionals="39" coveredconditionals="38" methods="14" coveredmethods="13"/>
      <file name="Carousel.tsx" path="/Users/edy/workspace/hszb/interview-assignments/frontend/src/components/Carousel/Carousel.tsx">
        <metrics statements="42" coveredstatements="39" conditionals="39" coveredconditionals="38" methods="14" coveredmethods="13"/>
        <line num="48" count="2" type="stmt"/>
        <line num="60" count="54" type="stmt"/>
        <line num="64" count="60" type="stmt"/>
        <line num="65" count="60" type="stmt"/>
        <line num="66" count="60" type="cond" truecount="2" falsecount="0"/>
        <line num="67" count="60" type="stmt"/>
        <line num="68" count="60" type="stmt"/>
        <line num="71" count="60" type="stmt"/>
        <line num="72" count="57" type="stmt"/>
        <line num="77" count="1" type="stmt"/>
        <line num="80" count="57" type="stmt"/>
        <line num="91" count="60" type="stmt"/>
        <line num="92" count="35" type="cond" truecount="4" falsecount="0"/>
        <line num="93" count="2" type="stmt"/>
        <line num="95" count="33" type="stmt"/>
        <line num="97" count="35" type="stmt"/>
        <line num="98" count="35" type="cond" truecount="2" falsecount="0"/>
        <line num="99" count="5" type="stmt"/>
        <line num="100" count="0" type="stmt"/>
        <line num="101" count="0" type="stmt"/>
        <line num="102" count="0" type="stmt"/>
        <line num="104" count="5" type="stmt"/>
        <line num="105" count="5" type="stmt"/>
        <line num="106" count="5" type="stmt"/>
        <line num="112" count="60" type="stmt"/>
        <line num="113" count="25" type="cond" truecount="2" falsecount="0"/>
        <line num="117" count="60" type="stmt"/>
        <line num="118" count="25" type="stmt"/>
        <line num="119" count="25" type="cond" truecount="1" falsecount="1"/>
        <line num="120" count="25" type="cond" truecount="4" falsecount="0"/>
        <line num="121" count="1" type="stmt"/>
        <line num="123" count="24" type="stmt"/>
        <line num="124" count="9" type="stmt"/>
        <line num="125" count="9" type="stmt"/>
        <line num="127" count="24" type="stmt"/>
        <line num="128" count="24" type="stmt"/>
        <line num="133" count="60" type="stmt"/>
        <line num="134" count="40" type="stmt"/>
        <line num="142" count="60" type="stmt"/>
        <line num="143" count="15" type="stmt"/>
        <line num="150" count="60" type="stmt"/>
        <line num="167" count="179" type="stmt"/>
      </file>
    </package>
    <package name="src.components.Indicator">
      <metrics statements="5" coveredstatements="5" conditionals="6" coveredconditionals="6" methods="3" coveredmethods="3"/>
      <file name="ProcessIndicator.tsx" path="/Users/edy/workspace/hszb/interview-assignments/frontend/src/components/Indicator/ProcessIndicator.tsx">
        <metrics statements="5" coveredstatements="5" conditionals="6" coveredconditionals="6" methods="3" coveredmethods="3"/>
        <line num="6" count="3" type="stmt"/>
        <line num="15" count="59" type="stmt"/>
        <line num="17" count="59" type="stmt"/>
        <line num="22" count="177" type="stmt"/>
        <line num="27" count="1" type="cond" truecount="2" falsecount="0"/>
      </file>
    </package>
    <package name="src.components.Indicator.Dot">
      <metrics statements="3" coveredstatements="3" conditionals="2" coveredconditionals="2" methods="2" coveredmethods="2"/>
      <file name="Dot.tsx" path="/Users/edy/workspace/hszb/interview-assignments/frontend/src/components/Indicator/Dot/Dot.tsx">
        <metrics statements="3" coveredstatements="3" conditionals="2" coveredconditionals="2" methods="2" coveredmethods="2"/>
        <line num="6" count="2" type="stmt"/>
        <line num="7" count="6" type="stmt"/>
        <line num="13" count="1" type="cond" truecount="2" falsecount="0"/>
      </file>
    </package>
    <package name="src.components.Indicator.Process">
      <metrics statements="4" coveredstatements="4" conditionals="4" coveredconditionals="4" methods="2" coveredmethods="2"/>
      <file name="Process.tsx" path="/Users/edy/workspace/hszb/interview-assignments/frontend/src/components/Indicator/Process/Process.tsx">
        <metrics statements="4" coveredstatements="4" conditionals="4" coveredconditionals="4" methods="2" coveredmethods="2"/>
        <line num="6" count="4" type="stmt"/>
        <line num="11" count="140" type="stmt"/>
        <line num="14" count="140" type="stmt"/>
        <line num="18" count="1" type="cond" truecount="2" falsecount="0"/>
      </file>
    </package>
  </project>
</coverage>
