<?xml version="1.0" encoding="UTF-8"?>
<coverage generated="1677433212428" clover="3.2.0">
  <project timestamp="1677433212428" name="All files">
    <metrics statements="17" coveredstatements="17" conditionals="21" coveredconditionals="21" methods="8" coveredmethods="8" elements="46" coveredelements="46" complexity="0" loc="17" ncloc="17" packages="2" files="2" classes="2"/>
    <package name="src">
      <metrics statements="3" coveredstatements="3" conditionals="6" coveredconditionals="6" methods="2" coveredmethods="2"/>
      <file name="App.tsx" path="/Users/code/interview-assignments/frontend/src/App.tsx">
        <metrics statements="3" coveredstatements="3" conditionals="6" coveredconditionals="6" methods="2" coveredmethods="2"/>
        <line num="18" count="1" type="stmt"/>
        <line num="36" count="1" type="stmt"/>
        <line num="40" count="3" type="stmt"/>
      </file>
    </package>
    <package name="src.components.carousel">
      <metrics statements="14" coveredstatements="14" conditionals="15" coveredconditionals="15" methods="6" coveredmethods="6"/>
      <file name="carousel.tsx" path="/Users/code/interview-assignments/frontend/src/components/carousel/carousel.tsx">
        <metrics statements="14" coveredstatements="14" conditionals="15" coveredconditionals="15" methods="6" coveredmethods="6"/>
        <line num="10" count="13" type="stmt"/>
        <line num="11" count="13" type="cond" truecount="2" falsecount="0"/>
        <line num="13" count="13" type="stmt"/>
        <line num="14" count="13" type="cond" truecount="2" falsecount="0"/>
        <line num="15" count="12" type="cond" truecount="2" falsecount="0"/>
        <line num="17" count="12" type="stmt"/>
        <line num="18" count="6" type="stmt"/>
        <line num="19" count="6" type="stmt"/>
        <line num="22" count="12" type="cond" truecount="2" falsecount="0"/>
        <line num="26" count="13" type="stmt"/>
        <line num="28" count="37" type="stmt"/>
        <line num="36" count="13" type="stmt"/>
        <line num="50" count="2" type="stmt"/>
        <line num="51" count="9" type="stmt"/>
      </file>
    </package>
  </project>
</coverage>
