{"/Users/code/interview-assignments/frontend/src/App.tsx": {"path":"/Users/code/interview-assignments/frontend/src/App.tsx","statementMap":{"0":{"start":{"line":18,"column":37},"end":{"line":34,"column":3}},"1":{"start":{"line":36,"column":2},"end":{"line":54,"column":3}},"2":{"start":{"line":40,"column":10},"end":{"line":50,"column":26}}},"fnMap":{"0":{"name":"App","decl":{"start":{"line":17,"column":9},"end":{"line":17,"column":12}},"loc":{"start":{"line":17,"column":29},"end":{"line":55,"column":1}},"line":17},"1":{"name":"(anonymous_1)","decl":{"start":{"line":39,"column":22},"end":{"line":39,"column":23}},"loc":{"start":{"line":40,"column":10},"end":{"line":50,"column":26}},"line":40}},"branchMap":{"0":{"loc":{"start":{"line":46,"column":40},"end":{"line":46,"column":67}},"type":"cond-expr","locations":[{"start":{"line":46,"column":51},"end":{"line":46,"column":63}},{"start":{"line":46,"column":65},"end":{"line":46,"column":67}}],"line":46},"1":{"loc":{"start":{"line":47,"column":17},"end":{"line":47,"column":133}},"type":"binary-expr","locations":[{"start":{"line":47,"column":17},"end":{"line":47,"column":26}},{"start":{"line":47,"column":30},"end":{"line":47,"column":133}}],"line":47},"2":{"loc":{"start":{"line":47,"column":52},"end":{"line":47,"column":79}},"type":"cond-expr","locations":[{"start":{"line":47,"column":63},"end":{"line":47,"column":75}},{"start":{"line":47,"column":77},"end":{"line":47,"column":79}}],"line":47}},"s":{"0":1,"1":1,"2":3},"f":{"0":1,"1":3},"b":{"0":[1,2],"1":[3,2],"2":[1,1]},"_coverageSchema":"1a1c01bbd47fc00a2c39e90264f33305004495a9","hash":"a79fe0d43a8a6f909ac077b2f9c5eedc22455f9f"}
,"/Users/code/interview-assignments/frontend/src/components/carousel/carousel.tsx": {"path":"/Users/code/interview-assignments/frontend/src/components/carousel/carousel.tsx","statementMap":{"0":{"start":{"line":10,"column":32},"end":{"line":10,"column":52}},"1":{"start":{"line":11,"column":16},"end":{"line":11,"column":40}},"2":{"start":{"line":13,"column":2},"end":{"line":23,"column":15}},"3":{"start":{"line":14,"column":4},"end":{"line":14,"column":21}},"4":{"start":{"line":14,"column":15},"end":{"line":14,"column":21}},"5":{"start":{"line":15,"column":4},"end":{"line":15,"column":33}},"6":{"start":{"line":15,"column":20},"end":{"line":15,"column":33}},"7":{"start":{"line":17,"column":18},"end":{"line":20,"column":23}},"8":{"start":{"line":18,"column":23},"end":{"line":18,"column":42}},"9":{"start":{"line":19,"column":6},"end":{"line":19,"column":28}},"10":{"start":{"line":22,"column":4},"end":{"line":22,"column":45}},"11":{"start":{"line":22,"column":17},"end":{"line":22,"column":45}},"12":{"start":{"line":26,"column":4},"end":{"line":33,"column":9}},"13":{"start":{"line":28,"column":8},"end":{"line":31,"column":14}},"14":{"start":{"line":36,"column":2},"end":{"line":43,"column":3}},"15":{"start":{"line":50,"column":0},"end":{"line":52,"column":1}},"16":{"start":{"line":51,"column":2},"end":{"line":51,"column":60}}},"fnMap":{"0":{"name":"Carousel","decl":{"start":{"line":9,"column":9},"end":{"line":9,"column":17}},"loc":{"start":{"line":9,"column":72},"end":{"line":44,"column":1}},"line":9},"1":{"name":"(anonymous_1)","decl":{"start":{"line":13,"column":12},"end":{"line":13,"column":13}},"loc":{"start":{"line":13,"column":18},"end":{"line":23,"column":3}},"line":13},"2":{"name":"(anonymous_2)","decl":{"start":{"line":17,"column":29},"end":{"line":17,"column":30}},"loc":{"start":{"line":17,"column":35},"end":{"line":20,"column":5}},"line":17},"3":{"name":"(anonymous_3)","decl":{"start":{"line":22,"column":11},"end":{"line":22,"column":12}},"loc":{"start":{"line":22,"column":17},"end":{"line":22,"column":45}},"line":22},"4":{"name":"(anonymous_4)","decl":{"start":{"line":27,"column":39},"end":{"line":27,"column":40}},"loc":{"start":{"line":28,"column":8},"end":{"line":31,"column":14}},"line":28},"5":{"name":"(anonymous_5)","decl":{"start":{"line":50,"column":16},"end":{"line":50,"column":17}},"loc":{"start":{"line":50,"column":71},"end":{"line":52,"column":1}},"line":50}},"branchMap":{"0":{"loc":{"start":{"line":9,"column":19},"end":{"line":9,"column":29}},"type":"default-arg","locations":[{"start":{"line":9,"column":28},"end":{"line":9,"column":29}}],"line":9},"1":{"loc":{"start":{"line":11,"column":16},"end":{"line":11,"column":40}},"type":"binary-expr","locations":[{"start":{"line":11,"column":16},"end":{"line":11,"column":32}},{"start":{"line":11,"column":36},"end":{"line":11,"column":40}}],"line":11},"2":{"loc":{"start":{"line":14,"column":4},"end":{"line":14,"column":21}},"type":"if","locations":[{"start":{"line":14,"column":4},"end":{"line":14,"column":21}},{"start":{},"end":{}}],"line":14},"3":{"loc":{"start":{"line":15,"column":4},"end":{"line":15,"column":33}},"type":"if","locations":[{"start":{"line":15,"column":4},"end":{"line":15,"column":33}},{"start":{},"end":{}}],"line":15},"4":{"loc":{"start":{"line":22,"column":17},"end":{"line":22,"column":45}},"type":"binary-expr","locations":[{"start":{"line":22,"column":17},"end":{"line":22,"column":22}},{"start":{"line":22,"column":26},"end":{"line":22,"column":45}}],"line":22},"5":{"loc":{"start":{"line":29,"column":21},"end":{"line":29,"column":52}},"type":"cond-expr","locations":[{"start":{"line":29,"column":40},"end":{"line":29,"column":48}},{"start":{"line":29,"column":50},"end":{"line":29,"column":52}}],"line":29},"6":{"loc":{"start":{"line":39,"column":10},"end":{"line":39,"column":27}},"type":"binary-expr","locations":[{"start":{"line":39,"column":10},"end":{"line":39,"column":15}},{"start":{"line":39,"column":19},"end":{"line":39,"column":27}}],"line":39},"7":{"loc":{"start":{"line":41,"column":8},"end":{"line":41,"column":21}},"type":"binary-expr","locations":[{"start":{"line":41,"column":8},"end":{"line":41,"column":13}},{"start":{"line":41,"column":17},"end":{"line":41,"column":21}}],"line":41}},"s":{"0":13,"1":13,"2":13,"3":13,"4":1,"5":12,"6":3,"7":12,"8":6,"9":6,"10":12,"11":10,"12":13,"13":37,"14":13,"15":2,"16":9},"f":{"0":13,"1":13,"2":6,"3":10,"4":37,"5":9},"b":{"0":[2],"1":[13,1],"2":[1,12],"3":[3,9],"4":[10,10],"5":[9,28],"6":[13,12],"7":[13,12]},"_coverageSchema":"1a1c01bbd47fc00a2c39e90264f33305004495a9","hash":"89320d0877de1d14eb453ee9fe25b2c5e31e32c5"}
}
