{"/Users/edy/workspace/hszb/interview-assignments/frontend/src/App.tsx": {"path":"/Users/edy/workspace/hszb/interview-assignments/frontend/src/App.tsx","statementMap":{"0":{"start":{"line":11,"column":16},"end":{"line":33,"column":1}},"1":{"start":{"line":35,"column":1},"end":{"line":82,"column":2}},"2":{"start":{"line":42,"column":5},"end":{"line":42,"column":36}},"3":{"start":{"line":46,"column":53},"end":{"line":46,"column":57}},"4":{"start":{"line":47,"column":5},"end":{"line":55,"column":6}},"5":{"start":{"line":63,"column":5},"end":{"line":66,"column":7}},"6":{"start":{"line":69,"column":53},"end":{"line":69,"column":57}},"7":{"start":{"line":70,"column":5},"end":{"line":78,"column":6}}},"fnMap":{"0":{"name":"App","decl":{"start":{"line":34,"column":9},"end":{"line":34,"column":12}},"loc":{"start":{"line":34,"column":15},"end":{"line":83,"column":1}},"line":34},"1":{"name":"(anonymous_1)","decl":{"start":{"line":41,"column":23},"end":{"line":41,"column":24}},"loc":{"start":{"line":41,"column":34},"end":{"line":43,"column":5}},"line":41},"2":{"name":"(anonymous_2)","decl":{"start":{"line":44,"column":25},"end":{"line":44,"column":26}},"loc":{"start":{"line":44,"column":36},"end":{"line":44,"column":38}},"line":44},"3":{"name":"(anonymous_3)","decl":{"start":{"line":45,"column":17},"end":{"line":45,"column":18}},"loc":{"start":{"line":45,"column":34},"end":{"line":56,"column":5}},"line":45},"4":{"name":"(anonymous_4)","decl":{"start":{"line":62,"column":23},"end":{"line":62,"column":24}},"loc":{"start":{"line":62,"column":34},"end":{"line":67,"column":5}},"line":62},"5":{"name":"(anonymous_5)","decl":{"start":{"line":68,"column":17},"end":{"line":68,"column":18}},"loc":{"start":{"line":68,"column":34},"end":{"line":79,"column":5}},"line":68}},"branchMap":{},"s":{"0":1,"1":1,"2":1,"3":3,"4":3,"5":1,"6":3,"7":3},"f":{"0":1,"1":1,"2":1,"3":3,"4":1,"5":3},"b":{},"_coverageSchema":"1a1c01bbd47fc00a2c39e90264f33305004495a9","hash":"e4fa43f2d36ca3b2adeeafd598abdecd4585439f"}
,"/Users/edy/workspace/hszb/interview-assignments/frontend/src/index.tsx": {"path":"/Users/edy/workspace/hszb/interview-assignments/frontend/src/index.tsx","statementMap":{"0":{"start":{"line":6,"column":0},"end":{"line":11,"column":1}}},"fnMap":{},"branchMap":{},"s":{"0":0},"f":{},"b":{}}
,"/Users/edy/workspace/hszb/interview-assignments/frontend/src/components/Banner/Banner.tsx": {"path":"/Users/edy/workspace/hszb/interview-assignments/frontend/src/components/Banner/Banner.tsx","statementMap":{"0":{"start":{"line":12,"column":45},"end":{"line":33,"column":1}},"1":{"start":{"line":13,"column":21},"end":{"line":18,"column":36}},"2":{"start":{"line":14,"column":2},"end":{"line":17,"column":3}},"3":{"start":{"line":20,"column":1},"end":{"line":32,"column":2}}},"fnMap":{"0":{"name":"(anonymous_0)","decl":{"start":{"line":12,"column":45},"end":{"line":12,"column":46}},"loc":{"start":{"line":12,"column":69},"end":{"line":33,"column":1}},"line":12},"1":{"name":"(anonymous_1)","decl":{"start":{"line":13,"column":29},"end":{"line":13,"column":30}},"loc":{"start":{"line":13,"column":35},"end":{"line":18,"column":2}},"line":13}},"branchMap":{},"s":{"0":2,"1":14,"2":14,"3":14},"f":{"0":14,"1":14},"b":{},"_coverageSchema":"1a1c01bbd47fc00a2c39e90264f33305004495a9","hash":"158298ccde883df13fbc20c3e5739dbcc5389fb5"}
,"/Users/edy/workspace/hszb/interview-assignments/frontend/src/components/Carousel/Carousel.tsx": {"path":"/Users/edy/workspace/hszb/interview-assignments/frontend/src/components/Carousel/Carousel.tsx","statementMap":{"0":{"start":{"line":48,"column":49},"end":{"line":189,"column":1}},"1":{"start":{"line":60,"column":2},"end":{"line":60,"column":33}},"2":{"start":{"line":64,"column":39},"end":{"line":64,"column":61}},"3":{"start":{"line":65,"column":39},"end":{"line":65,"column":61}},"4":{"start":{"line":66,"column":21},"end":{"line":66,"column":66}},"5":{"start":{"line":67,"column":43},"end":{"line":67,"column":58}},"6":{"start":{"line":68,"column":19},"end":{"line":68,"column":47}},"7":{"start":{"line":71,"column":19},"end":{"line":88,"column":57}},"8":{"start":{"line":72,"column":26},"end":{"line":79,"column":4}},"9":{"start":{"line":77,"column":4},"end":{"line":77,"column":25}},"10":{"start":{"line":80,"column":2},"end":{"line":87,"column":3}},"11":{"start":{"line":91,"column":1},"end":{"line":109,"column":55}},"12":{"start":{"line":92,"column":2},"end":{"line":96,"column":3}},"13":{"start":{"line":93,"column":3},"end":{"line":93,"column":30}},"14":{"start":{"line":95,"column":3},"end":{"line":95,"column":30}},"15":{"start":{"line":97,"column":24},"end":{"line":97,"column":42}},"16":{"start":{"line":98,"column":2},"end":{"line":108,"column":3}},"17":{"start":{"line":99,"column":18},"end":{"line":103,"column":4}},"18":{"start":{"line":100,"column":4},"end":{"line":100,"column":27}},"19":{"start":{"line":101,"column":4},"end":{"line":101,"column":31}},"20":{"start":{"line":102,"column":4},"end":{"line":102,"column":63}},"21":{"start":{"line":104,"column":3},"end":{"line":104,"column":59}},"22":{"start":{"line":105,"column":3},"end":{"line":107,"column":4}},"23":{"start":{"line":106,"column":4},"end":{"line":106,"column":63}},"24":{"start":{"line":112,"column":1},"end":{"line":114,"column":39}},"25":{"start":{"line":113,"column":2},"end":{"line":113,"column":57}},"26":{"start":{"line":117,"column":1},"end":{"line":131,"column":54}},"27":{"start":{"line":118,"column":2},"end":{"line":118,"column":24}},"28":{"start":{"line":119,"column":2},"end":{"line":130,"column":3}},"29":{"start":{"line":120,"column":3},"end":{"line":122,"column":4}},"30":{"start":{"line":121,"column":4},"end":{"line":121,"column":10}},"31":{"start":{"line":123,"column":17},"end":{"line":126,"column":12}},"32":{"start":{"line":124,"column":25},"end":{"line":124,"column":56}},"33":{"start":{"line":125,"column":4},"end":{"line":125,"column":32}},"34":{"start":{"line":127,"column":3},"end":{"line":129,"column":4}},"35":{"start":{"line":128,"column":4},"end":{"line":128,"column":23}},"36":{"start":{"line":133,"column":25},"end":{"line":140,"column":63}},"37":{"start":{"line":134,"column":2},"end":{"line":139,"column":3}},"38":{"start":{"line":142,"column":27},"end":{"line":148,"column":31}},"39":{"start":{"line":143,"column":2},"end":{"line":147,"column":3}},"40":{"start":{"line":150,"column":1},"end":{"line":188,"column":2}},"41":{"start":{"line":167,"column":7},"end":{"line":174,"column":8}}},"fnMap":{"0":{"name":"(anonymous_0)","decl":{"start":{"line":48,"column":49},"end":{"line":48,"column":50}},"loc":{"start":{"line":63,"column":21},"end":{"line":189,"column":1}},"line":63},"1":{"name":"(anonymous_1)","decl":{"start":{"line":59,"column":21},"end":{"line":59,"column":22}},"loc":{"start":{"line":59,"column":32},"end":{"line":61,"column":2}},"line":59},"2":{"name":"(anonymous_2)","decl":{"start":{"line":71,"column":27},"end":{"line":71,"column":28}},"loc":{"start":{"line":71,"column":33},"end":{"line":88,"column":2}},"line":71},"3":{"name":"(anonymous_3)","decl":{"start":{"line":76,"column":14},"end":{"line":76,"column":15}},"loc":{"start":{"line":76,"column":33},"end":{"line":78,"column":4}},"line":76},"4":{"name":"(anonymous_4)","decl":{"start":{"line":91,"column":11},"end":{"line":91,"column":12}},"loc":{"start":{"line":91,"column":17},"end":{"line":109,"column":2}},"line":91},"5":{"name":"(anonymous_5)","decl":{"start":{"line":99,"column":18},"end":{"line":99,"column":19}},"loc":{"start":{"line":99,"column":24},"end":{"line":103,"column":4}},"line":99},"6":{"name":"(anonymous_6)","decl":{"start":{"line":105,"column":10},"end":{"line":105,"column":11}},"loc":{"start":{"line":105,"column":16},"end":{"line":107,"column":4}},"line":105},"7":{"name":"(anonymous_7)","decl":{"start":{"line":112,"column":11},"end":{"line":112,"column":12}},"loc":{"start":{"line":112,"column":17},"end":{"line":114,"column":2}},"line":112},"8":{"name":"(anonymous_8)","decl":{"start":{"line":117,"column":11},"end":{"line":117,"column":12}},"loc":{"start":{"line":117,"column":17},"end":{"line":131,"column":2}},"line":117},"9":{"name":"(anonymous_9)","decl":{"start":{"line":123,"column":28},"end":{"line":123,"column":29}},"loc":{"start":{"line":123,"column":34},"end":{"line":126,"column":4}},"line":123},"10":{"name":"(anonymous_10)","decl":{"start":{"line":127,"column":10},"end":{"line":127,"column":11}},"loc":{"start":{"line":127,"column":16},"end":{"line":129,"column":4}},"line":127},"11":{"name":"(anonymous_11)","decl":{"start":{"line":133,"column":33},"end":{"line":133,"column":34}},"loc":{"start":{"line":133,"column":39},"end":{"line":140,"column":2}},"line":133},"12":{"name":"(anonymous_12)","decl":{"start":{"line":142,"column":35},"end":{"line":142,"column":36}},"loc":{"start":{"line":142,"column":41},"end":{"line":148,"column":2}},"line":142},"13":{"name":"(anonymous_13)","decl":{"start":{"line":166,"column":20},"end":{"line":166,"column":21}},"loc":{"start":{"line":166,"column":62},"end":{"line":175,"column":8}},"line":166}},"branchMap":{"0":{"loc":{"start":{"line":50,"column":1},"end":{"line":50,"column":13}},"type":"default-arg","locations":[{"start":{"line":50,"column":9},"end":{"line":50,"column":13}}],"line":50},"1":{"loc":{"start":{"line":51,"column":1},"end":{"line":51,"column":17}},"type":"default-arg","locations":[{"start":{"line":51,"column":16},"end":{"line":51,"column":17}}],"line":51},"2":{"loc":{"start":{"line":52,"column":1},"end":{"line":52,"column":25}},"type":"default-arg","locations":[{"start":{"line":52,"column":21},"end":{"line":52,"column":25}}],"line":52},"3":{"loc":{"start":{"line":53,"column":1},"end":{"line":53,"column":16}},"type":"default-arg","locations":[{"start":{"line":53,"column":12},"end":{"line":53,"column":16}}],"line":53},"4":{"loc":{"start":{"line":54,"column":1},"end":{"line":54,"column":17}},"type":"default-arg","locations":[{"start":{"line":54,"column":10},"end":{"line":54,"column":17}}],"line":54},"5":{"loc":{"start":{"line":55,"column":1},"end":{"line":55,"column":16}},"type":"default-arg","locations":[{"start":{"line":55,"column":9},"end":{"line":55,"column":16}}],"line":55},"6":{"loc":{"start":{"line":56,"column":1},"end":{"line":56,"column":12}},"type":"default-arg","locations":[{"start":{"line":56,"column":8},"end":{"line":56,"column":12}}],"line":56},"7":{"loc":{"start":{"line":57,"column":1},"end":{"line":57,"column":25}},"type":"default-arg","locations":[{"start":{"line":57,"column":13},"end":{"line":57,"column":25}}],"line":57},"8":{"loc":{"start":{"line":59,"column":1},"end":{"line":61,"column":2}},"type":"default-arg","locations":[{"start":{"line":59,"column":21},"end":{"line":61,"column":2}}],"line":59},"9":{"loc":{"start":{"line":66,"column":21},"end":{"line":66,"column":66}},"type":"cond-expr","locations":[{"start":{"line":66,"column":47},"end":{"line":66,"column":62}},{"start":{"line":66,"column":65},"end":{"line":66,"column":66}}],"line":66},"10":{"loc":{"start":{"line":92,"column":2},"end":{"line":96,"column":3}},"type":"if","locations":[{"start":{"line":92,"column":2},"end":{"line":96,"column":3}},{"start":{"line":94,"column":9},"end":{"line":96,"column":3}}],"line":92},"11":{"loc":{"start":{"line":92,"column":6},"end":{"line":92,"column":44}},"type":"binary-expr","locations":[{"start":{"line":92,"column":6},"end":{"line":92,"column":23}},{"start":{"line":92,"column":27},"end":{"line":92,"column":44}}],"line":92},"12":{"loc":{"start":{"line":98,"column":2},"end":{"line":108,"column":3}},"type":"if","locations":[{"start":{"line":98,"column":2},"end":{"line":108,"column":3}},{"start":{},"end":{}}],"line":98},"13":{"loc":{"start":{"line":113,"column":2},"end":{"line":113,"column":57}},"type":"binary-expr","locations":[{"start":{"line":113,"column":2},"end":{"line":113,"column":21}},{"start":{"line":113,"column":25},"end":{"line":113,"column":57}}],"line":113},"14":{"loc":{"start":{"line":119,"column":2},"end":{"line":130,"column":3}},"type":"if","locations":[{"start":{"line":119,"column":2},"end":{"line":130,"column":3}},{"start":{},"end":{}}],"line":119},"15":{"loc":{"start":{"line":120,"column":3},"end":{"line":122,"column":4}},"type":"if","locations":[{"start":{"line":120,"column":3},"end":{"line":122,"column":4}},{"start":{},"end":{}}],"line":120},"16":{"loc":{"start":{"line":120,"column":7},"end":{"line":120,"column":47}},"type":"binary-expr","locations":[{"start":{"line":120,"column":7},"end":{"line":120,"column":12}},{"start":{"line":120,"column":16},"end":{"line":120,"column":47}}],"line":120},"17":{"loc":{"start":{"line":135,"column":15},"end":{"line":135,"column":68}},"type":"cond-expr","locations":[{"start":{"line":135,"column":31},"end":{"line":135,"column":59}},{"start":{"line":135,"column":62},"end":{"line":135,"column":68}}],"line":135},"18":{"loc":{"start":{"line":137,"column":4},"end":{"line":137,"column":55}},"type":"cond-expr","locations":[{"start":{"line":137,"column":33},"end":{"line":137,"column":51}},{"start":{"line":137,"column":54},"end":{"line":137,"column":55}}],"line":137},"19":{"loc":{"start":{"line":138,"column":9},"end":{"line":138,"column":58}},"type":"cond-expr","locations":[{"start":{"line":138,"column":36},"end":{"line":138,"column":54}},{"start":{"line":138,"column":57},"end":{"line":138,"column":58}}],"line":138},"20":{"loc":{"start":{"line":146,"column":12},"end":{"line":146,"column":63}},"type":"cond-expr","locations":[{"start":{"line":146,"column":39},"end":{"line":146,"column":46}},{"start":{"line":146,"column":49},"end":{"line":146,"column":63}}],"line":146},"21":{"loc":{"start":{"line":165,"column":5},"end":{"line":176,"column":15}},"type":"cond-expr","locations":[{"start":{"line":166,"column":7},"end":{"line":175,"column":9}},{"start":{"line":176,"column":7},"end":{"line":176,"column":15}}],"line":165},"22":{"loc":{"start":{"line":177,"column":5},"end":{"line":184,"column":12}},"type":"cond-expr","locations":[{"start":{"line":178,"column":5},"end":{"line":183,"column":11}},{"start":{"line":184,"column":8},"end":{"line":184,"column":12}}],"line":177},"23":{"loc":{"start":{"line":177,"column":5},"end":{"line":177,"column":43}},"type":"binary-expr","locations":[{"start":{"line":177,"column":5},"end":{"line":177,"column":28}},{"start":{"line":177,"column":32},"end":{"line":177,"column":43}}],"line":177}},"s":{"0":2,"1":54,"2":60,"3":60,"4":60,"5":60,"6":60,"7":60,"8":57,"9":1,"10":57,"11":60,"12":35,"13":2,"14":33,"15":35,"16":35,"17":5,"18":0,"19":0,"20":0,"21":5,"22":5,"23":5,"24":60,"25":25,"26":60,"27":25,"28":25,"29":25,"30":1,"31":24,"32":9,"33":9,"34":24,"35":24,"36":60,"37":40,"38":60,"39":15,"40":60,"41":179},"f":{"0":60,"1":54,"2":57,"3":1,"4":35,"5":0,"6":5,"7":25,"8":25,"9":9,"10":24,"11":40,"12":15,"13":179},"b":{"0":[55],"1":[58],"2":[44],"3":[16],"4":[56],"5":[60],"6":[39],"7":[56],"8":[54],"9":[54,6],"10":[2,33],"11":[35,16],"12":[5,30],"13":[25,10],"14":[25,0],"15":[1,24],"16":[25,2],"17":[25,15],"18":[38,2],"19":[2,38],"20":[1,14],"21":[54,6],"22":[54,6],"23":[60,54]},"_coverageSchema":"1a1c01bbd47fc00a2c39e90264f33305004495a9","hash":"1c0327e94b7fc20ba782165af085fdfca6319ba9"}
,"/Users/edy/workspace/hszb/interview-assignments/frontend/src/components/Indicator/ProcessIndicator.tsx": {"path":"/Users/edy/workspace/hszb/interview-assignments/frontend/src/components/Indicator/ProcessIndicator.tsx","statementMap":{"0":{"start":{"line":6,"column":60},"end":{"line":34,"column":1}},"1":{"start":{"line":15,"column":5},"end":{"line":15,"column":10}},"2":{"start":{"line":17,"column":1},"end":{"line":33,"column":2}},"3":{"start":{"line":22,"column":5},"end":{"line":30,"column":6}},"4":{"start":{"line":27,"column":8},"end":{"line":27,"column":37}}},"fnMap":{"0":{"name":"(anonymous_0)","decl":{"start":{"line":6,"column":60},"end":{"line":6,"column":61}},"loc":{"start":{"line":8,"column":5},"end":{"line":34,"column":1}},"line":8},"1":{"name":"(anonymous_1)","decl":{"start":{"line":21,"column":9},"end":{"line":21,"column":10}},"loc":{"start":{"line":21,"column":26},"end":{"line":31,"column":5}},"line":21},"2":{"name":"(anonymous_2)","decl":{"start":{"line":26,"column":16},"end":{"line":26,"column":17}},"loc":{"start":{"line":26,"column":22},"end":{"line":28,"column":8}},"line":26}},"branchMap":{"0":{"loc":{"start":{"line":10,"column":2},"end":{"line":10,"column":17}},"type":"default-arg","locations":[{"start":{"line":10,"column":16},"end":{"line":10,"column":17}}],"line":10},"1":{"loc":{"start":{"line":11,"column":2},"end":{"line":11,"column":11}},"type":"default-arg","locations":[{"start":{"line":11,"column":10},"end":{"line":11,"column":11}}],"line":11},"2":{"loc":{"start":{"line":12,"column":2},"end":{"line":12,"column":17}},"type":"default-arg","locations":[{"start":{"line":12,"column":13},"end":{"line":12,"column":17}}],"line":12},"3":{"loc":{"start":{"line":13,"column":2},"end":{"line":13,"column":21}},"type":"default-arg","locations":[{"start":{"line":13,"column":14},"end":{"line":13,"column":21}}],"line":13},"4":{"loc":{"start":{"line":27,"column":8},"end":{"line":27,"column":37}},"type":"binary-expr","locations":[{"start":{"line":27,"column":8},"end":{"line":27,"column":17}},{"start":{"line":27,"column":21},"end":{"line":27,"column":37}}],"line":27}},"s":{"0":3,"1":59,"2":59,"3":177,"4":1},"f":{"0":59,"1":177,"2":1},"b":{"0":[1],"1":[1],"2":[3],"3":[57],"4":[1,1]},"_coverageSchema":"1a1c01bbd47fc00a2c39e90264f33305004495a9","hash":"0cc163c312a9a17685e02757622b1298ff0a996b"}
,"/Users/edy/workspace/hszb/interview-assignments/frontend/src/components/Indicator/Dot/Dot.tsx": {"path":"/Users/edy/workspace/hszb/interview-assignments/frontend/src/components/Indicator/Dot/Dot.tsx","statementMap":{"0":{"start":{"line":6,"column":45},"end":{"line":16,"column":1}},"1":{"start":{"line":7,"column":1},"end":{"line":15,"column":2}},"2":{"start":{"line":13,"column":4},"end":{"line":13,"column":36}}},"fnMap":{"0":{"name":"(anonymous_0)","decl":{"start":{"line":6,"column":45},"end":{"line":6,"column":46}},"loc":{"start":{"line":6,"column":72},"end":{"line":16,"column":1}},"line":6},"1":{"name":"(anonymous_1)","decl":{"start":{"line":12,"column":12},"end":{"line":12,"column":13}},"loc":{"start":{"line":12,"column":18},"end":{"line":14,"column":4}},"line":12}},"branchMap":{"0":{"loc":{"start":{"line":13,"column":4},"end":{"line":13,"column":36}},"type":"binary-expr","locations":[{"start":{"line":13,"column":4},"end":{"line":13,"column":17}},{"start":{"line":13,"column":21},"end":{"line":13,"column":36}}],"line":13}},"s":{"0":2,"1":6,"2":1},"f":{"0":6,"1":1},"b":{"0":[1,1]},"_coverageSchema":"1a1c01bbd47fc00a2c39e90264f33305004495a9","hash":"87b461fedaddb6bd884f9218a56204aeb5702e2e"}
,"/Users/edy/workspace/hszb/interview-assignments/frontend/src/components/Indicator/Process/Process.tsx": {"path":"/Users/edy/workspace/hszb/interview-assignments/frontend/src/components/Indicator/Process/Process.tsx","statementMap":{"0":{"start":{"line":6,"column":49},"end":{"line":27,"column":1}},"1":{"start":{"line":11,"column":24},"end":{"line":13,"column":2}},"2":{"start":{"line":14,"column":1},"end":{"line":26,"column":2}},"3":{"start":{"line":18,"column":4},"end":{"line":18,"column":24}}},"fnMap":{"0":{"name":"(anonymous_0)","decl":{"start":{"line":6,"column":49},"end":{"line":6,"column":50}},"loc":{"start":{"line":10,"column":22},"end":{"line":27,"column":1}},"line":10},"1":{"name":"(anonymous_1)","decl":{"start":{"line":17,"column":12},"end":{"line":17,"column":13}},"loc":{"start":{"line":17,"column":18},"end":{"line":19,"column":4}},"line":17}},"branchMap":{"0":{"loc":{"start":{"line":7,"column":1},"end":{"line":7,"column":15}},"type":"default-arg","locations":[{"start":{"line":7,"column":10},"end":{"line":7,"column":15}}],"line":7},"1":{"loc":{"start":{"line":8,"column":1},"end":{"line":8,"column":25}},"type":"default-arg","locations":[{"start":{"line":8,"column":21},"end":{"line":8,"column":25}}],"line":8},"2":{"loc":{"start":{"line":18,"column":4},"end":{"line":18,"column":24}},"type":"binary-expr","locations":[{"start":{"line":18,"column":4},"end":{"line":18,"column":11}},{"start":{"line":18,"column":15},"end":{"line":18,"column":24}}],"line":18}},"s":{"0":4,"1":140,"2":140,"3":1},"f":{"0":140,"1":1},"b":{"0":[2],"1":[2],"2":[1,1]},"_coverageSchema":"1a1c01bbd47fc00a2c39e90264f33305004495a9","hash":"629bb7353d3c2ab2665d14be94a8951b9f47d7ff"}
}
