TN:
SF:src/App.tsx
FN:7,App
FNF:1
FNH:1
FNDA:1,App
DA:6,1
DA:9,1
LF:2
LH:2
BRF:0
BRH:0
end_of_record
TN:
SF:src/index.tsx
FNF:0
FNH:0
DA:6,0
LF:1
LH:0
BRF:0
BRH:0
end_of_record
TN:
SF:src/common/common.ts
FN:4,cx
FN:10,useScreen
FN:11,(anonymous_2)
FN:16,useUpdate
FN:18,(anonymous_4)
FNF:5
FNH:5
FNDA:52,cx
FNDA:10,useScreen
FNDA:6,(anonymous_2)
FNDA:18,useUpdate
FNDA:14,(anonymous_4)
DA:5,52
DA:6,52
DA:11,10
DA:12,6
DA:17,18
DA:18,18
DA:19,14
DA:20,9
LF:8
LH:8
BRDA:6,0,0,52
BRDA:6,0,1,0
BRDA:19,1,0,5
BRDA:19,1,1,9
BRF:4
BRH:3
end_of_record
TN:
SF:src/components/Carousel/Carousel.tsx
FN:39,(anonymous_0)
FN:51,(anonymous_1)
FN:52,(anonymous_2)
FN:55,(anonymous_3)
FN:59,(anonymous_4)
FN:63,(anonymous_5)
FN:68,(anonymous_6)
FN:70,(anonymous_7)
FN:71,(anonymous_8)
FN:80,(anonymous_9)
FN:87,(anonymous_10)
FN:91,(anonymous_11)
FN:92,(anonymous_12)
FN:104,(anonymous_13)
FN:118,(anonymous_14)
FNF:15
FNH:15
FNDA:14,(anonymous_0)
FNDA:43,(anonymous_1)
FNDA:43,(anonymous_2)
FNDA:11,(anonymous_3)
FNDA:4,(anonymous_4)
FNDA:7,(anonymous_5)
FNDA:3,(anonymous_6)
FNDA:5,(anonymous_7)
FNDA:5,(anonymous_8)
FNDA:3,(anonymous_9)
FNDA:1,(anonymous_10)
FNDA:2,(anonymous_11)
FNDA:2,(anonymous_12)
FNDA:4,(anonymous_13)
FNDA:31,(anonymous_14)
DA:37,2
DA:44,14
DA:45,14
DA:47,14
DA:50,14
DA:51,43
DA:52,43
DA:55,14
DA:56,11
DA:59,14
DA:60,4
DA:63,14
DA:64,7
DA:67,14
DA:68,14
DA:69,3
DA:70,3
DA:71,5
DA:72,5
DA:73,1
DA:75,4
DA:80,14
DA:81,3
DA:82,3
DA:85,14
DA:88,1
DA:92,2
DA:93,2
DA:94,1
DA:96,1
DA:104,14
DA:105,4
DA:106,2
DA:107,2
DA:111,14
DA:119,31
DA:129,2
DA:133,2
DA:134,2
LF:39
LH:39
BRDA:40,0,0,2
BRDA:40,1,0,7
BRDA:40,2,0,10
BRDA:40,3,0,14
BRDA:40,4,0,14
BRDA:72,5,0,1
BRDA:72,5,1,4
BRDA:82,6,0,3
BRDA:82,6,1,3
BRDA:93,7,0,1
BRDA:93,7,1,1
BRDA:105,8,0,2
BRDA:105,8,1,2
BRDA:116,9,0,14
BRDA:116,9,1,10
BRDA:119,10,0,31
BRDA:119,10,1,10
BRF:17
BRH:17
end_of_record
TN:
SF:src/components/Carousel/CarouselItem.tsx
FN:10,(anonymous_0)
FNF:1
FNH:1
FNDA:43,(anonymous_0)
DA:10,2
DA:11,43
DA:14,2
LF:3
LH:3
BRF:0
BRH:0
end_of_record
TN:
SF:src/components/Carousel/Indicator.tsx
FN:11,(anonymous_0)
FN:17,(anonymous_1)
FN:21,(anonymous_2)
FN:28,(anonymous_3)
FN:32,(anonymous_4)
FN:33,(anonymous_5)
FNF:6
FNH:6
FNDA:459,(anonymous_0)
FNDA:14,(anonymous_1)
FNDA:438,(anonymous_2)
FNDA:438,(anonymous_3)
FNDA:19,(anonymous_4)
FNDA:19,(anonymous_5)
DA:11,2
DA:12,459
DA:14,459
DA:15,459
DA:16,459
DA:17,459
DA:18,14
DA:19,14
DA:21,459
DA:22,438
DA:23,438
DA:25,438
DA:26,438
DA:28,438
DA:29,0
DA:32,459
DA:33,19
DA:34,19
DA:35,19
DA:38,19
DA:39,14
DA:40,14
DA:42,5
DA:43,5
DA:46,459
DA:57,2
DA:59,2
LF:27
LH:26
BRDA:11,0,0,0
BRDA:11,1,0,0
BRDA:22,2,0,3
BRDA:22,2,1,435
BRDA:25,3,0,438
BRDA:25,3,1,0
BRDA:38,4,0,14
BRDA:38,4,1,5
BRDA:50,5,0,442
BRDA:50,5,1,17
BRF:10
BRH:7
end_of_record
TN:
SF:src/components/Carousel/index.tsx
FNF:0
FNH:0
LF:0
LH:0
BRF:0
BRH:0
end_of_record
TN:
SF:src/components/FullScreen/index.tsx
FN:11,(anonymous_0)
FNF:1
FNH:1
FNDA:8,(anonymous_0)
DA:11,2
DA:12,8
DA:14,8
LF:3
LH:3
BRDA:15,0,0,8
BRDA:15,0,1,5
BRF:2
BRH:2
end_of_record
