TN:
SF:src/App.tsx
FN:17,App
FN:39,(anonymous_1)
FNF:2
FNH:2
FNDA:1,App
FNDA:3,(anonymous_1)
DA:18,1
DA:36,1
DA:40,3
LF:3
LH:3
BRDA:46,0,0,1
BRDA:46,0,1,2
BRDA:47,1,0,3
BRDA:47,1,1,2
BRDA:47,2,0,1
BRDA:47,2,1,1
BRF:6
BRH:6
end_of_record
TN:
SF:src/components/carousel/carousel.tsx
FN:9,Carousel
FN:13,(anonymous_1)
FN:17,(anonymous_2)
FN:22,(anonymous_3)
FN:27,(anonymous_4)
FN:50,(anonymous_5)
FNF:6
FNH:6
FNDA:13,Carousel
FNDA:13,(anonymous_1)
FNDA:6,(anonymous_2)
FNDA:10,(anonymous_3)
FNDA:37,(anonymous_4)
FNDA:9,(anonymous_5)
DA:10,13
DA:11,13
DA:13,13
DA:14,13
DA:15,12
DA:17,12
DA:18,6
DA:19,6
DA:22,12
DA:26,13
DA:28,37
DA:36,13
DA:50,2
DA:51,9
LF:14
LH:14
BRDA:9,0,0,2
BRDA:11,1,0,13
BRDA:11,1,1,1
BRDA:14,2,0,1
BRDA:14,2,1,12
BRDA:15,3,0,3
BRDA:15,3,1,9
BRDA:22,4,0,10
BRDA:22,4,1,10
BRDA:29,5,0,9
BRDA:29,5,1,28
BRDA:39,6,0,13
BRDA:39,6,1,12
BRDA:41,7,0,13
BRDA:41,7,1,12
BRF:15
BRH:15
end_of_record
