<?xml version="1.0" encoding="UTF-8"?>
<coverage generated="1678004502793" clover="3.2.0">
  <project timestamp="1678004502794" name="All files">
    <metrics statements="26" coveredstatements="18" conditionals="0" coveredconditionals="0" methods="5" coveredmethods="4" elements="31" coveredelements="22" complexity="0" loc="26" ncloc="26" packages="1" files="4" classes="4"/>
    <file name="app.controller.ts" path="/Users/wangjian/Workspace/nnsay/interview-assignments/backend/short-url/src/app.controller.ts">
      <metrics statements="6" coveredstatements="6" conditionals="0" coveredconditionals="0" methods="2" coveredmethods="2"/>
      <line num="1" count="2" type="stmt"/>
      <line num="2" count="2" type="stmt"/>
      <line num="5" count="2" type="stmt"/>
      <line num="6" count="4" type="stmt"/>
      <line num="8" count="2" type="stmt"/>
      <line num="10" count="2" type="stmt"/>
    </file>
    <file name="app.module.ts" path="/Users/wangjian/Workspace/nnsay/interview-assignments/backend/short-url/src/app.module.ts">
      <metrics statements="9" coveredstatements="9" conditionals="0" coveredconditionals="0" methods="1" coveredmethods="1"/>
      <line num="1" count="1" type="stmt"/>
      <line num="2" count="1" type="stmt"/>
      <line num="3" count="1" type="stmt"/>
      <line num="4" count="1" type="stmt"/>
      <line num="5" count="1" type="stmt"/>
      <line num="6" count="1" type="stmt"/>
      <line num="7" count="1" type="stmt"/>
      <line num="14" count="3" type="stmt"/>
      <line num="34" count="1" type="stmt"/>
    </file>
    <file name="app.service.ts" path="/Users/wangjian/Workspace/nnsay/interview-assignments/backend/short-url/src/app.service.ts">
      <metrics statements="3" coveredstatements="3" conditionals="0" coveredconditionals="0" methods="1" coveredmethods="1"/>
      <line num="1" count="2" type="stmt"/>
      <line num="4" count="2" type="stmt"/>
      <line num="6" count="2" type="stmt"/>
    </file>
    <file name="main.ts" path="/Users/wangjian/Workspace/nnsay/interview-assignments/backend/short-url/src/main.ts">
      <metrics statements="8" coveredstatements="0" conditionals="0" coveredconditionals="0" methods="1" coveredmethods="0"/>
      <line num="1" count="0" type="stmt"/>
      <line num="2" count="0" type="stmt"/>
      <line num="3" count="0" type="stmt"/>
      <line num="6" count="0" type="stmt"/>
      <line num="8" count="0" type="stmt"/>
      <line num="9" count="0" type="stmt"/>
      <line num="10" count="0" type="stmt"/>
      <line num="12" count="0" type="stmt"/>
    </file>
  </project>
</coverage>
