{"/Users/wenhao/Desktop/hello_world/interview-assignments/backend/server/app.ts": {"path":"/Users/wenhao/Desktop/hello_world/interview-assignments/backend/server/app.ts","statementMap":{"0":{"start":{"line":2,"column":0},"end":{"line":2,"column":45}},"1":{"start":{"line":8,"column":8},"end":{"line":8,"column":23}},"2":{"start":{"line":11,"column":20},"end":{"line":11,"column":28}},"3":{"start":{"line":12,"column":8},"end":{"line":12,"column":34}},"4":{"start":{"line":5,"column":0},"end":{"line":5,"column":21}}},"fnMap":{"0":{"name":"(anonymous_0)","decl":{"start":{"line":7,"column":4},"end":{"line":7,"column":16}},"loc":{"start":{"line":7,"column":19},"end":{"line":9,"column":5}}},"1":{"name":"(anonymous_1)","decl":{"start":{"line":10,"column":4},"end":{"line":10,"column":13}},"loc":{"start":{"line":10,"column":13},"end":{"line":13,"column":5}}}},"branchMap":{},"s":{"0":1,"1":1,"2":1,"3":1,"4":1},"f":{"0":1,"1":1},"b":{}}
,"/Users/wenhao/Desktop/hello_world/interview-assignments/backend/server/app/controller/siteController.ts": {"path":"/Users/wenhao/Desktop/hello_world/interview-assignments/backend/server/app/controller/siteController.ts","statementMap":{"0":{"start":{"line":1,"column":0},"end":{"line":1,"column":33}},"1":{"start":{"line":8,"column":27},"end":{"line":8,"column":31}},"2":{"start":{"line":9,"column":22},"end":{"line":9,"column":31}},"3":{"start":{"line":10,"column":26},"end":{"line":10,"column":54}},"4":{"start":{"line":11,"column":26},"end":{"line":11,"column":87}},"5":{"start":{"line":13,"column":12},"end":{"line":13,"column":82}},"6":{"start":{"line":18,"column":16},"end":{"line":18,"column":52}},"7":{"start":{"line":19,"column":16},"end":{"line":19,"column":23}},"8":{"start":{"line":21,"column":24},"end":{"line":21,"column":74}},"9":{"start":{"line":22,"column":12},"end":{"line":22,"column":42}},"10":{"start":{"line":24,"column":12},"end":{"line":24,"column":100}},"11":{"start":{"line":25,"column":12},"end":{"line":25,"column":33}},"12":{"start":{"line":34,"column":27},"end":{"line":34,"column":31}},"13":{"start":{"line":35,"column":23},"end":{"line":35,"column":33}},"14":{"start":{"line":37,"column":24},"end":{"line":37,"column":74}},"15":{"start":{"line":38,"column":12},"end":{"line":38,"column":42}},"16":{"start":{"line":40,"column":12},"end":{"line":40,"column":100}},"17":{"start":{"line":41,"column":12},"end":{"line":41,"column":33}},"18":{"start":{"line":2,"column":0},"end":{"line":2,"column":21}}},"fnMap":{"0":{"name":"(anonymous_0)","decl":{"start":{"line":7,"column":11},"end":{"line":7,"column":16}},"loc":{"start":{"line":7,"column":26},"end":{"line":27,"column":5}}},"1":{"name":"(anonymous_1)","decl":{"start":{"line":33,"column":11},"end":{"line":33,"column":16}},"loc":{"start":{"line":33,"column":26},"end":{"line":43,"column":5}}}},"branchMap":{},"s":{"0":1,"1":2,"2":2,"3":2,"4":2,"5":0,"6":1,"7":1,"8":1,"9":1,"10":0,"11":0,"12":1,"13":1,"14":1,"15":1,"16":0,"17":0,"18":1},"f":{"0":2,"1":1},"b":{}}
,"/Users/wenhao/Desktop/hello_world/interview-assignments/backend/server/app/enum/errorCode.ts": {"path":"/Users/wenhao/Desktop/hello_world/interview-assignments/backend/server/app/enum/errorCode.ts","statementMap":{"0":{"start":{"line":8,"column":4},"end":{"line":8,"column":47}},"1":{"start":{"line":16,"column":0},"end":{"line":16,"column":25}}},"fnMap":{"0":{"name":"getCode","decl":{"start":{"line":7,"column":9},"end":{"line":7,"column":16}},"loc":{"start":{"line":7,"column":52},"end":{"line":9,"column":1}}}},"branchMap":{},"s":{"0":2,"1":1},"f":{"0":2},"b":{}}
,"/Users/wenhao/Desktop/hello_world/interview-assignments/backend/server/app/extend/context.ts": {"path":"/Users/wenhao/Desktop/hello_world/interview-assignments/backend/server/app/extend/context.ts","statementMap":{"0":{"start":{"line":5,"column":26},"end":{"line":5,"column":29}},"1":{"start":{"line":6,"column":29},"end":{"line":6,"column":36}},"2":{"start":{"line":10,"column":4},"end":{"line":10,"column":19}},"3":{"start":{"line":14,"column":4},"end":{"line":14,"column":53}},"4":{"start":{"line":15,"column":4},"end":{"line":19,"column":6}},"5":{"start":{"line":23,"column":4},"end":{"line":23,"column":53}},"6":{"start":{"line":26,"column":8},"end":{"line":26,"column":34}},"7":{"start":{"line":27,"column":8},"end":{"line":27,"column":49}},"8":{"start":{"line":29,"column":8},"end":{"line":29,"column":33}},"9":{"start":{"line":30,"column":8},"end":{"line":30,"column":39}},"10":{"start":{"line":33,"column":6},"end":{"line":33,"column":21}},"11":{"start":{"line":34,"column":6},"end":{"line":34,"column":31}},"12":{"start":{"line":36,"column":4},"end":{"line":36,"column":75}},"13":{"start":{"line":37,"column":4},"end":{"line":37,"column":75}},"14":{"start":{"line":38,"column":4},"end":{"line":38,"column":44}},"15":{"start":{"line":40,"column":4},"end":{"line":40,"column":26}},"16":{"start":{"line":44,"column":22},"end":{"line":44,"column":52}},"17":{"start":{"line":46,"column":0},"end":{"line":57,"column":2}},"18":{"start":{"line":52,"column":6},"end":{"line":52,"column":51}},"19":{"start":{"line":54,"column":4},"end":{"line":54,"column":31}}},"fnMap":{"0":{"name":"(anonymous_0)","decl":{"start":{"line":9,"column":2},"end":{"line":9,"column":14}},"loc":{"start":{"line":9,"column":17},"end":{"line":11,"column":3}}},"1":{"name":"(anonymous_1)","decl":{"start":{"line":13,"column":2},"end":{"line":13,"column":9}},"loc":{"start":{"line":13,"column":14},"end":{"line":20,"column":3}}},"2":{"name":"(anonymous_2)","decl":{"start":{"line":22,"column":2},"end":{"line":22,"column":7}},"loc":{"start":{"line":22,"column":75},"end":{"line":41,"column":3}}},"3":{"name":"(anonymous_3)","decl":{"start":{"line":50,"column":2},"end":{"line":50,"column":6}},"loc":{"start":{"line":50,"column":18},"end":{"line":55,"column":3}}}},"branchMap":{"0":{"loc":{"start":{"line":22,"column":15},"end":{"line":22,"column":32}},"type":"default-arg","locations":[{"start":{"line":22,"column":15},"end":{"line":22,"column":32}}]},"1":{"loc":{"start":{"line":22,"column":44},"end":{"line":22,"column":64}},"type":"default-arg","locations":[{"start":{"line":22,"column":44},"end":{"line":22,"column":64}}]},"2":{"loc":{"start":{"line":22,"column":73},"end":{"line":22,"column":75}},"type":"default-arg","locations":[{"start":{"line":22,"column":73},"end":{"line":22,"column":75}}]},"3":{"loc":{"start":{"line":27,"column":15},"end":{"line":27,"column":27}},"type":"binary-expr","locations":[{"start":{"line":27,"column":15},"end":{"line":27,"column":27}},{"start":{"line":27,"column":31},"end":{"line":27,"column":48}}]},"4":{"loc":{"start":{"line":36,"column":50},"end":{"line":36,"column":54}},"type":"cond-expr","locations":[{"start":{"line":36,"column":50},"end":{"line":36,"column":54}},{"start":{"line":36,"column":57},"end":{"line":36,"column":74}}]},"5":{"loc":{"start":{"line":36,"column":11},"end":{"line":36,"column":33}},"type":"binary-expr","locations":[{"start":{"line":36,"column":11},"end":{"line":36,"column":33}},{"start":{"line":36,"column":37},"end":{"line":36,"column":47}}]},"6":{"loc":{"start":{"line":37,"column":44},"end":{"line":37,"column":51}},"type":"cond-expr","locations":[{"start":{"line":37,"column":44},"end":{"line":37,"column":51}},{"start":{"line":37,"column":54},"end":{"line":37,"column":74}}]}},"s":{"0":1,"1":1,"2":3,"3":3,"4":3,"5":0,"6":0,"7":0,"8":0,"9":0,"10":0,"11":0,"12":0,"13":0,"14":0,"15":0,"16":1,"17":1,"18":3,"19":3},"f":{"0":3,"1":3,"2":0,"3":3},"b":{"0":[0],"1":[0],"2":[0],"3":[0,0],"4":[0,0],"5":[0,0],"6":[0,0]}}
,"/Users/wenhao/Desktop/hello_world/interview-assignments/backend/server/app/model/url.ts": {"path":"/Users/wenhao/Desktop/hello_world/interview-assignments/backend/server/app/model/url.ts","statementMap":{"0":{"start":{"line":3,"column":0},"end":{"line":3,"column":38}},"1":{"start":{"line":4,"column":0},"end":{"line":60,"column":2}},"2":{"start":{"line":5,"column":4},"end":{"line":59,"column":7}}},"fnMap":{"0":{"name":"(anonymous_0)","decl":{"start":{"line":4,"column":17},"end":{"line":4,"column":26}},"loc":{"start":{"line":4,"column":29},"end":{"line":60,"column":1}}}},"branchMap":{},"s":{"0":1,"1":1,"2":2},"f":{"0":2},"b":{}}
,"/Users/wenhao/Desktop/hello_world/interview-assignments/backend/server/app/router/api.ts": {"path":"/Users/wenhao/Desktop/hello_world/interview-assignments/backend/server/app/router/api.ts","statementMap":{"0":{"start":{"line":3,"column":0},"end":{"line":9,"column":2}},"1":{"start":{"line":4,"column":33},"end":{"line":4,"column":36}},"2":{"start":{"line":6,"column":4},"end":{"line":6,"column":70}},"3":{"start":{"line":8,"column":4},"end":{"line":8,"column":60}}},"fnMap":{"0":{"name":"(anonymous_0)","decl":{"start":{"line":3,"column":15},"end":{"line":3,"column":16}},"loc":{"start":{"line":3,"column":36},"end":{"line":9,"column":1}}}},"branchMap":{},"s":{"0":1,"1":1,"2":1,"3":1},"f":{"0":1},"b":{}}
,"/Users/wenhao/Desktop/hello_world/interview-assignments/backend/server/app/service/siteService.ts": {"path":"/Users/wenhao/Desktop/hello_world/interview-assignments/backend/server/app/service/siteService.ts","statementMap":{"0":{"start":{"line":1,"column":0},"end":{"line":1,"column":30}},"1":{"start":{"line":2,"column":0},"end":{"line":2,"column":33}},"2":{"start":{"line":6,"column":17},"end":{"line":6,"column":38}},"3":{"start":{"line":8,"column":12},"end":{"line":8,"column":42}},"4":{"start":{"line":9,"column":23},"end":{"line":9,"column":35}},"5":{"start":{"line":10,"column":23},"end":{"line":10,"column":35}},"6":{"start":{"line":11,"column":12},"end":{"line":11,"column":72}},"7":{"start":{"line":13,"column":25},"end":{"line":13,"column":43}},"8":{"start":{"line":14,"column":8},"end":{"line":14,"column":24}},"9":{"start":{"line":18,"column":23},"end":{"line":18,"column":79}},"10":{"start":{"line":19,"column":8},"end":{"line":19,"column":40}},"11":{"start":{"line":28,"column":23},"end":{"line":33,"column":10}},"12":{"start":{"line":34,"column":8},"end":{"line":34,"column":31}},"13":{"start":{"line":44,"column":23},"end":{"line":44,"column":47}},"14":{"start":{"line":45,"column":8},"end":{"line":45,"column":27}},"15":{"start":{"line":46,"column":26},"end":{"line":46,"column":46}},"16":{"start":{"line":47,"column":17},"end":{"line":47,"column":19}},"17":{"start":{"line":48,"column":21},"end":{"line":48,"column":22}},"18":{"start":{"line":49,"column":30},"end":{"line":49,"column":74}},"19":{"start":{"line":50,"column":12},"end":{"line":50,"column":39}},"20":{"start":{"line":52,"column":22},"end":{"line":52,"column":42}},"21":{"start":{"line":54,"column":12},"end":{"line":54,"column":31}},"22":{"start":{"line":56,"column":8},"end":{"line":56,"column":18}},"23":{"start":{"line":65,"column":23},"end":{"line":70,"column":10}},"24":{"start":{"line":71,"column":8},"end":{"line":71,"column":24}},"25":{"start":{"line":80,"column":8},"end":{"line":80,"column":57}},"26":{"start":{"line":88,"column":22},"end":{"line":88,"column":26}},"27":{"start":{"line":89,"column":19},"end":{"line":90,"column":61}},"28":{"start":{"line":91,"column":8},"end":{"line":91,"column":18}},"29":{"start":{"line":96,"column":8},"end":{"line":96,"column":54}},"30":{"start":{"line":4,"column":0},"end":{"line":4,"column":21}}},"fnMap":{"0":{"name":"(anonymous_0)","decl":{"start":{"line":5,"column":11},"end":{"line":5,"column":16}},"loc":{"start":{"line":5,"column":38},"end":{"line":15,"column":5}}},"1":{"name":"(anonymous_1)","decl":{"start":{"line":17,"column":11},"end":{"line":17,"column":16}},"loc":{"start":{"line":17,"column":37},"end":{"line":20,"column":5}}},"2":{"name":"(anonymous_2)","decl":{"start":{"line":27,"column":12},"end":{"line":27,"column":17}},"loc":{"start":{"line":27,"column":35},"end":{"line":35,"column":5}}},"3":{"name":"(anonymous_3)","decl":{"start":{"line":43,"column":12},"end":{"line":43,"column":17}},"loc":{"start":{"line":43,"column":48},"end":{"line":57,"column":5}}},"4":{"name":"(anonymous_4)","decl":{"start":{"line":64,"column":12},"end":{"line":64,"column":17}},"loc":{"start":{"line":64,"column":34},"end":{"line":72,"column":5}}},"5":{"name":"(anonymous_5)","decl":{"start":{"line":79,"column":12},"end":{"line":79,"column":18}},"loc":{"start":{"line":79,"column":18},"end":{"line":81,"column":5}}},"6":{"name":"(anonymous_6)","decl":{"start":{"line":87,"column":12},"end":{"line":87,"column":17}},"loc":{"start":{"line":87,"column":17},"end":{"line":92,"column":5}}},"7":{"name":"(anonymous_7)","decl":{"start":{"line":95,"column":12},"end":{"line":95,"column":17}},"loc":{"start":{"line":95,"column":17},"end":{"line":97,"column":5}}}},"branchMap":{"0":{"loc":{"start":{"line":19,"column":24},"end":{"line":19,"column":34}},"type":"cond-expr","locations":[{"start":{"line":19,"column":24},"end":{"line":19,"column":34}},{"start":{"line":19,"column":37},"end":{"line":19,"column":39}}]},"1":{"loc":{"start":{"line":34,"column":21},"end":{"line":34,"column":23}},"type":"cond-expr","locations":[{"start":{"line":34,"column":21},"end":{"line":34,"column":23}},{"start":{"line":34,"column":15},"end":{"line":34,"column":30}}]},"2":{"loc":{"start":{"line":34,"column":15},"end":{"line":34,"column":23}},"type":"binary-expr","locations":[{"start":{"line":34,"column":15},"end":{"line":34,"column":23}},{"start":{"line":34,"column":15},"end":{"line":34,"column":23}}]},"3":{"loc":{"start":{"line":43,"column":47},"end":{"line":43,"column":48}},"type":"default-arg","locations":[{"start":{"line":43,"column":47},"end":{"line":43,"column":48}}]},"4":{"loc":{"start":{"line":89,"column":19},"end":{"line":89,"column":33}},"type":"binary-expr","locations":[{"start":{"line":89,"column":19},"end":{"line":89,"column":33}},{"start":{"line":90,"column":16},"end":{"line":90,"column":48}},{"start":{"line":90,"column":52},"end":{"line":90,"column":61}}]},"5":{"loc":{"start":{"line":96,"column":15},"end":{"line":96,"column":44}},"type":"binary-expr","locations":[{"start":{"line":96,"column":15},"end":{"line":96,"column":44}},{"start":{"line":96,"column":48},"end":{"line":96,"column":53}}]}},"s":{"0":1,"1":1,"2":1,"3":1,"4":1,"5":1,"6":1,"7":1,"8":1,"9":1,"10":1,"11":1,"12":1,"13":1,"14":1,"15":1,"16":1,"17":1,"18":4,"19":4,"20":1,"21":0,"22":1,"23":1,"24":1,"25":1,"26":1,"27":1,"28":1,"29":1,"30":1},"f":{"0":1,"1":1,"2":1,"3":1,"4":1,"5":1,"6":1,"7":1},"b":{"0":[1,0],"1":[1,0],"2":[1,0],"3":[1],"4":[1,0,0],"5":[1,0]}}
,"/Users/wenhao/Desktop/hello_world/interview-assignments/backend/server/app/validator/site.ts": {"path":"/Users/wenhao/Desktop/hello_world/interview-assignments/backend/server/app/validator/site.ts","statementMap":{"0":{"start":{"line":5,"column":0},"end":{"line":12,"column":null}},"1":{"start":{"line":6,"column":16},"end":{"line":6,"column":23}},"2":{"start":{"line":7,"column":4},"end":{"line":11,"column":6}}},"fnMap":{"0":{"name":"(anonymous_0)","decl":{"start":{"line":5,"column":17},"end":{"line":5,"column":18}},"loc":{"start":{"line":5,"column":38},"end":{"line":12,"column":1}}}},"branchMap":{},"s":{"0":1,"1":1,"2":1},"f":{"0":1},"b":{}}
,"/Users/wenhao/Desktop/hello_world/interview-assignments/backend/server/config/config.default.ts": {"path":"/Users/wenhao/Desktop/hello_world/interview-assignments/backend/server/config/config.default.ts","statementMap":{"0":{"start":{"line":3,"column":0},"end":{"line":37,"column":null}},"1":{"start":{"line":4,"column":19},"end":{"line":4,"column":51}},"2":{"start":{"line":5,"column":4},"end":{"line":5,"column":48}},"3":{"start":{"line":7,"column":4},"end":{"line":11,"column":6}},"4":{"start":{"line":14,"column":4},"end":{"line":32,"column":6}},"5":{"start":{"line":24,"column":12},"end":{"line":24,"column":25}},"6":{"start":{"line":27,"column":12},"end":{"line":27,"column":25}},"7":{"start":{"line":30,"column":12},"end":{"line":30,"column":26}},"8":{"start":{"line":34,"column":4},"end":{"line":35,"column":null}}},"fnMap":{"0":{"name":"(anonymous_0)","decl":{"start":{"line":3,"column":15},"end":{"line":3,"column":16}},"loc":{"start":{"line":3,"column":39},"end":{"line":37,"column":1}}},"1":{"name":"(anonymous_1)","decl":{"start":{"line":23,"column":21},"end":{"line":23,"column":22}},"loc":{"start":{"line":23,"column":31},"end":{"line":25,"column":9}}},"2":{"name":"(anonymous_2)","decl":{"start":{"line":26,"column":21},"end":{"line":26,"column":22}},"loc":{"start":{"line":26,"column":31},"end":{"line":28,"column":9}}},"3":{"name":"(anonymous_3)","decl":{"start":{"line":29,"column":22},"end":{"line":29,"column":23}},"loc":{"start":{"line":29,"column":33},"end":{"line":31,"column":9}}}},"branchMap":{},"s":{"0":1,"1":4,"2":4,"3":4,"4":4,"5":0,"6":0,"7":2,"8":4},"f":{"0":4,"1":0,"2":0,"3":2},"b":{}}
,"/Users/wenhao/Desktop/hello_world/interview-assignments/backend/server/config/config.unittest.ts": {"path":"/Users/wenhao/Desktop/hello_world/interview-assignments/backend/server/config/config.unittest.ts","statementMap":{"0":{"start":{"line":2,"column":0},"end":{"line":20,"column":null}},"1":{"start":{"line":3,"column":47},"end":{"line":3,"column":49}},"2":{"start":{"line":5,"column":4},"end":{"line":15,"column":6}},"3":{"start":{"line":17,"column":4},"end":{"line":18,"column":null}}},"fnMap":{"0":{"name":"(anonymous_0)","decl":{"start":{"line":2,"column":15},"end":{"line":2,"column":18}},"loc":{"start":{"line":2,"column":20},"end":{"line":20,"column":1}}}},"branchMap":{},"s":{"0":1,"1":4,"2":4,"3":4},"f":{"0":4},"b":{}}
,"/Users/wenhao/Desktop/hello_world/interview-assignments/backend/server/config/plugin.ts": {"path":"/Users/wenhao/Desktop/hello_world/interview-assignments/backend/server/config/plugin.ts","statementMap":{"0":{"start":{"line":23,"column":0},"end":{"line":23,"column":22}}},"fnMap":{},"branchMap":{},"s":{"0":1},"f":{},"b":{}}
}
