TN:
SF:/Users/wenhao/Desktop/hello_world/interview-assignments/backend/server/app.ts
FN:7,(anonymous_0)
FN:10,(anonymous_1)
FNF:2
FNH:2
FNDA:1,(anonymous_0)
FNDA:1,(anonymous_1)
DA:2,1
DA:5,1
DA:8,1
DA:11,1
DA:12,1
LF:5
LH:5
BRF:0
BRH:0
end_of_record
TN:
SF:/Users/wenhao/Desktop/hello_world/interview-assignments/backend/server/app/controller/siteController.ts
FN:7,(anonymous_0)
FN:33,(anonymous_1)
FNF:2
FNH:2
FNDA:2,(anonymous_0)
FNDA:1,(anonymous_1)
DA:1,1
DA:2,1
DA:8,2
DA:9,2
DA:10,2
DA:11,2
DA:13,0
DA:18,1
DA:19,1
DA:21,1
DA:22,1
DA:24,0
DA:25,0
DA:34,1
DA:35,1
DA:37,1
DA:38,1
DA:40,0
DA:41,0
LF:19
LH:14
BRF:0
BRH:0
end_of_record
TN:
SF:/Users/wenhao/Desktop/hello_world/interview-assignments/backend/server/app/enum/errorCode.ts
FN:7,getCode
FNF:1
FNH:1
FNDA:2,getCode
DA:8,2
DA:16,1
LF:2
LH:2
BRF:0
BRH:0
end_of_record
TN:
SF:/Users/wenhao/Desktop/hello_world/interview-assignments/backend/server/app/extend/context.ts
FN:9,(anonymous_0)
FN:13,(anonymous_1)
FN:22,(anonymous_2)
FN:50,(anonymous_3)
FNF:4
FNH:3
FNDA:3,(anonymous_0)
FNDA:3,(anonymous_1)
FNDA:0,(anonymous_2)
FNDA:3,(anonymous_3)
DA:5,1
DA:6,1
DA:10,3
DA:14,3
DA:15,3
DA:23,0
DA:26,0
DA:27,0
DA:29,0
DA:30,0
DA:33,0
DA:34,0
DA:36,0
DA:37,0
DA:38,0
DA:40,0
DA:44,1
DA:46,1
DA:52,3
DA:54,3
LF:20
LH:9
BRDA:22,0,0,0
BRDA:22,1,0,0
BRDA:22,2,0,0
BRDA:27,3,0,0
BRDA:27,3,1,0
BRDA:36,4,0,0
BRDA:36,4,1,0
BRDA:36,5,0,0
BRDA:36,5,1,0
BRDA:37,6,0,0
BRDA:37,6,1,0
BRF:11
BRH:0
end_of_record
TN:
SF:/Users/wenhao/Desktop/hello_world/interview-assignments/backend/server/app/model/url.ts
FN:4,(anonymous_0)
FNF:1
FNH:1
FNDA:2,(anonymous_0)
DA:3,1
DA:4,1
DA:5,2
LF:3
LH:3
BRF:0
BRH:0
end_of_record
TN:
SF:/Users/wenhao/Desktop/hello_world/interview-assignments/backend/server/app/router/api.ts
FN:3,(anonymous_0)
FNF:1
FNH:1
FNDA:1,(anonymous_0)
DA:3,1
DA:4,1
DA:6,1
DA:8,1
LF:4
LH:4
BRF:0
BRH:0
end_of_record
TN:
SF:/Users/wenhao/Desktop/hello_world/interview-assignments/backend/server/app/service/siteService.ts
FN:5,(anonymous_0)
FN:17,(anonymous_1)
FN:27,(anonymous_2)
FN:43,(anonymous_3)
FN:64,(anonymous_4)
FN:79,(anonymous_5)
FN:87,(anonymous_6)
FN:95,(anonymous_7)
FNF:8
FNH:8
FNDA:1,(anonymous_0)
FNDA:1,(anonymous_1)
FNDA:1,(anonymous_2)
FNDA:1,(anonymous_3)
FNDA:1,(anonymous_4)
FNDA:1,(anonymous_5)
FNDA:1,(anonymous_6)
FNDA:1,(anonymous_7)
DA:1,1
DA:2,1
DA:4,1
DA:6,1
DA:8,1
DA:9,1
DA:10,1
DA:11,1
DA:13,1
DA:14,1
DA:18,1
DA:19,1
DA:28,1
DA:34,1
DA:44,1
DA:45,1
DA:46,1
DA:47,1
DA:48,1
DA:49,4
DA:50,4
DA:52,1
DA:54,0
DA:56,1
DA:65,1
DA:71,1
DA:80,1
DA:88,1
DA:89,1
DA:91,1
DA:96,1
LF:31
LH:30
BRDA:19,0,0,1
BRDA:19,0,1,0
BRDA:34,1,0,1
BRDA:34,1,1,0
BRDA:34,2,0,1
BRDA:34,2,1,0
BRDA:43,3,0,1
BRDA:89,4,0,1
BRDA:89,4,1,0
BRDA:89,4,2,0
BRDA:96,5,0,1
BRDA:96,5,1,0
BRF:12
BRH:6
end_of_record
TN:
SF:/Users/wenhao/Desktop/hello_world/interview-assignments/backend/server/app/validator/site.ts
FN:5,(anonymous_0)
FNF:1
FNH:1
FNDA:1,(anonymous_0)
DA:5,1
DA:6,1
DA:7,1
LF:3
LH:3
BRF:0
BRH:0
end_of_record
TN:
SF:/Users/wenhao/Desktop/hello_world/interview-assignments/backend/server/config/config.default.ts
FN:3,(anonymous_0)
FN:23,(anonymous_1)
FN:26,(anonymous_2)
FN:29,(anonymous_3)
FNF:4
FNH:2
FNDA:4,(anonymous_0)
FNDA:0,(anonymous_1)
FNDA:0,(anonymous_2)
FNDA:2,(anonymous_3)
DA:3,1
DA:4,4
DA:5,4
DA:7,4
DA:14,4
DA:24,0
DA:27,0
DA:30,2
DA:34,4
LF:9
LH:7
BRF:0
BRH:0
end_of_record
TN:
SF:/Users/wenhao/Desktop/hello_world/interview-assignments/backend/server/config/config.unittest.ts
FN:2,(anonymous_0)
FNF:1
FNH:1
FNDA:4,(anonymous_0)
DA:2,1
DA:3,4
DA:5,4
DA:17,4
LF:4
LH:4
BRF:0
BRH:0
end_of_record
TN:
SF:/Users/wenhao/Desktop/hello_world/interview-assignments/backend/server/config/plugin.ts
FNF:0
FNH:0
DA:23,1
LF:1
LH:1
BRF:0
BRH:0
end_of_record
