TN:
SF:src/app.ts
FNF:0
FNH:0
DA:1,1
DA:2,1
DA:3,1
DA:4,1
DA:5,1
DA:6,1
DA:7,1
DA:8,1
DA:9,1
DA:10,1
DA:11,1
DA:12,1
DA:13,1
DA:14,1
DA:15,1
DA:16,1
DA:17,0
DA:18,0
DA:19,0
DA:20,0
DA:21,1
DA:22,1
DA:23,1
DA:24,1
DA:25,1
DA:26,1
DA:27,1
DA:28,1
DA:29,1
DA:30,1
DA:31,1
DA:32,0
DA:33,1
DA:34,1
DA:35,1
DA:36,1
DA:37,1
DA:38,1
DA:39,1
DA:40,1
DA:41,1
DA:42,1
DA:43,1
DA:44,1
DA:45,1
DA:46,3
DA:47,2
DA:48,2
DA:49,2
DA:50,3
DA:51,1
DA:52,1
DA:53,1
LF:53
LH:48
BRDA:27,0,0,1
BRDA:27,1,0,1
BRDA:32,2,0,0
BRDA:36,3,0,1
BRDA:36,4,0,1
BRDA:45,5,0,3
BRDA:45,6,0,3
BRDA:46,7,0,2
BRF:8
BRH:7
end_of_record
TN:
SF:src/dbClients.ts
FNF:0
FNH:0
DA:1,1
DA:2,1
DA:3,1
DA:4,1
DA:5,1
DA:6,1
DA:7,1
DA:8,1
LF:8
LH:8
BRF:0
BRH:0
end_of_record
TN:
SF:src/dbInit.ts
FN:9,createTable
FN:40,getTableLst
FNF:2
FNH:0
FNDA:0,createTable
FNDA:0,getTableLst
DA:1,1
DA:2,1
DA:3,1
DA:4,1
DA:5,1
DA:6,1
DA:7,1
DA:8,1
DA:9,1
DA:10,0
DA:11,0
DA:12,0
DA:13,0
DA:14,0
DA:15,0
DA:16,0
DA:17,0
DA:18,0
DA:19,0
DA:20,0
DA:21,0
DA:22,0
DA:23,0
DA:24,0
DA:25,0
DA:26,0
DA:27,0
DA:28,0
DA:29,0
DA:30,0
DA:31,0
DA:32,0
DA:33,0
DA:34,0
DA:35,0
DA:36,0
DA:37,0
DA:38,0
DA:39,1
DA:40,1
DA:41,0
DA:42,0
LF:42
LH:11
BRF:0
BRH:0
end_of_record
TN:
SF:src/redisCache.ts
FN:10,setValue
FN:17,getValue
FNF:2
FNH:2
FNDA:1,setValue
FNDA:2,getValue
DA:1,1
DA:2,1
DA:3,1
DA:4,1
DA:5,1
DA:6,1
DA:7,1
DA:8,1
DA:9,1
DA:10,1
DA:11,1
DA:12,0
DA:13,0
DA:14,1
DA:15,1
DA:16,1
DA:17,1
DA:18,2
DA:19,2
DA:20,0
DA:21,0
DA:22,2
DA:23,2
DA:24,2
DA:25,0
DA:26,0
DA:27,2
LF:27
LH:21
BRDA:10,0,0,1
BRDA:10,1,0,1
BRDA:11,2,0,0
BRDA:17,3,0,2
BRDA:17,4,0,2
BRDA:19,5,0,0
BRDA:23,6,0,1
BRDA:24,7,0,0
BRF:8
BRH:5
end_of_record
TN:
SF:src/service.ts
FN:9,generateUrl
FN:33,getUrl
FNF:2
FNH:2
FNDA:2,generateUrl
FNDA:2,getUrl
DA:1,1
DA:2,1
DA:3,1
DA:4,1
DA:5,1
DA:6,1
DA:7,1
DA:8,1
DA:9,1
DA:10,2
DA:11,2
DA:12,2
DA:13,2
DA:14,2
DA:15,2
DA:16,2
DA:17,2
DA:18,2
DA:19,2
DA:20,2
DA:21,2
DA:22,2
DA:23,2
DA:24,2
DA:25,2
DA:26,2
DA:27,2
DA:28,2
DA:29,2
DA:30,2
DA:31,2
DA:32,1
DA:33,1
DA:34,2
DA:35,2
DA:36,1
DA:37,1
DA:38,1
DA:39,1
DA:40,1
DA:41,1
DA:42,1
DA:43,1
DA:44,1
DA:45,1
DA:46,1
DA:47,1
DA:48,2
DA:49,1
DA:50,1
DA:51,1
DA:52,2
DA:53,2
LF:53
LH:53
BRDA:9,0,0,2
BRDA:9,1,0,2
BRDA:33,2,0,2
BRDA:33,3,0,2
BRDA:35,4,0,1
BRDA:48,5,0,0
BRDA:48,6,0,1
BRDA:48,7,0,1
BRDA:49,8,0,0
BRDA:52,9,0,0
BRDA:52,10,0,1
BRDA:52,11,0,0
BRF:12
BRH:8
end_of_record
