TN:
SF:src/app.ts
FNF:0
FNH:0
DA:1,1
DA:2,1
DA:3,1
DA:4,1
DA:5,1
DA:6,1
DA:7,1
DA:8,1
DA:9,1
DA:10,1
DA:11,1
DA:12,1
DA:13,1
DA:14,1
DA:15,1
DA:16,1
DA:17,0
DA:18,0
DA:19,0
DA:20,0
DA:21,1
DA:22,1
DA:23,1
DA:24,1
DA:25,1
DA:26,1
DA:27,1
DA:28,1
DA:29,1
DA:30,1
DA:31,0
DA:32,1
DA:33,1
DA:34,1
DA:35,1
DA:36,1
DA:37,1
DA:38,1
DA:39,1
DA:40,1
DA:41,1
DA:42,1
DA:43,1
DA:44,1
DA:45,3
DA:46,2
DA:47,2
DA:48,2
DA:49,3
DA:50,1
DA:51,1
DA:52,1
LF:52
LH:47
BRDA:26,0,0,1
BRDA:26,1,0,1
BRDA:31,2,0,0
BRDA:35,3,0,1
BRDA:35,4,0,1
BRDA:44,5,0,3
BRDA:44,6,0,3
BRDA:45,7,0,2
BRF:8
BRH:7
end_of_record
TN:
SF:src/db.ts
FN:17,createTable
FN:50,getTableList
FNF:2
FNH:0
FNDA:0,createTable
FNDA:0,getTableList
DA:1,1
DA:2,1
DA:3,1
DA:4,1
DA:5,1
DA:6,1
DA:7,1
DA:8,1
DA:9,1
DA:10,1
DA:11,1
DA:12,1
DA:13,1
DA:14,1
DA:15,1
DA:16,1
DA:17,1
DA:18,0
DA:19,0
DA:20,0
DA:21,0
DA:22,0
DA:23,0
DA:24,0
DA:25,0
DA:26,0
DA:27,0
DA:28,0
DA:29,0
DA:30,0
DA:31,0
DA:32,0
DA:33,0
DA:34,0
DA:35,0
DA:36,0
DA:37,0
DA:38,0
DA:39,0
DA:40,0
DA:41,0
DA:42,0
DA:43,0
DA:44,0
DA:45,0
DA:46,0
DA:47,0
DA:48,0
DA:49,1
DA:50,1
DA:51,0
DA:52,0
LF:52
LH:19
BRF:0
BRH:0
end_of_record
TN:
SF:src/redisCache.ts
FN:10,setValue
FN:17,getValue
FNF:2
FNH:2
FNDA:2,setValue
FNDA:2,getValue
DA:1,1
DA:2,1
DA:3,1
DA:4,1
DA:5,1
DA:6,1
DA:7,1
DA:8,1
DA:9,1
DA:10,1
DA:11,2
DA:12,0
DA:13,0
DA:14,2
DA:15,2
DA:16,1
DA:17,1
DA:18,2
DA:19,2
DA:20,0
DA:21,0
DA:22,2
DA:23,2
DA:24,2
DA:25,0
DA:26,0
DA:27,2
LF:27
LH:21
BRDA:10,0,0,2
BRDA:10,1,0,2
BRDA:11,2,0,0
BRDA:17,3,0,2
BRDA:17,4,0,2
BRDA:19,5,0,0
BRDA:24,6,0,0
BRF:7
BRH:4
end_of_record
TN:
SF:src/service.ts
FN:9,generateUrl
FN:33,getUrl
FNF:2
FNH:2
FNDA:2,generateUrl
FNDA:2,getUrl
DA:1,1
DA:2,1
DA:3,1
DA:4,1
DA:5,1
DA:6,1
DA:7,1
DA:8,1
DA:9,1
DA:10,2
DA:11,2
DA:12,2
DA:13,2
DA:14,2
DA:15,2
DA:16,2
DA:17,2
DA:18,2
DA:19,2
DA:20,2
DA:21,2
DA:22,2
DA:23,2
DA:24,2
DA:25,2
DA:26,2
DA:27,2
DA:28,2
DA:29,2
DA:30,2
DA:31,2
DA:32,1
DA:33,1
DA:34,2
DA:35,2
DA:36,0
DA:37,0
DA:38,2
DA:39,2
DA:40,2
DA:41,2
DA:42,2
DA:43,2
DA:44,2
DA:45,2
DA:46,2
DA:47,2
DA:48,2
DA:49,2
DA:50,2
DA:51,2
DA:52,2
DA:53,2
LF:53
LH:51
BRDA:9,0,0,2
BRDA:9,1,0,2
BRDA:33,2,0,2
BRDA:33,3,0,2
BRDA:35,4,0,0
BRDA:48,5,0,0
BRDA:49,6,0,0
BRDA:52,7,0,0
BRDA:52,8,0,0
BRF:9
BRH:4
end_of_record
