{"/Users/edz/IdeaProjects/demo/hs/src/config/db.ts": {"path":"/Users/edz/IdeaProjects/demo/hs/src/config/db.ts","statementMap":{"0":{"start":{"line":1,"column":0},"end":{"line":1,"column":38}},"1":{"start":{"line":5,"column":15},"end":{"line":5,"column":19}},"2":{"start":{"line":7,"column":13},"end":{"line":7,"column":19}},"3":{"start":{"line":9,"column":17},"end":{"line":9,"column":29}},"4":{"start":{"line":11,"column":17},"end":{"line":15,"column":2}},"5":{"start":{"line":17,"column":0},"end":{"line":17,"column":24}}},"fnMap":{},"branchMap":{},"s":{"0":1,"1":1,"2":1,"3":1,"4":1,"5":1},"f":{},"b":{}}
,"/Users/edz/IdeaProjects/demo/hs/src/controller/api.controller.ts": {"path":"/Users/edz/IdeaProjects/demo/hs/src/controller/api.controller.ts","statementMap":{"0":{"start":{"line":2,"column":0},"end":{"line":2,"column":43}},"1":{"start":{"line":10,"column":28},"end":{"line":44,"column":null}},"2":{"start":{"line":10,"column":65},"end":{"line":44,"column":null}},"3":{"start":{"line":11,"column":20},"end":{"line":11,"column":30}},"4":{"start":{"line":13,"column":43},"end":{"line":15,"column":6}},"5":{"start":{"line":17,"column":4},"end":{"line":39,"column":null}},"6":{"start":{"line":19,"column":41},"end":{"line":19,"column":85}},"7":{"start":{"line":21,"column":23},"end":{"line":21,"column":40}},"8":{"start":{"line":23,"column":26},"end":{"line":27,"column":10}},"9":{"start":{"line":28,"column":8},"end":{"line":38,"column":null}},"10":{"start":{"line":29,"column":12},"end":{"line":32,"column":15}},"11":{"start":{"line":34,"column":12},"end":{"line":37,"column":15}},"12":{"start":{"line":40,"column":4},"end":{"line":43,"column":7}},"13":{"start":{"line":10,"column":13},"end":{"line":10,"column":28}},"14":{"start":{"line":52,"column":27},"end":{"line":68,"column":null}},"15":{"start":{"line":52,"column":64},"end":{"line":68,"column":null}},"16":{"start":{"line":53,"column":20},"end":{"line":53,"column":30}},"17":{"start":{"line":55,"column":38},"end":{"line":57,"column":6}},"18":{"start":{"line":58,"column":4},"end":{"line":63,"column":null}},"19":{"start":{"line":59,"column":8},"end":{"line":62,"column":null}},"20":{"start":{"line":64,"column":4},"end":{"line":67,"column":null}},"21":{"start":{"line":52,"column":13},"end":{"line":52,"column":27}},"22":{"start":{"line":71,"column":4},"end":{"line":77,"column":null}},"23":{"start":{"line":72,"column":22},"end":{"line":72,"column":31}},"24":{"start":{"line":73,"column":8},"end":{"line":76,"column":null}},"25":{"start":{"line":78,"column":26},"end":{"line":78,"column":28}},"26":{"start":{"line":79,"column":16},"end":{"line":79,"column":90}},"27":{"start":{"line":80,"column":16},"end":{"line":80,"column":28}},"28":{"start":{"line":81,"column":18},"end":{"line":81,"column":25}},"29":{"start":{"line":82,"column":14},"end":{"line":82,"column":16}},"30":{"start":{"line":84,"column":4},"end":{"line":88,"column":22}},"31":{"start":{"line":85,"column":8},"end":{"line":85,"column":30}},"32":{"start":{"line":86,"column":8},"end":{"line":86,"column":42}},"33":{"start":{"line":87,"column":8},"end":{"line":87,"column":32}},"34":{"start":{"line":89,"column":18},"end":{"line":89,"column":30}},"35":{"start":{"line":90,"column":4},"end":{"line":90,"column":111}},"36":{"start":{"line":91,"column":4},"end":{"line":95,"column":null}},"37":{"start":{"line":98,"column":17},"end":{"line":118,"column":1}},"38":{"start":{"line":99,"column":14},"end":{"line":99,"column":16}},"39":{"start":{"line":100,"column":16},"end":{"line":100,"column":19}},"40":{"start":{"line":101,"column":22},"end":{"line":101,"column":23}},"41":{"start":{"line":102,"column":14},"end":{"line":102,"column":324}},"42":{"start":{"line":103,"column":4},"end":{"line":107,"column":null}},"43":{"start":{"line":104,"column":8},"end":{"line":106,"column":null}},"44":{"start":{"line":105,"column":12},"end":{"line":105,"column":null}},"45":{"start":{"line":110,"column":4},"end":{"line":112,"column":null}},"46":{"start":{"line":111,"column":8},"end":{"line":111,"column":60}},"47":{"start":{"line":113,"column":4},"end":{"line":116,"column":null}},"48":{"start":{"line":113,"column":16},"end":{"line":113,"column":17}},"49":{"start":{"line":114,"column":8},"end":{"line":114,"column":57}},"50":{"start":{"line":115,"column":8},"end":{"line":115,"column":24}},"51":{"start":{"line":117,"column":4},"end":{"line":117,"column":15}},"52":{"start":{"line":127,"column":16},"end":{"line":127,"column":30}},"53":{"start":{"line":128,"column":4},"end":{"line":128,"column":31}}},"fnMap":{"0":{"name":"(anonymous_8)","decl":{"start":{"line":10,"column":28},"end":{"line":10,"column":34}},"loc":{"start":{"line":10,"column":65},"end":{"line":44,"column":null}}},"1":{"name":"(anonymous_9)","decl":{"start":{"line":10,"column":65},"end":{"line":10,"column":null}},"loc":{"start":{"line":10,"column":65},"end":{"line":44,"column":1}}},"2":{"name":"(anonymous_10)","decl":{"start":{"line":52,"column":27},"end":{"line":52,"column":33}},"loc":{"start":{"line":52,"column":64},"end":{"line":68,"column":null}}},"3":{"name":"(anonymous_11)","decl":{"start":{"line":52,"column":64},"end":{"line":52,"column":null}},"loc":{"start":{"line":52,"column":64},"end":{"line":68,"column":1}}},"4":{"name":"EncodeStr","decl":{"start":{"line":70,"column":9},"end":{"line":70,"column":18}},"loc":{"start":{"line":70,"column":33},"end":{"line":96,"column":1}}},"5":{"name":"(anonymous_13)","decl":{"start":{"line":98,"column":17},"end":{"line":98,"column":18}},"loc":{"start":{"line":98,"column":89},"end":{"line":118,"column":1}}},"6":{"name":"(anonymous_14)","decl":{"start":{"line":104,"column":24},"end":{"line":104,"column":28}},"loc":{"start":{"line":104,"column":30},"end":{"line":106,"column":9}}},"7":{"name":"getShortPath","decl":{"start":{"line":126,"column":9},"end":{"line":126,"column":21}},"loc":{"start":{"line":126,"column":34},"end":{"line":129,"column":1}}}},"branchMap":{"0":{"loc":{"start":{"line":17,"column":4},"end":{"line":39,"column":null}},"type":"if","locations":[{"start":{"line":17,"column":4},"end":{"line":39,"column":null}}]},"1":{"loc":{"start":{"line":17,"column":7},"end":{"line":17,"column":37}},"type":"binary-expr","locations":[{"start":{"line":17,"column":7},"end":{"line":17,"column":16}},{"start":{"line":17,"column":20},"end":{"line":17,"column":37}}]},"2":{"loc":{"start":{"line":28,"column":8},"end":{"line":38,"column":null}},"type":"if","locations":[{"start":{"line":28,"column":8},"end":{"line":38,"column":null}},{"start":{"line":33,"column":15},"end":{"line":38,"column":null}}]},"3":{"loc":{"start":{"line":58,"column":4},"end":{"line":63,"column":null}},"type":"if","locations":[{"start":{"line":58,"column":4},"end":{"line":63,"column":null}}]},"4":{"loc":{"start":{"line":71,"column":4},"end":{"line":77,"column":null}},"type":"if","locations":[{"start":{"line":71,"column":4},"end":{"line":77,"column":null}}]},"5":{"loc":{"start":{"line":90,"column":14},"end":{"line":90,"column":110}},"type":"cond-expr","locations":[{"start":{"line":90,"column":37},"end":{"line":90,"column":101}},{"start":{"line":90,"column":103},"end":{"line":90,"column":110}}]},"6":{"loc":{"start":{"line":103,"column":4},"end":{"line":107,"column":null}},"type":"if","locations":[{"start":{"line":103,"column":4},"end":{"line":107,"column":null}}]},"7":{"loc":{"start":{"line":110,"column":4},"end":{"line":112,"column":null}},"type":"if","locations":[{"start":{"line":110,"column":4},"end":{"line":112,"column":null}}]}},"s":{"0":1,"1":1,"2":0,"3":0,"4":0,"5":0,"6":0,"7":0,"8":0,"9":0,"10":0,"11":0,"12":0,"13":1,"14":1,"15":0,"16":0,"17":0,"18":0,"19":0,"20":0,"21":1,"22":0,"23":0,"24":0,"25":0,"26":0,"27":0,"28":0,"29":0,"30":0,"31":0,"32":0,"33":0,"34":0,"35":0,"36":0,"37":1,"38":0,"39":0,"40":0,"41":0,"42":0,"43":0,"44":0,"45":0,"46":0,"47":0,"48":0,"49":0,"50":0,"51":0,"52":0,"53":0},"f":{"0":0,"1":0,"2":0,"3":0,"4":0,"5":0,"6":0,"7":0},"b":{"0":[0],"1":[0,0],"2":[0,0],"3":[0],"4":[0],"5":[0,0],"6":[0],"7":[0]}}
,"/Users/edz/IdeaProjects/demo/hs/src/model/shortLink.ts": {"path":"/Users/edz/IdeaProjects/demo/hs/src/model/shortLink.ts","statementMap":{"0":{"start":{"line":1,"column":0},"end":{"line":1,"column":47}},"1":{"start":{"line":2,"column":0},"end":{"line":2,"column":36}},"2":{"start":{"line":4,"column":13},"end":{"line":25,"column":41}},"3":{"start":{"line":27,"column":0},"end":{"line":27,"column":20}}},"fnMap":{},"branchMap":{},"s":{"0":1,"1":1,"2":1,"3":1},"f":{},"b":{}}
}
