TN:
SF:src/config/db.ts
FNF:0
FNH:0
DA:1,1
DA:5,1
DA:7,1
DA:9,1
DA:11,1
DA:17,1
LF:6
LH:6
BRF:0
BRH:0
end_of_record
TN:
SF:src/controller/api.controller.ts
FN:10,(anonymous_8)
FN:10,(anonymous_9)
FN:52,(anonymous_10)
FN:52,(anonymous_11)
FN:70,EncodeStr
FN:98,(anonymous_13)
FN:104,(anonymous_14)
FN:126,getShortPath
FNF:8
FNH:0
FNDA:0,(anonymous_8)
FNDA:0,(anonymous_9)
FNDA:0,(anonymous_10)
FNDA:0,(anonymous_11)
FNDA:0,EncodeStr
FNDA:0,(anonymous_13)
FNDA:0,(anonymous_14)
FNDA:0,getShortPath
DA:2,1
DA:10,1
DA:11,0
DA:13,0
DA:17,0
DA:19,0
DA:21,0
DA:23,0
DA:28,0
DA:29,0
DA:34,0
DA:40,0
DA:52,1
DA:53,0
DA:55,0
DA:58,0
DA:59,0
DA:64,0
DA:71,0
DA:72,0
DA:73,0
DA:78,0
DA:79,0
DA:80,0
DA:81,0
DA:82,0
DA:84,0
DA:85,0
DA:86,0
DA:87,0
DA:89,0
DA:90,0
DA:91,0
DA:98,1
DA:99,0
DA:100,0
DA:101,0
DA:102,0
DA:103,0
DA:104,0
DA:105,0
DA:110,0
DA:111,0
DA:113,0
DA:114,0
DA:115,0
DA:117,0
DA:127,0
DA:128,0
LF:49
LH:4
BRDA:17,0,0,0
BRDA:17,1,0,0
BRDA:17,1,1,0
BRDA:28,2,0,0
BRDA:28,2,1,0
BRDA:58,3,0,0
BRDA:71,4,0,0
BRDA:90,5,0,0
BRDA:90,5,1,0
BRDA:103,6,0,0
BRDA:110,7,0,0
BRF:11
BRH:0
end_of_record
TN:
SF:src/model/shortLink.ts
FNF:0
FNH:0
DA:1,1
DA:2,1
DA:4,1
DA:27,1
LF:4
LH:4
BRF:0
BRH:0
end_of_record
