2022-12-31 16:16:36 error: uncaughtException: Cannot find module '@controllers/users.controller'
Require stack:
- C:\Users\kf701\Downloads\DYMDemo\src\routes\users.route.ts
- C:\Users\kf701\Downloads\DYMDemo\src\server.ts
Error: Cannot find module '@controllers/users.controller'
Require stack:
- C:\Users\kf701\Downloads\DYMDemo\src\routes\users.route.ts
- C:\Users\kf701\Downloads\DYMDemo\src\server.ts
    at Function.Module._resolveFilename (node:internal/modules/cjs/loader:995:15)
    at Function.Module._resolveFilename.sharedData.moduleResolveFilenameHook.installedValue (C:\Users\kf701\Downloads\DYMDemo\node_modules\@cspotcode\source-map-support\source-map-support.js:811:30)
    at Function.Module._resolveFilename (C:\Users\kf701\Downloads\DYMDemo\node_modules\tsconfig-paths\src\register.ts:115:36)
    at Function.Module._load (node:internal/modules/cjs/loader:841:27)
    at Module.require (node:internal/modules/cjs/loader:1061:19)
    at require (node:internal/modules/cjs/helpers:103:18)
    at Object.<anonymous> (C:\Users\kf701\Downloads\DYMDemo\src\routes\users.route.ts:2:1)
    at Module._compile (node:internal/modules/cjs/loader:1159:14)
    at Module.m._compile (C:\Users\kf701\Downloads\DYMDemo\node_modules\ts-node\src\index.ts:1618:23)
    at Module._extensions..js (node:internal/modules/cjs/loader:1213:10)
2022-12-31 16:19:27 error: uncaughtException: Cannot find module '@controllers/users.controller'
Require stack:
- C:\Users\kf701\Downloads\DYMDemo\src\routes\users.route.ts
- C:\Users\kf701\Downloads\DYMDemo\src\server.ts
Error: Cannot find module '@controllers/users.controller'
Require stack:
- C:\Users\kf701\Downloads\DYMDemo\src\routes\users.route.ts
- C:\Users\kf701\Downloads\DYMDemo\src\server.ts
    at Function.Module._resolveFilename (node:internal/modules/cjs/loader:995:15)
    at Function.Module._resolveFilename.sharedData.moduleResolveFilenameHook.installedValue (C:\Users\kf701\Downloads\DYMDemo\node_modules\@cspotcode\source-map-support\source-map-support.js:811:30)
    at Function.Module._resolveFilename (C:\Users\kf701\Downloads\DYMDemo\node_modules\tsconfig-paths\src\register.ts:115:36)
    at Function.Module._load (node:internal/modules/cjs/loader:841:27)
    at Module.require (node:internal/modules/cjs/loader:1061:19)
    at require (node:internal/modules/cjs/helpers:103:18)
    at Object.<anonymous> (C:\Users\kf701\Downloads\DYMDemo\src\routes\users.route.ts:2:1)
    at Module._compile (node:internal/modules/cjs/loader:1159:14)
    at Module.m._compile (C:\Users\kf701\Downloads\DYMDemo\node_modules\ts-node\src\index.ts:1618:23)
    at Module._extensions..js (node:internal/modules/cjs/loader:1213:10)
2022-12-31 16:19:45 error: uncaughtException: Cannot find module '@models/users.model'
Require stack:
- C:\Users\kf701\Downloads\DYMDemo\src\services\auth.service.ts
- C:\Users\kf701\Downloads\DYMDemo\src\controllers\auth.controller.ts
- C:\Users\kf701\Downloads\DYMDemo\src\routes\auth.route.ts
- C:\Users\kf701\Downloads\DYMDemo\src\server.ts
Error: Cannot find module '@models/users.model'
Require stack:
- C:\Users\kf701\Downloads\DYMDemo\src\services\auth.service.ts
- C:\Users\kf701\Downloads\DYMDemo\src\controllers\auth.controller.ts
- C:\Users\kf701\Downloads\DYMDemo\src\routes\auth.route.ts
- C:\Users\kf701\Downloads\DYMDemo\src\server.ts
    at Function.Module._resolveFilename (node:internal/modules/cjs/loader:995:15)
    at Function.Module._resolveFilename.sharedData.moduleResolveFilenameHook.installedValue (C:\Users\kf701\Downloads\DYMDemo\node_modules\@cspotcode\source-map-support\source-map-support.js:811:30)
    at Function.Module._resolveFilename (C:\Users\kf701\Downloads\DYMDemo\node_modules\tsconfig-paths\src\register.ts:115:36)
    at Function.Module._load (node:internal/modules/cjs/loader:841:27)
    at Module.require (node:internal/modules/cjs/loader:1061:19)
    at require (node:internal/modules/cjs/helpers:103:18)
    at Object.<anonymous> (C:\Users\kf701\Downloads\DYMDemo\src\services\auth.service.ts:8:1)
    at Module._compile (node:internal/modules/cjs/loader:1159:14)
    at Module.m._compile (C:\Users\kf701\Downloads\DYMDemo\node_modules\ts-node\src\index.ts:1618:23)
    at Module._extensions..js (node:internal/modules/cjs/loader:1213:10)
2022-12-31 16:19:48 error: uncaughtException: Cannot find module '@models/users.model'
Require stack:
- C:\Users\kf701\Downloads\DYMDemo\src\services\auth.service.ts
- C:\Users\kf701\Downloads\DYMDemo\src\controllers\auth.controller.ts
- C:\Users\kf701\Downloads\DYMDemo\src\routes\auth.route.ts
- C:\Users\kf701\Downloads\DYMDemo\src\server.ts
Error: Cannot find module '@models/users.model'
Require stack:
- C:\Users\kf701\Downloads\DYMDemo\src\services\auth.service.ts
- C:\Users\kf701\Downloads\DYMDemo\src\controllers\auth.controller.ts
- C:\Users\kf701\Downloads\DYMDemo\src\routes\auth.route.ts
- C:\Users\kf701\Downloads\DYMDemo\src\server.ts
    at Function.Module._resolveFilename (node:internal/modules/cjs/loader:995:15)
    at Function.Module._resolveFilename.sharedData.moduleResolveFilenameHook.installedValue (C:\Users\kf701\Downloads\DYMDemo\node_modules\@cspotcode\source-map-support\source-map-support.js:811:30)
    at Function.Module._resolveFilename (C:\Users\kf701\Downloads\DYMDemo\node_modules\tsconfig-paths\src\register.ts:115:36)
    at Function.Module._load (node:internal/modules/cjs/loader:841:27)
    at Module.require (node:internal/modules/cjs/loader:1061:19)
    at require (node:internal/modules/cjs/helpers:103:18)
    at Object.<anonymous> (C:\Users\kf701\Downloads\DYMDemo\src\services\auth.service.ts:8:1)
    at Module._compile (node:internal/modules/cjs/loader:1159:14)
    at Module.m._compile (C:\Users\kf701\Downloads\DYMDemo\node_modules\ts-node\src\index.ts:1618:23)
    at Module._extensions..js (node:internal/modules/cjs/loader:1213:10)
2022-12-31 16:25:00 error: uncaughtException: Cannot find module '@models/users.model'
Require stack:
- C:\Users\kf701\Downloads\DYMDemo\src\services\auth.service.ts
- C:\Users\kf701\Downloads\DYMDemo\src\controllers\auth.controller.ts
- C:\Users\kf701\Downloads\DYMDemo\src\routes\auth.route.ts
- C:\Users\kf701\Downloads\DYMDemo\src\server.ts
Error: Cannot find module '@models/users.model'
Require stack:
- C:\Users\kf701\Downloads\DYMDemo\src\services\auth.service.ts
- C:\Users\kf701\Downloads\DYMDemo\src\controllers\auth.controller.ts
- C:\Users\kf701\Downloads\DYMDemo\src\routes\auth.route.ts
- C:\Users\kf701\Downloads\DYMDemo\src\server.ts
    at Function.Module._resolveFilename (node:internal/modules/cjs/loader:995:15)
    at Function.Module._resolveFilename.sharedData.moduleResolveFilenameHook.installedValue (C:\Users\kf701\Downloads\DYMDemo\node_modules\@cspotcode\source-map-support\source-map-support.js:811:30)
    at Function.Module._resolveFilename (C:\Users\kf701\Downloads\DYMDemo\node_modules\tsconfig-paths\src\register.ts:115:36)
    at Function.Module._load (node:internal/modules/cjs/loader:841:27)
    at Module.require (node:internal/modules/cjs/loader:1061:19)
    at require (node:internal/modules/cjs/helpers:103:18)
    at Object.<anonymous> (C:\Users\kf701\Downloads\DYMDemo\src\services\auth.service.ts:8:1)
    at Module._compile (node:internal/modules/cjs/loader:1159:14)
    at Module.m._compile (C:\Users\kf701\Downloads\DYMDemo\node_modules\ts-node\src\index.ts:1618:23)
    at Module._extensions..js (node:internal/modules/cjs/loader:1213:10)
2022-12-31 16:30:44 error: uncaughtException: Cannot find module '@models/users.model'
Require stack:
- C:\Users\kf701\Downloads\DYMDemo\src\services\auth.service.ts
- C:\Users\kf701\Downloads\DYMDemo\src\controllers\auth.controller.ts
- C:\Users\kf701\Downloads\DYMDemo\src\routes\auth.route.ts
- C:\Users\kf701\Downloads\DYMDemo\src\server.ts
Error: Cannot find module '@models/users.model'
Require stack:
- C:\Users\kf701\Downloads\DYMDemo\src\services\auth.service.ts
- C:\Users\kf701\Downloads\DYMDemo\src\controllers\auth.controller.ts
- C:\Users\kf701\Downloads\DYMDemo\src\routes\auth.route.ts
- C:\Users\kf701\Downloads\DYMDemo\src\server.ts
    at Function.Module._resolveFilename (node:internal/modules/cjs/loader:995:15)
    at Function.Module._resolveFilename.sharedData.moduleResolveFilenameHook.installedValue (C:\Users\kf701\Downloads\DYMDemo\node_modules\@cspotcode\source-map-support\source-map-support.js:811:30)
    at Function.Module._resolveFilename (C:\Users\kf701\Downloads\DYMDemo\node_modules\tsconfig-paths\src\register.ts:115:36)
    at Function.Module._load (node:internal/modules/cjs/loader:841:27)
    at Module.require (node:internal/modules/cjs/loader:1061:19)
    at require (node:internal/modules/cjs/helpers:103:18)
    at Object.<anonymous> (C:\Users\kf701\Downloads\DYMDemo\src\services\auth.service.ts:8:1)
    at Module._compile (node:internal/modules/cjs/loader:1159:14)
    at Module.m._compile (C:\Users\kf701\Downloads\DYMDemo\node_modules\ts-node\src\index.ts:1618:23)
    at Module._extensions..js (node:internal/modules/cjs/loader:1213:10)
2022-12-31 16:35:09 error: uncaughtException: Cannot find module '@models/users.model'
Require stack:
- C:\Users\kf701\Downloads\DYMDemo\src\services\auth.service.ts
- C:\Users\kf701\Downloads\DYMDemo\src\controllers\auth.controller.ts
- C:\Users\kf701\Downloads\DYMDemo\src\routes\auth.route.ts
- C:\Users\kf701\Downloads\DYMDemo\src\server.ts
Error: Cannot find module '@models/users.model'
Require stack:
- C:\Users\kf701\Downloads\DYMDemo\src\services\auth.service.ts
- C:\Users\kf701\Downloads\DYMDemo\src\controllers\auth.controller.ts
- C:\Users\kf701\Downloads\DYMDemo\src\routes\auth.route.ts
- C:\Users\kf701\Downloads\DYMDemo\src\server.ts
    at Function.Module._resolveFilename (node:internal/modules/cjs/loader:995:15)
    at Function.Module._resolveFilename.sharedData.moduleResolveFilenameHook.installedValue (C:\Users\kf701\Downloads\DYMDemo\node_modules\@cspotcode\source-map-support\source-map-support.js:811:30)
    at Function.Module._resolveFilename (C:\Users\kf701\Downloads\DYMDemo\node_modules\tsconfig-paths\src\register.ts:115:36)
    at Function.Module._load (node:internal/modules/cjs/loader:841:27)
    at Module.require (node:internal/modules/cjs/loader:1061:19)
    at require (node:internal/modules/cjs/helpers:103:18)
    at Object.<anonymous> (C:\Users\kf701\Downloads\DYMDemo\src\services\auth.service.ts:8:1)
    at Module._compile (node:internal/modules/cjs/loader:1159:14)
    at Module.m._compile (C:\Users\kf701\Downloads\DYMDemo\node_modules\ts-node\src\index.ts:1618:23)
    at Module._extensions..js (node:internal/modules/cjs/loader:1213:10)
2022-12-31 16:36:30 error: uncaughtException: Cannot find module '@models/users.model'
Require stack:
- C:\Users\kf701\Downloads\DYMDemo\src\services\auth.service.ts
- C:\Users\kf701\Downloads\DYMDemo\src\controllers\auth.controller.ts
- C:\Users\kf701\Downloads\DYMDemo\src\routes\auth.route.ts
- C:\Users\kf701\Downloads\DYMDemo\src\server.ts
Error: Cannot find module '@models/users.model'
Require stack:
- C:\Users\kf701\Downloads\DYMDemo\src\services\auth.service.ts
- C:\Users\kf701\Downloads\DYMDemo\src\controllers\auth.controller.ts
- C:\Users\kf701\Downloads\DYMDemo\src\routes\auth.route.ts
- C:\Users\kf701\Downloads\DYMDemo\src\server.ts
    at Function.Module._resolveFilename (node:internal/modules/cjs/loader:995:15)
    at Function.Module._resolveFilename.sharedData.moduleResolveFilenameHook.installedValue (C:\Users\kf701\Downloads\DYMDemo\node_modules\@cspotcode\source-map-support\source-map-support.js:811:30)
    at Function.Module._resolveFilename (C:\Users\kf701\Downloads\DYMDemo\node_modules\tsconfig-paths\src\register.ts:115:36)
    at Function.Module._load (node:internal/modules/cjs/loader:841:27)
    at Module.require (node:internal/modules/cjs/loader:1061:19)
    at require (node:internal/modules/cjs/helpers:103:18)
    at Object.<anonymous> (C:\Users\kf701\Downloads\DYMDemo\src\services\auth.service.ts:8:1)
    at Module._compile (node:internal/modules/cjs/loader:1159:14)
    at Module.m._compile (C:\Users\kf701\Downloads\DYMDemo\node_modules\ts-node\src\index.ts:1618:23)
    at Module._extensions..js (node:internal/modules/cjs/loader:1213:10)
2022-12-31 16:37:22 error: uncaughtException: Cannot find module '@models/users.model'
Require stack:
- C:\Users\kf701\Downloads\DYMDemo\src\services\auth.service.ts
- C:\Users\kf701\Downloads\DYMDemo\src\controllers\auth.controller.ts
- C:\Users\kf701\Downloads\DYMDemo\src\routes\auth.route.ts
- C:\Users\kf701\Downloads\DYMDemo\src\server.ts
Error: Cannot find module '@models/users.model'
Require stack:
- C:\Users\kf701\Downloads\DYMDemo\src\services\auth.service.ts
- C:\Users\kf701\Downloads\DYMDemo\src\controllers\auth.controller.ts
- C:\Users\kf701\Downloads\DYMDemo\src\routes\auth.route.ts
- C:\Users\kf701\Downloads\DYMDemo\src\server.ts
    at Function.Module._resolveFilename (node:internal/modules/cjs/loader:995:15)
    at Function.Module._resolveFilename.sharedData.moduleResolveFilenameHook.installedValue (C:\Users\kf701\Downloads\DYMDemo\node_modules\@cspotcode\source-map-support\source-map-support.js:811:30)
    at Function.Module._resolveFilename (C:\Users\kf701\Downloads\DYMDemo\node_modules\tsconfig-paths\src\register.ts:115:36)
    at Function.Module._load (node:internal/modules/cjs/loader:841:27)
    at Module.require (node:internal/modules/cjs/loader:1061:19)
    at require (node:internal/modules/cjs/helpers:103:18)
    at Object.<anonymous> (C:\Users\kf701\Downloads\DYMDemo\src\services\auth.service.ts:8:1)
    at Module._compile (node:internal/modules/cjs/loader:1159:14)
    at Module.m._compile (C:\Users\kf701\Downloads\DYMDemo\node_modules\ts-node\src\index.ts:1618:23)
    at Module._extensions..js (node:internal/modules/cjs/loader:1213:10)
2022-12-31 16:37:34 error: uncaughtException: Cannot find module '@models/users.model'
Require stack:
- C:\Users\kf701\Downloads\DYMDemo\src\services\auth.service.ts
- C:\Users\kf701\Downloads\DYMDemo\src\controllers\auth.controller.ts
- C:\Users\kf701\Downloads\DYMDemo\src\routes\auth.route.ts
- C:\Users\kf701\Downloads\DYMDemo\src\server.ts
Error: Cannot find module '@models/users.model'
Require stack:
- C:\Users\kf701\Downloads\DYMDemo\src\services\auth.service.ts
- C:\Users\kf701\Downloads\DYMDemo\src\controllers\auth.controller.ts
- C:\Users\kf701\Downloads\DYMDemo\src\routes\auth.route.ts
- C:\Users\kf701\Downloads\DYMDemo\src\server.ts
    at Function.Module._resolveFilename (node:internal/modules/cjs/loader:995:15)
    at Function.Module._resolveFilename.sharedData.moduleResolveFilenameHook.installedValue (C:\Users\kf701\Downloads\DYMDemo\node_modules\@cspotcode\source-map-support\source-map-support.js:811:30)
    at Function.Module._resolveFilename (C:\Users\kf701\Downloads\DYMDemo\node_modules\tsconfig-paths\src\register.ts:115:36)
    at Function.Module._load (node:internal/modules/cjs/loader:841:27)
    at Module.require (node:internal/modules/cjs/loader:1061:19)
    at require (node:internal/modules/cjs/helpers:103:18)
    at Object.<anonymous> (C:\Users\kf701\Downloads\DYMDemo\src\services\auth.service.ts:8:1)
    at Module._compile (node:internal/modules/cjs/loader:1159:14)
    at Module.m._compile (C:\Users\kf701\Downloads\DYMDemo\node_modules\ts-node\src\index.ts:1618:23)
    at Module._extensions..js (node:internal/modules/cjs/loader:1213:10)
2022-12-31 16:41:48 error: uncaughtException: Cannot find module '@models/users.model'
Require stack:
- C:\Users\kf701\Downloads\DYMDemo\src\services\auth.service.ts
- C:\Users\kf701\Downloads\DYMDemo\src\controllers\auth.controller.ts
- C:\Users\kf701\Downloads\DYMDemo\src\routes\auth.route.ts
- C:\Users\kf701\Downloads\DYMDemo\src\server.ts
Error: Cannot find module '@models/users.model'
Require stack:
- C:\Users\kf701\Downloads\DYMDemo\src\services\auth.service.ts
- C:\Users\kf701\Downloads\DYMDemo\src\controllers\auth.controller.ts
- C:\Users\kf701\Downloads\DYMDemo\src\routes\auth.route.ts
- C:\Users\kf701\Downloads\DYMDemo\src\server.ts
    at Function.Module._resolveFilename (node:internal/modules/cjs/loader:995:15)
    at Function.Module._resolveFilename.sharedData.moduleResolveFilenameHook.installedValue (C:\Users\kf701\Downloads\DYMDemo\node_modules\@cspotcode\source-map-support\source-map-support.js:811:30)
    at Function.Module._resolveFilename (C:\Users\kf701\Downloads\DYMDemo\node_modules\tsconfig-paths\src\register.ts:115:36)
    at Function.Module._load (node:internal/modules/cjs/loader:841:27)
    at Module.require (node:internal/modules/cjs/loader:1061:19)
    at require (node:internal/modules/cjs/helpers:103:18)
    at Object.<anonymous> (C:\Users\kf701\Downloads\DYMDemo\src\services\auth.service.ts:8:1)
    at Module._compile (node:internal/modules/cjs/loader:1159:14)
    at Module.m._compile (C:\Users\kf701\Downloads\DYMDemo\node_modules\ts-node\src\index.ts:1618:23)
    at Module._extensions..js (node:internal/modules/cjs/loader:1213:10)
2022-12-31 16:42:02 error: uncaughtException: Cannot find module '@models/users.model'
Require stack:
- C:\Users\kf701\Downloads\DYMDemo\src\services\auth.service.ts
- C:\Users\kf701\Downloads\DYMDemo\src\controllers\auth.controller.ts
- C:\Users\kf701\Downloads\DYMDemo\src\routes\auth.route.ts
- C:\Users\kf701\Downloads\DYMDemo\src\server.ts
Error: Cannot find module '@models/users.model'
Require stack:
- C:\Users\kf701\Downloads\DYMDemo\src\services\auth.service.ts
- C:\Users\kf701\Downloads\DYMDemo\src\controllers\auth.controller.ts
- C:\Users\kf701\Downloads\DYMDemo\src\routes\auth.route.ts
- C:\Users\kf701\Downloads\DYMDemo\src\server.ts
    at Function.Module._resolveFilename (node:internal/modules/cjs/loader:995:15)
    at Function.Module._resolveFilename.sharedData.moduleResolveFilenameHook.installedValue (C:\Users\kf701\Downloads\DYMDemo\node_modules\@cspotcode\source-map-support\source-map-support.js:811:30)
    at Function.Module._resolveFilename (C:\Users\kf701\Downloads\DYMDemo\node_modules\tsconfig-paths\src\register.ts:115:36)
    at Function.Module._load (node:internal/modules/cjs/loader:841:27)
    at Module.require (node:internal/modules/cjs/loader:1061:19)
    at require (node:internal/modules/cjs/helpers:103:18)
    at Object.<anonymous> (C:\Users\kf701\Downloads\DYMDemo\src\services\auth.service.ts:8:1)
    at Module._compile (node:internal/modules/cjs/loader:1159:14)
    at Module.m._compile (C:\Users\kf701\Downloads\DYMDemo\node_modules\ts-node\src\index.ts:1618:23)
    at Module._extensions..js (node:internal/modules/cjs/loader:1213:10)
2022-12-31 16:42:18 error: uncaughtException: Cannot find module '@models/users.model'
Require stack:
- C:\Users\kf701\Downloads\DYMDemo\src\services\auth.service.ts
- C:\Users\kf701\Downloads\DYMDemo\src\controllers\auth.controller.ts
- C:\Users\kf701\Downloads\DYMDemo\src\routes\auth.route.ts
- C:\Users\kf701\Downloads\DYMDemo\src\server.ts
Error: Cannot find module '@models/users.model'
Require stack:
- C:\Users\kf701\Downloads\DYMDemo\src\services\auth.service.ts
- C:\Users\kf701\Downloads\DYMDemo\src\controllers\auth.controller.ts
- C:\Users\kf701\Downloads\DYMDemo\src\routes\auth.route.ts
- C:\Users\kf701\Downloads\DYMDemo\src\server.ts
    at Function.Module._resolveFilename (node:internal/modules/cjs/loader:995:15)
    at Function.Module._resolveFilename.sharedData.moduleResolveFilenameHook.installedValue (C:\Users\kf701\Downloads\DYMDemo\node_modules\@cspotcode\source-map-support\source-map-support.js:811:30)
    at Function.Module._resolveFilename (C:\Users\kf701\Downloads\DYMDemo\node_modules\tsconfig-paths\src\register.ts:115:36)
    at Function.Module._load (node:internal/modules/cjs/loader:841:27)
    at Module.require (node:internal/modules/cjs/loader:1061:19)
    at require (node:internal/modules/cjs/helpers:103:18)
    at Object.<anonymous> (C:\Users\kf701\Downloads\DYMDemo\src\services\auth.service.ts:8:1)
    at Module._compile (node:internal/modules/cjs/loader:1159:14)
    at Module.m._compile (C:\Users\kf701\Downloads\DYMDemo\node_modules\ts-node\src\index.ts:1618:23)
    at Module._extensions..js (node:internal/modules/cjs/loader:1213:10)
2022-12-31 16:45:22 error: uncaughtException: Cannot find module '@models/users.model'
Require stack:
- C:\Users\kf701\Downloads\DYMDemo\src\services\auth.service.ts
- C:\Users\kf701\Downloads\DYMDemo\src\controllers\auth.controller.ts
- C:\Users\kf701\Downloads\DYMDemo\src\routes\auth.route.ts
- C:\Users\kf701\Downloads\DYMDemo\src\server.ts
Error: Cannot find module '@models/users.model'
Require stack:
- C:\Users\kf701\Downloads\DYMDemo\src\services\auth.service.ts
- C:\Users\kf701\Downloads\DYMDemo\src\controllers\auth.controller.ts
- C:\Users\kf701\Downloads\DYMDemo\src\routes\auth.route.ts
- C:\Users\kf701\Downloads\DYMDemo\src\server.ts
    at Function.Module._resolveFilename (node:internal/modules/cjs/loader:995:15)
    at Function.Module._resolveFilename.sharedData.moduleResolveFilenameHook.installedValue (C:\Users\kf701\Downloads\DYMDemo\node_modules\@cspotcode\source-map-support\source-map-support.js:811:30)
    at Function.Module._resolveFilename (C:\Users\kf701\Downloads\DYMDemo\node_modules\tsconfig-paths\src\register.ts:115:36)
    at Function.Module._load (node:internal/modules/cjs/loader:841:27)
    at Module.require (node:internal/modules/cjs/loader:1061:19)
    at require (node:internal/modules/cjs/helpers:103:18)
    at Object.<anonymous> (C:\Users\kf701\Downloads\DYMDemo\src\services\auth.service.ts:8:1)
    at Module._compile (node:internal/modules/cjs/loader:1159:14)
    at Module.m._compile (C:\Users\kf701\Downloads\DYMDemo\node_modules\ts-node\src\index.ts:1618:23)
    at Module._extensions..js (node:internal/modules/cjs/loader:1213:10)
2022-12-31 16:47:26 error: uncaughtException: Cannot find module '@models/users.model'
Require stack:
- C:\Users\kf701\Downloads\DYMDemo\src\services\auth.service.ts
- C:\Users\kf701\Downloads\DYMDemo\src\controllers\auth.controller.ts
- C:\Users\kf701\Downloads\DYMDemo\src\routes\auth.route.ts
- C:\Users\kf701\Downloads\DYMDemo\src\server.ts
Error: Cannot find module '@models/users.model'
Require stack:
- C:\Users\kf701\Downloads\DYMDemo\src\services\auth.service.ts
- C:\Users\kf701\Downloads\DYMDemo\src\controllers\auth.controller.ts
- C:\Users\kf701\Downloads\DYMDemo\src\routes\auth.route.ts
- C:\Users\kf701\Downloads\DYMDemo\src\server.ts
    at Function.Module._resolveFilename (node:internal/modules/cjs/loader:995:15)
    at Function.Module._resolveFilename.sharedData.moduleResolveFilenameHook.installedValue (C:\Users\kf701\Downloads\DYMDemo\node_modules\@cspotcode\source-map-support\source-map-support.js:811:30)
    at Function.Module._resolveFilename (C:\Users\kf701\Downloads\DYMDemo\node_modules\tsconfig-paths\src\register.ts:115:36)
    at Function.Module._load (node:internal/modules/cjs/loader:841:27)
    at Module.require (node:internal/modules/cjs/loader:1061:19)
    at require (node:internal/modules/cjs/helpers:103:18)
    at Object.<anonymous> (C:\Users\kf701\Downloads\DYMDemo\src\services\auth.service.ts:8:1)
    at Module._compile (node:internal/modules/cjs/loader:1159:14)
    at Module.m._compile (C:\Users\kf701\Downloads\DYMDemo\node_modules\ts-node\src\index.ts:1618:23)
    at Module._extensions..js (node:internal/modules/cjs/loader:1213:10)
2022-12-31 16:52:10 error: [GET] /url/123 >> StatusCode:: 409, Message:: Url doesn't exist
2022-12-31 17:15:32 error: [GET] /url/aaaaaaaaa >> StatusCode:: 400, Message:: Url params invalid
2022-12-31 17:16:14 error: [GET] /url/111 >> StatusCode:: 400, Message:: Url params invalid
