TN:
SF:src\bloomFilter.ts
FN:8,optimalFilterSize
FN:13,optimalHashes
FN:27,BloomFilter
FN:37,add
FN:44,getLocations
FN:57,has
FN:68,getBuckets
FNF:7
FNH:7
FNDA:10,optimalFilterSize
FNDA:10,optimalHashes
FNDA:10,BloomFilter
FNDA:211,add
FNDA:239,getLocations
FNDA:25,has
FNDA:3,getBuckets
DA:1,1
DA:2,1
DA:3,1
DA:4,1
DA:5,1
DA:6,1
DA:7,1
DA:8,10
DA:9,10
DA:10,10
DA:11,1
DA:12,1
DA:13,10
DA:14,10
DA:15,10
DA:16,1
DA:17,1
DA:18,1
DA:19,1
DA:20,1
DA:21,1
DA:22,1
DA:23,1
DA:24,1
DA:25,1
DA:26,1
DA:27,1
DA:28,10
DA:29,1
DA:30,1
DA:31,9
DA:32,9
DA:33,9
DA:34,9
DA:35,9
DA:36,9
DA:37,1
DA:38,211
DA:39,211
DA:40,211
DA:41,277
DA:42,277
DA:43,211
DA:44,1
DA:45,239
DA:46,239
DA:47,239
DA:48,239
DA:49,239
DA:50,239
DA:51,449
DA:52,449
DA:53,449
DA:54,239
DA:55,239
DA:56,1
DA:57,1
DA:58,25
DA:59,25
DA:60,25
DA:61,97
DA:62,97
DA:63,10
DA:64,10
DA:65,97
DA:66,15
DA:67,15
DA:68,1
DA:69,3
DA:70,3
DA:71,1
DA:72,1
DA:73,1
DA:74,1
DA:75,1
DA:76,1
DA:77,1
DA:78,1
LF:78
LH:78
BRDA:8,0,0,10
BRDA:13,1,0,10
BRDA:27,2,0,10
BRDA:28,3,0,1
BRDA:31,4,0,9
BRDA:37,5,0,211
BRDA:40,6,0,277
BRDA:44,7,0,239
BRDA:50,8,0,449
BRDA:57,9,0,25
BRDA:60,10,0,97
BRDA:62,11,0,10
BRDA:66,12,0,15
BRDA:68,13,0,3
BRF:14
BRH:14
end_of_record
TN:
SF:src\hash.ts
FN:3,hash
FN:13,hashUrl
FN:19,checkHashLength
FN:25,string10to62
FNF:4
FNH:4
FNDA:492,hash
FNDA:12,hashUrl
FNDA:14,checkHashLength
FNDA:12,string10to62
DA:1,1
DA:2,1
DA:3,492
DA:4,492
DA:5,492
DA:6,240
DA:7,273
DA:8,252
DA:9,252
DA:10,492
DA:11,492
DA:12,1
DA:13,12
DA:14,12
DA:15,12
DA:16,12
DA:17,12
DA:18,12
DA:19,14
DA:20,14
DA:21,1
DA:22,1
DA:23,13
DA:24,13
DA:25,12
DA:26,12
DA:27,12
DA:28,12
DA:29,12
DA:30,12
DA:31,72
DA:32,72
DA:33,72
DA:34,12
DA:35,12
DA:36,12
DA:37,1
DA:38,1
LF:38
LH:38
BRDA:3,0,0,492
BRDA:5,1,0,273
BRDA:5,2,0,240
BRDA:7,3,0,252
BRDA:13,4,0,12
BRDA:19,5,0,14
BRDA:20,6,0,1
BRDA:23,7,0,13
BRDA:25,8,0,12
BRDA:30,9,0,72
BRF:10
BRH:10
end_of_record
TN:
SF:src\shortUrlServices.ts
FN:4,createShortUrl
FN:27,loadShortUrl
FN:39,isValidHttpUrl
FN:50,removeSuffix
FNF:4
FNH:4
FNDA:11,createShortUrl
FNDA:6,loadShortUrl
FNDA:11,isValidHttpUrl
FNDA:14,removeSuffix
DA:1,1
DA:2,1
DA:3,1
DA:4,11
DA:5,11
DA:6,1
DA:7,1
DA:8,11
DA:9,1
DA:10,1
DA:11,9
DA:12,9
DA:13,9
DA:14,4
DA:15,4
DA:16,11
DA:17,5
DA:18,5
DA:19,2
DA:20,2
DA:21,3
DA:22,3
DA:23,3
DA:24,4
DA:25,4
DA:26,1
DA:27,6
DA:28,6
DA:29,6
DA:30,1
DA:31,1
DA:32,5
DA:33,6
DA:34,1
DA:35,1
DA:36,4
DA:37,4
DA:38,1
DA:39,11
DA:40,11
DA:41,11
DA:42,11
DA:43,11
DA:44,1
DA:45,1
DA:46,10
DA:47,11
DA:48,11
DA:49,1
DA:50,14
DA:51,14
DA:52,14
DA:53,1
DA:54,1
DA:55,1
DA:56,1
DA:57,1
LF:57
LH:57
BRDA:4,0,0,11
BRDA:5,1,0,1
BRDA:8,2,0,10
BRDA:8,3,0,9
BRDA:8,4,0,1
BRDA:13,5,0,4
BRDA:16,6,0,5
BRDA:18,7,0,2
BRDA:21,8,0,3
BRDA:24,9,0,4
BRDA:27,10,0,6
BRDA:29,11,0,5
BRDA:29,12,0,1
BRDA:33,13,0,1
BRDA:36,14,0,4
BRDA:39,15,0,11
BRDA:43,16,0,1
BRDA:46,17,0,10
BRDA:47,18,0,2
BRDA:50,19,0,14
BRF:20
BRH:20
end_of_record
TN:
SF:src\store.ts
FNF:0
FNH:0
DA:1,1
DA:2,1
DA:3,1
DA:4,1
DA:5,1
DA:6,1
DA:7,1
DA:8,1
DA:9,1
DA:10,1
DA:11,1
DA:12,1
DA:13,1
DA:14,1
DA:15,1
DA:16,1
DA:17,1
LF:17
LH:17
BRF:0
BRH:0
end_of_record
TN:
SF:src\storeMem.ts
FN:12,save
FN:16,load
FN:19,delete
FN:22,has
FNF:4
FNH:4
FNDA:208,save
FNDA:17,load
FNDA:2,delete
FNDA:21,has
DA:1,1
DA:2,1
DA:3,1
DA:4,1
DA:5,1
DA:6,1
DA:7,1
DA:8,1
DA:9,1
DA:10,1
DA:11,1
DA:12,1
DA:13,208
DA:14,208
DA:15,208
DA:16,1
DA:17,17
DA:18,17
DA:19,1
DA:20,2
DA:21,2
DA:22,1
DA:23,21
DA:24,21
DA:25,21
DA:26,1
LF:26
LH:26
BRDA:9,0,0,5
BRDA:9,1,0,5
BRDA:12,2,0,208
BRDA:16,3,0,17
BRDA:19,4,0,2
BRDA:22,5,0,21
BRF:6
BRH:6
end_of_record
TN:
SF:src\web.ts
FN:60,logError
FN:80,processReq
FNF:2
FNH:2
FNDA:1,logError
FNDA:4,processReq
DA:1,1
DA:2,1
DA:3,1
DA:4,1
DA:5,1
DA:6,1
DA:7,10
DA:8,10
DA:9,10
DA:10,10
DA:11,10
DA:12,1
DA:13,1
DA:14,10
DA:15,1
DA:16,1
DA:17,10
DA:18,5
DA:19,5
DA:20,5
DA:21,4
DA:22,3
DA:23,3
DA:24,3
DA:25,3
DA:26,2
DA:27,2
DA:28,2
DA:29,4
DA:30,1
DA:31,1
DA:32,4
DA:33,4
DA:34,5
DA:35,1
DA:36,5
DA:37,5
DA:38,10
DA:39,3
DA:40,3
DA:41,3
DA:42,1
DA:43,1
DA:44,1
DA:45,1
DA:46,1
DA:47,3
DA:48,2
DA:49,2
DA:50,2
DA:51,10
DA:52,10
DA:53,10
DA:54,9
DA:55,9
DA:56,1
DA:57,1
DA:58,1
DA:59,1
DA:60,1
DA:61,1
DA:62,1
DA:63,1
DA:64,1
DA:65,1
DA:66,1
DA:67,1
DA:68,1
DA:69,1
DA:70,1
DA:71,1
DA:72,1
DA:73,3
DA:74,3
DA:75,3
DA:76,3
DA:77,3
DA:78,3
DA:79,1
DA:80,4
DA:81,4
DA:82,4
DA:83,4
DA:84,3
DA:85,4
DA:86,4
DA:87,4
DA:88,4
DA:89,4
DA:90,1
DA:91,1
DA:92,4
DA:93,4
DA:94,4
DA:95,1
DA:96,1
DA:97,1
DA:98,1
DA:99,1
LF:99
LH:99
BRDA:6,0,0,10
BRDA:6,1,0,10
BRDA:8,2,0,0
BRDA:11,3,0,1
BRDA:14,4,0,1
BRDA:17,5,0,5
BRDA:18,6,0,0
BRDA:20,7,0,4
BRDA:34,8,0,1
BRDA:38,9,0,3
BRDA:41,10,0,1
BRDA:47,11,0,2
BRDA:54,12,0,9
BRDA:21,13,0,3
BRDA:25,14,0,2
BRDA:29,15,0,1
BRDA:56,16,0,1
BRDA:60,17,0,1
BRDA:73,18,0,3
BRDA:80,19,0,4
BRDA:81,20,0,4
BRDA:83,21,0,3
BRDA:85,22,0,4
BRDA:89,23,0,1
BRF:24
BRH:22
end_of_record
