GROUP,PACKAGE,CLASS,INSTRUCTION_MISSED,INSTRUCTION_COVERED,BRANCH_MISSED,BRANCH_COVERED,LINE_MISSED,LINE_COVERED,COMPLEXITY_MISSED,COMPLEXITY_COVERED,METHOD_MISSED,METHOD_COVERED
short-url,com.shycier.shorturl.controller,ShortUrlController,0,13,0,0,0,3,0,3,0,3
short-url,com.shycier.shorturl.service.impl,LruStore.new LinkedHashMap() {...},0,49,0,8,0,6,0,6,0,2
short-url,com.shycier.shorturl.service.impl,ShortUrlServiceImpl,0,20,0,0,0,5,0,3,0,3
short-url,com.shycier.shorturl.service.impl,Base62Generator,0,42,1,1,0,9,1,3,0,3
short-url,com.shycier.shorturl.service.impl,LruStore,0,52,0,0,0,15,0,7,0,7
short-url,com.shycier.shorturl,ShortUrlApplication,5,3,0,0,2,1,1,1,1,1
short-url,com.shycier.shorturl,SwaggerConfig,0,49,0,0,0,13,0,4,0,4
