# JRE version: Java(TM) SE Runtime Environment (8.0_202-b08) (build 1.8.0_202-b08)
# Java VM: Java HotSpot(TM) 64-Bit Server VM (25.202-b08 mixed mode windows-amd64 compressed oops)
Heap:
 PSYoungGen      total 202240K, used 6935K [0x000000076b580000, 0x0000000778800000, 0x00000007c0000000)
  eden space 192512K, 3% used [0x000000076b580000,0x000000076bc45fc8,0x0000000777180000)
  from space 9728K, 0% used [0x0000000777e80000,0x0000000777e80000,0x0000000778800000)
  to   space 10752K, 0% used [0x0000000777300000,0x0000000777300000,0x0000000777d80000)
 ParOldGen       total 105472K, used 13959K [0x00000006c2000000, 0x00000006c8700000, 0x000000076b580000)
  object space 105472K, 13% used [0x00000006c2000000,0x00000006c2da1ea0,0x00000006c8700000)
 Metaspace       used 32963K, capacity 35794K, committed 35968K, reserved 1081344K
  class space    used 4475K, capacity 4961K, committed 4992K, reserved 1048576K
GC Heap History (10 events):
Event: 1.650 GC heap before
{Heap before GC invocations=2 (full 0):
 PSYoungGen      total 75776K, used 62466K [0x000000076b580000, 0x0000000774980000, 0x00000007c0000000)
  eden space 65024K, 82% used [0x000000076b580000,0x000000076ea11d68,0x000000076f500000)
  from space 10752K, 80% used [0x000000076f500000,0x000000076fd6eb38,0x000000076ff80000)
  to   space 10752K, 0% used [0x0000000773f00000,0x0000000773f00000,0x0000000774980000)
 ParOldGen       total 173568K, used 88K [0x00000006c2000000, 0x00000006cc980000, 0x000000076b580000)
  object space 173568K, 0% used [0x00000006c2000000,0x00000006c2016010,0x00000006cc980000)
 Metaspace       used 19706K, capacity 21228K, committed 21296K, reserved 1067008K
  class space    used 2580K, capacity 2882K, committed 2944K, reserved 1048576K
Event: 1.668 GC heap after
Heap after GC invocations=2 (full 0):
 PSYoungGen      total 140800K, used 9411K [0x000000076b580000, 0x0000000774980000, 0x00000007c0000000)
  eden space 130048K, 0% used [0x000000076b580000,0x000000076b580000,0x0000000773480000)
  from space 10752K, 87% used [0x0000000773f00000,0x0000000774830cd8,0x0000000774980000)
  to   space 10752K, 0% used [0x0000000773480000,0x0000000773480000,0x0000000773f00000)
 ParOldGen       total 173568K, used 96K [0x00000006c2000000, 0x00000006cc980000, 0x000000076b580000)
  object space 173568K, 0% used [0x00000006c2000000,0x00000006c2018010,0x00000006cc980000)
 Metaspace       used 19706K, capacity 21228K, committed 21296K, reserved 1067008K
  class space    used 2580K, capacity 2882K, committed 2944K, reserved 1048576K
}
Event: 1.668 GC heap before
{Heap before GC invocations=3 (full 1):
 PSYoungGen      total 140800K, used 9411K [0x000000076b580000, 0x0000000774980000, 0x00000007c0000000)
  eden space 130048K, 0% used [0x000000076b580000,0x000000076b580000,0x0000000773480000)
  from space 10752K, 87% used [0x0000000773f00000,0x0000000774830cd8,0x0000000774980000)
  to   space 10752K, 0% used [0x0000000773480000,0x0000000773480000,0x0000000773f00000)
 ParOldGen       total 173568K, used 96K [0x00000006c2000000, 0x00000006cc980000, 0x000000076b580000)
  object space 173568K, 0% used [0x00000006c2000000,0x00000006c2018010,0x00000006cc980000)
 Metaspace       used 19706K, capacity 21228K, committed 21296K, reserved 1067008K
  class space    used 2580K, capacity 2882K, committed 2944K, reserved 1048576K
Event: 1.695 GC heap after
Heap after GC invocations=3 (full 1):
 PSYoungGen      total 140800K, used 0K [0x000000076b580000, 0x0000000774980000, 0x00000007c0000000)
  eden space 130048K, 0% used [0x000000076b580000,0x000000076b580000,0x0000000773480000)
  from space 10752K, 0% used [0x0000000773f00000,0x0000000773f00000,0x0000000774980000)
  to   space 10752K, 0% used [0x0000000773480000,0x0000000773480000,0x0000000773f00000)
 ParOldGen       total 105472K, used 8993K [0x00000006c2000000, 0x00000006c8700000, 0x000000076b580000)
  object space 105472K, 8% used [0x00000006c2000000,0x00000006c28c8600,0x00000006c8700000)
 Metaspace       used 19706K, capacity 21228K, committed 21296K, reserved 1067008K
  class space    used 2580K, capacity 2882K, committed 2944K, reserved 1048576K
}
Event: 2.891 GC heap before
{Heap before GC invocations=4 (full 1):
 PSYoungGen      total 140800K, used 130048K [0x000000076b580000, 0x0000000774980000, 0x00000007c0000000)
  eden space 130048K, 100% used [0x000000076b580000,0x0000000773480000,0x0000000773480000)
  from space 10752K, 0% used [0x0000000773f00000,0x0000000773f00000,0x0000000774980000)
  to   space 10752K, 0% used [0x0000000773480000,0x0000000773480000,0x0000000773f00000)
 ParOldGen       total 105472K, used 8993K [0x00000006c2000000, 0x00000006c8700000, 0x000000076b580000)
  object space 105472K, 8% used [0x00000006c2000000,0x00000006c28c8600,0x00000006c8700000)
 Metaspace       used 28628K, capacity 31100K, committed 31104K, reserved 1077248K
  class space    used 3810K, capacity 4222K, committed 4224K, reserved 1048576K
Event: 2.908 GC heap after
Heap after GC invocations=4 (full 1):
 PSYoungGen      total 140800K, used 10738K [0x000000076b580000, 0x0000000778900000, 0x00000007c0000000)
  eden space 130048K, 0% used [0x000000076b580000,0x000000076b580000,0x0000000773480000)
  from space 10752K, 99% used [0x0000000773480000,0x0000000773efcbe8,0x0000000773f00000)
  to   space 10752K, 0% used [0x0000000777e80000,0x0000000777e80000,0x0000000778900000)
 ParOldGen       total 105472K, used 10780K [0x00000006c2000000, 0x00000006c8700000, 0x000000076b580000)
  object space 105472K, 10% used [0x00000006c2000000,0x00000006c2a87058,0x00000006c8700000)
 Metaspace       used 28628K, capacity 31100K, committed 31104K, reserved 1077248K
  class space    used 3810K, capacity 4222K, committed 4224K, reserved 1048576K
}
Event: 3.680 GC heap before
{Heap before GC invocations=5 (full 1):
 PSYoungGen      total 140800K, used 129910K [0x000000076b580000, 0x0000000778900000, 0x00000007c0000000)
  eden space 130048K, 91% used [0x000000076b580000,0x00000007729e0fd0,0x0000000773480000)
  from space 10752K, 99% used [0x0000000773480000,0x0000000773efcbe8,0x0000000773f00000)
  to   space 10752K, 0% used [0x0000000777e80000,0x0000000777e80000,0x0000000778900000)
 ParOldGen       total 105472K, used 10780K [0x00000006c2000000, 0x00000006c8700000, 0x000000076b580000)
  object space 105472K, 10% used [0x00000006c2000000,0x00000006c2a87058,0x00000006c8700000)
 Metaspace       used 32547K, capacity 35292K, committed 35456K, reserved 1079296K
  class space    used 4410K, capacity 4886K, committed 4992K, reserved 1048576K
Event: 3.690 GC heap after
Heap after GC invocations=5 (full 1):
 PSYoungGen      total 202240K, used 9429K [0x000000076b580000, 0x0000000778800000, 0x00000007c0000000)
  eden space 192512K, 0% used [0x000000076b580000,0x000000076b580000,0x0000000777180000)
  from space 9728K, 96% used [0x0000000777e80000,0x00000007787b5608,0x0000000778800000)
  to   space 10752K, 0% used [0x0000000777300000,0x0000000777300000,0x0000000777d80000)
 ParOldGen       total 105472K, used 10788K [0x00000006c2000000, 0x00000006c8700000, 0x000000076b580000)
  object space 105472K, 10% used [0x00000006c2000000,0x00000006c2a89058,0x00000006c8700000)
 Metaspace       used 32547K, capacity 35292K, committed 35456K, reserved 1079296K
  class space    used 4410K, capacity 4886K, committed 4992K, reserved 1048576K
}
Event: 3.690 GC heap before
{Heap before GC invocations=6 (full 2):
 PSYoungGen      total 202240K, used 9429K [0x000000076b580000, 0x0000000778800000, 0x00000007c0000000)
  eden space 192512K, 0% used [0x000000076b580000,0x000000076b580000,0x0000000777180000)
  from space 9728K, 96% used [0x0000000777e80000,0x00000007787b5608,0x0000000778800000)
  to   space 10752K, 0% used [0x0000000777300000,0x0000000777300000,0x0000000777d80000)
 ParOldGen       total 105472K, used 10788K [0x00000006c2000000, 0x00000006c8700000, 0x000000076b580000)
  object space 105472K, 10% used [0x00000006c2000000,0x00000006c2a89058,0x00000006c8700000)
 Metaspace       used 32547K, capacity 35292K, committed 35456K, reserved 1079296K
  class space    used 4410K, capacity 4886K, committed 4992K, reserved 1048576K
Event: 3.736 GC heap after
Heap after GC invocations=6 (full 2):
 PSYoungGen      total 202240K, used 0K [0x000000076b580000, 0x0000000778800000, 0x00000007c0000000)
  eden space 192512K, 0% used [0x000000076b580000,0x000000076b580000,0x0000000777180000)
  from space 9728K, 0% used [0x0000000777e80000,0x0000000777e80000,0x0000000778800000)
  to   space 10752K, 0% used [0x0000000777300000,0x0000000777300000,0x0000000777d80000)
 ParOldGen       total 105472K, used 13959K [0x00000006c2000000, 0x00000006c8700000, 0x000000076b580000)
  object space 105472K, 13% used [0x00000006c2000000,0x00000006c2da1ea0,0x00000006c8700000)
 Metaspace       used 32547K, capacity 35292K, committed 35456K, reserved 1079296K
  class space    used 4410K, capacity 4886K, committed 4992K, reserved 1048576K
}

