{"/Users/mengchen/Workspaces/interview-homework/fullstack/src/data-source.ts": {"path":"/Users/mengchen/Workspaces/interview-homework/fullstack/src/data-source.ts","statementMap":{"0":{"start":{"line":1,"column":0},"end":{"line":1,"column":26}},"1":{"start":{"line":2,"column":0},"end":{"line":2,"column":37}},"2":{"start":{"line":3,"column":0},"end":{"line":3,"column":35}},"3":{"start":{"line":5,"column":13},"end":{"line":17,"column":3}}},"fnMap":{},"branchMap":{},"s":{"0":1,"1":1,"2":1,"3":1},"f":{},"b":{}}
,"/Users/mengchen/Workspaces/interview-homework/fullstack/src/server.ts": {"path":"/Users/mengchen/Workspaces/interview-homework/fullstack/src/server.ts","statementMap":{"0":{"start":{"line":1,"column":0},"end":{"line":1,"column":41}},"1":{"start":{"line":2,"column":0},"end":{"line":2,"column":28}},"2":{"start":{"line":3,"column":0},"end":{"line":3,"column":28}},"3":{"start":{"line":4,"column":0},"end":{"line":4,"column":67}},"4":{"start":{"line":6,"column":0},"end":{"line":6,"column":30}},"5":{"start":{"line":8,"column":0},"end":{"line":8,"column":38}},"6":{"start":{"line":9,"column":0},"end":{"line":9,"column":32}},"7":{"start":{"line":10,"column":0},"end":{"line":10,"column":51}},"8":{"start":{"line":11,"column":0},"end":{"line":11,"column":67}},"9":{"start":{"line":12,"column":0},"end":{"line":12,"column":48}},"10":{"start":{"line":13,"column":0},"end":{"line":13,"column":52}},"11":{"start":{"line":14,"column":0},"end":{"line":14,"column":46}},"12":{"start":{"line":17,"column":12},"end":{"line":17,"column":21}},"13":{"start":{"line":18,"column":0},"end":{"line":55,"column":3}},"14":{"start":{"line":20,"column":2},"end":{"line":20,"column":26}},"15":{"start":{"line":21,"column":2},"end":{"line":21,"column":50}},"16":{"start":{"line":22,"column":2},"end":{"line":22,"column":52}},"17":{"start":{"line":25,"column":2},"end":{"line":27,"column":null}},"18":{"start":{"line":26,"column":4},"end":{"line":26,"column":27}},"19":{"start":{"line":30,"column":2},"end":{"line":32,"column":null}},"20":{"start":{"line":31,"column":4},"end":{"line":31,"column":22}},"21":{"start":{"line":38,"column":2},"end":{"line":38,"column":30}},"22":{"start":{"line":41,"column":2},"end":{"line":54,"column":5}},"23":{"start":{"line":48,"column":4},"end":{"line":48,"column":26}},"24":{"start":{"line":49,"column":17},"end":{"line":49,"column":44}},"25":{"start":{"line":50,"column":4},"end":{"line":52,"column":null}},"26":{"start":{"line":51,"column":6},"end":{"line":51,"column":26}},"27":{"start":{"line":53,"column":4},"end":{"line":53,"column":59}},"28":{"start":{"line":61,"column":0},"end":{"line":61,"column":19}}},"fnMap":{"0":{"name":"(anonymous_1)","decl":{"start":{"line":18,"column":32},"end":{"line":18,"column":null}},"loc":{"start":{"line":18,"column":32},"end":{"line":55,"column":1}}},"1":{"name":"(anonymous_2)","decl":{"start":{"line":41,"column":10},"end":{"line":41,"column":null}},"loc":{"start":{"line":46,"column":22},"end":{"line":54,"column":3}}}},"branchMap":{"0":{"loc":{"start":{"line":25,"column":2},"end":{"line":27,"column":null}},"type":"if","locations":[{"start":{"line":25,"column":2},"end":{"line":27,"column":null}}]},"1":{"loc":{"start":{"line":30,"column":2},"end":{"line":32,"column":null}},"type":"if","locations":[{"start":{"line":30,"column":2},"end":{"line":32,"column":null}}]},"2":{"loc":{"start":{"line":50,"column":4},"end":{"line":52,"column":null}},"type":"if","locations":[{"start":{"line":50,"column":4},"end":{"line":52,"column":null}}]}},"s":{"0":1,"1":1,"2":1,"3":1,"4":1,"5":1,"6":1,"7":1,"8":1,"9":1,"10":1,"11":1,"12":1,"13":1,"14":1,"15":1,"16":1,"17":1,"18":0,"19":1,"20":0,"21":1,"22":1,"23":2,"24":2,"25":2,"26":0,"27":2,"28":1},"f":{"0":1,"1":2},"b":{"0":[0],"1":[0],"2":[0]}}
,"/Users/mengchen/Workspaces/interview-homework/fullstack/src/declarations/classes.ts": {"path":"/Users/mengchen/Workspaces/interview-homework/fullstack/src/declarations/classes.ts","statementMap":{"0":{"start":{"line":10,"column":0},"end":{"line":10,"column":null}},"1":{"start":{"line":10,"column":32},"end":{"line":10,"column":37}},"2":{"start":{"line":13,"column":4},"end":{"line":13,"column":null}},"3":{"start":{"line":14,"column":4},"end":{"line":14,"column":25}},"4":{"start":{"line":16,"column":0},"end":{"line":16,"column":null}},"5":{"start":{"line":10,"column":13},"end":{"line":10,"column":23}},"6":{"start":{"line":18,"column":0},"end":{"line":18,"column":13}},"7":{"start":{"line":35,"column":14},"end":{"line":35,"column":29}},"8":{"start":{"line":35,"column":29},"end":{"line":35,"column":48}},"9":{"start":{"line":35,"column":48},"end":{"line":35,"column":null}},"10":{"start":{"line":35,"column":2},"end":{"line":35,"column":14}},"11":{"start":{"line":19,"column":10},"end":{"line":19,"column":22}},"12":{"start":{"line":20,"column":10},"end":{"line":20,"column":27}},"13":{"start":{"line":21,"column":10},"end":{"line":21,"column":31}},"14":{"start":{"line":22,"column":10},"end":{"line":22,"column":55}},"15":{"start":{"line":23,"column":10},"end":{"line":23,"column":63}},"16":{"start":{"line":24,"column":10},"end":{"line":24,"column":28}},"17":{"start":{"line":25,"column":10},"end":{"line":25,"column":44}},"18":{"start":{"line":26,"column":10},"end":{"line":26,"column":68}},"19":{"start":{"line":29,"column":10},"end":{"line":29,"column":56}},"20":{"start":{"line":30,"column":10},"end":{"line":30,"column":29}},"21":{"start":{"line":31,"column":10},"end":{"line":31,"column":23}},"22":{"start":{"line":32,"column":10},"end":{"line":32,"column":27}},"23":{"start":{"line":33,"column":10},"end":{"line":33,"column":23}},"24":{"start":{"line":49,"column":10},"end":{"line":51,"column":4}},"25":{"start":{"line":50,"column":4},"end":{"line":50,"column":22}},"26":{"start":{"line":53,"column":10},"end":{"line":59,"column":4}},"27":{"start":{"line":54,"column":20},"end":{"line":54,"column":34}},"28":{"start":{"line":55,"column":4},"end":{"line":57,"column":null}},"29":{"start":{"line":56,"column":6},"end":{"line":56,"column":33}},"30":{"start":{"line":58,"column":4},"end":{"line":58,"column":21}},"31":{"start":{"line":61,"column":10},"end":{"line":82,"column":4}},"32":{"start":{"line":62,"column":28},"end":{"line":62,"column":42}},"33":{"start":{"line":63,"column":4},"end":{"line":66,"column":null}},"34":{"start":{"line":64,"column":6},"end":{"line":65,"column":48}},"35":{"start":{"line":67,"column":4},"end":{"line":74,"column":null}},"36":{"start":{"line":68,"column":6},"end":{"line":68,"column":62}},"37":{"start":{"line":69,"column":6},"end":{"line":71,"column":null}},"38":{"start":{"line":70,"column":8},"end":{"line":70,"column":59}},"39":{"start":{"line":73,"column":6},"end":{"line":73,"column":24}},"40":{"start":{"line":75,"column":4},"end":{"line":75,"column":35}},"41":{"start":{"line":78,"column":25},"end":{"line":78,"column":58}},"42":{"start":{"line":79,"column":26},"end":{"line":79,"column":69}},"43":{"start":{"line":80,"column":22},"end":{"line":80,"column":57}},"44":{"start":{"line":81,"column":4},"end":{"line":81,"column":68}},"45":{"start":{"line":84,"column":2},"end":{"line":86,"column":4}},"46":{"start":{"line":85,"column":4},"end":{"line":85,"column":25}},"47":{"start":{"line":36,"column":4},"end":{"line":39,"column":null}},"48":{"start":{"line":37,"column":6},"end":{"line":38,"column":42}},"49":{"start":{"line":40,"column":4},"end":{"line":43,"column":null}},"50":{"start":{"line":41,"column":6},"end":{"line":42,"column":50}},"51":{"start":{"line":44,"column":4},"end":{"line":44,"column":30}},"52":{"start":{"line":45,"column":4},"end":{"line":45,"column":38}},"53":{"start":{"line":46,"column":4},"end":{"line":46,"column":30}},"54":{"start":{"line":87,"column":0},"end":{"line":87,"column":null}},"55":{"start":{"line":18,"column":13},"end":{"line":18,"column":32}}},"fnMap":{"0":{"name":"(anonymous_6)","decl":{"start":{"line":10,"column":0},"end":{"line":10,"column":13}},"loc":{"start":{"line":10,"column":0},"end":{"line":16,"column":null}}},"1":{"name":"RouteError","decl":{"start":{"line":12,"column":2},"end":{"line":12,"column":14}},"loc":{"start":{"line":12,"column":54},"end":{"line":15,"column":3}}},"2":{"name":"(anonymous_8)","decl":{"start":{"line":18,"column":0},"end":{"line":18,"column":13}},"loc":{"start":{"line":18,"column":0},"end":{"line":87,"column":null}}},"3":{"name":"SnowflakeIdGenerate","decl":{"start":{"line":35,"column":2},"end":{"line":35,"column":14}},"loc":{"start":{"line":35,"column":61},"end":{"line":47,"column":3}}},"4":{"name":"(anonymous_10)","decl":{"start":{"line":49,"column":20},"end":{"line":49,"column":null}},"loc":{"start":{"line":49,"column":20},"end":{"line":51,"column":3}}},"5":{"name":"(anonymous_11)","decl":{"start":{"line":53,"column":26},"end":{"line":53,"column":27}},"loc":{"start":{"line":53,"column":48},"end":{"line":59,"column":3}}},"6":{"name":"(anonymous_12)","decl":{"start":{"line":61,"column":19},"end":{"line":61,"column":null}},"loc":{"start":{"line":61,"column":19},"end":{"line":82,"column":3}}},"7":{"name":"(anonymous_13)","decl":{"start":{"line":84,"column":13},"end":{"line":84,"column":null}},"loc":{"start":{"line":84,"column":13},"end":{"line":86,"column":3}}}},"branchMap":{"0":{"loc":{"start":{"line":13,"column":4},"end":{"line":13,"column":null}},"type":"binary-expr","locations":[{"start":{"line":13,"column":4},"end":{"line":13,"column":18}},{"start":{"line":13,"column":18},"end":{"line":13,"column":null}}]},"1":{"loc":{"start":{"line":35,"column":14},"end":{"line":35,"column":29}},"type":"if","locations":[{"start":{"line":35,"column":14},"end":{"line":35,"column":29}}]},"2":{"loc":{"start":{"line":35,"column":29},"end":{"line":35,"column":48}},"type":"if","locations":[{"start":{"line":35,"column":29},"end":{"line":35,"column":48}}]},"3":{"loc":{"start":{"line":35,"column":48},"end":{"line":35,"column":null}},"type":"if","locations":[{"start":{"line":35,"column":48},"end":{"line":35,"column":null}}]},"4":{"loc":{"start":{"line":63,"column":4},"end":{"line":66,"column":null}},"type":"if","locations":[{"start":{"line":63,"column":4},"end":{"line":66,"column":null}}]},"5":{"loc":{"start":{"line":67,"column":4},"end":{"line":74,"column":null}},"type":"if","locations":[{"start":{"line":67,"column":4},"end":{"line":74,"column":null}},{"start":{"line":72,"column":11},"end":{"line":74,"column":null}}]},"6":{"loc":{"start":{"line":69,"column":6},"end":{"line":71,"column":null}},"type":"if","locations":[{"start":{"line":69,"column":6},"end":{"line":71,"column":null}}]},"7":{"loc":{"start":{"line":36,"column":4},"end":{"line":39,"column":null}},"type":"if","locations":[{"start":{"line":36,"column":4},"end":{"line":39,"column":null}}]},"8":{"loc":{"start":{"line":36,"column":8},"end":{"line":36,"column":61}},"type":"binary-expr","locations":[{"start":{"line":36,"column":8},"end":{"line":36,"column":40}},{"start":{"line":36,"column":44},"end":{"line":36,"column":61}}]},"9":{"loc":{"start":{"line":40,"column":4},"end":{"line":43,"column":null}},"type":"if","locations":[{"start":{"line":40,"column":4},"end":{"line":43,"column":null}}]},"10":{"loc":{"start":{"line":40,"column":8},"end":{"line":40,"column":73}},"type":"binary-expr","locations":[{"start":{"line":40,"column":8},"end":{"line":40,"column":48}},{"start":{"line":40,"column":52},"end":{"line":40,"column":73}}]}},"s":{"0":1,"1":1,"2":2,"3":2,"4":1,"5":1,"6":1,"7":0,"8":0,"9":0,"10":0,"11":0,"12":0,"13":0,"14":0,"15":0,"16":0,"17":0,"18":0,"19":0,"20":0,"21":0,"22":0,"23":0,"24":0,"25":0,"26":0,"27":0,"28":0,"29":0,"30":0,"31":0,"32":0,"33":0,"34":0,"35":0,"36":0,"37":0,"38":0,"39":0,"40":0,"41":0,"42":0,"43":0,"44":0,"45":0,"46":0,"47":0,"48":0,"49":0,"50":0,"51":0,"52":0,"53":0,"54":1,"55":1},"f":{"0":1,"1":2,"2":1,"3":0,"4":0,"5":0,"6":0,"7":0},"b":{"0":[2,0],"1":[0],"2":[0],"3":[0],"4":[0],"5":[0,0],"6":[0],"7":[0],"8":[0,0],"9":[0],"10":[0,0]}}
,"/Users/mengchen/Workspaces/interview-homework/fullstack/src/declarations/enums.ts": {"path":"/Users/mengchen/Workspaces/interview-homework/fullstack/src/declarations/enums.ts","statementMap":{"0":{"start":{"line":5,"column":0},"end":{"line":5,"column":null}},"1":{"start":{"line":6,"column":2},"end":{"line":6,"column":null}},"2":{"start":{"line":7,"column":2},"end":{"line":7,"column":null}},"3":{"start":{"line":8,"column":2},"end":{"line":8,"column":null}}},"fnMap":{"0":{"name":"(anonymous_0)","decl":{"start":{"line":5,"column":0},"end":{"line":5,"column":12}},"loc":{"start":{"line":5,"column":20},"end":{"line":9,"column":1}}}},"branchMap":{"0":{"loc":{"start":{"line":5,"column":12},"end":{"line":5,"column":null}},"type":"binary-expr","locations":[{"start":{"line":5,"column":12},"end":{"line":5,"column":20}},{"start":{"line":5,"column":12},"end":{"line":5,"column":null}}]}},"s":{"0":1,"1":1,"2":1,"3":1},"f":{"0":1},"b":{"0":[1,1]}}
,"/Users/mengchen/Workspaces/interview-homework/fullstack/src/declarations/functions.ts": {"path":"/Users/mengchen/Workspaces/interview-homework/fullstack/src/declarations/functions.ts","statementMap":{"0":{"start":{"line":5,"column":0},"end":{"line":5,"column":46}},"1":{"start":{"line":11,"column":2},"end":{"line":11,"column":55}},"2":{"start":{"line":10,"column":0},"end":{"line":10,"column":16}},"3":{"start":{"line":18,"column":2},"end":{"line":22,"column":5}},"4":{"start":{"line":19,"column":4},"end":{"line":21,"column":21}},"5":{"start":{"line":20,"column":6},"end":{"line":20,"column":16}},"6":{"start":{"line":17,"column":0},"end":{"line":17,"column":16}},"7":{"start":{"line":30,"column":42},"end":{"line":30,"column":67}},"8":{"start":{"line":31,"column":17},"end":{"line":31,"column":81}},"9":{"start":{"line":32,"column":16},"end":{"line":32,"column":29}},"10":{"start":{"line":34,"column":19},"end":{"line":34,"column":87}},"11":{"start":{"line":35,"column":14},"end":{"line":35,"column":16}},"12":{"start":{"line":36,"column":2},"end":{"line":40,"column":23}},"13":{"start":{"line":37,"column":16},"end":{"line":37,"column":34}},"14":{"start":{"line":38,"column":4},"end":{"line":38,"column":44}},"15":{"start":{"line":39,"column":4},"end":{"line":39,"column":29}},"16":{"start":{"line":41,"column":2},"end":{"line":41,"column":38}},"17":{"start":{"line":29,"column":0},"end":{"line":29,"column":16}},"18":{"start":{"line":50,"column":14},"end":{"line":50,"column":65}},"19":{"start":{"line":51,"column":17},"end":{"line":51,"column":32}},"20":{"start":{"line":52,"column":2},"end":{"line":52,"column":34}},"21":{"start":{"line":49,"column":0},"end":{"line":49,"column":16}},"22":{"start":{"line":60,"column":14},"end":{"line":60,"column":34}},"23":{"start":{"line":61,"column":17},"end":{"line":61,"column":32}},"24":{"start":{"line":62,"column":2},"end":{"line":62,"column":31}},"25":{"start":{"line":59,"column":0},"end":{"line":59,"column":16}}},"fnMap":{"0":{"name":"getRandomInt","decl":{"start":{"line":10,"column":16},"end":{"line":10,"column":28}},"loc":{"start":{"line":10,"column":28},"end":{"line":12,"column":1}}},"1":{"name":"tick","decl":{"start":{"line":17,"column":16},"end":{"line":17,"column":20}},"loc":{"start":{"line":17,"column":41},"end":{"line":23,"column":1}}},"2":{"name":"(anonymous_2)","decl":{"start":{"line":18,"column":21},"end":{"line":18,"column":22}},"loc":{"start":{"line":18,"column":29},"end":{"line":22,"column":3}}},"3":{"name":"(anonymous_3)","decl":{"start":{"line":19,"column":15},"end":{"line":19,"column":null}},"loc":{"start":{"line":19,"column":15},"end":{"line":21,"column":5}}},"4":{"name":"generateShortUrl","decl":{"start":{"line":29,"column":16},"end":{"line":29,"column":32}},"loc":{"start":{"line":29,"column":32},"end":{"line":42,"column":1}}},"5":{"name":"isValidOriginalUrl","decl":{"start":{"line":49,"column":16},"end":{"line":49,"column":34}},"loc":{"start":{"line":49,"column":54},"end":{"line":53,"column":1}}},"6":{"name":"isValidShortUrl","decl":{"start":{"line":59,"column":16},"end":{"line":59,"column":31}},"loc":{"start":{"line":59,"column":48},"end":{"line":63,"column":1}}}},"branchMap":{},"s":{"0":1,"1":0,"2":1,"3":0,"4":0,"5":0,"6":1,"7":0,"8":0,"9":0,"10":0,"11":0,"12":0,"13":0,"14":0,"15":0,"16":0,"17":1,"18":3,"19":3,"20":3,"21":1,"22":3,"23":3,"24":3,"25":1},"f":{"0":0,"1":0,"2":0,"3":0,"4":0,"5":3,"6":3},"b":{}}
,"/Users/mengchen/Workspaces/interview-homework/fullstack/src/declarations/major/EnvVars.ts": {"path":"/Users/mengchen/Workspaces/interview-homework/fullstack/src/declarations/major/EnvVars.ts","statementMap":{"0":{"start":{"line":2,"column":0},"end":{"line":21,"column":11}}},"fnMap":{},"branchMap":{"0":{"loc":{"start":{"line":3,"column":12},"end":{"line":3,"column":38}},"type":"cond-expr","locations":[{"start":{"line":3,"column":32},"end":{"line":3,"column":36}},{"start":{"line":3,"column":36},"end":{"line":3,"column":38}}]},"1":{"loc":{"start":{"line":3,"column":12},"end":{"line":3,"column":36}},"type":"binary-expr","locations":[{"start":{"line":3,"column":12},"end":{"line":3,"column":36}},{"start":{"line":3,"column":32},"end":{"line":3,"column":36}}]},"2":{"loc":{"start":{"line":4,"column":9},"end":{"line":4,"column":30}},"type":"cond-expr","locations":[{"start":{"line":4,"column":25},"end":{"line":4,"column":29}},{"start":{"line":4,"column":29},"end":{"line":4,"column":30}}]},"3":{"loc":{"start":{"line":4,"column":9},"end":{"line":4,"column":29}},"type":"binary-expr","locations":[{"start":{"line":4,"column":9},"end":{"line":4,"column":29}},{"start":{"line":4,"column":25},"end":{"line":4,"column":29}}]},"4":{"loc":{"start":{"line":7,"column":13},"end":{"line":7,"column":44}},"type":"cond-expr","locations":[{"start":{"line":7,"column":38},"end":{"line":7,"column":42}},{"start":{"line":7,"column":42},"end":{"line":7,"column":44}}]},"5":{"loc":{"start":{"line":7,"column":13},"end":{"line":7,"column":42}},"type":"binary-expr","locations":[{"start":{"line":7,"column":13},"end":{"line":7,"column":42}},{"start":{"line":7,"column":38},"end":{"line":7,"column":42}}]},"6":{"loc":{"start":{"line":11,"column":13},"end":{"line":11,"column":42}},"type":"cond-expr","locations":[{"start":{"line":11,"column":36},"end":{"line":11,"column":40}},{"start":{"line":11,"column":40},"end":{"line":11,"column":42}}]},"7":{"loc":{"start":{"line":11,"column":13},"end":{"line":11,"column":40}},"type":"binary-expr","locations":[{"start":{"line":11,"column":13},"end":{"line":11,"column":40}},{"start":{"line":11,"column":36},"end":{"line":11,"column":40}}]},"8":{"loc":{"start":{"line":12,"column":21},"end":{"line":12,"column":48}},"type":"cond-expr","locations":[{"start":{"line":12,"column":43},"end":{"line":12,"column":47}},{"start":{"line":12,"column":47},"end":{"line":12,"column":48}}]},"9":{"loc":{"start":{"line":12,"column":21},"end":{"line":12,"column":47}},"type":"binary-expr","locations":[{"start":{"line":12,"column":21},"end":{"line":12,"column":47}},{"start":{"line":12,"column":43},"end":{"line":12,"column":47}}]},"10":{"loc":{"start":{"line":13,"column":15},"end":{"line":13,"column":46}},"type":"cond-expr","locations":[{"start":{"line":13,"column":40},"end":{"line":13,"column":44}},{"start":{"line":13,"column":44},"end":{"line":13,"column":46}}]},"11":{"loc":{"start":{"line":13,"column":15},"end":{"line":13,"column":44}},"type":"binary-expr","locations":[{"start":{"line":13,"column":15},"end":{"line":13,"column":44}},{"start":{"line":13,"column":40},"end":{"line":13,"column":44}}]},"12":{"loc":{"start":{"line":18,"column":13},"end":{"line":18,"column":42}},"type":"cond-expr","locations":[{"start":{"line":18,"column":35},"end":{"line":18,"column":40}},{"start":{"line":18,"column":40},"end":{"line":18,"column":42}}]},"13":{"loc":{"start":{"line":18,"column":13},"end":{"line":18,"column":40}},"type":"binary-expr","locations":[{"start":{"line":18,"column":13},"end":{"line":18,"column":40}},{"start":{"line":18,"column":35},"end":{"line":18,"column":40}}]},"14":{"loc":{"start":{"line":19,"column":10},"end":{"line":19,"column":38}},"type":"cond-expr","locations":[{"start":{"line":19,"column":32},"end":{"line":19,"column":36}},{"start":{"line":19,"column":36},"end":{"line":19,"column":38}}]},"15":{"loc":{"start":{"line":19,"column":10},"end":{"line":19,"column":36}},"type":"binary-expr","locations":[{"start":{"line":19,"column":10},"end":{"line":19,"column":36}},{"start":{"line":19,"column":32},"end":{"line":19,"column":36}}]}},"s":{"0":1},"f":{},"b":{"0":[1,0],"1":[1,1],"2":[0,1],"3":[1,1],"4":[0,1],"5":[1,1],"6":[0,1],"7":[1,1],"8":[0,1],"9":[1,1],"10":[0,1],"11":[1,1],"12":[0,1],"13":[1,1],"14":[0,1],"15":[1,1]}}
,"/Users/mengchen/Workspaces/interview-homework/fullstack/src/declarations/major/HttpStatusCodes.ts": {"path":"/Users/mengchen/Workspaces/interview-homework/fullstack/src/declarations/major/HttpStatusCodes.ts","statementMap":{"0":{"start":{"line":10,"column":0},"end":{"line":10,"column":null}},"1":{"start":{"line":19,"column":4},"end":{"line":19,"column":null}},"2":{"start":{"line":24,"column":4},"end":{"line":24,"column":null}},"3":{"start":{"line":31,"column":4},"end":{"line":31,"column":null}},"4":{"start":{"line":39,"column":4},"end":{"line":39,"column":null}},"5":{"start":{"line":44,"column":4},"end":{"line":44,"column":null}},"6":{"start":{"line":50,"column":4},"end":{"line":50,"column":null}},"7":{"start":{"line":57,"column":4},"end":{"line":57,"column":null}},"8":{"start":{"line":62,"column":4},"end":{"line":62,"column":null}},"9":{"start":{"line":68,"column":4},"end":{"line":68,"column":null}},"10":{"start":{"line":75,"column":4},"end":{"line":75,"column":null}},"11":{"start":{"line":81,"column":4},"end":{"line":81,"column":null}},"12":{"start":{"line":87,"column":4},"end":{"line":87,"column":null}},"13":{"start":{"line":93,"column":4},"end":{"line":93,"column":null}},"14":{"start":{"line":100,"column":4},"end":{"line":100,"column":null}},"15":{"start":{"line":105,"column":4},"end":{"line":105,"column":null}},"16":{"start":{"line":115,"column":4},"end":{"line":115,"column":null}},"17":{"start":{"line":123,"column":4},"end":{"line":123,"column":null}},"18":{"start":{"line":129,"column":4},"end":{"line":129,"column":null}},"19":{"start":{"line":136,"column":4},"end":{"line":136,"column":null}},"20":{"start":{"line":141,"column":4},"end":{"line":141,"column":null}},"21":{"start":{"line":149,"column":4},"end":{"line":149,"column":null}},"22":{"start":{"line":156,"column":4},"end":{"line":156,"column":null}},"23":{"start":{"line":162,"column":4},"end":{"line":162,"column":null}},"24":{"start":{"line":170,"column":4},"end":{"line":170,"column":null}},"25":{"start":{"line":177,"column":4},"end":{"line":177,"column":null}},"26":{"start":{"line":183,"column":4},"end":{"line":183,"column":null}},"27":{"start":{"line":189,"column":4},"end":{"line":189,"column":null}},"28":{"start":{"line":195,"column":4},"end":{"line":195,"column":null}},"29":{"start":{"line":200,"column":4},"end":{"line":200,"column":null}},"30":{"start":{"line":205,"column":4},"end":{"line":205,"column":null}},"31":{"start":{"line":212,"column":4},"end":{"line":212,"column":null}},"32":{"start":{"line":218,"column":4},"end":{"line":218,"column":null}},"33":{"start":{"line":227,"column":4},"end":{"line":227,"column":null}},"34":{"start":{"line":232,"column":4},"end":{"line":232,"column":null}},"35":{"start":{"line":237,"column":4},"end":{"line":237,"column":null}},"36":{"start":{"line":242,"column":4},"end":{"line":242,"column":null}},"37":{"start":{"line":249,"column":4},"end":{"line":249,"column":null}},"38":{"start":{"line":255,"column":4},"end":{"line":255,"column":null}},"39":{"start":{"line":262,"column":4},"end":{"line":262,"column":null}},"40":{"start":{"line":267,"column":4},"end":{"line":267,"column":null}},"41":{"start":{"line":274,"column":4},"end":{"line":274,"column":null}},"42":{"start":{"line":279,"column":4},"end":{"line":279,"column":null}},"43":{"start":{"line":284,"column":4},"end":{"line":284,"column":null}},"44":{"start":{"line":289,"column":4},"end":{"line":289,"column":null}},"45":{"start":{"line":294,"column":4},"end":{"line":294,"column":null}},"46":{"start":{"line":299,"column":4},"end":{"line":299,"column":null}},"47":{"start":{"line":307,"column":4},"end":{"line":307,"column":null}},"48":{"start":{"line":312,"column":4},"end":{"line":312,"column":null}},"49":{"start":{"line":318,"column":4},"end":{"line":318,"column":null}},"50":{"start":{"line":324,"column":4},"end":{"line":324,"column":null}},"51":{"start":{"line":329,"column":4},"end":{"line":329,"column":null}},"52":{"start":{"line":335,"column":4},"end":{"line":335,"column":null}},"53":{"start":{"line":340,"column":4},"end":{"line":340,"column":null}},"54":{"start":{"line":346,"column":4},"end":{"line":346,"column":null}},"55":{"start":{"line":351,"column":4},"end":{"line":351,"column":null}},"56":{"start":{"line":356,"column":4},"end":{"line":356,"column":null}},"57":{"start":{"line":361,"column":4},"end":{"line":361,"column":null}},"58":{"start":{"line":366,"column":4},"end":{"line":366,"column":null}},"59":{"start":{"line":371,"column":4},"end":{"line":371,"column":null}},"60":{"start":{"line":376,"column":4},"end":{"line":376,"column":null}},"61":{"start":{"line":383,"column":4},"end":{"line":383,"column":null}},"62":{"start":{"line":386,"column":0},"end":{"line":386,"column":31}}},"fnMap":{"0":{"name":"(anonymous_0)","decl":{"start":{"line":10,"column":0},"end":{"line":10,"column":5}},"loc":{"start":{"line":10,"column":20},"end":{"line":384,"column":1}}}},"branchMap":{"0":{"loc":{"start":{"line":10,"column":5},"end":{"line":10,"column":null}},"type":"binary-expr","locations":[{"start":{"line":10,"column":5},"end":{"line":10,"column":20}},{"start":{"line":10,"column":5},"end":{"line":10,"column":null}}]}},"s":{"0":1,"1":1,"2":1,"3":1,"4":1,"5":1,"6":1,"7":1,"8":1,"9":1,"10":1,"11":1,"12":1,"13":1,"14":1,"15":1,"16":1,"17":1,"18":1,"19":1,"20":1,"21":1,"22":1,"23":1,"24":1,"25":1,"26":1,"27":1,"28":1,"29":1,"30":1,"31":1,"32":1,"33":1,"34":1,"35":1,"36":1,"37":1,"38":1,"39":1,"40":1,"41":1,"42":1,"43":1,"44":1,"45":1,"46":1,"47":1,"48":1,"49":1,"50":1,"51":1,"52":1,"53":1,"54":1,"55":1,"56":1,"57":1,"58":1,"59":1,"60":1,"61":1,"62":1},"f":{"0":1},"b":{"0":[1,1]}}
,"/Users/mengchen/Workspaces/interview-homework/fullstack/src/entity/Url.ts": {"path":"/Users/mengchen/Workspaces/interview-homework/fullstack/src/entity/Url.ts","statementMap":{"0":{"start":{"line":1,"column":0},"end":{"line":1,"column":null}},"1":{"start":{"line":9,"column":0},"end":{"line":9,"column":13}},"2":{"start":{"line":10,"column":2},"end":{"line":11,"column":null}},"3":{"start":{"line":13,"column":2},"end":{"line":14,"column":null}},"4":{"start":{"line":16,"column":2},"end":{"line":17,"column":null}},"5":{"start":{"line":19,"column":2},"end":{"line":20,"column":null}},"6":{"start":{"line":22,"column":2},"end":{"line":23,"column":null}},"7":{"start":{"line":9,"column":13},"end":{"line":24,"column":null}},"8":{"start":{"line":24,"column":0},"end":{"line":24,"column":null}},"9":{"start":{"line":9,"column":13},"end":{"line":9,"column":16}}},"fnMap":{"0":{"name":"(anonymous_2)","decl":{"start":{"line":9,"column":0},"end":{"line":9,"column":13}},"loc":{"start":{"line":9,"column":0},"end":{"line":9,"column":13}}}},"branchMap":{},"s":{"0":1,"1":1,"2":1,"3":1,"4":1,"5":1,"6":1,"7":1,"8":1,"9":1},"f":{"0":7},"b":{}}
,"/Users/mengchen/Workspaces/interview-homework/fullstack/src/routes/api.ts": {"path":"/Users/mengchen/Workspaces/interview-homework/fullstack/src/routes/api.ts","statementMap":{"0":{"start":{"line":1,"column":0},"end":{"line":1,"column":33}},"1":{"start":{"line":2,"column":0},"end":{"line":2,"column":41}},"2":{"start":{"line":4,"column":0},"end":{"line":4,"column":37}},"3":{"start":{"line":9,"column":18},"end":{"line":9,"column":26}},"4":{"start":{"line":10,"column":13},"end":{"line":10,"column":27}},"5":{"start":{"line":14,"column":18},"end":{"line":14,"column":26}},"6":{"start":{"line":17,"column":0},"end":{"line":17,"column":111}},"7":{"start":{"line":20,"column":0},"end":{"line":20,"column":114}},"8":{"start":{"line":23,"column":0},"end":{"line":23,"column":51}},"9":{"start":{"line":27,"column":0},"end":{"line":27,"column":25}}},"fnMap":{},"branchMap":{},"s":{"0":1,"1":1,"2":1,"3":1,"4":1,"5":1,"6":1,"7":1,"8":1,"9":1},"f":{},"b":{}}
,"/Users/mengchen/Workspaces/interview-homework/fullstack/src/routes/url-routes.ts": {"path":"/Users/mengchen/Workspaces/interview-homework/fullstack/src/routes/url-routes.ts","statementMap":{"0":{"start":{"line":1,"column":0},"end":{"line":1,"column":75}},"1":{"start":{"line":3,"column":0},"end":{"line":3,"column":74}},"2":{"start":{"line":5,"column":0},"end":{"line":5,"column":85}},"3":{"start":{"line":6,"column":0},"end":{"line":6,"column":58}},"4":{"start":{"line":11,"column":22},"end":{"line":11,"column":39}},"5":{"start":{"line":13,"column":14},"end":{"line":17,"column":11}},"6":{"start":{"line":25,"column":9},"end":{"line":25,"column":24}},"7":{"start":{"line":26,"column":2},"end":{"line":28,"column":null}},"8":{"start":{"line":27,"column":4},"end":{"line":27,"column":69}},"9":{"start":{"line":29,"column":14},"end":{"line":29,"column":null}},"10":{"start":{"line":29,"column":8},"end":{"line":29,"column":null}},"11":{"start":{"line":30,"column":2},"end":{"line":30,"column":71}},"12":{"start":{"line":36,"column":9},"end":{"line":36,"column":21}},"13":{"start":{"line":37,"column":2},"end":{"line":39,"column":null}},"14":{"start":{"line":38,"column":4},"end":{"line":38,"column":69}},"15":{"start":{"line":40,"column":14},"end":{"line":40,"column":null}},"16":{"start":{"line":40,"column":8},"end":{"line":40,"column":null}},"17":{"start":{"line":41,"column":2},"end":{"line":44,"column":null}},"18":{"start":{"line":43,"column":4},"end":{"line":43,"column":79}},"19":{"start":{"line":45,"column":2},"end":{"line":45,"column":78}},"20":{"start":{"line":50,"column":0},"end":{"line":54,"column":11}}},"fnMap":{"0":{"name":"getShortUrl","decl":{"start":{"line":24,"column":15},"end":{"line":24,"column":26}},"loc":{"start":{"line":24,"column":70},"end":{"line":31,"column":null}}},"1":{"name":"getOriginalUrl","decl":{"start":{"line":35,"column":15},"end":{"line":35,"column":29}},"loc":{"start":{"line":35,"column":70},"end":{"line":46,"column":null}}}},"branchMap":{"0":{"loc":{"start":{"line":26,"column":2},"end":{"line":28,"column":null}},"type":"if","locations":[{"start":{"line":26,"column":2},"end":{"line":28,"column":null}}]},"1":{"loc":{"start":{"line":26,"column":6},"end":{"line":26,"column":54}},"type":"binary-expr","locations":[{"start":{"line":26,"column":6},"end":{"line":26,"column":18}},{"start":{"line":26,"column":22},"end":{"line":26,"column":54}}]},"2":{"loc":{"start":{"line":37,"column":2},"end":{"line":39,"column":null}},"type":"if","locations":[{"start":{"line":37,"column":2},"end":{"line":39,"column":null}}]},"3":{"loc":{"start":{"line":37,"column":6},"end":{"line":37,"column":45}},"type":"binary-expr","locations":[{"start":{"line":37,"column":6},"end":{"line":37,"column":15}},{"start":{"line":37,"column":19},"end":{"line":37,"column":45}}]},"4":{"loc":{"start":{"line":41,"column":2},"end":{"line":44,"column":null}},"type":"if","locations":[{"start":{"line":41,"column":2},"end":{"line":44,"column":null}}]},"5":{"loc":{"start":{"line":45,"column":59},"end":{"line":45,"column":75}},"type":"cond-expr","locations":[{"start":{"line":45,"column":62},"end":{"line":45,"column":64}},{"start":{"line":45,"column":59},"end":{"line":45,"column":75}}]},"6":{"loc":{"start":{"line":45,"column":59},"end":{"line":45,"column":64}},"type":"binary-expr","locations":[{"start":{"line":45,"column":59},"end":{"line":45,"column":64}},{"start":{"line":45,"column":59},"end":{"line":45,"column":64}}]}},"s":{"0":1,"1":1,"2":1,"3":1,"4":1,"5":1,"6":3,"7":3,"8":1,"9":2,"10":2,"11":2,"12":3,"13":3,"14":1,"15":2,"16":2,"17":2,"18":1,"19":1,"20":1},"f":{"0":3,"1":3},"b":{"0":[1],"1":[3,3],"2":[1],"3":[3,3],"4":[1],"5":[0,1],"6":[1,1]}}
,"/Users/mengchen/Workspaces/interview-homework/fullstack/src/services/url-service.ts": {"path":"/Users/mengchen/Workspaces/interview-homework/fullstack/src/services/url-service.ts","statementMap":{"0":{"start":{"line":2,"column":0},"end":{"line":2,"column":29}},"1":{"start":{"line":3,"column":0},"end":{"line":3,"column":68}},"2":{"start":{"line":4,"column":0},"end":{"line":4,"column":47}},"3":{"start":{"line":5,"column":0},"end":{"line":5,"column":36}},"4":{"start":{"line":9,"column":13},"end":{"line":9,"column":58}},"5":{"start":{"line":10,"column":22},"end":{"line":10,"column":54}},"6":{"start":{"line":19,"column":8},"end":{"line":19,"column":57}},"7":{"start":{"line":20,"column":18},"end":{"line":20,"column":null}},"8":{"start":{"line":20,"column":8},"end":{"line":20,"column":null}},"9":{"start":{"line":21,"column":2},"end":{"line":23,"column":null}},"10":{"start":{"line":22,"column":4},"end":{"line":22,"column":19}},"11":{"start":{"line":24,"column":8},"end":{"line":24,"column":38}},"12":{"start":{"line":25,"column":8},"end":{"line":29,"column":5}},"13":{"start":{"line":30,"column":17},"end":{"line":30,"column":null}},"14":{"start":{"line":30,"column":8},"end":{"line":30,"column":null}},"15":{"start":{"line":31,"column":2},"end":{"line":31,"column":16}},"16":{"start":{"line":38,"column":22},"end":{"line":38,"column":null}},"17":{"start":{"line":38,"column":8},"end":{"line":38,"column":null}},"18":{"start":{"line":39,"column":2},"end":{"line":39,"column":21}},"19":{"start":{"line":44,"column":0},"end":{"line":47,"column":11}}},"fnMap":{"0":{"name":"getShortUrlInfo","decl":{"start":{"line":17,"column":15},"end":{"line":17,"column":30}},"loc":{"start":{"line":17,"column":50},"end":{"line":32,"column":null}}},"1":{"name":"getOriginalUrlInfo","decl":{"start":{"line":37,"column":15},"end":{"line":37,"column":33}},"loc":{"start":{"line":37,"column":50},"end":{"line":40,"column":null}}}},"branchMap":{"0":{"loc":{"start":{"line":21,"column":2},"end":{"line":23,"column":null}},"type":"if","locations":[{"start":{"line":21,"column":2},"end":{"line":23,"column":null}}]},"1":{"loc":{"start":{"line":38,"column":22},"end":{"line":38,"column":null}},"type":"switch","locations":[{"start":{"line":38,"column":22},"end":{"line":38,"column":null}}]}},"s":{"0":1,"1":1,"2":1,"3":1,"4":1,"5":1,"6":2,"7":2,"8":2,"9":2,"10":2,"11":0,"12":0,"13":0,"14":0,"15":0,"16":2,"17":2,"18":2,"19":1},"f":{"0":2,"1":2},"b":{"0":[2],"1":[2]}}
}
