{"/Users/lvjinlong/Lvjinlong/interview-assignments/fullstack/src/app.ts": {"path":"/Users/lvjinlong/Lvjinlong/interview-assignments/fullstack/src/app.ts","statementMap":{"0":{"start":{"line":1,"column":0},"end":{"line":1,"column":30}},"1":{"start":{"line":2,"column":0},"end":{"line":2,"column":37}},"2":{"start":{"line":3,"column":0},"end":{"line":3,"column":17}},"3":{"start":{"line":4,"column":0},"end":{"line":4,"column":55}},"4":{"start":{"line":5,"column":0},"end":{"line":5,"column":50}},"5":{"start":{"line":7,"column":12},"end":{"line":7,"column":21}},"6":{"start":{"line":9,"column":0},"end":{"line":9,"column":27}},"7":{"start":{"line":11,"column":0},"end":{"line":11,"column":45}},"8":{"start":{"line":12,"column":0},"end":{"line":12,"column":40}},"9":{"start":{"line":14,"column":0},"end":{"line":14,"column":19}}},"fnMap":{},"branchMap":{},"s":{"0":1,"1":1,"2":1,"3":1,"4":1,"5":1,"6":1,"7":1,"8":1,"9":1},"f":{},"b":{}}
,"/Users/lvjinlong/Lvjinlong/interview-assignments/fullstack/src/mongo.ts": {"path":"/Users/lvjinlong/Lvjinlong/interview-assignments/fullstack/src/mongo.ts","statementMap":{"0":{"start":{"line":1,"column":0},"end":{"line":1,"column":32}},"1":{"start":{"line":2,"column":0},"end":{"line":2,"column":36}},"2":{"start":{"line":4,"column":14},"end":{"line":4,"column":23}},"3":{"start":{"line":5,"column":19},"end":{"line":5,"column":27}},"4":{"start":{"line":7,"column":0},"end":{"line":7,"column":24}},"5":{"start":{"line":9,"column":11},"end":{"line":9,"column":30}},"6":{"start":{"line":11,"column":20},"end":{"line":14,"column":2}},"7":{"start":{"line":16,"column":0},"end":{"line":16,"column":37}},"8":{"start":{"line":18,"column":0},"end":{"line":20,"column":3}},"9":{"start":{"line":19,"column":2},"end":{"line":19,"column":63}}},"fnMap":{"0":{"name":"(anonymous_1)","decl":{"start":{"line":18,"column":15},"end":{"line":18,"column":18}},"loc":{"start":{"line":18,"column":20},"end":{"line":20,"column":1}}}},"branchMap":{},"s":{"0":1,"1":1,"2":1,"3":1,"4":1,"5":1,"6":1,"7":1,"8":1,"9":0},"f":{"0":0},"b":{}}
,"/Users/lvjinlong/Lvjinlong/interview-assignments/fullstack/src/config/index.ts": {"path":"/Users/lvjinlong/Lvjinlong/interview-assignments/fullstack/src/config/index.ts","statementMap":{"0":{"start":{"line":1,"column":15},"end":{"line":4,"column":2}},"1":{"start":{"line":6,"column":0},"end":{"line":6,"column":22}}},"fnMap":{},"branchMap":{},"s":{"0":1,"1":1},"f":{},"b":{}}
,"/Users/lvjinlong/Lvjinlong/interview-assignments/fullstack/src/controller/longurl.ts": {"path":"/Users/lvjinlong/Lvjinlong/interview-assignments/fullstack/src/controller/longurl.ts","statementMap":{"0":{"start":{"line":2,"column":0},"end":{"line":2,"column":32}},"1":{"start":{"line":3,"column":0},"end":{"line":3,"column":54}},"2":{"start":{"line":6,"column":14},"end":{"line":6,"column":37}},"3":{"start":{"line":8,"column":19},"end":{"line":35,"column":2}},"4":{"start":{"line":8,"column":57},"end":{"line":35,"column":2}},"5":{"start":{"line":9,"column":17},"end":{"line":9,"column":27}},"6":{"start":{"line":11,"column":2},"end":{"line":13,"column":null}},"7":{"start":{"line":12,"column":4},"end":{"line":12,"column":53}},"8":{"start":{"line":15,"column":13},"end":{"line":15,"column":25}},"9":{"start":{"line":17,"column":2},"end":{"line":26,"column":null}},"10":{"start":{"line":18,"column":4},"end":{"line":18,"column":52}},"11":{"start":{"line":20,"column":21},"end":{"line":23,"column":6}},"12":{"start":{"line":25,"column":4},"end":{"line":25,"column":27}},"13":{"start":{"line":28,"column":2},"end":{"line":34,"column":5}},"14":{"start":{"line":37,"column":9},"end":{"line":37,"column":19}}},"fnMap":{"0":{"name":"(anonymous_8)","decl":{"start":{"line":8,"column":19},"end":{"line":8,"column":26}},"loc":{"start":{"line":8,"column":57},"end":{"line":35,"column":2}}},"1":{"name":"(anonymous_9)","decl":{"start":{"line":8,"column":57},"end":{"line":8,"column":null}},"loc":{"start":{"line":8,"column":57},"end":{"line":35,"column":1}}}},"branchMap":{"0":{"loc":{"start":{"line":11,"column":2},"end":{"line":13,"column":null}},"type":"if","locations":[{"start":{"line":11,"column":2},"end":{"line":13,"column":null}}]},"1":{"loc":{"start":{"line":17,"column":2},"end":{"line":26,"column":null}},"type":"if","locations":[{"start":{"line":17,"column":2},"end":{"line":26,"column":null}}]}},"s":{"0":1,"1":1,"2":1,"3":1,"4":0,"5":0,"6":0,"7":0,"8":0,"9":0,"10":0,"11":0,"12":0,"13":0,"14":1},"f":{"0":0,"1":0},"b":{"0":[0],"1":[0]}}
,"/Users/lvjinlong/Lvjinlong/interview-assignments/fullstack/src/controller/shorturl.ts": {"path":"/Users/lvjinlong/Lvjinlong/interview-assignments/fullstack/src/controller/shorturl.ts","statementMap":{"0":{"start":{"line":2,"column":17},"end":{"line":2,"column":36}},"1":{"start":{"line":3,"column":15},"end":{"line":3,"column":36}},"2":{"start":{"line":5,"column":14},"end":{"line":5,"column":37}},"3":{"start":{"line":7,"column":23},"end":{"line":27,"column":2}},"4":{"start":{"line":7,"column":61},"end":{"line":27,"column":2}},"5":{"start":{"line":8,"column":18},"end":{"line":8,"column":26}},"6":{"start":{"line":10,"column":2},"end":{"line":12,"column":null}},"7":{"start":{"line":11,"column":4},"end":{"line":11,"column":54}},"8":{"start":{"line":14,"column":15},"end":{"line":14,"column":26}},"9":{"start":{"line":15,"column":2},"end":{"line":15,"column":55}},"10":{"start":{"line":16,"column":2},"end":{"line":16,"column":17}},"11":{"start":{"line":18,"column":17},"end":{"line":18,"column":34}},"12":{"start":{"line":20,"column":2},"end":{"line":26,"column":5}},"13":{"start":{"line":29,"column":9},"end":{"line":29,"column":23}}},"fnMap":{"0":{"name":"(anonymous_7)","decl":{"start":{"line":7,"column":23},"end":{"line":7,"column":30}},"loc":{"start":{"line":7,"column":61},"end":{"line":27,"column":2}}},"1":{"name":"(anonymous_8)","decl":{"start":{"line":7,"column":61},"end":{"line":7,"column":null}},"loc":{"start":{"line":7,"column":61},"end":{"line":27,"column":1}}}},"branchMap":{"0":{"loc":{"start":{"line":10,"column":2},"end":{"line":12,"column":null}},"type":"if","locations":[{"start":{"line":10,"column":2},"end":{"line":12,"column":null}}]}},"s":{"0":1,"1":1,"2":1,"3":1,"4":2,"5":2,"6":2,"7":1,"8":1,"9":1,"10":1,"11":1,"12":1,"13":1},"f":{"0":2,"1":2},"b":{"0":[1]}}
,"/Users/lvjinlong/Lvjinlong/interview-assignments/fullstack/src/service/cache.ts": {"path":"/Users/lvjinlong/Lvjinlong/interview-assignments/fullstack/src/service/cache.ts","statementMap":{"0":{"start":{"line":1,"column":0},"end":{"line":1,"column":28}},"1":{"start":{"line":4,"column":14},"end":{"line":15,"column":2}},"2":{"start":{"line":10,"column":19},"end":{"line":10,"column":60}},"3":{"start":{"line":13,"column":4},"end":{"line":13,"column":51}},"4":{"start":{"line":17,"column":17},"end":{"line":19,"column":1}},"5":{"start":{"line":18,"column":2},"end":{"line":18,"column":23}},"6":{"start":{"line":25,"column":9},"end":{"line":25,"column":17}},"7":{"start":{"line":21,"column":17},"end":{"line":23,"column":1}},"8":{"start":{"line":22,"column":2},"end":{"line":22,"column":22}},"9":{"start":{"line":25,"column":19},"end":{"line":25,"column":27}}},"fnMap":{"0":{"name":"(anonymous_1)","decl":{"start":{"line":9,"column":2},"end":{"line":9,"column":8}},"loc":{"start":{"line":9,"column":36},"end":{"line":14,"column":3}}},"1":{"name":"(anonymous_2)","decl":{"start":{"line":17,"column":17},"end":{"line":17,"column":18}},"loc":{"start":{"line":17,"column":32},"end":{"line":19,"column":1}}},"2":{"name":"(anonymous_3)","decl":{"start":{"line":21,"column":17},"end":{"line":21,"column":18}},"loc":{"start":{"line":21,"column":48},"end":{"line":23,"column":1}}}},"branchMap":{},"s":{"0":1,"1":1,"2":0,"3":0,"4":1,"5":0,"6":1,"7":1,"8":0,"9":1},"f":{"0":0,"1":0,"2":0},"b":{}}
}
