TN:
SF:src/data-source.ts
FNF:0
FNH:0
DA:1,1
DA:2,1
DA:3,1
DA:5,1
LF:4
LH:4
BRF:0
BRH:0
end_of_record
TN:
SF:src/server.ts
FN:18,(anonymous_1)
FN:41,(anonymous_2)
FNF:2
FNH:2
FNDA:1,(anonymous_1)
FNDA:2,(anonymous_2)
DA:1,1
DA:2,1
DA:3,1
DA:4,1
DA:6,1
DA:8,1
DA:9,1
DA:10,1
DA:11,1
DA:12,1
DA:13,1
DA:14,1
DA:17,1
DA:18,1
DA:20,1
DA:21,1
DA:22,1
DA:25,1
DA:26,0
DA:30,1
DA:31,0
DA:38,1
DA:41,1
DA:48,2
DA:49,2
DA:50,2
DA:51,0
DA:53,2
DA:61,1
LF:29
LH:26
BRDA:25,0,0,0
BRDA:30,1,0,0
BRDA:50,2,0,0
BRF:3
BRH:0
end_of_record
TN:
SF:src/declarations/classes.ts
FN:10,(anonymous_6)
FN:12,RouteError
FN:18,(anonymous_8)
FN:35,SnowflakeIdGenerate
FN:49,(anonymous_10)
FN:53,(anonymous_11)
FN:61,(anonymous_12)
FN:84,(anonymous_13)
FNF:8
FNH:3
FNDA:1,(anonymous_6)
FNDA:2,RouteError
FNDA:1,(anonymous_8)
FNDA:0,SnowflakeIdGenerate
FNDA:0,(anonymous_10)
FNDA:0,(anonymous_11)
FNDA:0,(anonymous_12)
FNDA:0,(anonymous_13)
DA:10,1
DA:13,2
DA:14,2
DA:16,1
DA:18,1
DA:19,0
DA:20,0
DA:21,0
DA:22,0
DA:23,0
DA:24,0
DA:25,0
DA:26,0
DA:29,0
DA:30,0
DA:31,0
DA:32,0
DA:33,0
DA:35,0
DA:36,0
DA:37,0
DA:40,0
DA:41,0
DA:44,0
DA:45,0
DA:46,0
DA:49,0
DA:50,0
DA:53,0
DA:54,0
DA:55,0
DA:56,0
DA:58,0
DA:61,0
DA:62,0
DA:63,0
DA:64,0
DA:67,0
DA:68,0
DA:69,0
DA:70,0
DA:73,0
DA:75,0
DA:78,0
DA:79,0
DA:80,0
DA:81,0
DA:84,0
DA:85,0
DA:87,1
LF:50
LH:6
BRDA:13,0,0,2
BRDA:13,0,1,0
BRDA:35,1,0,0
BRDA:35,2,0,0
BRDA:35,3,0,0
BRDA:63,4,0,0
BRDA:67,5,0,0
BRDA:67,5,1,0
BRDA:69,6,0,0
BRDA:36,7,0,0
BRDA:36,8,0,0
BRDA:36,8,1,0
BRDA:40,9,0,0
BRDA:40,10,0,0
BRDA:40,10,1,0
BRF:15
BRH:1
end_of_record
TN:
SF:src/declarations/enums.ts
FN:5,(anonymous_0)
FNF:1
FNH:1
FNDA:1,(anonymous_0)
DA:5,1
DA:6,1
DA:7,1
DA:8,1
LF:4
LH:4
BRDA:5,0,0,1
BRDA:5,0,1,1
BRF:2
BRH:2
end_of_record
TN:
SF:src/declarations/functions.ts
FN:10,getRandomInt
FN:17,tick
FN:18,(anonymous_2)
FN:19,(anonymous_3)
FN:29,generateShortUrl
FN:49,isValidOriginalUrl
FN:59,isValidShortUrl
FNF:7
FNH:2
FNDA:0,getRandomInt
FNDA:0,tick
FNDA:0,(anonymous_2)
FNDA:0,(anonymous_3)
FNDA:0,generateShortUrl
FNDA:3,isValidOriginalUrl
FNDA:3,isValidShortUrl
DA:5,1
DA:10,1
DA:11,0
DA:17,1
DA:18,0
DA:19,0
DA:20,0
DA:29,1
DA:30,0
DA:31,0
DA:32,0
DA:34,0
DA:35,0
DA:36,0
DA:37,0
DA:38,0
DA:39,0
DA:41,0
DA:49,1
DA:50,3
DA:51,3
DA:52,3
DA:59,1
DA:60,3
DA:61,3
DA:62,3
LF:26
LH:12
BRF:0
BRH:0
end_of_record
TN:
SF:src/declarations/major/EnvVars.ts
FNF:0
FNH:0
DA:2,1
LF:1
LH:1
BRDA:3,0,0,1
BRDA:3,0,1,0
BRDA:3,1,0,1
BRDA:3,1,1,1
BRDA:4,2,0,0
BRDA:4,2,1,1
BRDA:4,3,0,1
BRDA:4,3,1,1
BRDA:7,4,0,0
BRDA:7,4,1,1
BRDA:7,5,0,1
BRDA:7,5,1,1
BRDA:11,6,0,0
BRDA:11,6,1,1
BRDA:11,7,0,1
BRDA:11,7,1,1
BRDA:12,8,0,0
BRDA:12,8,1,1
BRDA:12,9,0,1
BRDA:12,9,1,1
BRDA:13,10,0,0
BRDA:13,10,1,1
BRDA:13,11,0,1
BRDA:13,11,1,1
BRDA:18,12,0,0
BRDA:18,12,1,1
BRDA:18,13,0,1
BRDA:18,13,1,1
BRDA:19,14,0,0
BRDA:19,14,1,1
BRDA:19,15,0,1
BRDA:19,15,1,1
BRF:32
BRH:24
end_of_record
TN:
SF:src/declarations/major/HttpStatusCodes.ts
FN:10,(anonymous_0)
FNF:1
FNH:1
FNDA:1,(anonymous_0)
DA:10,1
DA:19,1
DA:24,1
DA:31,1
DA:39,1
DA:44,1
DA:50,1
DA:57,1
DA:62,1
DA:68,1
DA:75,1
DA:81,1
DA:87,1
DA:93,1
DA:100,1
DA:105,1
DA:115,1
DA:123,1
DA:129,1
DA:136,1
DA:141,1
DA:149,1
DA:156,1
DA:162,1
DA:170,1
DA:177,1
DA:183,1
DA:189,1
DA:195,1
DA:200,1
DA:205,1
DA:212,1
DA:218,1
DA:227,1
DA:232,1
DA:237,1
DA:242,1
DA:249,1
DA:255,1
DA:262,1
DA:267,1
DA:274,1
DA:279,1
DA:284,1
DA:289,1
DA:294,1
DA:299,1
DA:307,1
DA:312,1
DA:318,1
DA:324,1
DA:329,1
DA:335,1
DA:340,1
DA:346,1
DA:351,1
DA:356,1
DA:361,1
DA:366,1
DA:371,1
DA:376,1
DA:383,1
DA:386,1
LF:63
LH:63
BRDA:10,0,0,1
BRDA:10,0,1,1
BRF:2
BRH:2
end_of_record
TN:
SF:src/entity/Url.ts
FN:9,(anonymous_2)
FNF:1
FNH:1
FNDA:7,(anonymous_2)
DA:1,1
DA:9,1
DA:10,1
DA:13,1
DA:16,1
DA:19,1
DA:22,1
DA:24,1
LF:8
LH:8
BRF:0
BRH:0
end_of_record
TN:
SF:src/routes/api.ts
FNF:0
FNH:0
DA:1,1
DA:2,1
DA:4,1
DA:9,1
DA:10,1
DA:14,1
DA:17,1
DA:20,1
DA:23,1
DA:27,1
LF:10
LH:10
BRF:0
BRH:0
end_of_record
TN:
SF:src/routes/url-routes.ts
FN:24,getShortUrl
FN:35,getOriginalUrl
FNF:2
FNH:2
FNDA:3,getShortUrl
FNDA:3,getOriginalUrl
DA:1,1
DA:3,1
DA:5,1
DA:6,1
DA:11,1
DA:13,1
DA:25,3
DA:26,3
DA:27,1
DA:29,2
DA:30,2
DA:36,3
DA:37,3
DA:38,1
DA:40,2
DA:41,2
DA:43,1
DA:45,1
DA:50,1
LF:19
LH:19
BRDA:26,0,0,1
BRDA:26,1,0,3
BRDA:26,1,1,3
BRDA:37,2,0,1
BRDA:37,3,0,3
BRDA:37,3,1,3
BRDA:41,4,0,1
BRDA:45,5,0,0
BRDA:45,5,1,1
BRDA:45,6,0,1
BRDA:45,6,1,1
BRF:11
BRH:10
end_of_record
TN:
SF:src/services/url-service.ts
FN:17,getShortUrlInfo
FN:37,getOriginalUrlInfo
FNF:2
FNH:2
FNDA:2,getShortUrlInfo
FNDA:2,getOriginalUrlInfo
DA:2,1
DA:3,1
DA:4,1
DA:5,1
DA:9,1
DA:10,1
DA:19,2
DA:20,2
DA:21,2
DA:22,2
DA:24,0
DA:25,0
DA:30,0
DA:31,0
DA:38,2
DA:39,2
DA:44,1
LF:17
LH:13
BRDA:21,0,0,2
BRDA:38,1,0,2
BRF:2
BRH:2
end_of_record
