TN:
SF:src/main.ts
FN:8,(anonymous_0)
FN:13,redis
FN:18,(anonymous_2)
FN:19,(anonymous_3)
FN:23,(anonymous_4)
FN:24,(anonymous_5)
FN:34,(anonymous_6)
FNF:7
FNH:0
FNDA:0,(anonymous_0)
FNDA:0,redis
FNDA:0,(anonymous_2)
FNDA:0,(anonymous_3)
FNDA:0,(anonymous_4)
FNDA:0,(anonymous_5)
FNDA:0,(anonymous_6)
DA:8,0
DA:9,0
DA:11,0
DA:12,0
DA:13,0
DA:14,0
DA:15,0
DA:18,0
DA:19,0
DA:20,0
DA:21,0
DA:22,0
DA:23,0
DA:25,0
DA:26,0
DA:28,0
DA:29,0
DA:33,0
DA:34,0
DA:35,0
LF:20
LH:0
BRDA:21,0,0,0
BRDA:21,0,1,0
BRDA:23,1,0,0
BRDA:23,1,1,0
BRDA:23,2,0,0
BRDA:23,2,1,0
BRDA:28,3,0,0
BRDA:28,4,0,0
BRDA:28,4,1,0
BRF:9
BRH:0
end_of_record
TN:
SF:src/routes.ts
FNF:0
FNH:0
DA:9,0
LF:1
LH:0
BRF:0
BRH:0
end_of_record
TN:
SF:src/util.ts
FN:11,success
FN:21,failure
FNF:2
FNH:2
FNDA:5,success
FNDA:5,failure
DA:11,1
DA:12,5
DA:16,5
DA:17,0
DA:19,5
DA:21,1
DA:22,5
DA:25,5
DA:26,5
DA:28,5
DA:29,0
DA:31,5
DA:33,1
LF:13
LH:11
BRDA:16,0,0,0
BRDA:25,1,0,5
BRDA:28,2,0,0
BRF:3
BRH:1
end_of_record
TN:
SF:src/controller/encoder.ts
FN:12,(anonymous_1)
FN:21,(anonymous_2)
FN:28,(anonymous_3)
FN:43,(anonymous_4)
FN:49,findIfExists
FN:55,(anonymous_6)
FN:60,(anonymous_7)
FN:68,(anonymous_8)
FN:71,(anonymous_9)
FNF:9
FNH:9
FNDA:5,(anonymous_1)
FNDA:3,(anonymous_2)
FNDA:2,(anonymous_3)
FNDA:5,(anonymous_4)
FNDA:6,findIfExists
FNDA:6,(anonymous_6)
FNDA:4,(anonymous_7)
FNDA:2,(anonymous_8)
FNDA:4,(anonymous_9)
DA:2,1
DA:3,1
DA:4,1
DA:5,1
DA:7,1
DA:8,1
DA:13,5
DA:14,5
DA:15,1
DA:17,4
DA:18,4
DA:19,1
DA:21,3
DA:22,3
DA:23,2
DA:29,2
DA:30,2
DA:31,1
DA:32,1
DA:34,1
DA:37,1
DA:44,5
DA:45,5
DA:46,1
DA:48,4
DA:50,6
DA:56,6
DA:60,4
DA:61,4
DA:62,1
DA:64,3
DA:69,2
DA:73,4
DA:74,3
DA:76,1
DA:80,1
LF:36
LH:36
BRDA:14,0,0,1
BRDA:14,1,0,5
BRDA:14,1,1,4
BRDA:18,2,0,1
BRDA:22,3,0,2
BRDA:29,4,0,1
BRDA:29,4,1,1
BRDA:30,5,0,1
BRDA:45,6,0,1
BRDA:45,7,0,5
BRDA:45,7,1,4
BRDA:61,8,0,1
BRDA:73,9,0,3
BRF:13
BRH:13
end_of_record
TN:
SF:src/entity/Url.ts
FNF:0
FNH:0
DA:1,1
DA:3,1
DA:6,1
DA:8,1
DA:11,1
LF:5
LH:5
BRF:0
BRH:0
end_of_record
TN:
SF:src/middleware/mysql.ts
FNF:0
FNH:0
DA:6,0
DA:7,0
LF:2
LH:0
BRF:0
BRH:0
end_of_record
TN:
SF:src/middleware/redis.ts
FN:7,redis
FNF:1
FNH:0
FNDA:0,redis
DA:6,0
DA:8,0
DA:9,0
LF:3
LH:0
BRF:0
BRH:0
end_of_record
