{"/Users/markinemail/WebstormProjects/convert-url-ts-api/src/config/index.ts": {"path":"/Users/markinemail/WebstormProjects/convert-url-ts-api/src/config/index.ts","statementMap":{"0":{"start":{"line":1,"column":15},"end":{"line":6,"column":null}},"1":{"start":{"line":7,"column":0},"end":{"line":7,"column":22}}},"fnMap":{},"branchMap":{},"s":{"0":1,"1":1},"f":{},"b":{}}
,"/Users/markinemail/WebstormProjects/convert-url-ts-api/src/configuration/boot.ts": {"path":"/Users/markinemail/WebstormProjects/convert-url-ts-api/src/configuration/boot.ts","statementMap":{"0":{"start":{"line":2,"column":0},"end":{"line":2,"column":41}},"1":{"start":{"line":3,"column":0},"end":{"line":3,"column":22}},"2":{"start":{"line":7,"column":28},"end":{"line":7,"column":54}},"3":{"start":{"line":8,"column":8},"end":{"line":12,"column":null}},"4":{"start":{"line":9,"column":12},"end":{"line":9,"column":null}},"5":{"start":{"line":11,"column":12},"end":{"line":11,"column":null}},"6":{"start":{"line":13,"column":8},"end":{"line":13,"column":22}},"7":{"start":{"line":5,"column":0},"end":{"line":5,"column":21}}},"fnMap":{"0":{"name":"(anonymous_8)","decl":{"start":{"line":6,"column":11},"end":{"line":6,"column":17}},"loc":{"start":{"line":6,"column":27},"end":{"line":14,"column":null}}}},"branchMap":{},"s":{"0":1,"1":1,"2":1,"3":1,"4":1,"5":0,"6":1,"7":1},"f":{"0":1},"b":{}}
,"/Users/markinemail/WebstormProjects/convert-url-ts-api/src/configuration/express.ts": {"path":"/Users/markinemail/WebstormProjects/convert-url-ts-api/src/configuration/express.ts","statementMap":{"0":{"start":{"line":2,"column":0},"end":{"line":2,"column":31}},"1":{"start":{"line":3,"column":0},"end":{"line":3,"column":28}},"2":{"start":{"line":4,"column":0},"end":{"line":4,"column":35}},"3":{"start":{"line":5,"column":0},"end":{"line":5,"column":null}},"4":{"start":{"line":6,"column":31},"end":{"line":6,"column":59}},"5":{"start":{"line":8,"column":0},"end":{"line":8,"column":31}},"6":{"start":{"line":9,"column":0},"end":{"line":9,"column":42}},"7":{"start":{"line":12,"column":14},"end":{"line":12,"column":32}},"8":{"start":{"line":13,"column":13},"end":{"line":13,"column":28}},"9":{"start":{"line":15,"column":21},"end":{"line":15,"column":45}},"10":{"start":{"line":16,"column":0},"end":{"line":16,"column":null}},"11":{"start":{"line":19,"column":18},"end":{"line":19,"column":27}},"12":{"start":{"line":20,"column":8},"end":{"line":20,"column":56}},"13":{"start":{"line":21,"column":8},"end":{"line":21,"column":null}},"14":{"start":{"line":22,"column":8},"end":{"line":22,"column":32}},"15":{"start":{"line":23,"column":8},"end":{"line":23,"column":30}},"16":{"start":{"line":24,"column":8},"end":{"line":24,"column":null}},"17":{"start":{"line":25,"column":29},"end":{"line":25,"column":51}},"18":{"start":{"line":26,"column":8},"end":{"line":26,"column":46}},"19":{"start":{"line":27,"column":8},"end":{"line":44,"column":11}},"20":{"start":{"line":28,"column":12},"end":{"line":30,"column":null}},"21":{"start":{"line":29,"column":16},"end":{"line":29,"column":28}},"22":{"start":{"line":31,"column":30},"end":{"line":31,"column":128}},"23":{"start":{"line":32,"column":12},"end":{"line":43,"column":null}},"24":{"start":{"line":34,"column":20},"end":{"line":34,"column":73}},"25":{"start":{"line":36,"column":20},"end":{"line":36,"column":26}},"26":{"start":{"line":38,"column":20},"end":{"line":38,"column":62}},"27":{"start":{"line":40,"column":20},"end":{"line":40,"column":26}},"28":{"start":{"line":42,"column":20},"end":{"line":42,"column":32}},"29":{"start":{"line":45,"column":8},"end":{"line":53,"column":null}},"30":{"start":{"line":46,"column":51},"end":{"line":46,"column":71}},"31":{"start":{"line":47,"column":12},"end":{"line":52,"column":null}},"32":{"start":{"line":48,"column":27},"end":{"line":50,"column":44}},"33":{"start":{"line":51,"column":20},"end":{"line":51,"column":57}},"34":{"start":{"line":54,"column":8},"end":{"line":54,"column":null}},"35":{"start":{"line":55,"column":8},"end":{"line":55,"column":null}},"36":{"start":{"line":58,"column":20},"end":{"line":58,"column":24}},"37":{"start":{"line":59,"column":8},"end":{"line":62,"column":null}},"38":{"start":{"line":60,"column":12},"end":{"line":60,"column":null}},"39":{"start":{"line":61,"column":12},"end":{"line":61,"column":28}},"40":{"start":{"line":63,"column":32},"end":{"line":63,"column":51}},"41":{"start":{"line":65,"column":12},"end":{"line":65,"column":33}},"42":{"start":{"line":66,"column":31},"end":{"line":66,"column":64}},"43":{"start":{"line":67,"column":12},"end":{"line":69,"column":null}},"44":{"start":{"line":68,"column":16},"end":{"line":68,"column":69}},"45":{"start":{"line":70,"column":12},"end":{"line":91,"column":null}},"46":{"start":{"line":71,"column":16},"end":{"line":90,"column":null}},"47":{"start":{"line":72,"column":20},"end":{"line":72,"column":null}},"48":{"start":{"line":73,"column":20},"end":{"line":89,"column":null}},"49":{"start":{"line":74,"column":41},"end":{"line":74,"column":43}},"50":{"start":{"line":75,"column":24},"end":{"line":88,"column":null}},"51":{"start":{"line":76,"column":28},"end":{"line":76,"column":null}},"52":{"start":{"line":77,"column":48},"end":{"line":77,"column":112}},"53":{"start":{"line":78,"column":49},"end":{"line":78,"column":65}},"54":{"start":{"line":79,"column":28},"end":{"line":84,"column":null}},"55":{"start":{"line":80,"column":32},"end":{"line":83,"column":null}},"56":{"start":{"line":80,"column":83},"end":{"line":83,"column":34}},"57":{"start":{"line":81,"column":36},"end":{"line":81,"column":null}},"58":{"start":{"line":82,"column":36},"end":{"line":82,"column":82}},"59":{"start":{"line":85,"column":28},"end":{"line":85,"column":45}},"60":{"start":{"line":86,"column":28},"end":{"line":86,"column":null}},"61":{"start":{"line":87,"column":28},"end":{"line":87,"column":null}},"62":{"start":{"line":96,"column":8},"end":{"line":102,"column":null}},"63":{"start":{"line":98,"column":12},"end":{"line":101,"column":null}},"64":{"start":{"line":99,"column":16},"end":{"line":99,"column":98}},"65":{"start":{"line":100,"column":16},"end":{"line":100,"column":23}},"66":{"start":{"line":103,"column":8},"end":{"line":111,"column":null}},"67":{"start":{"line":104,"column":8},"end":{"line":104,"column":null}},"68":{"start":{"line":106,"column":12},"end":{"line":110,"column":null}},"69":{"start":{"line":107,"column":16},"end":{"line":107,"column":65}},"70":{"start":{"line":108,"column":16},"end":{"line":108,"column":74}},"71":{"start":{"line":109,"column":16},"end":{"line":109,"column":23}},"72":{"start":{"line":115,"column":8},"end":{"line":115,"column":21}}},"fnMap":{"0":{"name":"(anonymous_8)","decl":{"start":{"line":18,"column":4},"end":{"line":18,"column":8}},"loc":{"start":{"line":18,"column":8},"end":{"line":56,"column":5}}},"1":{"name":"(anonymous_9)","decl":{"start":{"line":27,"column":30},"end":{"line":27,"column":31}},"loc":{"start":{"line":27,"column":43},"end":{"line":44,"column":9}}},"2":{"name":"(anonymous_10)","decl":{"start":{"line":45,"column":34},"end":{"line":45,"column":36}},"loc":{"start":{"line":45,"column":38},"end":{"line":53,"column":9}}},"3":{"name":"(anonymous_11)","decl":{"start":{"line":57,"column":4},"end":{"line":57,"column":15}},"loc":{"start":{"line":57,"column":23},"end":{"line":92,"column":5}}},"4":{"name":"(anonymous_12)","decl":{"start":{"line":70,"column":47},"end":{"line":70,"column":48}},"loc":{"start":{"line":70,"column":62},"end":{"line":91,"column":13}}},"5":{"name":"(anonymous_13)","decl":{"start":{"line":73,"column":52},"end":{"line":73,"column":53}},"loc":{"start":{"line":73,"column":66},"end":{"line":89,"column":21}}},"6":{"name":"(anonymous_14)","decl":{"start":{"line":80,"column":49},"end":{"line":80,"column":56}},"loc":{"start":{"line":80,"column":83},"end":{"line":83,"column":34}}},"7":{"name":"(anonymous_15)","decl":{"start":{"line":80,"column":83},"end":{"line":80,"column":null}},"loc":{"start":{"line":80,"column":83},"end":{"line":83,"column":33}}},"8":{"name":"(anonymous_16)","decl":{"start":{"line":93,"column":10},"end":{"line":93,"column":24}},"loc":{"start":{"line":93,"column":60},"end":{"line":113,"column":6}}}},"branchMap":{"0":{"loc":{"start":{"line":28,"column":12},"end":{"line":30,"column":null}},"type":"if","locations":[{"start":{"line":28,"column":12},"end":{"line":30,"column":null}}]},"1":{"loc":{"start":{"line":31,"column":30},"end":{"line":31,"column":128}},"type":"cond-expr","locations":[{"start":{"line":31,"column":72},"end":{"line":31,"column":99}},{"start":{"line":31,"column":101},"end":{"line":31,"column":128}}]},"2":{"loc":{"start":{"line":32,"column":12},"end":{"line":43,"column":null}},"type":"switch","locations":[{"start":{"line":33,"column":16},"end":{"line":36,"column":26}},{"start":{"line":37,"column":16},"end":{"line":40,"column":26}},{"start":{"line":41,"column":16},"end":{"line":42,"column":32}}]},"3":{"loc":{"start":{"line":47,"column":12},"end":{"line":52,"column":null}},"type":"if","locations":[{"start":{"line":47,"column":12},"end":{"line":52,"column":null}}]},"4":{"loc":{"start":{"line":48,"column":27},"end":{"line":50,"column":44}},"type":"cond-expr","locations":[{"start":{"line":49,"column":22},"end":{"line":49,"column":36}},{"start":{"line":50,"column":22},"end":{"line":50,"column":44}}]},"5":{"loc":{"start":{"line":59,"column":8},"end":{"line":62,"column":null}},"type":"if","locations":[{"start":{"line":59,"column":8},"end":{"line":62,"column":null}}]},"6":{"loc":{"start":{"line":67,"column":12},"end":{"line":69,"column":null}},"type":"if","locations":[{"start":{"line":67,"column":12},"end":{"line":69,"column":null}}]},"7":{"loc":{"start":{"line":71,"column":16},"end":{"line":90,"column":null}},"type":"if","locations":[{"start":{"line":71,"column":16},"end":{"line":90,"column":null}}]},"8":{"loc":{"start":{"line":75,"column":24},"end":{"line":88,"column":null}},"type":"if","locations":[{"start":{"line":75,"column":24},"end":{"line":88,"column":null}}]},"9":{"loc":{"start":{"line":79,"column":28},"end":{"line":84,"column":null}},"type":"if","locations":[{"start":{"line":79,"column":28},"end":{"line":84,"column":null}}]},"10":{"loc":{"start":{"line":96,"column":8},"end":{"line":102,"column":null}},"type":"if","locations":[{"start":{"line":96,"column":8},"end":{"line":102,"column":null}}]},"11":{"loc":{"start":{"line":98,"column":12},"end":{"line":101,"column":null}},"type":"if","locations":[{"start":{"line":98,"column":12},"end":{"line":101,"column":null}}]},"12":{"loc":{"start":{"line":98,"column":15},"end":{"line":98,"column":103}},"type":"binary-expr","locations":[{"start":{"line":98,"column":15},"end":{"line":98,"column":42}},{"start":{"line":98,"column":44},"end":{"line":98,"column":103}}]},"13":{"loc":{"start":{"line":106,"column":12},"end":{"line":110,"column":null}},"type":"if","locations":[{"start":{"line":106,"column":12},"end":{"line":110,"column":null}}]}},"s":{"0":1,"1":1,"2":1,"3":1,"4":1,"5":1,"6":1,"7":1,"8":1,"9":1,"10":1,"11":1,"12":1,"13":1,"14":1,"15":1,"16":1,"17":1,"18":1,"19":1,"20":1,"21":0,"22":1,"23":1,"24":0,"25":0,"26":1,"27":1,"28":0,"29":1,"30":0,"31":0,"32":0,"33":0,"34":1,"35":1,"36":1,"37":1,"38":0,"39":0,"40":1,"41":1,"42":1,"43":1,"44":0,"45":1,"46":1,"47":1,"48":1,"49":2,"50":2,"51":2,"52":2,"53":2,"54":2,"55":2,"56":12,"57":12,"58":12,"59":2,"60":2,"61":2,"62":12,"63":12,"64":0,"65":0,"66":12,"67":12,"68":2,"69":2,"70":2,"71":2,"72":1},"f":{"0":1,"1":1,"2":0,"3":1,"4":1,"5":2,"6":12,"7":12,"8":12},"b":{"0":[0],"1":[1,0],"2":[0,1,0],"3":[0],"4":[0,0],"5":[0],"6":[0],"7":[1],"8":[2],"9":[2],"10":[12],"11":[0],"12":[12,12],"13":[2]}}
,"/Users/markinemail/WebstormProjects/convert-url-ts-api/src/controller/urlConvert/longToShort.ts": {"path":"/Users/markinemail/WebstormProjects/convert-url-ts-api/src/controller/urlConvert/longToShort.ts","statementMap":{"0":{"start":{"line":2,"column":0},"end":{"line":2,"column":65}},"1":{"start":{"line":3,"column":0},"end":{"line":21,"column":null}},"2":{"start":{"line":3,"column":50},"end":{"line":21,"column":null}},"3":{"start":{"line":4,"column":4},"end":{"line":7,"column":null}},"4":{"start":{"line":5,"column":8},"end":{"line":5,"column":57}},"5":{"start":{"line":6,"column":8},"end":{"line":6,"column":15}},"6":{"start":{"line":9,"column":4},"end":{"line":12,"column":null}},"7":{"start":{"line":10,"column":8},"end":{"line":10,"column":57}},"8":{"start":{"line":11,"column":8},"end":{"line":11,"column":15}},"9":{"start":{"line":13,"column":21},"end":{"line":13,"column":56}},"10":{"start":{"line":14,"column":4},"end":{"line":17,"column":null}},"11":{"start":{"line":15,"column":8},"end":{"line":15,"column":58}},"12":{"start":{"line":16,"column":8},"end":{"line":16,"column":15}},"13":{"start":{"line":20,"column":4},"end":{"line":20,"column":110}}},"fnMap":{"0":{"name":"(anonymous_8)","decl":{"start":{"line":3,"column":17},"end":{"line":3,"column":24}},"loc":{"start":{"line":3,"column":50},"end":{"line":21,"column":null}}},"1":{"name":"(anonymous_9)","decl":{"start":{"line":3,"column":50},"end":{"line":3,"column":null}},"loc":{"start":{"line":3,"column":50},"end":{"line":21,"column":1}}}},"branchMap":{"0":{"loc":{"start":{"line":4,"column":4},"end":{"line":7,"column":null}},"type":"if","locations":[{"start":{"line":4,"column":4},"end":{"line":7,"column":null}}]},"1":{"loc":{"start":{"line":9,"column":4},"end":{"line":12,"column":null}},"type":"if","locations":[{"start":{"line":9,"column":4},"end":{"line":12,"column":null}}]},"2":{"loc":{"start":{"line":9,"column":7},"end":{"line":9,"column":121}},"type":"binary-expr","locations":[{"start":{"line":9,"column":7},"end":{"line":9,"column":42}},{"start":{"line":9,"column":45},"end":{"line":9,"column":82}},{"start":{"line":9,"column":86},"end":{"line":9,"column":121}}]},"3":{"loc":{"start":{"line":14,"column":4},"end":{"line":17,"column":null}},"type":"if","locations":[{"start":{"line":14,"column":4},"end":{"line":17,"column":null}}]}},"s":{"0":1,"1":1,"2":6,"3":6,"4":0,"5":0,"6":6,"7":1,"8":1,"9":5,"10":5,"11":3,"12":3,"13":2},"f":{"0":6,"1":6},"b":{"0":[0],"1":[1],"2":[6,5,5],"3":[3]}}
,"/Users/markinemail/WebstormProjects/convert-url-ts-api/src/controller/urlConvert/shortToLong.ts": {"path":"/Users/markinemail/WebstormProjects/convert-url-ts-api/src/controller/urlConvert/shortToLong.ts","statementMap":{"0":{"start":{"line":2,"column":0},"end":{"line":2,"column":66}},"1":{"start":{"line":4,"column":0},"end":{"line":21,"column":null}},"2":{"start":{"line":4,"column":43},"end":{"line":21,"column":null}},"3":{"start":{"line":5,"column":4},"end":{"line":8,"column":null}},"4":{"start":{"line":6,"column":8},"end":{"line":6,"column":57}},"5":{"start":{"line":7,"column":8},"end":{"line":7,"column":15}},"6":{"start":{"line":10,"column":4},"end":{"line":13,"column":null}},"7":{"start":{"line":11,"column":8},"end":{"line":11,"column":57}},"8":{"start":{"line":12,"column":8},"end":{"line":12,"column":15}},"9":{"start":{"line":14,"column":21},"end":{"line":14,"column":61}},"10":{"start":{"line":15,"column":4},"end":{"line":18,"column":null}},"11":{"start":{"line":16,"column":8},"end":{"line":16,"column":58}},"12":{"start":{"line":17,"column":8},"end":{"line":17,"column":15}},"13":{"start":{"line":19,"column":25},"end":{"line":19,"column":82}},"14":{"start":{"line":20,"column":4},"end":{"line":20,"column":41}}},"fnMap":{"0":{"name":"(anonymous_8)","decl":{"start":{"line":4,"column":9},"end":{"line":4,"column":16}},"loc":{"start":{"line":4,"column":43},"end":{"line":21,"column":null}}},"1":{"name":"(anonymous_9)","decl":{"start":{"line":4,"column":43},"end":{"line":4,"column":null}},"loc":{"start":{"line":4,"column":43},"end":{"line":21,"column":1}}}},"branchMap":{"0":{"loc":{"start":{"line":5,"column":4},"end":{"line":8,"column":null}},"type":"if","locations":[{"start":{"line":5,"column":4},"end":{"line":8,"column":null}}]},"1":{"loc":{"start":{"line":10,"column":4},"end":{"line":13,"column":null}},"type":"if","locations":[{"start":{"line":10,"column":4},"end":{"line":13,"column":null}}]},"2":{"loc":{"start":{"line":10,"column":7},"end":{"line":10,"column":124}},"type":"binary-expr","locations":[{"start":{"line":10,"column":7},"end":{"line":10,"column":43}},{"start":{"line":10,"column":46},"end":{"line":10,"column":84}},{"start":{"line":10,"column":88},"end":{"line":10,"column":124}}]},"3":{"loc":{"start":{"line":15,"column":4},"end":{"line":18,"column":null}},"type":"if","locations":[{"start":{"line":15,"column":4},"end":{"line":18,"column":null}}]}},"s":{"0":1,"1":1,"2":6,"3":6,"4":0,"5":0,"6":6,"7":1,"8":1,"9":5,"10":5,"11":2,"12":2,"13":3,"14":1},"f":{"0":6,"1":6},"b":{"0":[0],"1":[1],"2":[6,5,5],"3":[2]}}
,"/Users/markinemail/WebstormProjects/convert-url-ts-api/src/db/index.ts": {"path":"/Users/markinemail/WebstormProjects/convert-url-ts-api/src/db/index.ts","statementMap":{"0":{"start":{"line":2,"column":0},"end":{"line":2,"column":49}},"1":{"start":{"line":3,"column":0},"end":{"line":3,"column":24}},"2":{"start":{"line":4,"column":18},"end":{"line":9,"column":2}},"3":{"start":{"line":10,"column":11},"end":{"line":18,"column":null}},"4":{"start":{"line":10,"column":22},"end":{"line":18,"column":null}},"5":{"start":{"line":12,"column":0},"end":{"line":17,"column":null}},"6":{"start":{"line":13,"column":4},"end":{"line":13,"column":35}},"7":{"start":{"line":14,"column":4},"end":{"line":14,"column":28}},"8":{"start":{"line":16,"column":4},"end":{"line":16,"column":null}},"9":{"start":{"line":19,"column":0},"end":{"line":19,"column":18}}},"fnMap":{"0":{"name":"(anonymous_8)","decl":{"start":{"line":10,"column":11},"end":{"line":10,"column":20}},"loc":{"start":{"line":10,"column":22},"end":{"line":18,"column":null}}},"1":{"name":"(anonymous_9)","decl":{"start":{"line":10,"column":22},"end":{"line":10,"column":null}},"loc":{"start":{"line":10,"column":22},"end":{"line":18,"column":1}}}},"branchMap":{},"s":{"0":1,"1":1,"2":1,"3":1,"4":1,"5":1,"6":1,"7":1,"8":0,"9":1},"f":{"0":1,"1":1},"b":{}}
,"/Users/markinemail/WebstormProjects/convert-url-ts-api/src/dto/model/convertUrlModel.ts": {"path":"/Users/markinemail/WebstormProjects/convert-url-ts-api/src/dto/model/convertUrlModel.ts","statementMap":{"0":{"start":{"line":1,"column":0},"end":{"line":1,"column":119}},"1":{"start":{"line":6,"column":0},"end":{"line":25,"column":null}},"2":{"start":{"line":10,"column":4},"end":{"line":10,"column":null}},"3":{"start":{"line":12,"column":4},"end":{"line":12,"column":null}},"4":{"start":{"line":14,"column":4},"end":{"line":14,"column":null}},"5":{"start":{"line":16,"column":4},"end":{"line":16,"column":null}},"6":{"start":{"line":19,"column":4},"end":{"line":19,"column":null}},"7":{"start":{"line":22,"column":4},"end":{"line":22,"column":null}},"8":{"start":{"line":24,"column":4},"end":{"line":24,"column":null}},"9":{"start":{"line":6,"column":21},"end":{"line":25,"column":null}},"10":{"start":{"line":6,"column":21},"end":{"line":6,"column":32}}},"fnMap":{},"branchMap":{},"s":{"0":1,"1":1,"2":1,"3":1,"4":1,"5":1,"6":1,"7":1,"8":1,"9":1,"10":1},"f":{},"b":{}}
,"/Users/markinemail/WebstormProjects/convert-url-ts-api/src/logger/index.ts": {"path":"/Users/markinemail/WebstormProjects/convert-url-ts-api/src/logger/index.ts","statementMap":{"0":{"start":{"line":1,"column":0},"end":{"line":1,"column":45}},"1":{"start":{"line":2,"column":0},"end":{"line":5,"column":null}},"2":{"start":{"line":6,"column":0},"end":{"line":6,"column":null}}},"fnMap":{},"branchMap":{},"s":{"0":1,"1":1,"2":1},"f":{},"b":{}}
,"/Users/markinemail/WebstormProjects/convert-url-ts-api/src/router/routers.ts": {"path":"/Users/markinemail/WebstormProjects/convert-url-ts-api/src/router/routers.ts","statementMap":{"0":{"start":{"line":1,"column":0},"end":{"line":1,"column":null}},"1":{"start":{"line":2,"column":4},"end":{"line":2,"column":null}},"2":{"start":{"line":3,"column":4},"end":{"line":3,"column":null}},"3":{"start":{"line":10,"column":8},"end":{"line":10,"column":45}},"4":{"start":{"line":11,"column":8},"end":{"line":11,"column":25}},"5":{"start":{"line":12,"column":8},"end":{"line":12,"column":29}},"6":{"start":{"line":15,"column":8},"end":{"line":15,"column":35}},"7":{"start":{"line":18,"column":8},"end":{"line":18,"column":45}},"8":{"start":{"line":21,"column":8},"end":{"line":21,"column":25}},"9":{"start":{"line":24,"column":8},"end":{"line":24,"column":26}},"10":{"start":{"line":27,"column":8},"end":{"line":27,"column":27}},"11":{"start":{"line":30,"column":8},"end":{"line":30,"column":36}},"12":{"start":{"line":5,"column":0},"end":{"line":5,"column":13}},"13":{"start":{"line":39,"column":8},"end":{"line":39,"column":27}},"14":{"start":{"line":40,"column":8},"end":{"line":40,"column":36}},"15":{"start":{"line":41,"column":8},"end":{"line":41,"column":25}},"16":{"start":{"line":42,"column":8},"end":{"line":42,"column":37}},"17":{"start":{"line":45,"column":8},"end":{"line":45,"column":26}},"18":{"start":{"line":48,"column":8},"end":{"line":48,"column":30}},"19":{"start":{"line":51,"column":8},"end":{"line":51,"column":25}},"20":{"start":{"line":54,"column":8},"end":{"line":54,"column":null}},"21":{"start":{"line":57,"column":8},"end":{"line":57,"column":27}},"22":{"start":{"line":60,"column":8},"end":{"line":60,"column":35}},"23":{"start":{"line":63,"column":8},"end":{"line":63,"column":25}},"24":{"start":{"line":66,"column":8},"end":{"line":66,"column":37}},"25":{"start":{"line":33,"column":0},"end":{"line":33,"column":13}},"26":{"start":{"line":73,"column":8},"end":{"line":78,"column":null}},"27":{"start":{"line":74,"column":12},"end":{"line":74,"column":41}},"28":{"start":{"line":76,"column":12},"end":{"line":76,"column":null}},"29":{"start":{"line":77,"column":12},"end":{"line":77,"column":22}},"30":{"start":{"line":81,"column":8},"end":{"line":83,"column":null}},"31":{"start":{"line":82,"column":12},"end":{"line":82,"column":39}},"32":{"start":{"line":84,"column":26},"end":{"line":84,"column":78}},"33":{"start":{"line":85,"column":26},"end":{"line":85,"column":78}},"34":{"start":{"line":86,"column":33},"end":{"line":86,"column":111}},"35":{"start":{"line":87,"column":8},"end":{"line":87,"column":null}},"36":{"start":{"line":88,"column":8},"end":{"line":88,"column":38}},"37":{"start":{"line":69,"column":0},"end":{"line":69,"column":13}},"38":{"start":{"line":71,"column":19},"end":{"line":71,"column":44}}},"fnMap":{"0":{"name":"(anonymous_0)","decl":{"start":{"line":1,"column":0},"end":{"line":1,"column":12}},"loc":{"start":{"line":1,"column":18},"end":{"line":4,"column":1}}},"1":{"name":"(anonymous_1)","decl":{"start":{"line":9,"column":4},"end":{"line":9,"column":16}},"loc":{"start":{"line":9,"column":63},"end":{"line":13,"column":5}}},"2":{"name":"(anonymous_2)","decl":{"start":{"line":14,"column":11},"end":{"line":14,"column":28}},"loc":{"start":{"line":14,"column":28},"end":{"line":16,"column":5}}},"3":{"name":"(anonymous_3)","decl":{"start":{"line":17,"column":11},"end":{"line":17,"column":28}},"loc":{"start":{"line":17,"column":50},"end":{"line":19,"column":5}}},"4":{"name":"(anonymous_4)","decl":{"start":{"line":20,"column":11},"end":{"line":20,"column":18}},"loc":{"start":{"line":20,"column":18},"end":{"line":22,"column":5}}},"5":{"name":"(anonymous_5)","decl":{"start":{"line":23,"column":11},"end":{"line":23,"column":18}},"loc":{"start":{"line":23,"column":30},"end":{"line":25,"column":5}}},"6":{"name":"(anonymous_6)","decl":{"start":{"line":26,"column":11},"end":{"line":26,"column":20}},"loc":{"start":{"line":26,"column":20},"end":{"line":28,"column":5}}},"7":{"name":"(anonymous_7)","decl":{"start":{"line":29,"column":11},"end":{"line":29,"column":20}},"loc":{"start":{"line":29,"column":34},"end":{"line":31,"column":5}}},"8":{"name":"(anonymous_8)","decl":{"start":{"line":38,"column":4},"end":{"line":38,"column":16}},"loc":{"start":{"line":38,"column":77},"end":{"line":43,"column":5}}},"9":{"name":"(anonymous_9)","decl":{"start":{"line":44,"column":11},"end":{"line":44,"column":19}},"loc":{"start":{"line":44,"column":19},"end":{"line":46,"column":5}}},"10":{"name":"(anonymous_10)","decl":{"start":{"line":47,"column":11},"end":{"line":47,"column":23}},"loc":{"start":{"line":47,"column":23},"end":{"line":49,"column":5}}},"11":{"name":"(anonymous_11)","decl":{"start":{"line":50,"column":11},"end":{"line":50,"column":18}},"loc":{"start":{"line":50,"column":18},"end":{"line":52,"column":5}}},"12":{"name":"(anonymous_12)","decl":{"start":{"line":53,"column":11},"end":{"line":53,"column":24}},"loc":{"start":{"line":53,"column":24},"end":{"line":55,"column":5}}},"13":{"name":"(anonymous_13)","decl":{"start":{"line":56,"column":11},"end":{"line":56,"column":19}},"loc":{"start":{"line":56,"column":32},"end":{"line":58,"column":5}}},"14":{"name":"(anonymous_14)","decl":{"start":{"line":59,"column":11},"end":{"line":59,"column":23}},"loc":{"start":{"line":59,"column":40},"end":{"line":61,"column":5}}},"15":{"name":"(anonymous_15)","decl":{"start":{"line":62,"column":11},"end":{"line":62,"column":18}},"loc":{"start":{"line":62,"column":30},"end":{"line":64,"column":5}}},"16":{"name":"(anonymous_16)","decl":{"start":{"line":65,"column":11},"end":{"line":65,"column":24}},"loc":{"start":{"line":65,"column":44},"end":{"line":67,"column":5}}},"17":{"name":"(anonymous_17)","decl":{"start":{"line":72,"column":11},"end":{"line":72,"column":21}},"loc":{"start":{"line":72,"column":21},"end":{"line":79,"column":5}}},"18":{"name":"(anonymous_18)","decl":{"start":{"line":80,"column":11},"end":{"line":80,"column":15}},"loc":{"start":{"line":80,"column":15},"end":{"line":89,"column":5}}}},"branchMap":{"0":{"loc":{"start":{"line":1,"column":12},"end":{"line":1,"column":null}},"type":"binary-expr","locations":[{"start":{"line":1,"column":12},"end":{"line":1,"column":18}},{"start":{"line":1,"column":12},"end":{"line":1,"column":null}}]},"1":{"loc":{"start":{"line":73,"column":8},"end":{"line":78,"column":null}},"type":"if","locations":[{"start":{"line":73,"column":8},"end":{"line":78,"column":null}},{"start":{"line":75,"column":13},"end":{"line":78,"column":null}}]},"2":{"loc":{"start":{"line":81,"column":8},"end":{"line":83,"column":null}},"type":"if","locations":[{"start":{"line":81,"column":8},"end":{"line":83,"column":null}}]}},"s":{"0":1,"1":1,"2":1,"3":2,"4":2,"5":2,"6":2,"7":0,"8":0,"9":0,"10":4,"11":0,"12":1,"13":1,"14":1,"15":1,"16":1,"17":1,"18":3,"19":2,"20":3,"21":0,"22":0,"23":0,"24":0,"25":1,"26":2,"27":2,"28":0,"29":0,"30":1,"31":1,"32":1,"33":1,"34":1,"35":1,"36":1,"37":1,"38":1},"f":{"0":1,"1":2,"2":2,"3":0,"4":0,"5":0,"6":4,"7":0,"8":1,"9":1,"10":3,"11":2,"12":3,"13":0,"14":0,"15":0,"16":0,"17":2,"18":1},"b":{"0":[1,1],"1":[2,0],"2":[1]}}
,"/Users/markinemail/WebstormProjects/convert-url-ts-api/src/service/LongToShortService.ts": {"path":"/Users/markinemail/WebstormProjects/convert-url-ts-api/src/service/LongToShortService.ts","statementMap":{"0":{"start":{"line":1,"column":0},"end":{"line":1,"column":53}},"1":{"start":{"line":2,"column":0},"end":{"line":2,"column":31}},"2":{"start":{"line":3,"column":0},"end":{"line":3,"column":23}},"3":{"start":{"line":4,"column":0},"end":{"line":4,"column":39}},"4":{"start":{"line":7,"column":19},"end":{"line":7,"column":45}},"5":{"start":{"line":8,"column":8},"end":{"line":8,"column":null}},"6":{"start":{"line":9,"column":9},"end":{"line":9,"column":22}},"7":{"start":{"line":12,"column":22},"end":{"line":12,"column":34}},"8":{"start":{"line":13,"column":34},"end":{"line":18,"column":10}},"9":{"start":{"line":19,"column":8},"end":{"line":21,"column":null}},"10":{"start":{"line":20,"column":12},"end":{"line":20,"column":32}},"11":{"start":{"line":22,"column":18},"end":{"line":22,"column":51}},"12":{"start":{"line":23,"column":42},"end":{"line":23,"column":60}},"13":{"start":{"line":24,"column":23},"end":{"line":24,"column":75}},"14":{"start":{"line":25,"column":36},"end":{"line":25,"column":52}},"15":{"start":{"line":26,"column":8},"end":{"line":26,"column":37}},"16":{"start":{"line":27,"column":8},"end":{"line":27,"column":39}},"17":{"start":{"line":28,"column":8},"end":{"line":28,"column":60}},"18":{"start":{"line":29,"column":8},"end":{"line":29,"column":32}},"19":{"start":{"line":30,"column":8},"end":{"line":30,"column":35}},"20":{"start":{"line":34,"column":27},"end":{"line":34,"column":135}},"21":{"start":{"line":35,"column":8},"end":{"line":37,"column":null}},"22":{"start":{"line":36,"column":12},"end":{"line":36,"column":24}},"23":{"start":{"line":38,"column":41},"end":{"line":43,"column":10}},"24":{"start":{"line":44,"column":8},"end":{"line":46,"column":null}},"25":{"start":{"line":45,"column":12},"end":{"line":45,"column":44}},"26":{"start":{"line":47,"column":8},"end":{"line":47,"column":45}},"27":{"start":{"line":50,"column":0},"end":{"line":50,"column":null}}},"fnMap":{"0":{"name":"(anonymous_8)","decl":{"start":{"line":6,"column":10},"end":{"line":6,"column":16}},"loc":{"start":{"line":6,"column":16},"end":{"line":10,"column":null}}},"1":{"name":"(anonymous_10)","decl":{"start":{"line":11,"column":10},"end":{"line":11,"column":24}},"loc":{"start":{"line":11,"column":39},"end":{"line":31,"column":null}}},"2":{"name":"(anonymous_12)","decl":{"start":{"line":32,"column":18},"end":{"line":32,"column":29}},"loc":{"start":{"line":32,"column":43},"end":{"line":48,"column":null}}}},"branchMap":{"0":{"loc":{"start":{"line":19,"column":8},"end":{"line":21,"column":null}},"type":"if","locations":[{"start":{"line":19,"column":8},"end":{"line":21,"column":null}}]},"1":{"loc":{"start":{"line":24,"column":46},"end":{"line":24,"column":74}},"type":"cond-expr","locations":[{"start":{"line":24,"column":52},"end":{"line":24,"column":54}},{"start":{"line":24,"column":46},"end":{"line":24,"column":74}}]},"2":{"loc":{"start":{"line":24,"column":46},"end":{"line":24,"column":54}},"type":"binary-expr","locations":[{"start":{"line":24,"column":46},"end":{"line":24,"column":54}},{"start":{"line":24,"column":46},"end":{"line":24,"column":54}}]},"3":{"loc":{"start":{"line":34,"column":33},"end":{"line":34,"column":134}},"type":"cond-expr","locations":[{"start":{"line":34,"column":53},"end":{"line":34,"column":55}},{"start":{"line":34,"column":53},"end":{"line":34,"column":134}}]},"4":{"loc":{"start":{"line":34,"column":33},"end":{"line":34,"column":55}},"type":"binary-expr","locations":[{"start":{"line":34,"column":33},"end":{"line":34,"column":55}},{"start":{"line":34,"column":53},"end":{"line":34,"column":55}}]},"5":{"loc":{"start":{"line":35,"column":8},"end":{"line":37,"column":null}},"type":"if","locations":[{"start":{"line":35,"column":8},"end":{"line":37,"column":null}}]},"6":{"loc":{"start":{"line":35,"column":11},"end":{"line":35,"column":45}},"type":"binary-expr","locations":[{"start":{"line":35,"column":11},"end":{"line":35,"column":20}},{"start":{"line":35,"column":24},"end":{"line":35,"column":45}}]},"7":{"loc":{"start":{"line":44,"column":8},"end":{"line":46,"column":null}},"type":"if","locations":[{"start":{"line":44,"column":8},"end":{"line":46,"column":null}}]}},"s":{"0":1,"1":1,"2":1,"3":1,"4":0,"5":0,"6":0,"7":2,"8":2,"9":2,"10":1,"11":1,"12":1,"13":1,"14":1,"15":1,"16":1,"17":1,"18":1,"19":1,"20":1,"21":1,"22":0,"23":1,"24":1,"25":0,"26":1,"27":1},"f":{"0":0,"1":2,"2":1},"b":{"0":[1],"1":[0,1],"2":[1,1],"3":[0,1],"4":[1,1],"5":[0],"6":[1,1],"7":[0]}}
,"/Users/markinemail/WebstormProjects/convert-url-ts-api/src/service/ShortToLongService.ts": {"path":"/Users/markinemail/WebstormProjects/convert-url-ts-api/src/service/ShortToLongService.ts","statementMap":{"0":{"start":{"line":1,"column":0},"end":{"line":1,"column":53}},"1":{"start":{"line":2,"column":0},"end":{"line":2,"column":42}},"2":{"start":{"line":5,"column":34},"end":{"line":10,"column":10}},"3":{"start":{"line":11,"column":8},"end":{"line":13,"column":null}},"4":{"start":{"line":12,"column":12},"end":{"line":12,"column":31}},"5":{"start":{"line":14,"column":8},"end":{"line":14,"column":68}},"6":{"start":{"line":17,"column":0},"end":{"line":17,"column":null}}},"fnMap":{"0":{"name":"(anonymous_8)","decl":{"start":{"line":4,"column":10},"end":{"line":4,"column":23}},"loc":{"start":{"line":4,"column":39},"end":{"line":15,"column":null}}}},"branchMap":{"0":{"loc":{"start":{"line":11,"column":8},"end":{"line":13,"column":null}},"type":"if","locations":[{"start":{"line":11,"column":8},"end":{"line":13,"column":null}}]}},"s":{"0":1,"1":1,"2":3,"3":3,"4":1,"5":2,"6":1},"f":{"0":3},"b":{"0":[1]}}
,"/Users/markinemail/WebstormProjects/convert-url-ts-api/src/util/MyError.ts": {"path":"/Users/markinemail/WebstormProjects/convert-url-ts-api/src/util/MyError.ts","statementMap":{"0":{"start":{"line":1,"column":0},"end":{"line":1,"column":13}}},"fnMap":{},"branchMap":{},"s":{"0":1},"f":{},"b":{}}
}
