TN:
SF:src/config/index.ts
FNF:0
FNH:0
DA:1,1
DA:7,1
LF:2
LH:2
BRF:0
BRH:0
end_of_record
TN:
SF:src/configuration/boot.ts
FN:6,(anonymous_8)
FNF:1
FNH:1
FNDA:1,(anonymous_8)
DA:2,1
DA:3,1
DA:5,1
DA:7,1
DA:8,1
DA:9,1
DA:11,0
DA:13,1
LF:8
LH:7
BRF:0
BRH:0
end_of_record
TN:
SF:src/configuration/express.ts
FN:18,(anonymous_8)
FN:27,(anonymous_9)
FN:45,(anonymous_10)
FN:57,(anonymous_11)
FN:70,(anonymous_12)
FN:73,(anonymous_13)
FN:80,(anonymous_14)
FN:80,(anonymous_15)
FN:93,(anonymous_16)
FNF:9
FNH:8
FNDA:1,(anonymous_8)
FNDA:1,(anonymous_9)
FNDA:0,(anonymous_10)
FNDA:1,(anonymous_11)
FNDA:1,(anonymous_12)
FNDA:2,(anonymous_13)
FNDA:12,(anonymous_14)
FNDA:12,(anonymous_15)
FNDA:12,(anonymous_16)
DA:2,1
DA:3,1
DA:4,1
DA:5,1
DA:6,1
DA:8,1
DA:9,1
DA:12,1
DA:13,1
DA:15,1
DA:16,1
DA:19,1
DA:20,1
DA:21,1
DA:22,1
DA:23,1
DA:24,1
DA:25,1
DA:26,1
DA:27,1
DA:28,1
DA:29,0
DA:31,1
DA:32,1
DA:34,0
DA:36,0
DA:38,1
DA:40,1
DA:42,0
DA:45,1
DA:46,0
DA:47,0
DA:48,0
DA:51,0
DA:54,1
DA:55,1
DA:58,1
DA:59,1
DA:60,0
DA:61,0
DA:63,1
DA:65,1
DA:66,1
DA:67,1
DA:68,0
DA:70,1
DA:71,1
DA:72,1
DA:73,1
DA:74,2
DA:75,2
DA:76,2
DA:77,2
DA:78,2
DA:79,2
DA:80,12
DA:81,12
DA:82,12
DA:85,2
DA:86,2
DA:87,2
DA:96,12
DA:98,12
DA:99,0
DA:100,0
DA:103,12
DA:104,12
DA:106,2
DA:107,2
DA:108,2
DA:109,2
DA:115,1
LF:72
LH:59
BRDA:28,0,0,0
BRDA:31,1,0,1
BRDA:31,1,1,0
BRDA:32,2,0,0
BRDA:32,2,1,1
BRDA:32,2,2,0
BRDA:47,3,0,0
BRDA:48,4,0,0
BRDA:48,4,1,0
BRDA:59,5,0,0
BRDA:67,6,0,0
BRDA:71,7,0,1
BRDA:75,8,0,2
BRDA:79,9,0,2
BRDA:96,10,0,12
BRDA:98,11,0,0
BRDA:98,12,0,12
BRDA:98,12,1,12
BRDA:106,13,0,2
BRF:19
BRH:9
end_of_record
TN:
SF:src/controller/urlConvert/longToShort.ts
FN:3,(anonymous_8)
FN:3,(anonymous_9)
FNF:2
FNH:2
FNDA:6,(anonymous_8)
FNDA:6,(anonymous_9)
DA:2,1
DA:3,6
DA:4,6
DA:5,0
DA:6,0
DA:9,6
DA:10,1
DA:11,1
DA:13,5
DA:14,5
DA:15,3
DA:16,3
DA:20,2
LF:13
LH:11
BRDA:4,0,0,0
BRDA:9,1,0,1
BRDA:9,2,0,6
BRDA:9,2,1,5
BRDA:9,2,2,5
BRDA:14,3,0,3
BRF:6
BRH:5
end_of_record
TN:
SF:src/controller/urlConvert/shortToLong.ts
FN:4,(anonymous_8)
FN:4,(anonymous_9)
FNF:2
FNH:2
FNDA:6,(anonymous_8)
FNDA:6,(anonymous_9)
DA:2,1
DA:4,6
DA:5,6
DA:6,0
DA:7,0
DA:10,6
DA:11,1
DA:12,1
DA:14,5
DA:15,5
DA:16,2
DA:17,2
DA:19,3
DA:20,1
LF:14
LH:12
BRDA:5,0,0,0
BRDA:10,1,0,1
BRDA:10,2,0,6
BRDA:10,2,1,5
BRDA:10,2,2,5
BRDA:15,3,0,2
BRF:6
BRH:5
end_of_record
TN:
SF:src/db/index.ts
FN:10,(anonymous_8)
FN:10,(anonymous_9)
FNF:2
FNH:2
FNDA:1,(anonymous_8)
FNDA:1,(anonymous_9)
DA:2,1
DA:3,1
DA:4,1
DA:10,1
DA:12,1
DA:13,1
DA:14,1
DA:16,0
DA:19,1
LF:9
LH:8
BRF:0
BRH:0
end_of_record
TN:
SF:src/dto/model/convertUrlModel.ts
FNF:0
FNH:0
DA:1,1
DA:6,1
DA:10,1
DA:12,1
DA:14,1
DA:16,1
DA:19,1
DA:22,1
DA:24,1
LF:9
LH:9
BRF:0
BRH:0
end_of_record
TN:
SF:src/logger/index.ts
FNF:0
FNH:0
DA:1,1
DA:2,1
DA:6,1
LF:3
LH:3
BRF:0
BRH:0
end_of_record
TN:
SF:src/router/routers.ts
FN:1,(anonymous_0)
FN:9,(anonymous_1)
FN:14,(anonymous_2)
FN:17,(anonymous_3)
FN:20,(anonymous_4)
FN:23,(anonymous_5)
FN:26,(anonymous_6)
FN:29,(anonymous_7)
FN:38,(anonymous_8)
FN:44,(anonymous_9)
FN:47,(anonymous_10)
FN:50,(anonymous_11)
FN:53,(anonymous_12)
FN:56,(anonymous_13)
FN:59,(anonymous_14)
FN:62,(anonymous_15)
FN:65,(anonymous_16)
FN:72,(anonymous_17)
FN:80,(anonymous_18)
FNF:19
FNH:11
FNDA:1,(anonymous_0)
FNDA:2,(anonymous_1)
FNDA:2,(anonymous_2)
FNDA:0,(anonymous_3)
FNDA:0,(anonymous_4)
FNDA:0,(anonymous_5)
FNDA:4,(anonymous_6)
FNDA:0,(anonymous_7)
FNDA:1,(anonymous_8)
FNDA:1,(anonymous_9)
FNDA:3,(anonymous_10)
FNDA:2,(anonymous_11)
FNDA:3,(anonymous_12)
FNDA:0,(anonymous_13)
FNDA:0,(anonymous_14)
FNDA:0,(anonymous_15)
FNDA:0,(anonymous_16)
FNDA:2,(anonymous_17)
FNDA:1,(anonymous_18)
DA:1,1
DA:2,1
DA:3,1
DA:5,1
DA:10,2
DA:11,2
DA:12,2
DA:15,2
DA:18,0
DA:21,0
DA:24,0
DA:27,4
DA:30,0
DA:33,1
DA:39,1
DA:40,1
DA:41,1
DA:42,1
DA:45,1
DA:48,3
DA:51,2
DA:54,3
DA:57,0
DA:60,0
DA:63,0
DA:66,0
DA:69,1
DA:71,1
DA:73,2
DA:74,2
DA:76,0
DA:77,0
DA:81,1
DA:82,1
DA:84,1
DA:85,1
DA:86,1
DA:87,1
DA:88,1
LF:39
LH:29
BRDA:1,0,0,1
BRDA:1,0,1,1
BRDA:73,1,0,2
BRDA:73,1,1,0
BRDA:81,2,0,1
BRF:5
BRH:4
end_of_record
TN:
SF:src/service/LongToShortService.ts
FN:6,(anonymous_8)
FN:11,(anonymous_10)
FN:32,(anonymous_12)
FNF:3
FNH:2
FNDA:0,(anonymous_8)
FNDA:2,(anonymous_10)
FNDA:1,(anonymous_12)
DA:1,1
DA:2,1
DA:3,1
DA:4,1
DA:7,0
DA:8,0
DA:9,0
DA:12,2
DA:13,2
DA:19,2
DA:20,1
DA:22,1
DA:23,1
DA:24,1
DA:25,1
DA:26,1
DA:27,1
DA:28,1
DA:29,1
DA:30,1
DA:34,1
DA:35,1
DA:36,0
DA:38,1
DA:44,1
DA:45,0
DA:47,1
DA:50,1
LF:28
LH:23
BRDA:19,0,0,1
BRDA:24,1,0,0
BRDA:24,1,1,1
BRDA:24,2,0,1
BRDA:24,2,1,1
BRDA:34,3,0,0
BRDA:34,3,1,1
BRDA:34,4,0,1
BRDA:34,4,1,1
BRDA:35,5,0,0
BRDA:35,6,0,1
BRDA:35,6,1,1
BRDA:44,7,0,0
BRF:13
BRH:9
end_of_record
TN:
SF:src/service/ShortToLongService.ts
FN:4,(anonymous_8)
FNF:1
FNH:1
FNDA:3,(anonymous_8)
DA:1,1
DA:2,1
DA:5,3
DA:11,3
DA:12,1
DA:14,2
DA:17,1
LF:7
LH:7
BRDA:11,0,0,1
BRF:1
BRH:1
end_of_record
TN:
SF:src/util/MyError.ts
FNF:0
FNH:0
DA:1,1
LF:1
LH:1
BRF:0
BRH:0
end_of_record
