{"D:\\code\\short-url\\dao\\shortUrlDao.ts": {"path":"D:\\code\\short-url\\dao\\shortUrlDao.ts","statementMap":{"0":{"start":{"line":1,"column":0},"end":{"line":1,"column":41}},"1":{"start":{"line":9,"column":16},"end":{"line":9,"column":55}},"2":{"start":{"line":10,"column":24},"end":{"line":10,"column":34}},"3":{"start":{"line":11,"column":4},"end":{"line":24,"column":7}},"4":{"start":{"line":12,"column":8},"end":{"line":23,"column":10}},"5":{"start":{"line":16,"column":16},"end":{"line":19,"column":null}},"6":{"start":{"line":17,"column":20},"end":{"line":17,"column":34}},"7":{"start":{"line":18,"column":20},"end":{"line":18,"column":32}},"8":{"start":{"line":20,"column":16},"end":{"line":20,"column":30}},"9":{"start":{"line":21,"column":16},"end":{"line":21,"column":56}},"10":{"start":{"line":33,"column":16},"end":{"line":33,"column":80}},"11":{"start":{"line":34,"column":4},"end":{"line":46,"column":7}},"12":{"start":{"line":35,"column":8},"end":{"line":45,"column":15}},"13":{"start":{"line":39,"column":16},"end":{"line":42,"column":null}},"14":{"start":{"line":40,"column":20},"end":{"line":40,"column":51}},"15":{"start":{"line":41,"column":20},"end":{"line":41,"column":32}},"16":{"start":{"line":43,"column":16},"end":{"line":43,"column":74}},"17":{"start":{"line":44,"column":16},"end":{"line":44,"column":63}},"18":{"start":{"line":56,"column":16},"end":{"line":56,"column":80}},"19":{"start":{"line":57,"column":4},"end":{"line":69,"column":7}},"20":{"start":{"line":58,"column":8},"end":{"line":68,"column":15}},"21":{"start":{"line":62,"column":16},"end":{"line":65,"column":null}},"22":{"start":{"line":63,"column":20},"end":{"line":63,"column":52}},"23":{"start":{"line":64,"column":20},"end":{"line":64,"column":32}},"24":{"start":{"line":66,"column":16},"end":{"line":66,"column":75}},"25":{"start":{"line":67,"column":16},"end":{"line":67,"column":64}},"26":{"start":{"line":73,"column":0},"end":{"line":77,"column":null}}},"fnMap":{"0":{"name":"saveShortUrl","decl":{"start":{"line":8,"column":9},"end":{"line":8,"column":21}},"loc":{"start":{"line":8,"column":57},"end":{"line":25,"column":1}}},"1":{"name":"(anonymous_2)","decl":{"start":{"line":11,"column":23},"end":{"line":11,"column":24}},"loc":{"start":{"line":11,"column":42},"end":{"line":24,"column":5}}},"2":{"name":"(anonymous_3)","decl":{"start":{"line":15,"column":12},"end":{"line":15,"column":13}},"loc":{"start":{"line":15,"column":38},"end":{"line":22,"column":13}}},"3":{"name":"queryShortUrl","decl":{"start":{"line":32,"column":9},"end":{"line":32,"column":22}},"loc":{"start":{"line":32,"column":40},"end":{"line":48,"column":1}}},"4":{"name":"(anonymous_5)","decl":{"start":{"line":34,"column":23},"end":{"line":34,"column":24}},"loc":{"start":{"line":34,"column":42},"end":{"line":46,"column":5}}},"5":{"name":"(anonymous_6)","decl":{"start":{"line":38,"column":12},"end":{"line":38,"column":13}},"loc":{"start":{"line":38,"column":38},"end":{"line":45,"column":13}}},"6":{"name":"queryOriginUrl","decl":{"start":{"line":55,"column":9},"end":{"line":55,"column":23}},"loc":{"start":{"line":55,"column":40},"end":{"line":71,"column":1}}},"7":{"name":"(anonymous_8)","decl":{"start":{"line":57,"column":23},"end":{"line":57,"column":24}},"loc":{"start":{"line":57,"column":42},"end":{"line":69,"column":5}}},"8":{"name":"(anonymous_9)","decl":{"start":{"line":61,"column":12},"end":{"line":61,"column":13}},"loc":{"start":{"line":61,"column":38},"end":{"line":68,"column":13}}}},"branchMap":{"0":{"loc":{"start":{"line":16,"column":16},"end":{"line":19,"column":null}},"type":"if","locations":[{"start":{"line":16,"column":16},"end":{"line":19,"column":null}}]},"1":{"loc":{"start":{"line":39,"column":16},"end":{"line":42,"column":null}},"type":"if","locations":[{"start":{"line":39,"column":16},"end":{"line":42,"column":null}}]},"2":{"loc":{"start":{"line":43,"column":24},"end":{"line":43,"column":72}},"type":"cond-expr","locations":[{"start":{"line":43,"column":45},"end":{"line":43,"column":65}},{"start":{"line":43,"column":68},"end":{"line":43,"column":72}}]},"3":{"loc":{"start":{"line":62,"column":16},"end":{"line":65,"column":null}},"type":"if","locations":[{"start":{"line":62,"column":16},"end":{"line":65,"column":null}}]},"4":{"loc":{"start":{"line":66,"column":24},"end":{"line":66,"column":73}},"type":"cond-expr","locations":[{"start":{"line":66,"column":45},"end":{"line":66,"column":66}},{"start":{"line":66,"column":69},"end":{"line":66,"column":73}}]}},"s":{"0":2,"1":2,"2":2,"3":2,"4":2,"5":2,"6":0,"7":0,"8":2,"9":2,"10":3,"11":3,"12":3,"13":3,"14":0,"15":0,"16":3,"17":3,"18":3,"19":3,"20":3,"21":3,"22":0,"23":0,"24":3,"25":3,"26":2},"f":{"0":2,"1":2,"2":2,"3":3,"4":3,"5":3,"6":3,"7":3,"8":3},"b":{"0":[0],"1":[0],"2":[2,1],"3":[0],"4":[3,0]}}
,"D:\\code\\short-url\\infrastructure\\mysql\\index.ts": {"path":"D:\\code\\short-url\\infrastructure\\mysql\\index.ts","statementMap":{"0":{"start":{"line":1,"column":0},"end":{"line":1,"column":40}},"1":{"start":{"line":3,"column":18},"end":{"line":10,"column":2}},"2":{"start":{"line":11,"column":0},"end":{"line":11,"column":35}},"3":{"start":{"line":13,"column":0},"end":{"line":15,"column":2}}},"fnMap":{},"branchMap":{},"s":{"0":2,"1":2,"2":2,"3":2},"f":{},"b":{}}
,"D:\\code\\short-url\\infrastructure\\redis\\index.ts": {"path":"D:\\code\\short-url\\infrastructure\\redis\\index.ts","statementMap":{"0":{"start":{"line":1,"column":0},"end":{"line":1,"column":37}},"1":{"start":{"line":3,"column":15},"end":{"line":3,"column":29}},"2":{"start":{"line":4,"column":0},"end":{"line":4,"column":66}},"3":{"start":{"line":4,"column":26},"end":{"line":4,"column":64}},"4":{"start":{"line":7,"column":4},"end":{"line":7,"column":27}},"5":{"start":{"line":8,"column":4},"end":{"line":8,"column":null}},"6":{"start":{"line":12,"column":4},"end":{"line":12,"column":30}},"7":{"start":{"line":13,"column":4},"end":{"line":13,"column":null}},"8":{"start":{"line":17,"column":4},"end":{"line":17,"column":41}},"9":{"start":{"line":20,"column":0},"end":{"line":24,"column":2}}},"fnMap":{"0":{"name":"(anonymous_0)","decl":{"start":{"line":4,"column":19},"end":{"line":4,"column":22}},"loc":{"start":{"line":4,"column":26},"end":{"line":4,"column":64}}},"1":{"name":"connect","decl":{"start":{"line":6,"column":15},"end":{"line":6,"column":22}},"loc":{"start":{"line":6,"column":22},"end":{"line":9,"column":1}}},"2":{"name":"disConnect","decl":{"start":{"line":11,"column":15},"end":{"line":11,"column":25}},"loc":{"start":{"line":11,"column":25},"end":{"line":14,"column":1}}},"3":{"name":"incrBy","decl":{"start":{"line":16,"column":15},"end":{"line":16,"column":21}},"loc":{"start":{"line":16,"column":52},"end":{"line":18,"column":1}}}},"branchMap":{},"s":{"0":1,"1":1,"2":1,"3":0,"4":3,"5":3,"6":3,"7":3,"8":1,"9":1},"f":{"0":0,"1":3,"2":3,"3":1},"b":{}}
,"D:\\code\\short-url\\service\\shortUrlService.ts": {"path":"D:\\code\\short-url\\service\\shortUrlService.ts","statementMap":{"0":{"start":{"line":1,"column":0},"end":{"line":1,"column":50}},"1":{"start":{"line":2,"column":0},"end":{"line":2,"column":36}},"2":{"start":{"line":4,"column":31},"end":{"line":4,"column":40}},"3":{"start":{"line":5,"column":30},"end":{"line":5,"column":39}},"4":{"start":{"line":6,"column":31},"end":{"line":6,"column":56}},"5":{"start":{"line":8,"column":19},"end":{"line":8,"column":35}},"6":{"start":{"line":9,"column":22},"end":{"line":9,"column":88}},"7":{"start":{"line":17,"column":4},"end":{"line":17,"column":50}},"8":{"start":{"line":18,"column":26},"end":{"line":18,"column":59}},"9":{"start":{"line":19,"column":4},"end":{"line":24,"column":null}},"10":{"start":{"line":20,"column":32},"end":{"line":20,"column":76}},"11":{"start":{"line":21,"column":29},"end":{"line":21,"column":55}},"12":{"start":{"line":22,"column":6},"end":{"line":22,"column":48}},"13":{"start":{"line":23,"column":6},"end":{"line":23,"column":25}},"14":{"start":{"line":26,"column":4},"end":{"line":26,"column":37}},"15":{"start":{"line":35,"column":4},"end":{"line":35,"column":48}},"16":{"start":{"line":36,"column":29},"end":{"line":36,"column":62}},"17":{"start":{"line":37,"column":4},"end":{"line":37,"column":88}},"18":{"start":{"line":46,"column":24},"end":{"line":46,"column":26}},"19":{"start":{"line":47,"column":24},"end":{"line":47,"column":30}},"20":{"start":{"line":48,"column":4},"end":{"line":54,"column":23}},"21":{"start":{"line":49,"column":6},"end":{"line":51,"column":null}},"22":{"start":{"line":50,"column":8},"end":{"line":50,"column":85}},"23":{"start":{"line":52,"column":6},"end":{"line":52,"column":42}},"24":{"start":{"line":53,"column":6},"end":{"line":53,"column":16}},"25":{"start":{"line":56,"column":4},"end":{"line":56,"column":18}},"26":{"start":{"line":60,"column":0},"end":{"line":63,"column":2}}},"fnMap":{"0":{"name":"getShortUrl","decl":{"start":{"line":16,"column":15},"end":{"line":16,"column":26}},"loc":{"start":{"line":16,"column":44},"end":{"line":27,"column":3}}},"1":{"name":"getOriginUrl","decl":{"start":{"line":34,"column":17},"end":{"line":34,"column":29}},"loc":{"start":{"line":34,"column":46},"end":{"line":38,"column":3}}},"2":{"name":"compressNumber","decl":{"start":{"line":45,"column":9},"end":{"line":45,"column":23}},"loc":{"start":{"line":45,"column":34},"end":{"line":57,"column":1}}}},"branchMap":{"0":{"loc":{"start":{"line":19,"column":4},"end":{"line":24,"column":null}},"type":"if","locations":[{"start":{"line":19,"column":4},"end":{"line":24,"column":null}}]},"1":{"loc":{"start":{"line":19,"column":7},"end":{"line":19,"column":41}},"type":"binary-expr","locations":[{"start":{"line":19,"column":7},"end":{"line":19,"column":23}},{"start":{"line":19,"column":27},"end":{"line":19,"column":41}}]},"2":{"loc":{"start":{"line":37,"column":11},"end":{"line":37,"column":87}},"type":"cond-expr","locations":[{"start":{"line":37,"column":31},"end":{"line":37,"column":82}},{"start":{"line":37,"column":85},"end":{"line":37,"column":87}}]},"3":{"loc":{"start":{"line":49,"column":6},"end":{"line":51,"column":null}},"type":"if","locations":[{"start":{"line":49,"column":6},"end":{"line":51,"column":null}}]}},"s":{"0":1,"1":1,"2":1,"3":1,"4":1,"5":1,"6":1,"7":2,"8":2,"9":2,"10":1,"11":1,"12":1,"13":1,"14":2,"15":1,"16":1,"17":1,"18":1,"19":1,"20":1,"21":1,"22":0,"23":1,"24":1,"25":1,"26":1},"f":{"0":2,"1":1,"2":1},"b":{"0":[1],"1":[2,1],"2":[1,0],"3":[0]}}
}
