{"/home/kreding/code/short-url-demo/infrastructure/redis/index.ts": {"path":"/home/kreding/code/short-url-demo/infrastructure/redis/index.ts","statementMap":{"0":{"start":{"line":1,"column":0},"end":{"line":1,"column":37}},"1":{"start":{"line":3,"column":15},"end":{"line":3,"column":29}},"2":{"start":{"line":4,"column":0},"end":{"line":4,"column":66}},"3":{"start":{"line":4,"column":26},"end":{"line":4,"column":64}},"4":{"start":{"line":7,"column":4},"end":{"line":7,"column":27}},"5":{"start":{"line":12,"column":4},"end":{"line":12,"column":30}},"6":{"start":{"line":18,"column":4},"end":{"line":18,"column":33}},"7":{"start":{"line":22,"column":4},"end":{"line":22,"column":33}},"8":{"start":{"line":26,"column":4},"end":{"line":26,"column":41}},"9":{"start":{"line":29,"column":0},"end":{"line":35,"column":2}}},"fnMap":{"0":{"name":"(anonymous_0)","decl":{"start":{"line":4,"column":19},"end":{"line":4,"column":22}},"loc":{"start":{"line":4,"column":26},"end":{"line":4,"column":64}}},"1":{"name":"connect","decl":{"start":{"line":6,"column":15},"end":{"line":6,"column":22}},"loc":{"start":{"line":6,"column":22},"end":{"line":9,"column":1}}},"2":{"name":"disConnect","decl":{"start":{"line":11,"column":15},"end":{"line":11,"column":25}},"loc":{"start":{"line":11,"column":25},"end":{"line":14,"column":1}}},"3":{"name":"set","decl":{"start":{"line":17,"column":15},"end":{"line":17,"column":18}},"loc":{"start":{"line":17,"column":45},"end":{"line":19,"column":1}}},"4":{"name":"get","decl":{"start":{"line":21,"column":15},"end":{"line":21,"column":18}},"loc":{"start":{"line":21,"column":30},"end":{"line":23,"column":1}}},"5":{"name":"incrBy","decl":{"start":{"line":25,"column":15},"end":{"line":25,"column":21}},"loc":{"start":{"line":25,"column":52},"end":{"line":27,"column":1}}}},"branchMap":{},"s":{"0":1,"1":1,"2":1,"3":0,"4":1,"5":0,"6":2,"7":3,"8":1,"9":1},"f":{"0":0,"1":1,"2":0,"3":2,"4":3,"5":1},"b":{}}
,"/home/kreding/code/short-url-demo/service/shortUrlService.ts": {"path":"/home/kreding/code/short-url-demo/service/shortUrlService.ts","statementMap":{"0":{"start":{"line":1,"column":0},"end":{"line":1,"column":50}},"1":{"start":{"line":2,"column":0},"end":{"line":2,"column":28}},"2":{"start":{"line":4,"column":31},"end":{"line":4,"column":40}},"3":{"start":{"line":5,"column":30},"end":{"line":5,"column":39}},"4":{"start":{"line":6,"column":25},"end":{"line":6,"column":50}},"5":{"start":{"line":7,"column":33},"end":{"line":7,"column":54}},"6":{"start":{"line":8,"column":31},"end":{"line":8,"column":56}},"7":{"start":{"line":10,"column":19},"end":{"line":10,"column":35}},"8":{"start":{"line":13,"column":2},"end":{"line":18,"column":16}},"9":{"start":{"line":26,"column":4},"end":{"line":26,"column":50}},"10":{"start":{"line":27,"column":14},"end":{"line":27,"column":38}},"11":{"start":{"line":28,"column":29},"end":{"line":28,"column":64}},"12":{"start":{"line":29,"column":19},"end":{"line":29,"column":63}},"13":{"start":{"line":30,"column":4},"end":{"line":36,"column":null}},"14":{"start":{"line":31,"column":32},"end":{"line":31,"column":76}},"15":{"start":{"line":32,"column":32},"end":{"line":32,"column":58}},"16":{"start":{"line":33,"column":6},"end":{"line":33,"column":45}},"17":{"start":{"line":34,"column":6},"end":{"line":34,"column":61}},"18":{"start":{"line":35,"column":6},"end":{"line":35,"column":71}},"19":{"start":{"line":38,"column":4},"end":{"line":38,"column":20}},"20":{"start":{"line":47,"column":4},"end":{"line":47,"column":48}},"21":{"start":{"line":48,"column":4},"end":{"line":48,"column":81}},"22":{"start":{"line":57,"column":24},"end":{"line":57,"column":26}},"23":{"start":{"line":58,"column":24},"end":{"line":58,"column":30}},"24":{"start":{"line":59,"column":4},"end":{"line":65,"column":23}},"25":{"start":{"line":60,"column":6},"end":{"line":62,"column":null}},"26":{"start":{"line":61,"column":8},"end":{"line":61,"column":85}},"27":{"start":{"line":63,"column":6},"end":{"line":63,"column":37}},"28":{"start":{"line":64,"column":6},"end":{"line":64,"column":16}},"29":{"start":{"line":67,"column":4},"end":{"line":67,"column":18}},"30":{"start":{"line":71,"column":0},"end":{"line":74,"column":2}}},"fnMap":{"0":{"name":"getShortUrl","decl":{"start":{"line":25,"column":15},"end":{"line":25,"column":26}},"loc":{"start":{"line":25,"column":44},"end":{"line":39,"column":3}}},"1":{"name":"getOriginUrl","decl":{"start":{"line":46,"column":17},"end":{"line":46,"column":29}},"loc":{"start":{"line":46,"column":46},"end":{"line":49,"column":3}}},"2":{"name":"compressNumber","decl":{"start":{"line":56,"column":9},"end":{"line":56,"column":23}},"loc":{"start":{"line":56,"column":34},"end":{"line":68,"column":1}}}},"branchMap":{"0":{"loc":{"start":{"line":30,"column":4},"end":{"line":36,"column":null}},"type":"if","locations":[{"start":{"line":30,"column":4},"end":{"line":36,"column":null}}]},"1":{"loc":{"start":{"line":60,"column":6},"end":{"line":62,"column":null}},"type":"if","locations":[{"start":{"line":60,"column":6},"end":{"line":62,"column":null}}]}},"s":{"0":1,"1":1,"2":1,"3":1,"4":1,"5":1,"6":1,"7":1,"8":1,"9":2,"10":2,"11":2,"12":2,"13":2,"14":1,"15":1,"16":1,"17":1,"18":1,"19":2,"20":1,"21":1,"22":1,"23":1,"24":1,"25":2,"26":0,"27":2,"28":2,"29":1,"30":1},"f":{"0":2,"1":1,"2":1},"b":{"0":[1],"1":[0]}}
}
