TN:
SF:dao\shortUrlDao.ts
FN:8,saveShortUrl
FN:11,(anonymous_2)
FN:15,(anonymous_3)
FN:32,queryShortUrl
FN:34,(anonymous_5)
FN:38,(anonymous_6)
FN:55,queryOriginUrl
FN:57,(anonymous_8)
FN:61,(anonymous_9)
FNF:9
FNH:9
FNDA:2,saveShortUrl
FNDA:2,(anonymous_2)
FNDA:2,(anonymous_3)
FNDA:3,queryShortUrl
FNDA:3,(anonymous_5)
FNDA:3,(anonymous_6)
FNDA:3,queryOriginUrl
FNDA:3,(anonymous_8)
FNDA:3,(anonymous_9)
DA:1,2
DA:9,2
DA:10,2
DA:11,2
DA:12,2
DA:16,2
DA:17,0
DA:18,0
DA:20,2
DA:21,2
DA:33,3
DA:34,3
DA:35,3
DA:39,3
DA:40,0
DA:41,0
DA:43,3
DA:44,3
DA:56,3
DA:57,3
DA:58,3
DA:62,3
DA:63,0
DA:64,0
DA:66,3
DA:67,3
DA:73,2
LF:27
LH:21
BRDA:16,0,0,0
BRDA:39,1,0,0
BRDA:43,2,0,2
BRDA:43,2,1,1
BRDA:62,3,0,0
BRDA:66,4,0,3
BRDA:66,4,1,0
BRF:7
BRH:3
end_of_record
TN:
SF:infrastructure\mysql\index.ts
FNF:0
FNH:0
DA:1,2
DA:3,2
DA:11,2
DA:13,2
LF:4
LH:4
BRF:0
BRH:0
end_of_record
TN:
SF:infrastructure\redis\index.ts
FN:4,(anonymous_0)
FN:6,connect
FN:11,disConnect
FN:16,incrBy
FNF:4
FNH:3
FNDA:0,(anonymous_0)
FNDA:3,connect
FNDA:3,disConnect
FNDA:1,incrBy
DA:1,1
DA:3,1
DA:4,1
DA:7,3
DA:8,3
DA:12,3
DA:13,3
DA:17,1
DA:20,1
LF:9
LH:9
BRF:0
BRH:0
end_of_record
TN:
SF:service\shortUrlService.ts
FN:16,getShortUrl
FN:34,getOriginUrl
FN:45,compressNumber
FNF:3
FNH:3
FNDA:2,getShortUrl
FNDA:1,getOriginUrl
FNDA:1,compressNumber
DA:1,1
DA:2,1
DA:4,1
DA:5,1
DA:6,1
DA:8,1
DA:9,1
DA:17,2
DA:18,2
DA:19,2
DA:20,1
DA:21,1
DA:22,1
DA:23,1
DA:26,2
DA:35,1
DA:36,1
DA:37,1
DA:46,1
DA:47,1
DA:48,1
DA:49,1
DA:50,0
DA:52,1
DA:53,1
DA:56,1
DA:60,1
LF:27
LH:26
BRDA:19,0,0,1
BRDA:19,1,0,2
BRDA:19,1,1,1
BRDA:37,2,0,1
BRDA:37,2,1,0
BRDA:49,3,0,0
BRF:6
BRH:4
end_of_record
