TN:
SF:infrastructure/redis/index.ts
FN:4,(anonymous_0)
FN:6,connect
FN:11,disConnect
FN:17,set
FN:21,get
FN:25,incrBy
FNF:6
FNH:4
FNDA:0,(anonymous_0)
FNDA:1,connect
FNDA:0,disConnect
FNDA:2,set
FNDA:3,get
FNDA:1,incrBy
DA:1,1
DA:3,1
DA:4,1
DA:7,1
DA:12,0
DA:18,2
DA:22,3
DA:26,1
DA:29,1
LF:9
LH:8
BRF:0
BRH:0
end_of_record
TN:
SF:service/shortUrlService.ts
FN:25,getShortUrl
FN:46,getOriginUrl
FN:56,compressNumber
FNF:3
FNH:3
FNDA:2,getShortUrl
FNDA:1,getOriginUrl
FNDA:1,compressNumber
DA:1,1
DA:2,1
DA:4,1
DA:5,1
DA:6,1
DA:7,1
DA:8,1
DA:10,1
DA:13,1
DA:26,2
DA:27,2
DA:28,2
DA:29,2
DA:30,2
DA:31,1
DA:32,1
DA:33,1
DA:34,1
DA:35,1
DA:38,2
DA:47,1
DA:48,1
DA:57,1
DA:58,1
DA:59,1
DA:60,2
DA:61,0
DA:63,2
DA:64,2
DA:67,1
DA:71,1
LF:31
LH:30
BRDA:30,0,0,1
BRDA:60,1,0,0
BRF:2
BRH:1
end_of_record
