{"/Users/chenxin/WorkSpace/me-works/projects/shortlink/src/apis/configuration.ts": {"path":"/Users/chenxin/WorkSpace/me-works/projects/shortlink/src/apis/configuration.ts","statementMap":{"0":{"start":{"line":1,"column":0},"end":{"line":1,"column":61}},"1":{"start":{"line":2,"column":0},"end":{"line":2,"column":37}},"2":{"start":{"line":3,"column":0},"end":{"line":3,"column":28}},"3":{"start":{"line":4,"column":0},"end":{"line":4,"column":40}},"4":{"start":{"line":6,"column":0},"end":{"line":14,"column":3}}},"fnMap":{},"branchMap":{},"s":{"0":1,"1":1,"2":1,"3":1,"4":1},"f":{},"b":{}}
,"/Users/chenxin/WorkSpace/me-works/projects/shortlink/src/apis/config/config.default.ts": {"path":"/Users/chenxin/WorkSpace/me-works/projects/shortlink/src/apis/config/config.default.ts","statementMap":{"0":{"start":{"line":2,"column":13},"end":{"line":7,"column":2}},"1":{"start":{"line":10,"column":13},"end":{"line":73,"column":2}},"2":{"start":{"line":76,"column":13},"end":{"line":86,"column":2}},"3":{"start":{"line":89,"column":13},"end":{"line":96,"column":2}}},"fnMap":{},"branchMap":{},"s":{"0":1,"1":1,"2":1,"3":1},"f":{},"b":{}}
,"/Users/chenxin/WorkSpace/me-works/projects/shortlink/src/apis/entity/tb_shortlink_url.ts": {"path":"/Users/chenxin/WorkSpace/me-works/projects/shortlink/src/apis/entity/tb_shortlink_url.ts","statementMap":{"0":{"start":{"line":2,"column":0},"end":{"line":2,"column":44}},"1":{"start":{"line":3,"column":0},"end":{"line":3,"column":null}},"2":{"start":{"line":11,"column":0},"end":{"line":64,"column":null}},"3":{"start":{"line":15,"column":2},"end":{"line":15,"column":null}},"4":{"start":{"line":20,"column":2},"end":{"line":20,"column":null}},"5":{"start":{"line":26,"column":2},"end":{"line":26,"column":null}},"6":{"start":{"line":33,"column":2},"end":{"line":33,"column":null}},"7":{"start":{"line":41,"column":2},"end":{"line":41,"column":null}},"8":{"start":{"line":49,"column":2},"end":{"line":49,"column":null}},"9":{"start":{"line":11,"column":13},"end":{"line":64,"column":null}},"10":{"start":{"line":11,"column":13},"end":{"line":11,"column":25}}},"fnMap":{},"branchMap":{},"s":{"0":1,"1":1,"2":1,"3":1,"4":1,"5":1,"6":1,"7":1,"8":1,"9":1,"10":1},"f":{},"b":{}}
,"/Users/chenxin/WorkSpace/me-works/projects/shortlink/src/apis/hooks/shortCode.ts": {"path":"/Users/chenxin/WorkSpace/me-works/projects/shortlink/src/apis/hooks/shortCode.ts","statementMap":{"0":{"start":{"line":1,"column":0},"end":{"line":1,"column":56}},"1":{"start":{"line":2,"column":0},"end":{"line":2,"column":33}},"2":{"start":{"line":3,"column":0},"end":{"line":3,"column":42}},"3":{"start":{"line":4,"column":0},"end":{"line":4,"column":33}},"4":{"start":{"line":12,"column":46},"end":{"line":12,"column":74}},"5":{"start":{"line":13,"column":23},"end":{"line":13,"column":48}},"6":{"start":{"line":14,"column":15},"end":{"line":14,"column":42}},"7":{"start":{"line":15,"column":18},"end":{"line":15,"column":33}},"8":{"start":{"line":16,"column":29},"end":{"line":16,"column":62}},"9":{"start":{"line":18,"column":17},"end":{"line":18,"column":19}},"10":{"start":{"line":19,"column":2},"end":{"line":37,"column":null}},"11":{"start":{"line":19,"column":15},"end":{"line":19,"column":16}},"12":{"start":{"line":20,"column":25},"end":{"line":22,"column":null}},"13":{"start":{"line":25,"column":19},"end":{"line":25,"column":37}},"14":{"start":{"line":26,"column":17},"end":{"line":26,"column":39}},"15":{"start":{"line":27,"column":17},"end":{"line":27,"column":19}},"16":{"start":{"line":29,"column":4},"end":{"line":34,"column":null}},"17":{"start":{"line":29,"column":17},"end":{"line":29,"column":18}},"18":{"start":{"line":30,"column":20},"end":{"line":30,"column":42}},"19":{"start":{"line":31,"column":6},"end":{"line":31,"column":44}},"20":{"start":{"line":33,"column":6},"end":{"line":33,"column":49}},"21":{"start":{"line":36,"column":4},"end":{"line":36,"column":24}},"22":{"start":{"line":39,"column":2},"end":{"line":39,"column":73}},"23":{"start":{"line":11,"column":0},"end":{"line":11,"column":16}}},"fnMap":{"0":{"name":"useShortCode","decl":{"start":{"line":11,"column":16},"end":{"line":11,"column":28}},"loc":{"start":{"line":11,"column":40},"end":{"line":40,"column":1}}}},"branchMap":{"0":{"loc":{"start":{"line":39,"column":9},"end":{"line":39,"column":72}},"type":"binary-expr","locations":[{"start":{"line":39,"column":9},"end":{"line":39,"column":64}},{"start":{"line":39,"column":68},"end":{"line":39,"column":72}}]}},"s":{"0":1,"1":1,"2":1,"3":1,"4":1,"5":1,"6":1,"7":1,"8":1,"9":1,"10":1,"11":1,"12":6,"13":6,"14":6,"15":6,"16":6,"17":6,"18":36,"19":36,"20":36,"21":6,"22":1,"23":1},"f":{"0":1},"b":{"0":[1,0]}}
,"/Users/chenxin/WorkSpace/me-works/projects/shortlink/src/apis/lambda/shortlink.ts": {"path":"/Users/chenxin/WorkSpace/me-works/projects/shortlink/src/apis/lambda/shortlink.ts","statementMap":{"0":{"start":{"line":1,"column":0},"end":{"line":1,"column":67}},"1":{"start":{"line":3,"column":0},"end":{"line":3,"column":63}},"2":{"start":{"line":4,"column":0},"end":{"line":4,"column":50}},"3":{"start":{"line":5,"column":0},"end":{"line":5,"column":30}},"4":{"start":{"line":24,"column":19},"end":{"line":61,"column":1}},"5":{"start":{"line":25,"column":14},"end":{"line":25,"column":35}},"6":{"start":{"line":26,"column":32},"end":{"line":26,"column":51}},"7":{"start":{"line":29,"column":2},"end":{"line":29,"column":44}},"8":{"start":{"line":31,"column":2},"end":{"line":37,"column":null}},"9":{"start":{"line":32,"column":4},"end":{"line":36,"column":6}},"10":{"start":{"line":38,"column":2},"end":{"line":44,"column":null}},"11":{"start":{"line":39,"column":4},"end":{"line":43,"column":6}},"12":{"start":{"line":46,"column":21},"end":{"line":46,"column":49}},"13":{"start":{"line":47,"column":21},"end":{"line":47,"column":57}},"14":{"start":{"line":48,"column":15},"end":{"line":48,"column":40}},"15":{"start":{"line":50,"column":17},"end":{"line":53,"column":4}},"16":{"start":{"line":55,"column":2},"end":{"line":55,"column":32}},"17":{"start":{"line":56,"column":2},"end":{"line":60,"column":4}},"18":{"start":{"line":24,"column":13},"end":{"line":24,"column":19}},"19":{"start":{"line":68,"column":19},"end":{"line":89,"column":1}},"20":{"start":{"line":69,"column":14},"end":{"line":69,"column":35}},"21":{"start":{"line":70,"column":32},"end":{"line":70,"column":51}},"22":{"start":{"line":72,"column":2},"end":{"line":72,"column":72}},"23":{"start":{"line":74,"column":2},"end":{"line":80,"column":null}},"24":{"start":{"line":75,"column":4},"end":{"line":79,"column":6}},"25":{"start":{"line":82,"column":21},"end":{"line":82,"column":57}},"26":{"start":{"line":83,"column":17},"end":{"line":83,"column":47}},"27":{"start":{"line":84,"column":2},"end":{"line":88,"column":4}},"28":{"start":{"line":68,"column":13},"end":{"line":68,"column":19}}},"fnMap":{"0":{"name":"(anonymous_1)","decl":{"start":{"line":24,"column":19},"end":{"line":24,"column":24}},"loc":{"start":{"line":24,"column":75},"end":{"line":61,"column":1}}},"1":{"name":"(anonymous_2)","decl":{"start":{"line":68,"column":19},"end":{"line":68,"column":24}},"loc":{"start":{"line":68,"column":75},"end":{"line":89,"column":1}}}},"branchMap":{"0":{"loc":{"start":{"line":29,"column":11},"end":{"line":29,"column":43}},"type":"binary-expr","locations":[{"start":{"line":29,"column":11},"end":{"line":29,"column":17}},{"start":{"line":29,"column":21},"end":{"line":29,"column":37}},{"start":{"line":29,"column":41},"end":{"line":29,"column":43}}]},"1":{"loc":{"start":{"line":31,"column":2},"end":{"line":37,"column":null}},"type":"if","locations":[{"start":{"line":31,"column":2},"end":{"line":37,"column":null}}]},"2":{"loc":{"start":{"line":38,"column":2},"end":{"line":44,"column":null}},"type":"if","locations":[{"start":{"line":38,"column":2},"end":{"line":44,"column":null}}]},"3":{"loc":{"start":{"line":72,"column":11},"end":{"line":72,"column":71}},"type":"binary-expr","locations":[{"start":{"line":72,"column":11},"end":{"line":72,"column":17}},{"start":{"line":72,"column":21},"end":{"line":72,"column":65}},{"start":{"line":72,"column":69},"end":{"line":72,"column":71}}]},"4":{"loc":{"start":{"line":74,"column":2},"end":{"line":80,"column":null}},"type":"if","locations":[{"start":{"line":74,"column":2},"end":{"line":80,"column":null}}]},"5":{"loc":{"start":{"line":74,"column":6},"end":{"line":74,"column":37}},"type":"binary-expr","locations":[{"start":{"line":74,"column":6},"end":{"line":74,"column":17}},{"start":{"line":74,"column":21},"end":{"line":74,"column":37}}]}},"s":{"0":1,"1":1,"2":1,"3":1,"4":1,"5":2,"6":2,"7":2,"8":2,"9":0,"10":2,"11":1,"12":1,"13":1,"14":1,"15":1,"16":1,"17":1,"18":1,"19":1,"20":3,"21":3,"22":3,"23":3,"24":1,"25":2,"26":2,"27":2,"28":1},"f":{"0":2,"1":3},"b":{"0":[2,0,0],"1":[0],"2":[1],"3":[3,0,0],"4":[1],"5":[3,3]}}
,"/Users/chenxin/WorkSpace/me-works/projects/shortlink/src/apis/service/shortlink/url.ts": {"path":"/Users/chenxin/WorkSpace/me-works/projects/shortlink/src/apis/service/shortlink/url.ts","statementMap":{"0":{"start":{"line":1,"column":0},"end":{"line":1,"column":54}},"1":{"start":{"line":2,"column":0},"end":{"line":2,"column":50}},"2":{"start":{"line":3,"column":0},"end":{"line":3,"column":61}},"3":{"start":{"line":4,"column":0},"end":{"line":4,"column":37}},"4":{"start":{"line":5,"column":0},"end":{"line":5,"column":51}},"5":{"start":{"line":8,"column":0},"end":{"line":40,"column":null}},"6":{"start":{"line":13,"column":17},"end":{"line":17,"column":6}},"7":{"start":{"line":19,"column":4},"end":{"line":21,"column":null}},"8":{"start":{"line":20,"column":6},"end":{"line":20,"column":20}},"9":{"start":{"line":23,"column":4},"end":{"line":23,"column":47}},"10":{"start":{"line":24,"column":4},"end":{"line":24,"column":18}},"11":{"start":{"line":28,"column":4},"end":{"line":30,"column":null}},"12":{"start":{"line":29,"column":6},"end":{"line":29,"column":18}},"13":{"start":{"line":32,"column":4},"end":{"line":34,"column":7}},"14":{"start":{"line":10,"column":2},"end":{"line":10,"column":null}},"15":{"start":{"line":8,"column":13},"end":{"line":40,"column":null}},"16":{"start":{"line":8,"column":13},"end":{"line":8,"column":32}}},"fnMap":{"0":{"name":"(anonymous_2)","decl":{"start":{"line":12,"column":2},"end":{"line":12,"column":7}},"loc":{"start":{"line":12,"column":20},"end":{"line":25,"column":3}}},"1":{"name":"(anonymous_3)","decl":{"start":{"line":27,"column":2},"end":{"line":27,"column":7}},"loc":{"start":{"line":27,"column":21},"end":{"line":35,"column":3}}},"2":{"name":"(anonymous_4)","decl":{"start":{"line":37,"column":2},"end":{"line":37,"column":7}},"loc":{"start":{"line":37,"column":21},"end":{"line":37,"column":25}}},"3":{"name":"(anonymous_5)","decl":{"start":{"line":39,"column":2},"end":{"line":39,"column":7}},"loc":{"start":{"line":39,"column":21},"end":{"line":39,"column":25}}}},"branchMap":{"0":{"loc":{"start":{"line":19,"column":4},"end":{"line":21,"column":null}},"type":"if","locations":[{"start":{"line":19,"column":4},"end":{"line":21,"column":null}}]},"1":{"loc":{"start":{"line":28,"column":4},"end":{"line":30,"column":null}},"type":"if","locations":[{"start":{"line":28,"column":4},"end":{"line":30,"column":null}}]}},"s":{"0":1,"1":1,"2":1,"3":1,"4":1,"5":1,"6":1,"7":1,"8":1,"9":0,"10":0,"11":2,"12":0,"13":2,"14":1,"15":1,"16":1},"f":{"0":1,"1":2,"2":0,"3":0},"b":{"0":[1],"1":[0]}}
,"/Users/chenxin/WorkSpace/me-works/projects/shortlink/src/utils/helper.ts": {"path":"/Users/chenxin/WorkSpace/me-works/projects/shortlink/src/utils/helper.ts","statementMap":{"0":{"start":{"line":7,"column":19},"end":{"line":7,"column":42}},"1":{"start":{"line":8,"column":17},"end":{"line":8,"column":65}},"2":{"start":{"line":9,"column":2},"end":{"line":9,"column":16}},"3":{"start":{"line":6,"column":0},"end":{"line":6,"column":16}},"4":{"start":{"line":22,"column":25},"end":{"line":24,"column":4}},"5":{"start":{"line":23,"column":4},"end":{"line":23,"column":33}},"6":{"start":{"line":25,"column":2},"end":{"line":25,"column":24}},"7":{"start":{"line":18,"column":0},"end":{"line":18,"column":16}}},"fnMap":{"0":{"name":"ceil","decl":{"start":{"line":6,"column":16},"end":{"line":6,"column":20}},"loc":{"start":{"line":6,"column":40},"end":{"line":10,"column":1}}},"1":{"name":"isIncluded","decl":{"start":{"line":18,"column":16},"end":{"line":18,"column":26}},"loc":{"start":{"line":20,"column":23},"end":{"line":26,"column":1}}},"2":{"name":"(anonymous_2)","decl":{"start":{"line":22,"column":37},"end":{"line":22,"column":38}},"loc":{"start":{"line":22,"column":46},"end":{"line":24,"column":3}}}},"branchMap":{"0":{"loc":{"start":{"line":8,"column":17},"end":{"line":8,"column":65}},"type":"cond-expr","locations":[{"start":{"line":8,"column":42},"end":{"line":8,"column":54}},{"start":{"line":8,"column":57},"end":{"line":8,"column":65}}]}},"s":{"0":2,"1":2,"2":2,"3":1,"4":4,"5":5,"6":4,"7":1},"f":{"0":2,"1":4,"2":5},"b":{"0":[2,0]}}
}
