TN:
SF:src/apis/configuration.ts
FNF:0
FNH:0
DA:1,1
DA:2,1
DA:3,1
DA:4,1
DA:6,1
LF:5
LH:5
BRF:0
BRH:0
end_of_record
TN:
SF:src/apis/config/config.default.ts
FNF:0
FNH:0
DA:2,1
DA:10,1
DA:76,1
DA:89,1
LF:4
LH:4
BRF:0
BRH:0
end_of_record
TN:
SF:src/apis/entity/tb_shortlink_url.ts
FNF:0
FNH:0
DA:2,1
DA:3,1
DA:11,1
DA:15,1
DA:20,1
DA:26,1
DA:33,1
DA:41,1
DA:49,1
LF:9
LH:9
BRF:0
BRH:0
end_of_record
TN:
SF:src/apis/hooks/shortCode.ts
FN:11,useShortCode
FNF:1
FNH:1
FNDA:1,useShortCode
DA:1,1
DA:2,1
DA:3,1
DA:4,1
DA:11,1
DA:12,1
DA:13,1
DA:14,1
DA:15,1
DA:16,1
DA:18,1
DA:19,1
DA:20,6
DA:25,6
DA:26,6
DA:27,6
DA:29,6
DA:30,36
DA:31,36
DA:33,36
DA:36,6
DA:39,1
LF:22
LH:22
BRDA:39,0,0,1
BRDA:39,0,1,0
BRF:2
BRH:1
end_of_record
TN:
SF:src/apis/lambda/shortlink.ts
FN:24,(anonymous_1)
FN:68,(anonymous_2)
FNF:2
FNH:2
FNDA:2,(anonymous_1)
FNDA:3,(anonymous_2)
DA:1,1
DA:3,1
DA:4,1
DA:5,1
DA:24,1
DA:25,2
DA:26,2
DA:29,2
DA:31,2
DA:32,0
DA:38,2
DA:39,1
DA:46,1
DA:47,1
DA:48,1
DA:50,1
DA:55,1
DA:56,1
DA:68,1
DA:69,3
DA:70,3
DA:72,3
DA:74,3
DA:75,1
DA:82,2
DA:83,2
DA:84,2
LF:27
LH:26
BRDA:29,0,0,2
BRDA:29,0,1,0
BRDA:29,0,2,0
BRDA:31,1,0,0
BRDA:38,2,0,1
BRDA:72,3,0,3
BRDA:72,3,1,0
BRDA:72,3,2,0
BRDA:74,4,0,1
BRDA:74,5,0,3
BRDA:74,5,1,3
BRF:11
BRH:6
end_of_record
TN:
SF:src/apis/service/shortlink/url.ts
FN:12,(anonymous_2)
FN:27,(anonymous_3)
FN:37,(anonymous_4)
FN:39,(anonymous_5)
FNF:4
FNH:2
FNDA:1,(anonymous_2)
FNDA:2,(anonymous_3)
FNDA:0,(anonymous_4)
FNDA:0,(anonymous_5)
DA:1,1
DA:2,1
DA:3,1
DA:4,1
DA:5,1
DA:8,1
DA:10,1
DA:13,1
DA:19,1
DA:20,1
DA:23,0
DA:24,0
DA:28,2
DA:29,0
DA:32,2
LF:15
LH:12
BRDA:19,0,0,1
BRDA:28,1,0,0
BRF:2
BRH:1
end_of_record
TN:
SF:src/utils/helper.ts
FN:6,ceil
FN:18,isIncluded
FN:22,(anonymous_2)
FNF:3
FNH:3
FNDA:2,ceil
FNDA:4,isIncluded
FNDA:5,(anonymous_2)
DA:6,1
DA:7,2
DA:8,2
DA:9,2
DA:18,1
DA:22,4
DA:23,5
DA:25,4
LF:8
LH:8
BRDA:8,0,0,2
BRDA:8,0,1,0
BRF:2
BRH:1
end_of_record
